<?xml version="1.0" encoding="UTF-8"?>
<testsuite name="be.digitalia.fosdem.activities.TrackScheduleEventActivityTest" tests="1" skipped="0" failures="0" errors="0" timestamp="2023-02-07T17:20:20" hostname="DESKTOP-P1HHUKE" time="5.057">
  <properties/>
  <testcase name="testCreate" classname="be.digitalia.fosdem.activities.TrackScheduleEventActivityTest" time="5.057"/>
  <system-out><![CDATA[resources.arsc in APK 'C:\Users\jcall\.m2\repository\org\robolectric\android-all-instrumented\12-robolectric-7732740-i3\android-all-instrumented-12-robolectric-7732740-i3.jar' is compressed.

Gin Memory: 171493880
]]></system-out>
  <system-err><![CDATA[[2023.02.07 17:20:23] (Coverage): Error tracing class be.digitalia.fosdem.activities.TrackScheduleEventActivity: java.lang.NoSuchMethodException: com.intellij.rt.coverage.data.ProjectData.traceLine(java.lang.Object, int)
[2023.02.07 17:20:23] (Coverage): Error tracing class be.digitalia.fosdem.activities.TrackScheduleEventActivity: java.lang.NoSuchMethodException: com.intellij.rt.coverage.data.ProjectData.traceLine(java.lang.Object, int)
[2023.02.07 17:20:23] (Coverage): Error tracing class be.digitalia.fosdem.activities.TrackScheduleEventActivity: java.lang.NoSuchMethodException: com.intellij.rt.coverage.data.ProjectData.traceLine(java.lang.Object, int)
[2023.02.07 17:20:23] (Coverage): Error tracing class be.digitalia.fosdem.activities.TrackScheduleEventActivity: java.lang.NoSuchMethodException: com.intellij.rt.coverage.data.ProjectData.traceLine(java.lang.Object, int)
System.logW: No Compatibility callbacks set! Querying change 171228096
System.logW: No Compatibility callbacks set! Querying change 171228096
[2023.02.07 17:20:24] (Coverage): Error tracing class be.digitalia.fosdem.activities.TrackScheduleEventActivity: java.lang.NoSuchMethodException: com.intellij.rt.coverage.data.ProjectData.traceLine(java.lang.Object, int)
[2023.02.07 17:20:24] (Coverage): Error tracing class be.digitalia.fosdem.activities.TrackScheduleEventActivity: java.lang.NoSuchMethodException: com.intellij.rt.coverage.data.ProjectData.traceLine(java.lang.Object, int)
[2023.02.07 17:20:24] (Coverage): Error tracing class be.digitalia.fosdem.activities.TrackScheduleEventActivity: java.lang.NoSuchMethodException: com.intellij.rt.coverage.data.ProjectData.traceLine(java.lang.Object, int)
[2023.02.07 17:20:24] (Coverage): Error tracing class be.digitalia.fosdem.activities.TrackScheduleEventActivity: java.lang.NoSuchMethodException: com.intellij.rt.coverage.data.ProjectData.traceLine(java.lang.Object, int)
[2023.02.07 17:20:24] (Coverage): Error tracing class be.digitalia.fosdem.activities.TrackScheduleEventActivity: java.lang.NoSuchMethodException: com.intellij.rt.coverage.data.ProjectData.traceLine(java.lang.Object, int)
[2023.02.07 17:20:24] (Coverage): Error tracing class be.digitalia.fosdem.activities.TrackScheduleEventActivity: java.lang.NoSuchMethodException: com.intellij.rt.coverage.data.ProjectData.traceLine(java.lang.Object, int)
[2023.02.07 17:20:24] (Coverage): Error tracing class be.digitalia.fosdem.activities.TrackScheduleEventActivity$TrackScheduleEventAdapter: java.lang.NoSuchMethodException: com.intellij.rt.coverage.data.ProjectData.traceLine(java.lang.Object, int)
[2023.02.07 17:20:24] (Coverage): Error tracing class be.digitalia.fosdem.activities.TrackScheduleEventActivity$TrackScheduleEventAdapter: java.lang.NoSuchMethodException: com.intellij.rt.coverage.data.ProjectData.traceLine(java.lang.Object, int)
[2023.02.07 17:20:24] (Coverage): Error tracing class be.digitalia.fosdem.activities.TrackScheduleEventActivity: java.lang.NoSuchMethodException: com.intellij.rt.coverage.data.ProjectData.traceLine(java.lang.Object, int)
[2023.02.07 17:20:24] (Coverage): Error tracing class be.digitalia.fosdem.activities.TrackScheduleEventActivity: java.lang.NoSuchMethodException: com.intellij.rt.coverage.data.ProjectData.traceLine(java.lang.Object, int)
[2023.02.07 17:20:24] (Coverage): Error tracing class be.digitalia.fosdem.activities.TrackScheduleEventActivity: java.lang.NoSuchMethodException: com.intellij.rt.coverage.data.ProjectData.traceLine(java.lang.Object, int)
[2023.02.07 17:20:24] (Coverage): Error tracing class be.digitalia.fosdem.activities.TrackScheduleEventActivity: java.lang.NoSuchMethodException: com.intellij.rt.coverage.data.ProjectData.traceLine(java.lang.Object, int)
[2023.02.07 17:20:24] (Coverage): Error tracing class be.digitalia.fosdem.activities.TrackScheduleEventActivity: java.lang.NoSuchMethodException: com.intellij.rt.coverage.data.ProjectData.traceLine(java.lang.Object, int)
[2023.02.07 17:20:24] (Coverage): Error tracing class be.digitalia.fosdem.activities.TrackScheduleEventActivity$TrackScheduleEventAdapter: java.lang.NoSuchMethodException: com.intellij.rt.coverage.data.ProjectData.traceLine(java.lang.Object, int)
[2023.02.07 17:20:24] (Coverage): Error tracing class be.digitalia.fosdem.activities.TrackScheduleEventActivity: java.lang.NoSuchMethodException: com.intellij.rt.coverage.data.ProjectData.traceLine(java.lang.Object, int)
[2023.02.07 17:20:24] (Coverage): Error tracing class be.digitalia.fosdem.activities.TrackScheduleEventActivity: java.lang.NoSuchMethodException: com.intellij.rt.coverage.data.ProjectData.traceLine(java.lang.Object, int)
[2023.02.07 17:20:24] (Coverage): Error tracing class be.digitalia.fosdem.activities.TrackScheduleEventActivity: java.lang.NoSuchMethodException: com.intellij.rt.coverage.data.ProjectData.traceLine(java.lang.Object, int)
[2023.02.07 17:20:24] (Coverage): Error tracing class be.digitalia.fosdem.activities.TrackScheduleEventActivity: java.lang.NoSuchMethodException: com.intellij.rt.coverage.data.ProjectData.traceLine(java.lang.Object, int)
[2023.02.07 17:20:24] (Coverage): Error tracing class be.digitalia.fosdem.activities.TrackScheduleEventActivity: java.lang.NoSuchMethodException: com.intellij.rt.coverage.data.ProjectData.traceLine(java.lang.Object, int)
[2023.02.07 17:20:24] (Coverage): Error tracing class be.digitalia.fosdem.activities.TrackScheduleEventActivity: java.lang.NoSuchMethodException: com.intellij.rt.coverage.data.ProjectData.traceLine(java.lang.Object, int)
[2023.02.07 17:20:24] (Coverage): Error tracing class be.digitalia.fosdem.activities.TrackScheduleEventActivity: java.lang.NoSuchMethodException: com.intellij.rt.coverage.data.ProjectData.traceLine(java.lang.Object, int)
[2023.02.07 17:20:24] (Coverage): Error tracing class be.digitalia.fosdem.activities.TrackScheduleEventActivity: java.lang.NoSuchMethodException: com.intellij.rt.coverage.data.ProjectData.traceLine(java.lang.Object, int)
[2023.02.07 17:20:24] (Coverage): Error tracing class be.digitalia.fosdem.activities.TrackScheduleEventActivity: java.lang.NoSuchMethodException: com.intellij.rt.coverage.data.ProjectData.traceLine(java.lang.Object, int)
[2023.02.07 17:20:24] (Coverage): Error tracing class be.digitalia.fosdem.activities.TrackScheduleEventActivity: java.lang.NoSuchMethodException: com.intellij.rt.coverage.data.ProjectData.traceLine(java.lang.Object, int)
[2023.02.07 17:20:24] (Coverage): Error tracing class be.digitalia.fosdem.activities.TrackScheduleEventActivity: java.lang.NoSuchMethodException: com.intellij.rt.coverage.data.ProjectData.traceLine(java.lang.Object, int)
[2023.02.07 17:20:24] (Coverage): Error tracing class be.digitalia.fosdem.activities.TrackScheduleEventActivity: java.lang.NoSuchMethodException: com.intellij.rt.coverage.data.ProjectData.traceLine(java.lang.Object, int)
[2023.02.07 17:20:24] (Coverage): Error tracing class be.digitalia.fosdem.activities.TrackScheduleEventActivity: java.lang.NoSuchMethodException: com.intellij.rt.coverage.data.ProjectData.traceLine(java.lang.Object, int)
[2023.02.07 17:20:24] (Coverage): Error tracing class be.digitalia.fosdem.activities.TrackScheduleEventActivity: java.lang.NoSuchMethodException: com.intellij.rt.coverage.data.ProjectData.traceLine(java.lang.Object, int)
[2023.02.07 17:20:24] (Coverage): Error tracing class be.digitalia.fosdem.activities.TrackScheduleEventActivity: java.lang.NoSuchMethodException: com.intellij.rt.coverage.data.ProjectData.traceLine(java.lang.Object, int)
[2023.02.07 17:20:24] (Coverage): Error tracing class be.digitalia.fosdem.activities.TrackScheduleEventActivity: java.lang.NoSuchMethodException: com.intellij.rt.coverage.data.ProjectData.traceLine(java.lang.Object, int)
[2023.02.07 17:20:24] (Coverage): Error tracing class be.digitalia.fosdem.activities.TrackScheduleEventActivity: java.lang.NoSuchMethodException: com.intellij.rt.coverage.data.ProjectData.traceLine(java.lang.Object, int)
[2023.02.07 17:20:24] (Coverage): Error tracing class be.digitalia.fosdem.activities.TrackScheduleEventActivity: java.lang.NoSuchMethodException: com.intellij.rt.coverage.data.ProjectData.traceLine(java.lang.Object, int)
[2023.02.07 17:20:25] (Coverage): Error tracing class be.digitalia.fosdem.activities.TrackScheduleEventActivity: java.lang.NoSuchMethodException: com.intellij.rt.coverage.data.ProjectData.traceLine(java.lang.Object, int)
[2023.02.07 17:20:25] (Coverage): Error tracing class be.digitalia.fosdem.activities.TrackScheduleEventActivity: java.lang.NoSuchMethodException: com.intellij.rt.coverage.data.ProjectData.traceLine(java.lang.Object, int)
[2023.02.07 17:20:25] (Coverage): Error tracing class be.digitalia.fosdem.activities.TrackScheduleEventActivity$TrackScheduleEventAdapter: java.lang.NoSuchMethodException: com.intellij.rt.coverage.data.ProjectData.traceLine(java.lang.Object, int)
[2023.02.07 17:20:25] (Coverage): Error tracing class be.digitalia.fosdem.activities.TrackScheduleEventActivity$TrackScheduleEventAdapter: java.lang.NoSuchMethodException: com.intellij.rt.coverage.data.ProjectData.traceLine(java.lang.Object, int)
[2023.02.07 17:20:25] (Coverage): Error tracing class be.digitalia.fosdem.activities.TrackScheduleEventActivity$TrackScheduleEventAdapter: java.lang.NoSuchMethodException: com.intellij.rt.coverage.data.ProjectData.traceLine(java.lang.Object, int)
[2023.02.07 17:20:25] (Coverage): Error tracing class be.digitalia.fosdem.activities.TrackScheduleEventActivity$TrackScheduleEventAdapter: java.lang.NoSuchMethodException: com.intellij.rt.coverage.data.ProjectData.traceLine(java.lang.Object, int)
[2023.02.07 17:20:25] (Coverage): Error tracing class be.digitalia.fosdem.activities.TrackScheduleEventActivity: java.lang.NoSuchMethodException: com.intellij.rt.coverage.data.ProjectData.traceLine(java.lang.Object, int)
[2023.02.07 17:20:25] (Coverage): Error tracing class be.digitalia.fosdem.activities.TrackScheduleEventActivity: java.lang.NoSuchMethodException: com.intellij.rt.coverage.data.ProjectData.traceLine(java.lang.Object, int)
[2023.02.07 17:20:25] (Coverage): Error tracing class be.digitalia.fosdem.activities.TrackScheduleEventActivity: java.lang.NoSuchMethodException: com.intellij.rt.coverage.data.ProjectData.traceLine(java.lang.Object, int)
[2023.02.07 17:20:25] (Coverage): Error tracing class be.digitalia.fosdem.activities.TrackScheduleEventActivity$TrackScheduleEventAdapter: java.lang.NoSuchMethodException: com.intellij.rt.coverage.data.ProjectData.traceLine(java.lang.Object, int)
[2023.02.07 17:20:25] (Coverage): Error tracing class be.digitalia.fosdem.activities.TrackScheduleEventActivity: java.lang.NoSuchMethodException: com.intellij.rt.coverage.data.ProjectData.traceLine(java.lang.Object, int)
[2023.02.07 17:20:25] (Coverage): Error tracing class be.digitalia.fosdem.activities.TrackScheduleEventActivity: java.lang.NoSuchMethodException: com.intellij.rt.coverage.data.ProjectData.traceLine(java.lang.Object, int)
[2023.02.07 17:20:25] (Coverage): Error tracing class be.digitalia.fosdem.activities.TrackScheduleEventActivity$TrackScheduleEventAdapter: java.lang.NoSuchMethodException: com.intellij.rt.coverage.data.ProjectData.traceLine(java.lang.Object, int)
[2023.02.07 17:20:25] (Coverage): Error tracing class be.digitalia.fosdem.activities.TrackScheduleEventActivity: java.lang.NoSuchMethodException: com.intellij.rt.coverage.data.ProjectData.traceLine(java.lang.Object, int)
[2023.02.07 17:20:25] (Coverage): Error tracing class be.digitalia.fosdem.activities.TrackScheduleEventActivity: java.lang.NoSuchMethodException: com.intellij.rt.coverage.data.ProjectData.traceLine(java.lang.Object, int)
[2023.02.07 17:20:25] (Coverage): Error tracing class be.digitalia.fosdem.activities.TrackScheduleEventActivity: java.lang.NoSuchMethodException: com.intellij.rt.coverage.data.ProjectData.traceLine(java.lang.Object, int)
[2023.02.07 17:20:25] (Coverage): Error tracing class be.digitalia.fosdem.activities.TrackScheduleEventActivity: java.lang.NoSuchMethodException: com.intellij.rt.coverage.data.ProjectData.traceLine(java.lang.Object, int)
[2023.02.07 17:20:25] (Coverage): Error tracing class be.digitalia.fosdem.activities.TrackScheduleEventActivity: java.lang.NoSuchMethodException: com.intellij.rt.coverage.data.ProjectData.traceLine(java.lang.Object, int)
[2023.02.07 17:20:25] (Coverage): Error tracing class be.digitalia.fosdem.activities.TrackScheduleEventActivity: java.lang.NoSuchMethodException: com.intellij.rt.coverage.data.ProjectData.traceLine(java.lang.Object, int)
[2023.02.07 17:20:25] (Coverage): Error tracing class be.digitalia.fosdem.activities.TrackScheduleEventActivity$TrackScheduleEventAdapter: java.lang.NoSuchMethodException: com.intellij.rt.coverage.data.ProjectData.traceLine(java.lang.Object, int)
[2023.02.07 17:20:25] (Coverage): Error tracing class be.digitalia.fosdem.activities.TrackScheduleEventActivity$TrackScheduleEventAdapter: java.lang.NoSuchMethodException: com.intellij.rt.coverage.data.ProjectData.traceLine(java.lang.Object, int)
[2023.02.07 17:20:25] (Coverage): Error tracing class be.digitalia.fosdem.activities.TrackScheduleEventActivity$TrackScheduleEventAdapter: java.lang.NoSuchMethodException: com.intellij.rt.coverage.data.ProjectData.traceLine(java.lang.Object, int)
[2023.02.07 17:20:25] (Coverage): Error tracing class be.digitalia.fosdem.activities.TrackScheduleEventActivity$TrackScheduleEventAdapter: java.lang.NoSuchMethodException: com.intellij.rt.coverage.data.ProjectData.traceLine(java.lang.Object, int)
[2023.02.07 17:20:25] (Coverage): Error tracing class be.digitalia.fosdem.activities.TrackScheduleEventActivity: java.lang.NoSuchMethodException: com.intellij.rt.coverage.data.ProjectData.traceLine(java.lang.Object, int)
[2023.02.07 17:20:25] (Coverage): Error tracing class be.digitalia.fosdem.activities.TrackScheduleEventActivity: java.lang.NoSuchMethodException: com.intellij.rt.coverage.data.ProjectData.traceLine(java.lang.Object, int)
[2023.02.07 17:20:25] (Coverage): Error tracing class be.digitalia.fosdem.activities.TrackScheduleEventActivity: java.lang.NoSuchMethodException: com.intellij.rt.coverage.data.ProjectData.traceLine(java.lang.Object, int)
[2023.02.07 17:20:25] (Coverage): Error tracing class be.digitalia.fosdem.activities.TrackScheduleEventActivity: java.lang.NoSuchMethodException: com.intellij.rt.coverage.data.ProjectData.traceLine(java.lang.Object, int)
[2023.02.07 17:20:25] (Coverage): Error tracing class be.digitalia.fosdem.activities.TrackScheduleEventActivity: java.lang.NoSuchMethodException: com.intellij.rt.coverage.data.ProjectData.traceLine(java.lang.Object, int)
[2023.02.07 17:20:25] (Coverage): Error tracing class be.digitalia.fosdem.activities.TrackScheduleEventActivity: java.lang.NoSuchMethodException: com.intellij.rt.coverage.data.ProjectData.traceLine(java.lang.Object, int)
[2023.02.07 17:20:25] (Coverage): Error tracing class be.digitalia.fosdem.activities.TrackScheduleEventActivity: java.lang.NoSuchMethodException: com.intellij.rt.coverage.data.ProjectData.traceLine(java.lang.Object, int)
[2023.02.07 17:20:25] (Coverage): Error tracing class be.digitalia.fosdem.activities.TrackScheduleEventActivity: java.lang.NoSuchMethodException: com.intellij.rt.coverage.data.ProjectData.traceLine(java.lang.Object, int)
[2023.02.07 17:20:25] (Coverage): Error tracing class be.digitalia.fosdem.activities.TrackScheduleEventActivity: java.lang.NoSuchMethodException: com.intellij.rt.coverage.data.ProjectData.traceLine(java.lang.Object, int)
[2023.02.07 17:20:25] (Coverage): Error tracing class be.digitalia.fosdem.activities.TrackScheduleEventActivity$TrackScheduleEventAdapter: java.lang.NoSuchMethodException: com.intellij.rt.coverage.data.ProjectData.traceLine(java.lang.Object, int)
[2023.02.07 17:20:25] (Coverage): Error tracing class be.digitalia.fosdem.activities.TrackScheduleEventActivity$TrackScheduleEventAdapter: java.lang.NoSuchMethodException: com.intellij.rt.coverage.data.ProjectData.traceLine(java.lang.Object, int)
[2023.02.07 17:20:25] (Coverage): Error tracing class be.digitalia.fosdem.activities.TrackScheduleEventActivity$TrackScheduleEventAdapter: java.lang.NoSuchMethodException: com.intellij.rt.coverage.data.ProjectData.traceLine(java.lang.Object, int)
[2023.02.07 17:20:25] (Coverage): Error tracing class be.digitalia.fosdem.activities.TrackScheduleEventActivity$TrackScheduleEventAdapter: java.lang.NoSuchMethodException: com.intellij.rt.coverage.data.ProjectData.traceLine(java.lang.Object, int)
[2023.02.07 17:20:25] (Coverage): Error tracing class be.digitalia.fosdem.activities.TrackScheduleEventActivity: java.lang.NoSuchMethodException: com.intellij.rt.coverage.data.ProjectData.traceLine(java.lang.Object, int)
[2023.02.07 17:20:25] (Coverage): Error tracing class be.digitalia.fosdem.activities.TrackScheduleEventActivity: java.lang.NoSuchMethodException: com.intellij.rt.coverage.data.ProjectData.traceLine(java.lang.Object, int)
[2023.02.07 17:20:25] (Coverage): Error tracing class be.digitalia.fosdem.activities.TrackScheduleEventActivity: java.lang.NoSuchMethodException: com.intellij.rt.coverage.data.ProjectData.traceLine(java.lang.Object, int)
[2023.02.07 17:20:25] (Coverage): Error tracing class be.digitalia.fosdem.activities.TrackScheduleEventActivity$TrackScheduleEventAdapter: java.lang.NoSuchMethodException: com.intellij.rt.coverage.data.ProjectData.traceLine(java.lang.Object, int)
[2023.02.07 17:20:25] (Coverage): Error tracing class be.digitalia.fosdem.activities.TrackScheduleEventActivity$TrackScheduleEventAdapter: java.lang.NoSuchMethodException: com.intellij.rt.coverage.data.ProjectData.traceLine(java.lang.Object, int)
[2023.02.07 17:20:25] (Coverage): Error tracing class be.digitalia.fosdem.activities.TrackScheduleEventActivity: java.lang.NoSuchMethodException: com.intellij.rt.coverage.data.ProjectData.traceLine(java.lang.Object, int)
[2023.02.07 17:20:25] (Coverage): Error tracing class be.digitalia.fosdem.activities.TrackScheduleEventActivity: java.lang.NoSuchMethodException: com.intellij.rt.coverage.data.ProjectData.traceLine(java.lang.Object, int)
[2023.02.07 17:20:25] (Coverage): Error tracing class be.digitalia.fosdem.activities.TrackScheduleEventActivity: java.lang.NoSuchMethodException: com.intellij.rt.coverage.data.ProjectData.traceLine(java.lang.Object, int)
[2023.02.07 17:20:25] (Coverage): Error tracing class be.digitalia.fosdem.activities.TrackScheduleEventActivity: java.lang.NoSuchMethodException: com.intellij.rt.coverage.data.ProjectData.traceLine(java.lang.Object, int)
System.logW: No Compatibility callbacks set! Querying change 171228096
System.logW: No Compatibility callbacks set! Querying change 171228096
[2023.02.07 17:20:25] (Coverage): Error tracing class be.digitalia.fosdem.activities.TrackScheduleEventActivity: java.lang.NoSuchMethodException: com.intellij.rt.coverage.data.ProjectData.traceLine(java.lang.Object, int)
[2023.02.07 17:20:25] (Coverage): Error tracing class be.digitalia.fosdem.activities.TrackScheduleEventActivity: java.lang.NoSuchMethodException: com.intellij.rt.coverage.data.ProjectData.traceLine(java.lang.Object, int)
[2023.02.07 17:20:25] (Coverage): Error tracing class be.digitalia.fosdem.activities.TrackScheduleEventActivity: java.lang.NoSuchMethodException: com.intellij.rt.coverage.data.ProjectData.traceLine(java.lang.Object, int)
[2023.02.07 17:20:25] (Coverage): Error tracing class be.digitalia.fosdem.activities.TrackScheduleEventActivity: java.lang.NoSuchMethodException: com.intellij.rt.coverage.data.ProjectData.traceLine(java.lang.Object, int)
[2023.02.07 17:20:25] (Coverage): Error tracing class be.digitalia.fosdem.activities.TrackScheduleEventActivity: java.lang.NoSuchMethodException: com.intellij.rt.coverage.data.ProjectData.traceLine(java.lang.Object, int)
[2023.02.07 17:20:25] (Coverage): Error tracing class be.digitalia.fosdem.activities.TrackScheduleEventActivity: java.lang.NoSuchMethodException: com.intellij.rt.coverage.data.ProjectData.traceLine(java.lang.Object, int)
[2023.02.07 17:20:25] (Coverage): Error tracing class be.digitalia.fosdem.activities.TrackScheduleEventActivity$TrackScheduleEventAdapter: java.lang.NoSuchMethodException: com.intellij.rt.coverage.data.ProjectData.traceLine(java.lang.Object, int)
[2023.02.07 17:20:25] (Coverage): Error tracing class be.digitalia.fosdem.activities.TrackScheduleEventActivity$TrackScheduleEventAdapter: java.lang.NoSuchMethodException: com.intellij.rt.coverage.data.ProjectData.traceLine(java.lang.Object, int)
[2023.02.07 17:20:25] (Coverage): Error tracing class be.digitalia.fosdem.activities.TrackScheduleEventActivity: java.lang.NoSuchMethodException: com.intellij.rt.coverage.data.ProjectData.traceLine(java.lang.Object, int)
[2023.02.07 17:20:25] (Coverage): Error tracing class be.digitalia.fosdem.activities.TrackScheduleEventActivity: java.lang.NoSuchMethodException: com.intellij.rt.coverage.data.ProjectData.traceLine(java.lang.Object, int)
[2023.02.07 17:20:25] (Coverage): Error tracing class be.digitalia.fosdem.activities.TrackScheduleEventActivity: java.lang.NoSuchMethodException: com.intellij.rt.coverage.data.ProjectData.traceLine(java.lang.Object, int)
[2023.02.07 17:20:25] (Coverage): Error tracing class be.digitalia.fosdem.activities.TrackScheduleEventActivity: java.lang.NoSuchMethodException: com.intellij.rt.coverage.data.ProjectData.traceLine(java.lang.Object, int)
[2023.02.07 17:20:25] (Coverage): Error tracing class be.digitalia.fosdem.activities.TrackScheduleEventActivity: java.lang.NoSuchMethodException: com.intellij.rt.coverage.data.ProjectData.traceLine(java.lang.Object, int)
[2023.02.07 17:20:25] (Coverage): Error tracing class be.digitalia.fosdem.activities.TrackScheduleEventActivity: java.lang.NoSuchMethodException: com.intellij.rt.coverage.data.ProjectData.traceLine(java.lang.Object, int)
[2023.02.07 17:20:25] (Coverage): Error tracing class be.digitalia.fosdem.activities.TrackScheduleEventActivity: java.lang.NoSuchMethodException: com.intellij.rt.coverage.data.ProjectData.traceLine(java.lang.Object, int)
[2023.02.07 17:20:25] (Coverage): Error tracing class be.digitalia.fosdem.activities.TrackScheduleEventActivity: java.lang.NoSuchMethodException: com.intellij.rt.coverage.data.ProjectData.traceLine(java.lang.Object, int)
[2023.02.07 17:20:25] (Coverage): Error tracing class be.digitalia.fosdem.activities.TrackScheduleEventActivity: java.lang.NoSuchMethodException: com.intellij.rt.coverage.data.ProjectData.traceLine(java.lang.Object, int)
[2023.02.07 17:20:25] (Coverage): Error tracing class be.digitalia.fosdem.activities.TrackScheduleEventActivity: java.lang.NoSuchMethodException: com.intellij.rt.coverage.data.ProjectData.traceLine(java.lang.Object, int)
[2023.02.07 17:20:25] (Coverage): Error tracing class be.digitalia.fosdem.activities.TrackScheduleEventActivity: java.lang.NoSuchMethodException: com.intellij.rt.coverage.data.ProjectData.traceLine(java.lang.Object, int)
[2023.02.07 17:20:25] (Coverage): Error tracing class be.digitalia.fosdem.activities.TrackScheduleEventActivity: java.lang.NoSuchMethodException: com.intellij.rt.coverage.data.ProjectData.traceLine(java.lang.Object, int)
[2023.02.07 17:20:25] (Coverage): Error tracing class be.digitalia.fosdem.activities.TrackScheduleEventActivity: java.lang.NoSuchMethodException: com.intellij.rt.coverage.data.ProjectData.traceLine(java.lang.Object, int)
[2023.02.07 17:20:25] (Coverage): Error tracing class be.digitalia.fosdem.activities.TrackScheduleEventActivity: java.lang.NoSuchMethodException: com.intellij.rt.coverage.data.ProjectData.traceLine(java.lang.Object, int)
[2023.02.07 17:20:25] (Coverage): Error tracing class be.digitalia.fosdem.activities.TrackScheduleEventActivity: java.lang.NoSuchMethodException: com.intellij.rt.coverage.data.ProjectData.traceLine(java.lang.Object, int)
[2023.02.07 17:20:25] (Coverage): Error tracing class be.digitalia.fosdem.activities.TrackScheduleEventActivity: java.lang.NoSuchMethodException: com.intellij.rt.coverage.data.ProjectData.traceLine(java.lang.Object, int)
[2023.02.07 17:20:25] (Coverage): Error tracing class be.digitalia.fosdem.activities.TrackScheduleEventActivity: java.lang.NoSuchMethodException: com.intellij.rt.coverage.data.ProjectData.traceLine(java.lang.Object, int)
[2023.02.07 17:20:25] (Coverage): Error tracing class be.digitalia.fosdem.activities.TrackScheduleEventActivity: java.lang.NoSuchMethodException: com.intellij.rt.coverage.data.ProjectData.traceLine(java.lang.Object, int)
[2023.02.07 17:20:25] (Coverage): Error tracing class be.digitalia.fosdem.activities.TrackScheduleEventActivity: java.lang.NoSuchMethodException: com.intellij.rt.coverage.data.ProjectData.traceLine(java.lang.Object, int)
[2023.02.07 17:20:25] (Coverage): Error tracing class be.digitalia.fosdem.activities.TrackScheduleEventActivity: java.lang.NoSuchMethodException: com.intellij.rt.coverage.data.ProjectData.traceLine(java.lang.Object, int)
[2023.02.07 17:20:25] (Coverage): Error tracing class be.digitalia.fosdem.activities.TrackScheduleEventActivity: java.lang.NoSuchMethodException: com.intellij.rt.coverage.data.ProjectData.traceLine(java.lang.Object, int)
[2023.02.07 17:20:25] (Coverage): Error tracing class be.digitalia.fosdem.activities.TrackScheduleEventActivity: java.lang.NoSuchMethodException: com.intellij.rt.coverage.data.ProjectData.traceLine(java.lang.Object, int)
[2023.02.07 17:20:25] (Coverage): Error tracing class be.digitalia.fosdem.activities.TrackScheduleEventActivity$TrackScheduleEventAdapter: java.lang.NoSuchMethodException: com.intellij.rt.coverage.data.ProjectData.traceLine(java.lang.Object, int)
[2023.02.07 17:20:25] (Coverage): Error tracing class be.digitalia.fosdem.activities.TrackScheduleEventActivity$TrackScheduleEventAdapter: java.lang.NoSuchMethodException: com.intellij.rt.coverage.data.ProjectData.traceLine(java.lang.Object, int)
[2023.02.07 17:20:25] (Coverage): Error tracing class be.digitalia.fosdem.activities.TrackScheduleEventActivity$TrackScheduleEventAdapter: java.lang.NoSuchMethodException: com.intellij.rt.coverage.data.ProjectData.traceLine(java.lang.Object, int)
[2023.02.07 17:20:25] (Coverage): Error tracing class be.digitalia.fosdem.activities.TrackScheduleEventActivity: java.lang.NoSuchMethodException: com.intellij.rt.coverage.data.ProjectData.traceLine(java.lang.Object, int)
[2023.02.07 17:20:25] (Coverage): Error tracing class be.digitalia.fosdem.activities.TrackScheduleEventActivity: java.lang.NoSuchMethodException: com.intellij.rt.coverage.data.ProjectData.traceLine(java.lang.Object, int)
[2023.02.07 17:20:25] (Coverage): Error tracing class be.digitalia.fosdem.activities.TrackScheduleEventActivity$TrackScheduleEventAdapter: java.lang.NoSuchMethodException: com.intellij.rt.coverage.data.ProjectData.traceLine(java.lang.Object, int)
[2023.02.07 17:20:25] (Coverage): Error tracing class be.digitalia.fosdem.activities.TrackScheduleEventActivity: java.lang.NoSuchMethodException: com.intellij.rt.coverage.data.ProjectData.traceLine(java.lang.Object, int)
[2023.02.07 17:20:25] (Coverage): Error tracing class be.digitalia.fosdem.activities.TrackScheduleEventActivity: java.lang.NoSuchMethodException: com.intellij.rt.coverage.data.ProjectData.traceLine(java.lang.Object, int)
[2023.02.07 17:20:25] (Coverage): Error tracing class be.digitalia.fosdem.activities.TrackScheduleEventActivity: java.lang.NoSuchMethodException: com.intellij.rt.coverage.data.ProjectData.traceLine(java.lang.Object, int)
[2023.02.07 17:20:25] (Coverage): Error tracing class be.digitalia.fosdem.activities.TrackScheduleEventActivity$TrackScheduleEventAdapter: java.lang.NoSuchMethodException: com.intellij.rt.coverage.data.ProjectData.traceLine(java.lang.Object, int)
[2023.02.07 17:20:25] (Coverage): Error tracing class be.digitalia.fosdem.activities.TrackScheduleEventActivity$TrackScheduleEventAdapter: java.lang.NoSuchMethodException: com.intellij.rt.coverage.data.ProjectData.traceLine(java.lang.Object, int)
]]></system-err>
</testsuite>
