<?xml version="1.0" encoding="UTF-8"?>
<testsuite name="be.digitalia.fosdem.parsers.EventsParserTest" tests="1" skipped="0" failures="0" errors="0" timestamp="2023-02-07T17:23:36" hostname="DESKTOP-P1HHUKE" time="7.02">
  <properties/>
  <testcase name="test1" classname="be.digitalia.fosdem.parsers.EventsParserTest" time="7.02"/>
  <system-out><![CDATA[Called loadFromPath(/system/framework/framework-res.apk, true); mode=binary sdk=29
resources.arsc in APK 'C:\Users\jcall\.m2\repository\org\robolectric\android-all-instrumented\10-robolectric-5803371-i3\android-all-instrumented-10-robolectric-5803371-i3.jar' is compressed.

Gin Memory: 126402176
]]></system-out>
  <system-err><![CDATA[[2023.02.07 17:23:42] (Coverage): Error tracing class be.digitalia.fosdem.parsers.EventsParser: java.lang.NoSuchMethodException: com.intellij.rt.coverage.data.ProjectData.traceLine(java.lang.Object, int)
[2023.02.07 17:23:42] (Coverage): Error tracing class be.digitalia.fosdem.parsers.EventsParser: java.lang.NoSuchMethodException: com.intellij.rt.coverage.data.ProjectData.traceLine(java.lang.Object, int)
[2023.02.07 17:23:42] (Coverage): Error tracing class be.digitalia.fosdem.parsers.EventsParser: java.lang.NoSuchMethodException: com.intellij.rt.coverage.data.ProjectData.traceLine(java.lang.Object, int)
[2023.02.07 17:23:42] (Coverage): Error tracing class be.digitalia.fosdem.parsers.EventsParser: java.lang.NoSuchMethodException: com.intellij.rt.coverage.data.ProjectData.traceLine(java.lang.Object, int)
[2023.02.07 17:23:42] (Coverage): Error tracing class be.digitalia.fosdem.parsers.EventsParser: java.lang.NoSuchMethodException: com.intellij.rt.coverage.data.ProjectData.traceLine(java.lang.Object, int)
[2023.02.07 17:23:42] (Coverage): Error tracing class be.digitalia.fosdem.parsers.EventsParser: java.lang.NoSuchMethodException: com.intellij.rt.coverage.data.ProjectData.traceLine(java.lang.Object, int)
[2023.02.07 17:23:42] (Coverage): Error tracing class be.digitalia.fosdem.parsers.EventsParser: java.lang.NoSuchMethodException: com.intellij.rt.coverage.data.ProjectData.traceLine(java.lang.Object, int)
[2023.02.07 17:23:42] (Coverage): Error tracing class be.digitalia.fosdem.parsers.EventsParser: java.lang.NoSuchMethodException: com.intellij.rt.coverage.data.ProjectData.traceLine(java.lang.Object, int)
[2023.02.07 17:23:42] (Coverage): Error tracing class be.digitalia.fosdem.parsers.EventsParser: java.lang.NoSuchMethodException: com.intellij.rt.coverage.data.ProjectData.traceLine(java.lang.Object, int)
[2023.02.07 17:23:42] (Coverage): Error tracing class be.digitalia.fosdem.parsers.EventsParser: java.lang.NoSuchMethodException: com.intellij.rt.coverage.data.ProjectData.traceLine(java.lang.Object, int)
[2023.02.07 17:23:42] (Coverage): Error tracing class be.digitalia.fosdem.parsers.EventsParser: java.lang.NoSuchMethodException: com.intellij.rt.coverage.data.ProjectData.traceLine(java.lang.Object, int)
[2023.02.07 17:23:42] (Coverage): Error tracing class be.digitalia.fosdem.parsers.EventsParser: java.lang.NoSuchMethodException: com.intellij.rt.coverage.data.ProjectData.traceLine(java.lang.Object, int)
[2023.02.07 17:23:42] (Coverage): Error tracing class be.digitalia.fosdem.parsers.EventsParser: java.lang.NoSuchMethodException: com.intellij.rt.coverage.data.ProjectData.traceLine(java.lang.Object, int)
[2023.02.07 17:23:42] (Coverage): Error tracing class be.digitalia.fosdem.parsers.EventsParser: java.lang.NoSuchMethodException: com.intellij.rt.coverage.data.ProjectData.traceLine(java.lang.Object, int)
[2023.02.07 17:23:42] (Coverage): Error tracing class be.digitalia.fosdem.parsers.EventsParser: java.lang.NoSuchMethodException: com.intellij.rt.coverage.data.ProjectData.traceLine(java.lang.Object, int)
[2023.02.07 17:23:42] (Coverage): Error tracing class be.digitalia.fosdem.parsers.EventsParser: java.lang.NoSuchMethodException: com.intellij.rt.coverage.data.ProjectData.traceLine(java.lang.Object, int)
[2023.02.07 17:23:42] (Coverage): Error tracing class be.digitalia.fosdem.parsers.EventsParser: java.lang.NoSuchMethodException: com.intellij.rt.coverage.data.ProjectData.traceLine(java.lang.Object, int)
[2023.02.07 17:23:42] (Coverage): Error tracing class be.digitalia.fosdem.parsers.EventsParser: java.lang.NoSuchMethodException: com.intellij.rt.coverage.data.ProjectData.traceLine(java.lang.Object, int)
[2023.02.07 17:23:42] (Coverage): Error tracing class be.digitalia.fosdem.parsers.EventsParser: java.lang.NoSuchMethodException: com.intellij.rt.coverage.data.ProjectData.traceLine(java.lang.Object, int)
[2023.02.07 17:23:42] (Coverage): Error tracing class be.digitalia.fosdem.parsers.EventsParser: java.lang.NoSuchMethodException: com.intellij.rt.coverage.data.ProjectData.traceLine(java.lang.Object, int)
[2023.02.07 17:23:42] (Coverage): Error tracing class be.digitalia.fosdem.parsers.EventsParser: java.lang.NoSuchMethodException: com.intellij.rt.coverage.data.ProjectData.traceLine(java.lang.Object, int)
[2023.02.07 17:23:42] (Coverage): Error tracing class be.digitalia.fosdem.parsers.EventsParser: java.lang.NoSuchMethodException: com.intellij.rt.coverage.data.ProjectData.traceLine(java.lang.Object, int)
[2023.02.07 17:23:42] (Coverage): Error tracing class be.digitalia.fosdem.parsers.EventsParser: java.lang.NoSuchMethodException: com.intellij.rt.coverage.data.ProjectData.traceLine(java.lang.Object, int)
[2023.02.07 17:23:42] (Coverage): Error tracing class be.digitalia.fosdem.parsers.EventsParser: java.lang.NoSuchMethodException: com.intellij.rt.coverage.data.ProjectData.traceLine(java.lang.Object, int)
[2023.02.07 17:23:42] (Coverage): Error tracing class be.digitalia.fosdem.parsers.EventsParser: java.lang.NoSuchMethodException: com.intellij.rt.coverage.data.ProjectData.traceLine(java.lang.Object, int)
[2023.02.07 17:23:42] (Coverage): Error tracing class be.digitalia.fosdem.parsers.EventsParser: java.lang.NoSuchMethodException: com.intellij.rt.coverage.data.ProjectData.traceLine(java.lang.Object, int)
[2023.02.07 17:23:42] (Coverage): Error tracing class be.digitalia.fosdem.parsers.EventsParser: java.lang.NoSuchMethodException: com.intellij.rt.coverage.data.ProjectData.traceLine(java.lang.Object, int)
[2023.02.07 17:23:42] (Coverage): Error tracing class be.digitalia.fosdem.parsers.EventsParser: java.lang.NoSuchMethodException: com.intellij.rt.coverage.data.ProjectData.traceLine(java.lang.Object, int)
[2023.02.07 17:23:42] (Coverage): Error tracing class be.digitalia.fosdem.parsers.EventsParser: java.lang.NoSuchMethodException: com.intellij.rt.coverage.data.ProjectData.traceLine(java.lang.Object, int)
[2023.02.07 17:23:42] (Coverage): Error tracing class be.digitalia.fosdem.parsers.EventsParser: java.lang.NoSuchMethodException: com.intellij.rt.coverage.data.ProjectData.traceLine(java.lang.Object, int)
[2023.02.07 17:23:42] (Coverage): Error tracing class be.digitalia.fosdem.parsers.EventsParser: java.lang.NoSuchMethodException: com.intellij.rt.coverage.data.ProjectData.traceLine(java.lang.Object, int)
[2023.02.07 17:23:42] (Coverage): Error tracing class be.digitalia.fosdem.parsers.EventsParser: java.lang.NoSuchMethodException: com.intellij.rt.coverage.data.ProjectData.traceLine(java.lang.Object, int)
[2023.02.07 17:23:42] (Coverage): Error tracing class be.digitalia.fosdem.parsers.EventsParser: java.lang.NoSuchMethodException: com.intellij.rt.coverage.data.ProjectData.traceLine(java.lang.Object, int)
[2023.02.07 17:23:42] (Coverage): Error tracing class be.digitalia.fosdem.parsers.EventsParser: java.lang.NoSuchMethodException: com.intellij.rt.coverage.data.ProjectData.traceLine(java.lang.Object, int)
[2023.02.07 17:23:42] (Coverage): Error tracing class be.digitalia.fosdem.parsers.EventsParser: java.lang.NoSuchMethodException: com.intellij.rt.coverage.data.ProjectData.traceLine(java.lang.Object, int)
[2023.02.07 17:23:42] (Coverage): Error tracing class be.digitalia.fosdem.parsers.EventsParser: java.lang.NoSuchMethodException: com.intellij.rt.coverage.data.ProjectData.traceLine(java.lang.Object, int)
[2023.02.07 17:23:42] (Coverage): Error tracing class be.digitalia.fosdem.parsers.EventsParser: java.lang.NoSuchMethodException: com.intellij.rt.coverage.data.ProjectData.traceLine(java.lang.Object, int)
[2023.02.07 17:23:42] (Coverage): Error tracing class be.digitalia.fosdem.parsers.EventsParser: java.lang.NoSuchMethodException: com.intellij.rt.coverage.data.ProjectData.traceLine(java.lang.Object, int)
[2023.02.07 17:23:42] (Coverage): Error tracing class be.digitalia.fosdem.parsers.EventsParser: java.lang.NoSuchMethodException: com.intellij.rt.coverage.data.ProjectData.traceLine(java.lang.Object, int)
[2023.02.07 17:23:42] (Coverage): Error tracing class be.digitalia.fosdem.parsers.EventsParser: java.lang.NoSuchMethodException: com.intellij.rt.coverage.data.ProjectData.traceLine(java.lang.Object, int)
[2023.02.07 17:23:42] (Coverage): Error tracing class be.digitalia.fosdem.parsers.EventsParser: java.lang.NoSuchMethodException: com.intellij.rt.coverage.data.ProjectData.traceLine(java.lang.Object, int)
[2023.02.07 17:23:42] (Coverage): Error tracing class be.digitalia.fosdem.parsers.EventsParser: java.lang.NoSuchMethodException: com.intellij.rt.coverage.data.ProjectData.traceLine(java.lang.Object, int)
[2023.02.07 17:23:42] (Coverage): Error tracing class be.digitalia.fosdem.parsers.EventsParser: java.lang.NoSuchMethodException: com.intellij.rt.coverage.data.ProjectData.traceLine(java.lang.Object, int)
[2023.02.07 17:23:42] (Coverage): Error tracing class be.digitalia.fosdem.parsers.EventsParser: java.lang.NoSuchMethodException: com.intellij.rt.coverage.data.ProjectData.traceLine(java.lang.Object, int)
[2023.02.07 17:23:42] (Coverage): Error tracing class be.digitalia.fosdem.parsers.EventsParser: java.lang.NoSuchMethodException: com.intellij.rt.coverage.data.ProjectData.traceLine(java.lang.Object, int)
[2023.02.07 17:23:42] (Coverage): Error tracing class be.digitalia.fosdem.parsers.EventsParser: java.lang.NoSuchMethodException: com.intellij.rt.coverage.data.ProjectData.traceLine(java.lang.Object, int)
[2023.02.07 17:23:42] (Coverage): Error tracing class be.digitalia.fosdem.parsers.EventsParser: java.lang.NoSuchMethodException: com.intellij.rt.coverage.data.ProjectData.traceLine(java.lang.Object, int)
[2023.02.07 17:23:42] (Coverage): Error tracing class be.digitalia.fosdem.parsers.EventsParser: java.lang.NoSuchMethodException: com.intellij.rt.coverage.data.ProjectData.traceLine(java.lang.Object, int)
[2023.02.07 17:23:42] (Coverage): Error tracing class be.digitalia.fosdem.parsers.EventsParser: java.lang.NoSuchMethodException: com.intellij.rt.coverage.data.ProjectData.traceLine(java.lang.Object, int)
[2023.02.07 17:23:42] (Coverage): Error tracing class be.digitalia.fosdem.parsers.EventsParser: java.lang.NoSuchMethodException: com.intellij.rt.coverage.data.ProjectData.traceLine(java.lang.Object, int)
[2023.02.07 17:23:42] (Coverage): Error tracing class be.digitalia.fosdem.parsers.EventsParser: java.lang.NoSuchMethodException: com.intellij.rt.coverage.data.ProjectData.traceLine(java.lang.Object, int)
[2023.02.07 17:23:42] (Coverage): Error tracing class be.digitalia.fosdem.parsers.EventsParser: java.lang.NoSuchMethodException: com.intellij.rt.coverage.data.ProjectData.traceLine(java.lang.Object, int)
[2023.02.07 17:23:42] (Coverage): Error tracing class be.digitalia.fosdem.parsers.EventsParser: java.lang.NoSuchMethodException: com.intellij.rt.coverage.data.ProjectData.traceLine(java.lang.Object, int)
[2023.02.07 17:23:42] (Coverage): Error tracing class be.digitalia.fosdem.parsers.EventsParser: java.lang.NoSuchMethodException: com.intellij.rt.coverage.data.ProjectData.traceLine(java.lang.Object, int)
[2023.02.07 17:23:42] (Coverage): Error tracing class be.digitalia.fosdem.parsers.EventsParser: java.lang.NoSuchMethodException: com.intellij.rt.coverage.data.ProjectData.traceLine(java.lang.Object, int)
[2023.02.07 17:23:42] (Coverage): Error tracing class be.digitalia.fosdem.parsers.EventsParser: java.lang.NoSuchMethodException: com.intellij.rt.coverage.data.ProjectData.traceLine(java.lang.Object, int)
[2023.02.07 17:23:42] (Coverage): Error tracing class be.digitalia.fosdem.parsers.EventsParser: java.lang.NoSuchMethodException: com.intellij.rt.coverage.data.ProjectData.traceLine(java.lang.Object, int)
[2023.02.07 17:23:42] (Coverage): Error tracing class be.digitalia.fosdem.parsers.EventsParser: java.lang.NoSuchMethodException: com.intellij.rt.coverage.data.ProjectData.traceLine(java.lang.Object, int)
[2023.02.07 17:23:42] (Coverage): Error tracing class be.digitalia.fosdem.parsers.EventsParser: java.lang.NoSuchMethodException: com.intellij.rt.coverage.data.ProjectData.traceLine(java.lang.Object, int)
[2023.02.07 17:23:42] (Coverage): Error tracing class be.digitalia.fosdem.parsers.EventsParser: java.lang.NoSuchMethodException: com.intellij.rt.coverage.data.ProjectData.traceLine(java.lang.Object, int)
[2023.02.07 17:23:42] (Coverage): Error tracing class be.digitalia.fosdem.parsers.EventsParser: java.lang.NoSuchMethodException: com.intellij.rt.coverage.data.ProjectData.traceLine(java.lang.Object, int)
[2023.02.07 17:23:42] (Coverage): Error tracing class be.digitalia.fosdem.parsers.EventsParser: java.lang.NoSuchMethodException: com.intellij.rt.coverage.data.ProjectData.traceLine(java.lang.Object, int)
[2023.02.07 17:23:42] (Coverage): Error tracing class be.digitalia.fosdem.parsers.EventsParser: java.lang.NoSuchMethodException: com.intellij.rt.coverage.data.ProjectData.traceLine(java.lang.Object, int)
[2023.02.07 17:23:42] (Coverage): Error tracing class be.digitalia.fosdem.parsers.EventsParser: java.lang.NoSuchMethodException: com.intellij.rt.coverage.data.ProjectData.traceLine(java.lang.Object, int)
[2023.02.07 17:23:42] (Coverage): Error tracing class be.digitalia.fosdem.parsers.EventsParser: java.lang.NoSuchMethodException: com.intellij.rt.coverage.data.ProjectData.traceLine(java.lang.Object, int)
[2023.02.07 17:23:42] (Coverage): Error tracing class be.digitalia.fosdem.parsers.EventsParser: java.lang.NoSuchMethodException: com.intellij.rt.coverage.data.ProjectData.traceLine(java.lang.Object, int)
[2023.02.07 17:23:42] (Coverage): Error tracing class be.digitalia.fosdem.parsers.EventsParser: java.lang.NoSuchMethodException: com.intellij.rt.coverage.data.ProjectData.traceLine(java.lang.Object, int)
[2023.02.07 17:23:42] (Coverage): Error tracing class be.digitalia.fosdem.parsers.EventsParser: java.lang.NoSuchMethodException: com.intellij.rt.coverage.data.ProjectData.traceLine(java.lang.Object, int)
[2023.02.07 17:23:42] (Coverage): Error tracing class be.digitalia.fosdem.parsers.EventsParser: java.lang.NoSuchMethodException: com.intellij.rt.coverage.data.ProjectData.traceLine(java.lang.Object, int)
[2023.02.07 17:23:42] (Coverage): Error tracing class be.digitalia.fosdem.parsers.EventsParser: java.lang.NoSuchMethodException: com.intellij.rt.coverage.data.ProjectData.traceLine(java.lang.Object, int)
[2023.02.07 17:23:42] (Coverage): Error tracing class be.digitalia.fosdem.parsers.EventsParser: java.lang.NoSuchMethodException: com.intellij.rt.coverage.data.ProjectData.traceLine(java.lang.Object, int)
[2023.02.07 17:23:42] (Coverage): Error tracing class be.digitalia.fosdem.parsers.EventsParser: java.lang.NoSuchMethodException: com.intellij.rt.coverage.data.ProjectData.traceLine(java.lang.Object, int)
[2023.02.07 17:23:42] (Coverage): Error tracing class be.digitalia.fosdem.parsers.EventsParser: java.lang.NoSuchMethodException: com.intellij.rt.coverage.data.ProjectData.traceLine(java.lang.Object, int)
[2023.02.07 17:23:42] (Coverage): Error tracing class be.digitalia.fosdem.parsers.EventsParser: java.lang.NoSuchMethodException: com.intellij.rt.coverage.data.ProjectData.traceLine(java.lang.Object, int)
[2023.02.07 17:23:42] (Coverage): Error tracing class be.digitalia.fosdem.parsers.EventsParser: java.lang.NoSuchMethodException: com.intellij.rt.coverage.data.ProjectData.traceLine(java.lang.Object, int)
[2023.02.07 17:23:42] (Coverage): Error tracing class be.digitalia.fosdem.parsers.EventsParser: java.lang.NoSuchMethodException: com.intellij.rt.coverage.data.ProjectData.traceLine(java.lang.Object, int)
[2023.02.07 17:23:42] (Coverage): Error tracing class be.digitalia.fosdem.parsers.EventsParser: java.lang.NoSuchMethodException: com.intellij.rt.coverage.data.ProjectData.traceLine(java.lang.Object, int)
[2023.02.07 17:23:42] (Coverage): Error tracing class be.digitalia.fosdem.parsers.EventsParser: java.lang.NoSuchMethodException: com.intellij.rt.coverage.data.ProjectData.traceLine(java.lang.Object, int)
[2023.02.07 17:23:42] (Coverage): Error tracing class be.digitalia.fosdem.parsers.EventsParser: java.lang.NoSuchMethodException: com.intellij.rt.coverage.data.ProjectData.traceLine(java.lang.Object, int)
[2023.02.07 17:23:42] (Coverage): Error tracing class be.digitalia.fosdem.parsers.EventsParser: java.lang.NoSuchMethodException: com.intellij.rt.coverage.data.ProjectData.traceLine(java.lang.Object, int)
[2023.02.07 17:23:42] (Coverage): Error tracing class be.digitalia.fosdem.parsers.EventsParser: java.lang.NoSuchMethodException: com.intellij.rt.coverage.data.ProjectData.traceLine(java.lang.Object, int)
[2023.02.07 17:23:42] (Coverage): Error tracing class be.digitalia.fosdem.parsers.EventsParser: java.lang.NoSuchMethodException: com.intellij.rt.coverage.data.ProjectData.traceLine(java.lang.Object, int)
[2023.02.07 17:23:42] (Coverage): Error tracing class be.digitalia.fosdem.parsers.EventsParser: java.lang.NoSuchMethodException: com.intellij.rt.coverage.data.ProjectData.traceLine(java.lang.Object, int)
[2023.02.07 17:23:42] (Coverage): Error tracing class be.digitalia.fosdem.parsers.EventsParser: java.lang.NoSuchMethodException: com.intellij.rt.coverage.data.ProjectData.traceLine(java.lang.Object, int)
[2023.02.07 17:23:42] (Coverage): Error tracing class be.digitalia.fosdem.parsers.EventsParser: java.lang.NoSuchMethodException: com.intellij.rt.coverage.data.ProjectData.traceLine(java.lang.Object, int)
[2023.02.07 17:23:42] (Coverage): Error tracing class be.digitalia.fosdem.parsers.EventsParser: java.lang.NoSuchMethodException: com.intellij.rt.coverage.data.ProjectData.traceLine(java.lang.Object, int)
[2023.02.07 17:23:42] (Coverage): Error tracing class be.digitalia.fosdem.parsers.EventsParser: java.lang.NoSuchMethodException: com.intellij.rt.coverage.data.ProjectData.traceLine(java.lang.Object, int)
[2023.02.07 17:23:42] (Coverage): Error tracing class be.digitalia.fosdem.parsers.EventsParser: java.lang.NoSuchMethodException: com.intellij.rt.coverage.data.ProjectData.traceLine(java.lang.Object, int)
[2023.02.07 17:23:42] (Coverage): Error tracing class be.digitalia.fosdem.parsers.EventsParser: java.lang.NoSuchMethodException: com.intellij.rt.coverage.data.ProjectData.traceLine(java.lang.Object, int)
[2023.02.07 17:23:42] (Coverage): Error tracing class be.digitalia.fosdem.parsers.EventsParser: java.lang.NoSuchMethodException: com.intellij.rt.coverage.data.ProjectData.traceLine(java.lang.Object, int)
[2023.02.07 17:23:42] (Coverage): Error tracing class be.digitalia.fosdem.parsers.EventsParser: java.lang.NoSuchMethodException: com.intellij.rt.coverage.data.ProjectData.traceLine(java.lang.Object, int)
[2023.02.07 17:23:42] (Coverage): Error tracing class be.digitalia.fosdem.parsers.EventsParser: java.lang.NoSuchMethodException: com.intellij.rt.coverage.data.ProjectData.traceLine(java.lang.Object, int)
[2023.02.07 17:23:42] (Coverage): Error tracing class be.digitalia.fosdem.parsers.EventsParser: java.lang.NoSuchMethodException: com.intellij.rt.coverage.data.ProjectData.traceLine(java.lang.Object, int)
[2023.02.07 17:23:42] (Coverage): Error tracing class be.digitalia.fosdem.parsers.EventsParser: java.lang.NoSuchMethodException: com.intellij.rt.coverage.data.ProjectData.traceLine(java.lang.Object, int)
[2023.02.07 17:23:42] (Coverage): Error tracing class be.digitalia.fosdem.parsers.EventsParser: java.lang.NoSuchMethodException: com.intellij.rt.coverage.data.ProjectData.traceLine(java.lang.Object, int)
[2023.02.07 17:23:42] (Coverage): Error tracing class be.digitalia.fosdem.parsers.EventsParser: java.lang.NoSuchMethodException: com.intellij.rt.coverage.data.ProjectData.traceLine(java.lang.Object, int)
[2023.02.07 17:23:42] (Coverage): Error tracing class be.digitalia.fosdem.parsers.EventsParser: java.lang.NoSuchMethodException: com.intellij.rt.coverage.data.ProjectData.traceLine(java.lang.Object, int)
[2023.02.07 17:23:42] (Coverage): Error tracing class be.digitalia.fosdem.parsers.EventsParser: java.lang.NoSuchMethodException: com.intellij.rt.coverage.data.ProjectData.traceLine(java.lang.Object, int)
[2023.02.07 17:23:42] (Coverage): Error tracing class be.digitalia.fosdem.parsers.EventsParser: java.lang.NoSuchMethodException: com.intellij.rt.coverage.data.ProjectData.traceLine(java.lang.Object, int)
[2023.02.07 17:23:42] (Coverage): Error tracing class be.digitalia.fosdem.parsers.EventsParser: java.lang.NoSuchMethodException: com.intellij.rt.coverage.data.ProjectData.traceLine(java.lang.Object, int)
[2023.02.07 17:23:42] (Coverage): Error tracing class be.digitalia.fosdem.parsers.EventsParser: java.lang.NoSuchMethodException: com.intellij.rt.coverage.data.ProjectData.traceLine(java.lang.Object, int)
[2023.02.07 17:23:42] (Coverage): Error tracing class be.digitalia.fosdem.parsers.EventsParser: java.lang.NoSuchMethodException: com.intellij.rt.coverage.data.ProjectData.traceLine(java.lang.Object, int)
[2023.02.07 17:23:42] (Coverage): Error tracing class be.digitalia.fosdem.parsers.EventsParser: java.lang.NoSuchMethodException: com.intellij.rt.coverage.data.ProjectData.traceLine(java.lang.Object, int)
[2023.02.07 17:23:42] (Coverage): Error tracing class be.digitalia.fosdem.parsers.EventsParser: java.lang.NoSuchMethodException: com.intellij.rt.coverage.data.ProjectData.traceLine(java.lang.Object, int)
[2023.02.07 17:23:42] (Coverage): Error tracing class be.digitalia.fosdem.parsers.EventsParser: java.lang.NoSuchMethodException: com.intellij.rt.coverage.data.ProjectData.traceLine(java.lang.Object, int)
[2023.02.07 17:23:42] (Coverage): Error tracing class be.digitalia.fosdem.parsers.EventsParser: java.lang.NoSuchMethodException: com.intellij.rt.coverage.data.ProjectData.traceLine(java.lang.Object, int)
[2023.02.07 17:23:42] (Coverage): Error tracing class be.digitalia.fosdem.parsers.EventsParser: java.lang.NoSuchMethodException: com.intellij.rt.coverage.data.ProjectData.traceLine(java.lang.Object, int)
[2023.02.07 17:23:42] (Coverage): Error tracing class be.digitalia.fosdem.parsers.EventsParser: java.lang.NoSuchMethodException: com.intellij.rt.coverage.data.ProjectData.traceLine(java.lang.Object, int)
[2023.02.07 17:23:42] (Coverage): Error tracing class be.digitalia.fosdem.parsers.EventsParser: java.lang.NoSuchMethodException: com.intellij.rt.coverage.data.ProjectData.traceLine(java.lang.Object, int)
[2023.02.07 17:23:42] (Coverage): Error tracing class be.digitalia.fosdem.parsers.EventsParser: java.lang.NoSuchMethodException: com.intellij.rt.coverage.data.ProjectData.traceLine(java.lang.Object, int)
[2023.02.07 17:23:42] (Coverage): Error tracing class be.digitalia.fosdem.parsers.EventsParser: java.lang.NoSuchMethodException: com.intellij.rt.coverage.data.ProjectData.traceLine(java.lang.Object, int)
[2023.02.07 17:23:42] (Coverage): Error tracing class be.digitalia.fosdem.parsers.EventsParser: java.lang.NoSuchMethodException: com.intellij.rt.coverage.data.ProjectData.traceLine(java.lang.Object, int)
[2023.02.07 17:23:42] (Coverage): Error tracing class be.digitalia.fosdem.parsers.EventsParser: java.lang.NoSuchMethodException: com.intellij.rt.coverage.data.ProjectData.traceLine(java.lang.Object, int)
[2023.02.07 17:23:42] (Coverage): Error tracing class be.digitalia.fosdem.parsers.EventsParser: java.lang.NoSuchMethodException: com.intellij.rt.coverage.data.ProjectData.traceLine(java.lang.Object, int)
[2023.02.07 17:23:42] (Coverage): Error tracing class be.digitalia.fosdem.parsers.EventsParser: java.lang.NoSuchMethodException: com.intellij.rt.coverage.data.ProjectData.traceLine(java.lang.Object, int)
[2023.02.07 17:23:42] (Coverage): Error tracing class be.digitalia.fosdem.parsers.EventsParser: java.lang.NoSuchMethodException: com.intellij.rt.coverage.data.ProjectData.traceLine(java.lang.Object, int)
[2023.02.07 17:23:42] (Coverage): Error tracing class be.digitalia.fosdem.parsers.EventsParser: java.lang.NoSuchMethodException: com.intellij.rt.coverage.data.ProjectData.traceLine(java.lang.Object, int)
[2023.02.07 17:23:42] (Coverage): Error tracing class be.digitalia.fosdem.parsers.EventsParser: java.lang.NoSuchMethodException: com.intellij.rt.coverage.data.ProjectData.traceLine(java.lang.Object, int)
[2023.02.07 17:23:42] (Coverage): Error tracing class be.digitalia.fosdem.parsers.EventsParser: java.lang.NoSuchMethodException: com.intellij.rt.coverage.data.ProjectData.traceLine(java.lang.Object, int)
[2023.02.07 17:23:42] (Coverage): Error tracing class be.digitalia.fosdem.parsers.EventsParser: java.lang.NoSuchMethodException: com.intellij.rt.coverage.data.ProjectData.traceLine(java.lang.Object, int)
[2023.02.07 17:23:42] (Coverage): Error tracing class be.digitalia.fosdem.parsers.EventsParser: java.lang.NoSuchMethodException: com.intellij.rt.coverage.data.ProjectData.traceLine(java.lang.Object, int)
[2023.02.07 17:23:42] (Coverage): Error tracing class be.digitalia.fosdem.parsers.EventsParser: java.lang.NoSuchMethodException: com.intellij.rt.coverage.data.ProjectData.traceLine(java.lang.Object, int)
[2023.02.07 17:23:42] (Coverage): Error tracing class be.digitalia.fosdem.parsers.EventsParser: java.lang.NoSuchMethodException: com.intellij.rt.coverage.data.ProjectData.traceLine(java.lang.Object, int)
[2023.02.07 17:23:42] (Coverage): Error tracing class be.digitalia.fosdem.parsers.EventsParser: java.lang.NoSuchMethodException: com.intellij.rt.coverage.data.ProjectData.traceLine(java.lang.Object, int)
[2023.02.07 17:23:42] (Coverage): Error tracing class be.digitalia.fosdem.parsers.EventsParser: java.lang.NoSuchMethodException: com.intellij.rt.coverage.data.ProjectData.traceLine(java.lang.Object, int)
[2023.02.07 17:23:42] (Coverage): Error tracing class be.digitalia.fosdem.parsers.EventsParser: java.lang.NoSuchMethodException: com.intellij.rt.coverage.data.ProjectData.traceLine(java.lang.Object, int)
[2023.02.07 17:23:42] (Coverage): Error tracing class be.digitalia.fosdem.parsers.EventsParser: java.lang.NoSuchMethodException: com.intellij.rt.coverage.data.ProjectData.traceLine(java.lang.Object, int)
[2023.02.07 17:23:42] (Coverage): Error tracing class be.digitalia.fosdem.parsers.EventsParser: java.lang.NoSuchMethodException: com.intellij.rt.coverage.data.ProjectData.traceLine(java.lang.Object, int)
[2023.02.07 17:23:42] (Coverage): Error tracing class be.digitalia.fosdem.parsers.EventsParser: java.lang.NoSuchMethodException: com.intellij.rt.coverage.data.ProjectData.traceLine(java.lang.Object, int)
[2023.02.07 17:23:42] (Coverage): Error tracing class be.digitalia.fosdem.parsers.EventsParser: java.lang.NoSuchMethodException: com.intellij.rt.coverage.data.ProjectData.traceLine(java.lang.Object, int)
[2023.02.07 17:23:42] (Coverage): Error tracing class be.digitalia.fosdem.parsers.EventsParser: java.lang.NoSuchMethodException: com.intellij.rt.coverage.data.ProjectData.traceLine(java.lang.Object, int)
[2023.02.07 17:23:42] (Coverage): Error tracing class be.digitalia.fosdem.parsers.EventsParser: java.lang.NoSuchMethodException: com.intellij.rt.coverage.data.ProjectData.traceLine(java.lang.Object, int)
[2023.02.07 17:23:42] (Coverage): Error tracing class be.digitalia.fosdem.parsers.EventsParser: java.lang.NoSuchMethodException: com.intellij.rt.coverage.data.ProjectData.traceLine(java.lang.Object, int)
[2023.02.07 17:23:42] (Coverage): Error tracing class be.digitalia.fosdem.parsers.EventsParser: java.lang.NoSuchMethodException: com.intellij.rt.coverage.data.ProjectData.traceLine(java.lang.Object, int)
[2023.02.07 17:23:42] (Coverage): Error tracing class be.digitalia.fosdem.parsers.EventsParser: java.lang.NoSuchMethodException: com.intellij.rt.coverage.data.ProjectData.traceLine(java.lang.Object, int)
[2023.02.07 17:23:42] (Coverage): Error tracing class be.digitalia.fosdem.parsers.EventsParser: java.lang.NoSuchMethodException: com.intellij.rt.coverage.data.ProjectData.traceLine(java.lang.Object, int)
[2023.02.07 17:23:42] (Coverage): Error tracing class be.digitalia.fosdem.parsers.EventsParser: java.lang.NoSuchMethodException: com.intellij.rt.coverage.data.ProjectData.traceLine(java.lang.Object, int)
[2023.02.07 17:23:42] (Coverage): Error tracing class be.digitalia.fosdem.parsers.EventsParser: java.lang.NoSuchMethodException: com.intellij.rt.coverage.data.ProjectData.traceLine(java.lang.Object, int)
[2023.02.07 17:23:42] (Coverage): Error tracing class be.digitalia.fosdem.parsers.EventsParser: java.lang.NoSuchMethodException: com.intellij.rt.coverage.data.ProjectData.traceLine(java.lang.Object, int)
[2023.02.07 17:23:42] (Coverage): Error tracing class be.digitalia.fosdem.parsers.EventsParser: java.lang.NoSuchMethodException: com.intellij.rt.coverage.data.ProjectData.traceLine(java.lang.Object, int)
[2023.02.07 17:23:42] (Coverage): Error tracing class be.digitalia.fosdem.parsers.EventsParser: java.lang.NoSuchMethodException: com.intellij.rt.coverage.data.ProjectData.traceLine(java.lang.Object, int)
[2023.02.07 17:23:42] (Coverage): Error tracing class be.digitalia.fosdem.parsers.EventsParser: java.lang.NoSuchMethodException: com.intellij.rt.coverage.data.ProjectData.traceLine(java.lang.Object, int)
[2023.02.07 17:23:42] (Coverage): Error tracing class be.digitalia.fosdem.parsers.EventsParser: java.lang.NoSuchMethodException: com.intellij.rt.coverage.data.ProjectData.traceLine(java.lang.Object, int)
[2023.02.07 17:23:42] (Coverage): Error tracing class be.digitalia.fosdem.parsers.EventsParser: java.lang.NoSuchMethodException: com.intellij.rt.coverage.data.ProjectData.traceLine(java.lang.Object, int)
[2023.02.07 17:23:42] (Coverage): Error tracing class be.digitalia.fosdem.parsers.EventsParser: java.lang.NoSuchMethodException: com.intellij.rt.coverage.data.ProjectData.traceLine(java.lang.Object, int)
[2023.02.07 17:23:42] (Coverage): Error tracing class be.digitalia.fosdem.parsers.EventsParser: java.lang.NoSuchMethodException: com.intellij.rt.coverage.data.ProjectData.traceLine(java.lang.Object, int)
[2023.02.07 17:23:42] (Coverage): Error tracing class be.digitalia.fosdem.parsers.EventsParser: java.lang.NoSuchMethodException: com.intellij.rt.coverage.data.ProjectData.traceLine(java.lang.Object, int)
[2023.02.07 17:23:42] (Coverage): Error tracing class be.digitalia.fosdem.parsers.EventsParser: java.lang.NoSuchMethodException: com.intellij.rt.coverage.data.ProjectData.traceLine(java.lang.Object, int)
[2023.02.07 17:23:42] (Coverage): Error tracing class be.digitalia.fosdem.parsers.EventsParser: java.lang.NoSuchMethodException: com.intellij.rt.coverage.data.ProjectData.traceLine(java.lang.Object, int)
[2023.02.07 17:23:42] (Coverage): Error tracing class be.digitalia.fosdem.parsers.EventsParser: java.lang.NoSuchMethodException: com.intellij.rt.coverage.data.ProjectData.traceLine(java.lang.Object, int)
[2023.02.07 17:23:42] (Coverage): Error tracing class be.digitalia.fosdem.parsers.EventsParser: java.lang.NoSuchMethodException: com.intellij.rt.coverage.data.ProjectData.traceLine(java.lang.Object, int)
[2023.02.07 17:23:42] (Coverage): Error tracing class be.digitalia.fosdem.parsers.EventsParser: java.lang.NoSuchMethodException: com.intellij.rt.coverage.data.ProjectData.traceLine(java.lang.Object, int)
[2023.02.07 17:23:42] (Coverage): Error tracing class be.digitalia.fosdem.parsers.EventsParser: java.lang.NoSuchMethodException: com.intellij.rt.coverage.data.ProjectData.traceLine(java.lang.Object, int)
[2023.02.07 17:23:42] (Coverage): Error tracing class be.digitalia.fosdem.parsers.EventsParser: java.lang.NoSuchMethodException: com.intellij.rt.coverage.data.ProjectData.traceLine(java.lang.Object, int)
[2023.02.07 17:23:42] (Coverage): Error tracing class be.digitalia.fosdem.parsers.EventsParser: java.lang.NoSuchMethodException: com.intellij.rt.coverage.data.ProjectData.traceLine(java.lang.Object, int)
[2023.02.07 17:23:42] (Coverage): Error tracing class be.digitalia.fosdem.parsers.EventsParser: java.lang.NoSuchMethodException: com.intellij.rt.coverage.data.ProjectData.traceLine(java.lang.Object, int)
[2023.02.07 17:23:42] (Coverage): Error tracing class be.digitalia.fosdem.parsers.EventsParser: java.lang.NoSuchMethodException: com.intellij.rt.coverage.data.ProjectData.traceLine(java.lang.Object, int)
[2023.02.07 17:23:42] (Coverage): Error tracing class be.digitalia.fosdem.parsers.EventsParser: java.lang.NoSuchMethodException: com.intellij.rt.coverage.data.ProjectData.traceLine(java.lang.Object, int)
[2023.02.07 17:23:42] (Coverage): Error tracing class be.digitalia.fosdem.parsers.EventsParser: java.lang.NoSuchMethodException: com.intellij.rt.coverage.data.ProjectData.traceLine(java.lang.Object, int)
[2023.02.07 17:23:42] (Coverage): Error tracing class be.digitalia.fosdem.parsers.EventsParser: java.lang.NoSuchMethodException: com.intellij.rt.coverage.data.ProjectData.traceLine(java.lang.Object, int)
[2023.02.07 17:23:42] (Coverage): Error tracing class be.digitalia.fosdem.parsers.EventsParser: java.lang.NoSuchMethodException: com.intellij.rt.coverage.data.ProjectData.traceLine(java.lang.Object, int)
[2023.02.07 17:23:42] (Coverage): Error tracing class be.digitalia.fosdem.parsers.EventsParser: java.lang.NoSuchMethodException: com.intellij.rt.coverage.data.ProjectData.traceLine(java.lang.Object, int)
[2023.02.07 17:23:42] (Coverage): Error tracing class be.digitalia.fosdem.parsers.EventsParser: java.lang.NoSuchMethodException: com.intellij.rt.coverage.data.ProjectData.traceLine(java.lang.Object, int)
[2023.02.07 17:23:42] (Coverage): Error tracing class be.digitalia.fosdem.parsers.EventsParser: java.lang.NoSuchMethodException: com.intellij.rt.coverage.data.ProjectData.traceLine(java.lang.Object, int)
[2023.02.07 17:23:42] (Coverage): Error tracing class be.digitalia.fosdem.parsers.EventsParser: java.lang.NoSuchMethodException: com.intellij.rt.coverage.data.ProjectData.traceLine(java.lang.Object, int)
[2023.02.07 17:23:42] (Coverage): Error tracing class be.digitalia.fosdem.parsers.EventsParser: java.lang.NoSuchMethodException: com.intellij.rt.coverage.data.ProjectData.traceLine(java.lang.Object, int)
[2023.02.07 17:23:42] (Coverage): Error tracing class be.digitalia.fosdem.parsers.EventsParser: java.lang.NoSuchMethodException: com.intellij.rt.coverage.data.ProjectData.traceLine(java.lang.Object, int)
[2023.02.07 17:23:42] (Coverage): Error tracing class be.digitalia.fosdem.parsers.EventsParser: java.lang.NoSuchMethodException: com.intellij.rt.coverage.data.ProjectData.traceLine(java.lang.Object, int)
[2023.02.07 17:23:42] (Coverage): Error tracing class be.digitalia.fosdem.parsers.EventsParser: java.lang.NoSuchMethodException: com.intellij.rt.coverage.data.ProjectData.traceLine(java.lang.Object, int)
[2023.02.07 17:23:42] (Coverage): Error tracing class be.digitalia.fosdem.parsers.EventsParser: java.lang.NoSuchMethodException: com.intellij.rt.coverage.data.ProjectData.traceLine(java.lang.Object, int)
[2023.02.07 17:23:42] (Coverage): Error tracing class be.digitalia.fosdem.parsers.EventsParser: java.lang.NoSuchMethodException: com.intellij.rt.coverage.data.ProjectData.traceLine(java.lang.Object, int)
[2023.02.07 17:23:42] (Coverage): Error tracing class be.digitalia.fosdem.parsers.EventsParser: java.lang.NoSuchMethodException: com.intellij.rt.coverage.data.ProjectData.traceLine(java.lang.Object, int)
[2023.02.07 17:23:42] (Coverage): Error tracing class be.digitalia.fosdem.parsers.EventsParser: java.lang.NoSuchMethodException: com.intellij.rt.coverage.data.ProjectData.traceLine(java.lang.Object, int)
[2023.02.07 17:23:42] (Coverage): Error tracing class be.digitalia.fosdem.parsers.EventsParser: java.lang.NoSuchMethodException: com.intellij.rt.coverage.data.ProjectData.traceLine(java.lang.Object, int)
[2023.02.07 17:23:42] (Coverage): Error tracing class be.digitalia.fosdem.parsers.EventsParser: java.lang.NoSuchMethodException: com.intellij.rt.coverage.data.ProjectData.traceLine(java.lang.Object, int)
[2023.02.07 17:23:42] (Coverage): Error tracing class be.digitalia.fosdem.parsers.EventsParser: java.lang.NoSuchMethodException: com.intellij.rt.coverage.data.ProjectData.traceLine(java.lang.Object, int)
[2023.02.07 17:23:42] (Coverage): Error tracing class be.digitalia.fosdem.parsers.EventsParser: java.lang.NoSuchMethodException: com.intellij.rt.coverage.data.ProjectData.traceLine(java.lang.Object, int)
[2023.02.07 17:23:42] (Coverage): Error tracing class be.digitalia.fosdem.parsers.EventsParser: java.lang.NoSuchMethodException: com.intellij.rt.coverage.data.ProjectData.traceLine(java.lang.Object, int)
[2023.02.07 17:23:42] (Coverage): Error tracing class be.digitalia.fosdem.parsers.EventsParser: java.lang.NoSuchMethodException: com.intellij.rt.coverage.data.ProjectData.traceLine(java.lang.Object, int)
[2023.02.07 17:23:42] (Coverage): Error tracing class be.digitalia.fosdem.parsers.EventsParser: java.lang.NoSuchMethodException: com.intellij.rt.coverage.data.ProjectData.traceLine(java.lang.Object, int)
[2023.02.07 17:23:42] (Coverage): Error tracing class be.digitalia.fosdem.parsers.EventsParser: java.lang.NoSuchMethodException: com.intellij.rt.coverage.data.ProjectData.traceLine(java.lang.Object, int)
[2023.02.07 17:23:42] (Coverage): Error tracing class be.digitalia.fosdem.parsers.EventsParser: java.lang.NoSuchMethodException: com.intellij.rt.coverage.data.ProjectData.traceLine(java.lang.Object, int)
[2023.02.07 17:23:42] (Coverage): Error tracing class be.digitalia.fosdem.parsers.EventsParser: java.lang.NoSuchMethodException: com.intellij.rt.coverage.data.ProjectData.traceLine(java.lang.Object, int)
[2023.02.07 17:23:42] (Coverage): Error tracing class be.digitalia.fosdem.parsers.EventsParser: java.lang.NoSuchMethodException: com.intellij.rt.coverage.data.ProjectData.traceLine(java.lang.Object, int)
[2023.02.07 17:23:42] (Coverage): Error tracing class be.digitalia.fosdem.parsers.EventsParser: java.lang.NoSuchMethodException: com.intellij.rt.coverage.data.ProjectData.traceLine(java.lang.Object, int)
[2023.02.07 17:23:42] (Coverage): Error tracing class be.digitalia.fosdem.parsers.EventsParser: java.lang.NoSuchMethodException: com.intellij.rt.coverage.data.ProjectData.traceLine(java.lang.Object, int)
[2023.02.07 17:23:42] (Coverage): Error tracing class be.digitalia.fosdem.parsers.EventsParser: java.lang.NoSuchMethodException: com.intellij.rt.coverage.data.ProjectData.traceLine(java.lang.Object, int)
[2023.02.07 17:23:42] (Coverage): Error tracing class be.digitalia.fosdem.parsers.EventsParser: java.lang.NoSuchMethodException: com.intellij.rt.coverage.data.ProjectData.traceLine(java.lang.Object, int)
[2023.02.07 17:23:42] (Coverage): Error tracing class be.digitalia.fosdem.parsers.EventsParser: java.lang.NoSuchMethodException: com.intellij.rt.coverage.data.ProjectData.traceLine(java.lang.Object, int)
[2023.02.07 17:23:42] (Coverage): Error tracing class be.digitalia.fosdem.parsers.EventsParser: java.lang.NoSuchMethodException: com.intellij.rt.coverage.data.ProjectData.traceLine(java.lang.Object, int)
[2023.02.07 17:23:42] (Coverage): Error tracing class be.digitalia.fosdem.parsers.EventsParser: java.lang.NoSuchMethodException: com.intellij.rt.coverage.data.ProjectData.traceLine(java.lang.Object, int)
[2023.02.07 17:23:42] (Coverage): Error tracing class be.digitalia.fosdem.parsers.EventsParser: java.lang.NoSuchMethodException: com.intellij.rt.coverage.data.ProjectData.traceLine(java.lang.Object, int)
[2023.02.07 17:23:42] (Coverage): Error tracing class be.digitalia.fosdem.parsers.EventsParser: java.lang.NoSuchMethodException: com.intellij.rt.coverage.data.ProjectData.traceLine(java.lang.Object, int)
[2023.02.07 17:23:42] (Coverage): Error tracing class be.digitalia.fosdem.parsers.EventsParser: java.lang.NoSuchMethodException: com.intellij.rt.coverage.data.ProjectData.traceLine(java.lang.Object, int)
[2023.02.07 17:23:42] (Coverage): Error tracing class be.digitalia.fosdem.parsers.EventsParser: java.lang.NoSuchMethodException: com.intellij.rt.coverage.data.ProjectData.traceLine(java.lang.Object, int)
[2023.02.07 17:23:42] (Coverage): Error tracing class be.digitalia.fosdem.parsers.EventsParser: java.lang.NoSuchMethodException: com.intellij.rt.coverage.data.ProjectData.traceLine(java.lang.Object, int)
[2023.02.07 17:23:42] (Coverage): Error tracing class be.digitalia.fosdem.parsers.EventsParser: java.lang.NoSuchMethodException: com.intellij.rt.coverage.data.ProjectData.traceLine(java.lang.Object, int)
[2023.02.07 17:23:42] (Coverage): Error tracing class be.digitalia.fosdem.parsers.EventsParser: java.lang.NoSuchMethodException: com.intellij.rt.coverage.data.ProjectData.traceLine(java.lang.Object, int)
[2023.02.07 17:23:42] (Coverage): Error tracing class be.digitalia.fosdem.parsers.EventsParser: java.lang.NoSuchMethodException: com.intellij.rt.coverage.data.ProjectData.traceLine(java.lang.Object, int)
[2023.02.07 17:23:42] (Coverage): Error tracing class be.digitalia.fosdem.parsers.EventsParser: java.lang.NoSuchMethodException: com.intellij.rt.coverage.data.ProjectData.traceLine(java.lang.Object, int)
[2023.02.07 17:23:42] (Coverage): Error tracing class be.digitalia.fosdem.parsers.EventsParser: java.lang.NoSuchMethodException: com.intellij.rt.coverage.data.ProjectData.traceLine(java.lang.Object, int)
[2023.02.07 17:23:42] (Coverage): Error tracing class be.digitalia.fosdem.parsers.EventsParser: java.lang.NoSuchMethodException: com.intellij.rt.coverage.data.ProjectData.traceLine(java.lang.Object, int)
[2023.02.07 17:23:42] (Coverage): Error tracing class be.digitalia.fosdem.parsers.EventsParser: java.lang.NoSuchMethodException: com.intellij.rt.coverage.data.ProjectData.traceLine(java.lang.Object, int)
[2023.02.07 17:23:42] (Coverage): Error tracing class be.digitalia.fosdem.parsers.EventsParser: java.lang.NoSuchMethodException: com.intellij.rt.coverage.data.ProjectData.traceLine(java.lang.Object, int)
[2023.02.07 17:23:42] (Coverage): Error tracing class be.digitalia.fosdem.parsers.EventsParser: java.lang.NoSuchMethodException: com.intellij.rt.coverage.data.ProjectData.traceLine(java.lang.Object, int)
[2023.02.07 17:23:42] (Coverage): Error tracing class be.digitalia.fosdem.parsers.EventsParser: java.lang.NoSuchMethodException: com.intellij.rt.coverage.data.ProjectData.traceLine(java.lang.Object, int)
[2023.02.07 17:23:42] (Coverage): Error tracing class be.digitalia.fosdem.parsers.EventsParser: java.lang.NoSuchMethodException: com.intellij.rt.coverage.data.ProjectData.traceLine(java.lang.Object, int)
[2023.02.07 17:23:42] (Coverage): Error tracing class be.digitalia.fosdem.parsers.EventsParser: java.lang.NoSuchMethodException: com.intellij.rt.coverage.data.ProjectData.traceLine(java.lang.Object, int)
[2023.02.07 17:23:42] (Coverage): Error tracing class be.digitalia.fosdem.parsers.EventsParser: java.lang.NoSuchMethodException: com.intellij.rt.coverage.data.ProjectData.traceLine(java.lang.Object, int)
[2023.02.07 17:23:42] (Coverage): Error tracing class be.digitalia.fosdem.parsers.EventsParser: java.lang.NoSuchMethodException: com.intellij.rt.coverage.data.ProjectData.traceLine(java.lang.Object, int)
[2023.02.07 17:23:42] (Coverage): Error tracing class be.digitalia.fosdem.parsers.EventsParser: java.lang.NoSuchMethodException: com.intellij.rt.coverage.data.ProjectData.traceLine(java.lang.Object, int)
[2023.02.07 17:23:42] (Coverage): Error tracing class be.digitalia.fosdem.parsers.EventsParser: java.lang.NoSuchMethodException: com.intellij.rt.coverage.data.ProjectData.traceLine(java.lang.Object, int)
[2023.02.07 17:23:42] (Coverage): Error tracing class be.digitalia.fosdem.parsers.EventsParser: java.lang.NoSuchMethodException: com.intellij.rt.coverage.data.ProjectData.traceLine(java.lang.Object, int)
[2023.02.07 17:23:42] (Coverage): Error tracing class be.digitalia.fosdem.parsers.EventsParser: java.lang.NoSuchMethodException: com.intellij.rt.coverage.data.ProjectData.traceLine(java.lang.Object, int)
[2023.02.07 17:23:42] (Coverage): Error tracing class be.digitalia.fosdem.parsers.EventsParser: java.lang.NoSuchMethodException: com.intellij.rt.coverage.data.ProjectData.traceLine(java.lang.Object, int)
[2023.02.07 17:23:42] (Coverage): Error tracing class be.digitalia.fosdem.parsers.EventsParser: java.lang.NoSuchMethodException: com.intellij.rt.coverage.data.ProjectData.traceLine(java.lang.Object, int)
[2023.02.07 17:23:42] (Coverage): Error tracing class be.digitalia.fosdem.parsers.EventsParser: java.lang.NoSuchMethodException: com.intellij.rt.coverage.data.ProjectData.traceLine(java.lang.Object, int)
[2023.02.07 17:23:42] (Coverage): Error tracing class be.digitalia.fosdem.parsers.EventsParser: java.lang.NoSuchMethodException: com.intellij.rt.coverage.data.ProjectData.traceLine(java.lang.Object, int)
[2023.02.07 17:23:42] (Coverage): Error tracing class be.digitalia.fosdem.parsers.EventsParser: java.lang.NoSuchMethodException: com.intellij.rt.coverage.data.ProjectData.traceLine(java.lang.Object, int)
[2023.02.07 17:23:42] (Coverage): Error tracing class be.digitalia.fosdem.parsers.EventsParser: java.lang.NoSuchMethodException: com.intellij.rt.coverage.data.ProjectData.traceLine(java.lang.Object, int)
[2023.02.07 17:23:42] (Coverage): Error tracing class be.digitalia.fosdem.parsers.EventsParser: java.lang.NoSuchMethodException: com.intellij.rt.coverage.data.ProjectData.traceLine(java.lang.Object, int)
[2023.02.07 17:23:42] (Coverage): Error tracing class be.digitalia.fosdem.parsers.EventsParser: java.lang.NoSuchMethodException: com.intellij.rt.coverage.data.ProjectData.traceLine(java.lang.Object, int)
[2023.02.07 17:23:42] (Coverage): Error tracing class be.digitalia.fosdem.parsers.EventsParser: java.lang.NoSuchMethodException: com.intellij.rt.coverage.data.ProjectData.traceLine(java.lang.Object, int)
[2023.02.07 17:23:42] (Coverage): Error tracing class be.digitalia.fosdem.parsers.EventsParser: java.lang.NoSuchMethodException: com.intellij.rt.coverage.data.ProjectData.traceLine(java.lang.Object, int)
[2023.02.07 17:23:42] (Coverage): Error tracing class be.digitalia.fosdem.parsers.EventsParser: java.lang.NoSuchMethodException: com.intellij.rt.coverage.data.ProjectData.traceLine(java.lang.Object, int)
[2023.02.07 17:23:42] (Coverage): Error tracing class be.digitalia.fosdem.parsers.EventsParser: java.lang.NoSuchMethodException: com.intellij.rt.coverage.data.ProjectData.traceLine(java.lang.Object, int)
[2023.02.07 17:23:42] (Coverage): Error tracing class be.digitalia.fosdem.parsers.EventsParser: java.lang.NoSuchMethodException: com.intellij.rt.coverage.data.ProjectData.traceLine(java.lang.Object, int)
[2023.02.07 17:23:42] (Coverage): Error tracing class be.digitalia.fosdem.parsers.EventsParser: java.lang.NoSuchMethodException: com.intellij.rt.coverage.data.ProjectData.traceLine(java.lang.Object, int)
[2023.02.07 17:23:42] (Coverage): Error tracing class be.digitalia.fosdem.parsers.EventsParser: java.lang.NoSuchMethodException: com.intellij.rt.coverage.data.ProjectData.traceLine(java.lang.Object, int)
[2023.02.07 17:23:42] (Coverage): Error tracing class be.digitalia.fosdem.parsers.EventsParser: java.lang.NoSuchMethodException: com.intellij.rt.coverage.data.ProjectData.traceLine(java.lang.Object, int)
[2023.02.07 17:23:42] (Coverage): Error tracing class be.digitalia.fosdem.parsers.EventsParser: java.lang.NoSuchMethodException: com.intellij.rt.coverage.data.ProjectData.traceLine(java.lang.Object, int)
[2023.02.07 17:23:42] (Coverage): Error tracing class be.digitalia.fosdem.parsers.EventsParser: java.lang.NoSuchMethodException: com.intellij.rt.coverage.data.ProjectData.traceLine(java.lang.Object, int)
[2023.02.07 17:23:42] (Coverage): Error tracing class be.digitalia.fosdem.parsers.EventsParser: java.lang.NoSuchMethodException: com.intellij.rt.coverage.data.ProjectData.traceLine(java.lang.Object, int)
[2023.02.07 17:23:42] (Coverage): Error tracing class be.digitalia.fosdem.parsers.EventsParser: java.lang.NoSuchMethodException: com.intellij.rt.coverage.data.ProjectData.traceLine(java.lang.Object, int)
[2023.02.07 17:23:42] (Coverage): Error tracing class be.digitalia.fosdem.parsers.EventsParser: java.lang.NoSuchMethodException: com.intellij.rt.coverage.data.ProjectData.traceLine(java.lang.Object, int)
[2023.02.07 17:23:42] (Coverage): Error tracing class be.digitalia.fosdem.parsers.EventsParser: java.lang.NoSuchMethodException: com.intellij.rt.coverage.data.ProjectData.traceLine(java.lang.Object, int)
[2023.02.07 17:23:42] (Coverage): Error tracing class be.digitalia.fosdem.parsers.EventsParser: java.lang.NoSuchMethodException: com.intellij.rt.coverage.data.ProjectData.traceLine(java.lang.Object, int)
[2023.02.07 17:23:42] (Coverage): Error tracing class be.digitalia.fosdem.parsers.EventsParser: java.lang.NoSuchMethodException: com.intellij.rt.coverage.data.ProjectData.traceLine(java.lang.Object, int)
[2023.02.07 17:23:42] (Coverage): Error tracing class be.digitalia.fosdem.parsers.EventsParser: java.lang.NoSuchMethodException: com.intellij.rt.coverage.data.ProjectData.traceLine(java.lang.Object, int)
[2023.02.07 17:23:42] (Coverage): Error tracing class be.digitalia.fosdem.parsers.EventsParser: java.lang.NoSuchMethodException: com.intellij.rt.coverage.data.ProjectData.traceLine(java.lang.Object, int)
[2023.02.07 17:23:42] (Coverage): Error tracing class be.digitalia.fosdem.parsers.EventsParser: java.lang.NoSuchMethodException: com.intellij.rt.coverage.data.ProjectData.traceLine(java.lang.Object, int)
[2023.02.07 17:23:42] (Coverage): Error tracing class be.digitalia.fosdem.parsers.EventsParser: java.lang.NoSuchMethodException: com.intellij.rt.coverage.data.ProjectData.traceLine(java.lang.Object, int)
[2023.02.07 17:23:42] (Coverage): Error tracing class be.digitalia.fosdem.parsers.EventsParser: java.lang.NoSuchMethodException: com.intellij.rt.coverage.data.ProjectData.traceLine(java.lang.Object, int)
[2023.02.07 17:23:42] (Coverage): Error tracing class be.digitalia.fosdem.parsers.EventsParser: java.lang.NoSuchMethodException: com.intellij.rt.coverage.data.ProjectData.traceLine(java.lang.Object, int)
[2023.02.07 17:23:42] (Coverage): Error tracing class be.digitalia.fosdem.parsers.EventsParser: java.lang.NoSuchMethodException: com.intellij.rt.coverage.data.ProjectData.traceLine(java.lang.Object, int)
[2023.02.07 17:23:42] (Coverage): Error tracing class be.digitalia.fosdem.parsers.EventsParser: java.lang.NoSuchMethodException: com.intellij.rt.coverage.data.ProjectData.traceLine(java.lang.Object, int)
[2023.02.07 17:23:42] (Coverage): Error tracing class be.digitalia.fosdem.parsers.EventsParser: java.lang.NoSuchMethodException: com.intellij.rt.coverage.data.ProjectData.traceLine(java.lang.Object, int)
[2023.02.07 17:23:42] (Coverage): Error tracing class be.digitalia.fosdem.parsers.EventsParser: java.lang.NoSuchMethodException: com.intellij.rt.coverage.data.ProjectData.traceLine(java.lang.Object, int)
[2023.02.07 17:23:42] (Coverage): Error tracing class be.digitalia.fosdem.parsers.EventsParser: java.lang.NoSuchMethodException: com.intellij.rt.coverage.data.ProjectData.traceLine(java.lang.Object, int)
[2023.02.07 17:23:42] (Coverage): Error tracing class be.digitalia.fosdem.parsers.EventsParser: java.lang.NoSuchMethodException: com.intellij.rt.coverage.data.ProjectData.traceLine(java.lang.Object, int)
[2023.02.07 17:23:42] (Coverage): Error tracing class be.digitalia.fosdem.parsers.EventsParser: java.lang.NoSuchMethodException: com.intellij.rt.coverage.data.ProjectData.traceLine(java.lang.Object, int)
[2023.02.07 17:23:42] (Coverage): Error tracing class be.digitalia.fosdem.parsers.EventsParser: java.lang.NoSuchMethodException: com.intellij.rt.coverage.data.ProjectData.traceLine(java.lang.Object, int)
[2023.02.07 17:23:42] (Coverage): Error tracing class be.digitalia.fosdem.parsers.EventsParser: java.lang.NoSuchMethodException: com.intellij.rt.coverage.data.ProjectData.traceLine(java.lang.Object, int)
[2023.02.07 17:23:42] (Coverage): Error tracing class be.digitalia.fosdem.parsers.EventsParser: java.lang.NoSuchMethodException: com.intellij.rt.coverage.data.ProjectData.traceLine(java.lang.Object, int)
[2023.02.07 17:23:42] (Coverage): Error tracing class be.digitalia.fosdem.parsers.EventsParser: java.lang.NoSuchMethodException: com.intellij.rt.coverage.data.ProjectData.traceLine(java.lang.Object, int)
[2023.02.07 17:23:42] (Coverage): Error tracing class be.digitalia.fosdem.parsers.EventsParser: java.lang.NoSuchMethodException: com.intellij.rt.coverage.data.ProjectData.traceLine(java.lang.Object, int)
[2023.02.07 17:23:42] (Coverage): Error tracing class be.digitalia.fosdem.parsers.EventsParser: java.lang.NoSuchMethodException: com.intellij.rt.coverage.data.ProjectData.traceLine(java.lang.Object, int)
[2023.02.07 17:23:42] (Coverage): Error tracing class be.digitalia.fosdem.parsers.EventsParser: java.lang.NoSuchMethodException: com.intellij.rt.coverage.data.ProjectData.traceLine(java.lang.Object, int)
[2023.02.07 17:23:42] (Coverage): Error tracing class be.digitalia.fosdem.parsers.EventsParser: java.lang.NoSuchMethodException: com.intellij.rt.coverage.data.ProjectData.traceLine(java.lang.Object, int)
[2023.02.07 17:23:42] (Coverage): Error tracing class be.digitalia.fosdem.parsers.EventsParser: java.lang.NoSuchMethodException: com.intellij.rt.coverage.data.ProjectData.traceLine(java.lang.Object, int)
[2023.02.07 17:23:42] (Coverage): Error tracing class be.digitalia.fosdem.parsers.EventsParser: java.lang.NoSuchMethodException: com.intellij.rt.coverage.data.ProjectData.traceLine(java.lang.Object, int)
[2023.02.07 17:23:42] (Coverage): Error tracing class be.digitalia.fosdem.parsers.EventsParser: java.lang.NoSuchMethodException: com.intellij.rt.coverage.data.ProjectData.traceLine(java.lang.Object, int)
[2023.02.07 17:23:42] (Coverage): Error tracing class be.digitalia.fosdem.parsers.EventsParser: java.lang.NoSuchMethodException: com.intellij.rt.coverage.data.ProjectData.traceLine(java.lang.Object, int)
[2023.02.07 17:23:42] (Coverage): Error tracing class be.digitalia.fosdem.parsers.EventsParser: java.lang.NoSuchMethodException: com.intellij.rt.coverage.data.ProjectData.traceLine(java.lang.Object, int)
[2023.02.07 17:23:42] (Coverage): Error tracing class be.digitalia.fosdem.parsers.EventsParser: java.lang.NoSuchMethodException: com.intellij.rt.coverage.data.ProjectData.traceLine(java.lang.Object, int)
[2023.02.07 17:23:42] (Coverage): Error tracing class be.digitalia.fosdem.parsers.EventsParser: java.lang.NoSuchMethodException: com.intellij.rt.coverage.data.ProjectData.traceLine(java.lang.Object, int)
[2023.02.07 17:23:42] (Coverage): Error tracing class be.digitalia.fosdem.parsers.EventsParser: java.lang.NoSuchMethodException: com.intellij.rt.coverage.data.ProjectData.traceLine(java.lang.Object, int)
[2023.02.07 17:23:42] (Coverage): Error tracing class be.digitalia.fosdem.parsers.EventsParser: java.lang.NoSuchMethodException: com.intellij.rt.coverage.data.ProjectData.traceLine(java.lang.Object, int)
[2023.02.07 17:23:42] (Coverage): Error tracing class be.digitalia.fosdem.parsers.EventsParser: java.lang.NoSuchMethodException: com.intellij.rt.coverage.data.ProjectData.traceLine(java.lang.Object, int)
[2023.02.07 17:23:42] (Coverage): Error tracing class be.digitalia.fosdem.parsers.EventsParser: java.lang.NoSuchMethodException: com.intellij.rt.coverage.data.ProjectData.traceLine(java.lang.Object, int)
[2023.02.07 17:23:42] (Coverage): Error tracing class be.digitalia.fosdem.parsers.EventsParser: java.lang.NoSuchMethodException: com.intellij.rt.coverage.data.ProjectData.traceLine(java.lang.Object, int)
[2023.02.07 17:23:42] (Coverage): Error tracing class be.digitalia.fosdem.parsers.EventsParser: java.lang.NoSuchMethodException: com.intellij.rt.coverage.data.ProjectData.traceLine(java.lang.Object, int)
[2023.02.07 17:23:42] (Coverage): Error tracing class be.digitalia.fosdem.parsers.EventsParser: java.lang.NoSuchMethodException: com.intellij.rt.coverage.data.ProjectData.traceLine(java.lang.Object, int)
[2023.02.07 17:23:42] (Coverage): Error tracing class be.digitalia.fosdem.parsers.EventsParser: java.lang.NoSuchMethodException: com.intellij.rt.coverage.data.ProjectData.traceLine(java.lang.Object, int)
[2023.02.07 17:23:42] (Coverage): Error tracing class be.digitalia.fosdem.parsers.EventsParser: java.lang.NoSuchMethodException: com.intellij.rt.coverage.data.ProjectData.traceLine(java.lang.Object, int)
[2023.02.07 17:23:42] (Coverage): Error tracing class be.digitalia.fosdem.parsers.EventsParser: java.lang.NoSuchMethodException: com.intellij.rt.coverage.data.ProjectData.traceLine(java.lang.Object, int)
[2023.02.07 17:23:42] (Coverage): Error tracing class be.digitalia.fosdem.parsers.EventsParser: java.lang.NoSuchMethodException: com.intellij.rt.coverage.data.ProjectData.traceLine(java.lang.Object, int)
[2023.02.07 17:23:42] (Coverage): Error tracing class be.digitalia.fosdem.parsers.EventsParser: java.lang.NoSuchMethodException: com.intellij.rt.coverage.data.ProjectData.traceLine(java.lang.Object, int)
[2023.02.07 17:23:42] (Coverage): Error tracing class be.digitalia.fosdem.parsers.EventsParser: java.lang.NoSuchMethodException: com.intellij.rt.coverage.data.ProjectData.traceLine(java.lang.Object, int)
[2023.02.07 17:23:42] (Coverage): Error tracing class be.digitalia.fosdem.parsers.EventsParser: java.lang.NoSuchMethodException: com.intellij.rt.coverage.data.ProjectData.traceLine(java.lang.Object, int)
[2023.02.07 17:23:42] (Coverage): Error tracing class be.digitalia.fosdem.parsers.EventsParser: java.lang.NoSuchMethodException: com.intellij.rt.coverage.data.ProjectData.traceLine(java.lang.Object, int)
[2023.02.07 17:23:42] (Coverage): Error tracing class be.digitalia.fosdem.parsers.EventsParser: java.lang.NoSuchMethodException: com.intellij.rt.coverage.data.ProjectData.traceLine(java.lang.Object, int)
[2023.02.07 17:23:42] (Coverage): Error tracing class be.digitalia.fosdem.parsers.EventsParser: java.lang.NoSuchMethodException: com.intellij.rt.coverage.data.ProjectData.traceLine(java.lang.Object, int)
[2023.02.07 17:23:42] (Coverage): Error tracing class be.digitalia.fosdem.parsers.EventsParser: java.lang.NoSuchMethodException: com.intellij.rt.coverage.data.ProjectData.traceLine(java.lang.Object, int)
[2023.02.07 17:23:42] (Coverage): Error tracing class be.digitalia.fosdem.parsers.EventsParser: java.lang.NoSuchMethodException: com.intellij.rt.coverage.data.ProjectData.traceLine(java.lang.Object, int)
[2023.02.07 17:23:42] (Coverage): Error tracing class be.digitalia.fosdem.parsers.EventsParser: java.lang.NoSuchMethodException: com.intellij.rt.coverage.data.ProjectData.traceLine(java.lang.Object, int)
[2023.02.07 17:23:42] (Coverage): Error tracing class be.digitalia.fosdem.parsers.EventsParser: java.lang.NoSuchMethodException: com.intellij.rt.coverage.data.ProjectData.traceLine(java.lang.Object, int)
[2023.02.07 17:23:42] (Coverage): Error tracing class be.digitalia.fosdem.parsers.EventsParser: java.lang.NoSuchMethodException: com.intellij.rt.coverage.data.ProjectData.traceLine(java.lang.Object, int)
[2023.02.07 17:23:42] (Coverage): Error tracing class be.digitalia.fosdem.parsers.EventsParser: java.lang.NoSuchMethodException: com.intellij.rt.coverage.data.ProjectData.traceLine(java.lang.Object, int)
[2023.02.07 17:23:42] (Coverage): Error tracing class be.digitalia.fosdem.parsers.EventsParser: java.lang.NoSuchMethodException: com.intellij.rt.coverage.data.ProjectData.traceLine(java.lang.Object, int)
[2023.02.07 17:23:42] (Coverage): Error tracing class be.digitalia.fosdem.parsers.EventsParser: java.lang.NoSuchMethodException: com.intellij.rt.coverage.data.ProjectData.traceLine(java.lang.Object, int)
[2023.02.07 17:23:42] (Coverage): Error tracing class be.digitalia.fosdem.parsers.EventsParser: java.lang.NoSuchMethodException: com.intellij.rt.coverage.data.ProjectData.traceLine(java.lang.Object, int)
[2023.02.07 17:23:42] (Coverage): Error tracing class be.digitalia.fosdem.parsers.EventsParser: java.lang.NoSuchMethodException: com.intellij.rt.coverage.data.ProjectData.traceLine(java.lang.Object, int)
[2023.02.07 17:23:42] (Coverage): Error tracing class be.digitalia.fosdem.parsers.EventsParser: java.lang.NoSuchMethodException: com.intellij.rt.coverage.data.ProjectData.traceLine(java.lang.Object, int)
[2023.02.07 17:23:42] (Coverage): Error tracing class be.digitalia.fosdem.parsers.EventsParser: java.lang.NoSuchMethodException: com.intellij.rt.coverage.data.ProjectData.traceLine(java.lang.Object, int)
[2023.02.07 17:23:42] (Coverage): Error tracing class be.digitalia.fosdem.parsers.EventsParser: java.lang.NoSuchMethodException: com.intellij.rt.coverage.data.ProjectData.traceLine(java.lang.Object, int)
[2023.02.07 17:23:42] (Coverage): Error tracing class be.digitalia.fosdem.parsers.EventsParser: java.lang.NoSuchMethodException: com.intellij.rt.coverage.data.ProjectData.traceLine(java.lang.Object, int)
[2023.02.07 17:23:42] (Coverage): Error tracing class be.digitalia.fosdem.parsers.EventsParser: java.lang.NoSuchMethodException: com.intellij.rt.coverage.data.ProjectData.traceLine(java.lang.Object, int)
[2023.02.07 17:23:42] (Coverage): Error tracing class be.digitalia.fosdem.parsers.EventsParser: java.lang.NoSuchMethodException: com.intellij.rt.coverage.data.ProjectData.traceLine(java.lang.Object, int)
[2023.02.07 17:23:42] (Coverage): Error tracing class be.digitalia.fosdem.parsers.EventsParser: java.lang.NoSuchMethodException: com.intellij.rt.coverage.data.ProjectData.traceLine(java.lang.Object, int)
[2023.02.07 17:23:42] (Coverage): Error tracing class be.digitalia.fosdem.parsers.EventsParser: java.lang.NoSuchMethodException: com.intellij.rt.coverage.data.ProjectData.traceLine(java.lang.Object, int)
[2023.02.07 17:23:42] (Coverage): Error tracing class be.digitalia.fosdem.parsers.EventsParser: java.lang.NoSuchMethodException: com.intellij.rt.coverage.data.ProjectData.traceLine(java.lang.Object, int)
[2023.02.07 17:23:42] (Coverage): Error tracing class be.digitalia.fosdem.parsers.EventsParser: java.lang.NoSuchMethodException: com.intellij.rt.coverage.data.ProjectData.traceLine(java.lang.Object, int)
[2023.02.07 17:23:42] (Coverage): Error tracing class be.digitalia.fosdem.parsers.EventsParser: java.lang.NoSuchMethodException: com.intellij.rt.coverage.data.ProjectData.traceLine(java.lang.Object, int)
[2023.02.07 17:23:42] (Coverage): Error tracing class be.digitalia.fosdem.parsers.EventsParser: java.lang.NoSuchMethodException: com.intellij.rt.coverage.data.ProjectData.traceLine(java.lang.Object, int)
[2023.02.07 17:23:42] (Coverage): Error tracing class be.digitalia.fosdem.parsers.EventsParser: java.lang.NoSuchMethodException: com.intellij.rt.coverage.data.ProjectData.traceLine(java.lang.Object, int)
[2023.02.07 17:23:42] (Coverage): Error tracing class be.digitalia.fosdem.parsers.EventsParser: java.lang.NoSuchMethodException: com.intellij.rt.coverage.data.ProjectData.traceLine(java.lang.Object, int)
[2023.02.07 17:23:42] (Coverage): Error tracing class be.digitalia.fosdem.parsers.EventsParser: java.lang.NoSuchMethodException: com.intellij.rt.coverage.data.ProjectData.traceLine(java.lang.Object, int)
[2023.02.07 17:23:42] (Coverage): Error tracing class be.digitalia.fosdem.parsers.EventsParser: java.lang.NoSuchMethodException: com.intellij.rt.coverage.data.ProjectData.traceLine(java.lang.Object, int)
[2023.02.07 17:23:42] (Coverage): Error tracing class be.digitalia.fosdem.parsers.EventsParser: java.lang.NoSuchMethodException: com.intellij.rt.coverage.data.ProjectData.traceLine(java.lang.Object, int)
[2023.02.07 17:23:42] (Coverage): Error tracing class be.digitalia.fosdem.parsers.EventsParser: java.lang.NoSuchMethodException: com.intellij.rt.coverage.data.ProjectData.traceLine(java.lang.Object, int)
[2023.02.07 17:23:42] (Coverage): Error tracing class be.digitalia.fosdem.parsers.EventsParser: java.lang.NoSuchMethodException: com.intellij.rt.coverage.data.ProjectData.traceLine(java.lang.Object, int)
[2023.02.07 17:23:42] (Coverage): Error tracing class be.digitalia.fosdem.parsers.EventsParser: java.lang.NoSuchMethodException: com.intellij.rt.coverage.data.ProjectData.traceLine(java.lang.Object, int)
[2023.02.07 17:23:42] (Coverage): Error tracing class be.digitalia.fosdem.parsers.EventsParser: java.lang.NoSuchMethodException: com.intellij.rt.coverage.data.ProjectData.traceLine(java.lang.Object, int)
[2023.02.07 17:23:42] (Coverage): Error tracing class be.digitalia.fosdem.parsers.EventsParser: java.lang.NoSuchMethodException: com.intellij.rt.coverage.data.ProjectData.traceLine(java.lang.Object, int)
[2023.02.07 17:23:42] (Coverage): Error tracing class be.digitalia.fosdem.parsers.EventsParser: java.lang.NoSuchMethodException: com.intellij.rt.coverage.data.ProjectData.traceLine(java.lang.Object, int)
[2023.02.07 17:23:42] (Coverage): Error tracing class be.digitalia.fosdem.parsers.EventsParser: java.lang.NoSuchMethodException: com.intellij.rt.coverage.data.ProjectData.traceLine(java.lang.Object, int)
[2023.02.07 17:23:42] (Coverage): Error tracing class be.digitalia.fosdem.parsers.EventsParser: java.lang.NoSuchMethodException: com.intellij.rt.coverage.data.ProjectData.traceLine(java.lang.Object, int)
[2023.02.07 17:23:42] (Coverage): Error tracing class be.digitalia.fosdem.parsers.EventsParser: java.lang.NoSuchMethodException: com.intellij.rt.coverage.data.ProjectData.traceLine(java.lang.Object, int)
[2023.02.07 17:23:42] (Coverage): Error tracing class be.digitalia.fosdem.parsers.EventsParser: java.lang.NoSuchMethodException: com.intellij.rt.coverage.data.ProjectData.traceLine(java.lang.Object, int)
[2023.02.07 17:23:42] (Coverage): Error tracing class be.digitalia.fosdem.parsers.EventsParser: java.lang.NoSuchMethodException: com.intellij.rt.coverage.data.ProjectData.traceLine(java.lang.Object, int)
[2023.02.07 17:23:42] (Coverage): Error tracing class be.digitalia.fosdem.parsers.EventsParser: java.lang.NoSuchMethodException: com.intellij.rt.coverage.data.ProjectData.traceLine(java.lang.Object, int)
[2023.02.07 17:23:42] (Coverage): Error tracing class be.digitalia.fosdem.parsers.EventsParser: java.lang.NoSuchMethodException: com.intellij.rt.coverage.data.ProjectData.traceLine(java.lang.Object, int)
[2023.02.07 17:23:42] (Coverage): Error tracing class be.digitalia.fosdem.parsers.EventsParser: java.lang.NoSuchMethodException: com.intellij.rt.coverage.data.ProjectData.traceLine(java.lang.Object, int)
[2023.02.07 17:23:42] (Coverage): Error tracing class be.digitalia.fosdem.parsers.EventsParser: java.lang.NoSuchMethodException: com.intellij.rt.coverage.data.ProjectData.traceLine(java.lang.Object, int)
[2023.02.07 17:23:42] (Coverage): Error tracing class be.digitalia.fosdem.parsers.EventsParser: java.lang.NoSuchMethodException: com.intellij.rt.coverage.data.ProjectData.traceLine(java.lang.Object, int)
[2023.02.07 17:23:42] (Coverage): Error tracing class be.digitalia.fosdem.parsers.EventsParser: java.lang.NoSuchMethodException: com.intellij.rt.coverage.data.ProjectData.traceLine(java.lang.Object, int)
[2023.02.07 17:23:42] (Coverage): Error tracing class be.digitalia.fosdem.parsers.EventsParser: java.lang.NoSuchMethodException: com.intellij.rt.coverage.data.ProjectData.traceLine(java.lang.Object, int)
[2023.02.07 17:23:42] (Coverage): Error tracing class be.digitalia.fosdem.parsers.EventsParser: java.lang.NoSuchMethodException: com.intellij.rt.coverage.data.ProjectData.traceLine(java.lang.Object, int)
[2023.02.07 17:23:42] (Coverage): Error tracing class be.digitalia.fosdem.parsers.EventsParser: java.lang.NoSuchMethodException: com.intellij.rt.coverage.data.ProjectData.traceLine(java.lang.Object, int)
[2023.02.07 17:23:42] (Coverage): Error tracing class be.digitalia.fosdem.parsers.EventsParser: java.lang.NoSuchMethodException: com.intellij.rt.coverage.data.ProjectData.traceLine(java.lang.Object, int)
[2023.02.07 17:23:42] (Coverage): Error tracing class be.digitalia.fosdem.parsers.EventsParser: java.lang.NoSuchMethodException: com.intellij.rt.coverage.data.ProjectData.traceLine(java.lang.Object, int)
[2023.02.07 17:23:42] (Coverage): Error tracing class be.digitalia.fosdem.parsers.EventsParser: java.lang.NoSuchMethodException: com.intellij.rt.coverage.data.ProjectData.traceLine(java.lang.Object, int)
[2023.02.07 17:23:42] (Coverage): Error tracing class be.digitalia.fosdem.parsers.EventsParser: java.lang.NoSuchMethodException: com.intellij.rt.coverage.data.ProjectData.traceLine(java.lang.Object, int)
[2023.02.07 17:23:42] (Coverage): Error tracing class be.digitalia.fosdem.parsers.EventsParser: java.lang.NoSuchMethodException: com.intellij.rt.coverage.data.ProjectData.traceLine(java.lang.Object, int)
[2023.02.07 17:23:42] (Coverage): Error tracing class be.digitalia.fosdem.parsers.EventsParser: java.lang.NoSuchMethodException: com.intellij.rt.coverage.data.ProjectData.traceLine(java.lang.Object, int)
[2023.02.07 17:23:42] (Coverage): Error tracing class be.digitalia.fosdem.parsers.EventsParser: java.lang.NoSuchMethodException: com.intellij.rt.coverage.data.ProjectData.traceLine(java.lang.Object, int)
[2023.02.07 17:23:42] (Coverage): Error tracing class be.digitalia.fosdem.parsers.EventsParser: java.lang.NoSuchMethodException: com.intellij.rt.coverage.data.ProjectData.traceLine(java.lang.Object, int)
[2023.02.07 17:23:42] (Coverage): Error tracing class be.digitalia.fosdem.parsers.EventsParser: java.lang.NoSuchMethodException: com.intellij.rt.coverage.data.ProjectData.traceLine(java.lang.Object, int)
[2023.02.07 17:23:42] (Coverage): Error tracing class be.digitalia.fosdem.parsers.EventsParser: java.lang.NoSuchMethodException: com.intellij.rt.coverage.data.ProjectData.traceLine(java.lang.Object, int)
[2023.02.07 17:23:42] (Coverage): Error tracing class be.digitalia.fosdem.parsers.EventsParser: java.lang.NoSuchMethodException: com.intellij.rt.coverage.data.ProjectData.traceLine(java.lang.Object, int)
[2023.02.07 17:23:42] (Coverage): Error tracing class be.digitalia.fosdem.parsers.EventsParser: java.lang.NoSuchMethodException: com.intellij.rt.coverage.data.ProjectData.traceLine(java.lang.Object, int)
[2023.02.07 17:23:42] (Coverage): Error tracing class be.digitalia.fosdem.parsers.EventsParser: java.lang.NoSuchMethodException: com.intellij.rt.coverage.data.ProjectData.traceLine(java.lang.Object, int)
[2023.02.07 17:23:42] (Coverage): Error tracing class be.digitalia.fosdem.parsers.EventsParser: java.lang.NoSuchMethodException: com.intellij.rt.coverage.data.ProjectData.traceLine(java.lang.Object, int)
[2023.02.07 17:23:42] (Coverage): Error tracing class be.digitalia.fosdem.parsers.EventsParser: java.lang.NoSuchMethodException: com.intellij.rt.coverage.data.ProjectData.traceLine(java.lang.Object, int)
[2023.02.07 17:23:42] (Coverage): Error tracing class be.digitalia.fosdem.parsers.EventsParser: java.lang.NoSuchMethodException: com.intellij.rt.coverage.data.ProjectData.traceLine(java.lang.Object, int)
[2023.02.07 17:23:42] (Coverage): Error tracing class be.digitalia.fosdem.parsers.EventsParser: java.lang.NoSuchMethodException: com.intellij.rt.coverage.data.ProjectData.traceLine(java.lang.Object, int)
[2023.02.07 17:23:42] (Coverage): Error tracing class be.digitalia.fosdem.parsers.EventsParser: java.lang.NoSuchMethodException: com.intellij.rt.coverage.data.ProjectData.traceLine(java.lang.Object, int)
[2023.02.07 17:23:42] (Coverage): Error tracing class be.digitalia.fosdem.parsers.EventsParser: java.lang.NoSuchMethodException: com.intellij.rt.coverage.data.ProjectData.traceLine(java.lang.Object, int)
[2023.02.07 17:23:42] (Coverage): Error tracing class be.digitalia.fosdem.parsers.EventsParser: java.lang.NoSuchMethodException: com.intellij.rt.coverage.data.ProjectData.traceLine(java.lang.Object, int)
[2023.02.07 17:23:42] (Coverage): Error tracing class be.digitalia.fosdem.parsers.EventsParser: java.lang.NoSuchMethodException: com.intellij.rt.coverage.data.ProjectData.traceLine(java.lang.Object, int)
[2023.02.07 17:23:42] (Coverage): Error tracing class be.digitalia.fosdem.parsers.EventsParser: java.lang.NoSuchMethodException: com.intellij.rt.coverage.data.ProjectData.traceLine(java.lang.Object, int)
[2023.02.07 17:23:42] (Coverage): Error tracing class be.digitalia.fosdem.parsers.EventsParser: java.lang.NoSuchMethodException: com.intellij.rt.coverage.data.ProjectData.traceLine(java.lang.Object, int)
[2023.02.07 17:23:42] (Coverage): Error tracing class be.digitalia.fosdem.parsers.EventsParser: java.lang.NoSuchMethodException: com.intellij.rt.coverage.data.ProjectData.traceLine(java.lang.Object, int)
[2023.02.07 17:23:42] (Coverage): Error tracing class be.digitalia.fosdem.parsers.EventsParser: java.lang.NoSuchMethodException: com.intellij.rt.coverage.data.ProjectData.traceLine(java.lang.Object, int)
[2023.02.07 17:23:42] (Coverage): Error tracing class be.digitalia.fosdem.parsers.EventsParser: java.lang.NoSuchMethodException: com.intellij.rt.coverage.data.ProjectData.traceLine(java.lang.Object, int)
[2023.02.07 17:23:42] (Coverage): Error tracing class be.digitalia.fosdem.parsers.EventsParser: java.lang.NoSuchMethodException: com.intellij.rt.coverage.data.ProjectData.traceLine(java.lang.Object, int)
[2023.02.07 17:23:42] (Coverage): Error tracing class be.digitalia.fosdem.parsers.EventsParser: java.lang.NoSuchMethodException: com.intellij.rt.coverage.data.ProjectData.traceLine(java.lang.Object, int)
[2023.02.07 17:23:42] (Coverage): Error tracing class be.digitalia.fosdem.parsers.EventsParser: java.lang.NoSuchMethodException: com.intellij.rt.coverage.data.ProjectData.traceLine(java.lang.Object, int)
[2023.02.07 17:23:42] (Coverage): Error tracing class be.digitalia.fosdem.parsers.EventsParser: java.lang.NoSuchMethodException: com.intellij.rt.coverage.data.ProjectData.traceLine(java.lang.Object, int)
[2023.02.07 17:23:42] (Coverage): Error tracing class be.digitalia.fosdem.parsers.EventsParser: java.lang.NoSuchMethodException: com.intellij.rt.coverage.data.ProjectData.traceLine(java.lang.Object, int)
[2023.02.07 17:23:42] (Coverage): Error tracing class be.digitalia.fosdem.parsers.EventsParser: java.lang.NoSuchMethodException: com.intellij.rt.coverage.data.ProjectData.traceLine(java.lang.Object, int)
[2023.02.07 17:23:42] (Coverage): Error tracing class be.digitalia.fosdem.parsers.EventsParser: java.lang.NoSuchMethodException: com.intellij.rt.coverage.data.ProjectData.traceLine(java.lang.Object, int)
[2023.02.07 17:23:42] (Coverage): Error tracing class be.digitalia.fosdem.parsers.EventsParser: java.lang.NoSuchMethodException: com.intellij.rt.coverage.data.ProjectData.traceLine(java.lang.Object, int)
[2023.02.07 17:23:42] (Coverage): Error tracing class be.digitalia.fosdem.parsers.EventsParser: java.lang.NoSuchMethodException: com.intellij.rt.coverage.data.ProjectData.traceLine(java.lang.Object, int)
[2023.02.07 17:23:42] (Coverage): Error tracing class be.digitalia.fosdem.parsers.EventsParser: java.lang.NoSuchMethodException: com.intellij.rt.coverage.data.ProjectData.traceLine(java.lang.Object, int)
[2023.02.07 17:23:42] (Coverage): Error tracing class be.digitalia.fosdem.parsers.EventsParser: java.lang.NoSuchMethodException: com.intellij.rt.coverage.data.ProjectData.traceLine(java.lang.Object, int)
[2023.02.07 17:23:42] (Coverage): Error tracing class be.digitalia.fosdem.parsers.EventsParser: java.lang.NoSuchMethodException: com.intellij.rt.coverage.data.ProjectData.traceLine(java.lang.Object, int)
[2023.02.07 17:23:42] (Coverage): Error tracing class be.digitalia.fosdem.parsers.EventsParser: java.lang.NoSuchMethodException: com.intellij.rt.coverage.data.ProjectData.traceLine(java.lang.Object, int)
[2023.02.07 17:23:42] (Coverage): Error tracing class be.digitalia.fosdem.parsers.EventsParser: java.lang.NoSuchMethodException: com.intellij.rt.coverage.data.ProjectData.traceLine(java.lang.Object, int)
[2023.02.07 17:23:42] (Coverage): Error tracing class be.digitalia.fosdem.parsers.EventsParser: java.lang.NoSuchMethodException: com.intellij.rt.coverage.data.ProjectData.traceLine(java.lang.Object, int)
[2023.02.07 17:23:42] (Coverage): Error tracing class be.digitalia.fosdem.parsers.EventsParser: java.lang.NoSuchMethodException: com.intellij.rt.coverage.data.ProjectData.traceLine(java.lang.Object, int)
[2023.02.07 17:23:42] (Coverage): Error tracing class be.digitalia.fosdem.parsers.EventsParser: java.lang.NoSuchMethodException: com.intellij.rt.coverage.data.ProjectData.traceLine(java.lang.Object, int)
[2023.02.07 17:23:42] (Coverage): Error tracing class be.digitalia.fosdem.parsers.EventsParser: java.lang.NoSuchMethodException: com.intellij.rt.coverage.data.ProjectData.traceLine(java.lang.Object, int)
[2023.02.07 17:23:42] (Coverage): Error tracing class be.digitalia.fosdem.parsers.EventsParser: java.lang.NoSuchMethodException: com.intellij.rt.coverage.data.ProjectData.traceLine(java.lang.Object, int)
[2023.02.07 17:23:42] (Coverage): Error tracing class be.digitalia.fosdem.parsers.EventsParser: java.lang.NoSuchMethodException: com.intellij.rt.coverage.data.ProjectData.traceLine(java.lang.Object, int)
[2023.02.07 17:23:42] (Coverage): Error tracing class be.digitalia.fosdem.parsers.EventsParser: java.lang.NoSuchMethodException: com.intellij.rt.coverage.data.ProjectData.traceLine(java.lang.Object, int)
[2023.02.07 17:23:42] (Coverage): Error tracing class be.digitalia.fosdem.parsers.EventsParser: java.lang.NoSuchMethodException: com.intellij.rt.coverage.data.ProjectData.traceLine(java.lang.Object, int)
[2023.02.07 17:23:42] (Coverage): Error tracing class be.digitalia.fosdem.parsers.EventsParser: java.lang.NoSuchMethodException: com.intellij.rt.coverage.data.ProjectData.traceLine(java.lang.Object, int)
[2023.02.07 17:23:42] (Coverage): Error tracing class be.digitalia.fosdem.parsers.EventsParser: java.lang.NoSuchMethodException: com.intellij.rt.coverage.data.ProjectData.traceLine(java.lang.Object, int)
[2023.02.07 17:23:42] (Coverage): Error tracing class be.digitalia.fosdem.parsers.EventsParser: java.lang.NoSuchMethodException: com.intellij.rt.coverage.data.ProjectData.traceLine(java.lang.Object, int)
[2023.02.07 17:23:42] (Coverage): Error tracing class be.digitalia.fosdem.parsers.EventsParser: java.lang.NoSuchMethodException: com.intellij.rt.coverage.data.ProjectData.traceLine(java.lang.Object, int)
[2023.02.07 17:23:42] (Coverage): Error tracing class be.digitalia.fosdem.parsers.EventsParser: java.lang.NoSuchMethodException: com.intellij.rt.coverage.data.ProjectData.traceLine(java.lang.Object, int)
[2023.02.07 17:23:42] (Coverage): Error tracing class be.digitalia.fosdem.parsers.EventsParser: java.lang.NoSuchMethodException: com.intellij.rt.coverage.data.ProjectData.traceLine(java.lang.Object, int)
[2023.02.07 17:23:42] (Coverage): Error tracing class be.digitalia.fosdem.parsers.EventsParser: java.lang.NoSuchMethodException: com.intellij.rt.coverage.data.ProjectData.traceLine(java.lang.Object, int)
[2023.02.07 17:23:42] (Coverage): Error tracing class be.digitalia.fosdem.parsers.EventsParser: java.lang.NoSuchMethodException: com.intellij.rt.coverage.data.ProjectData.traceLine(java.lang.Object, int)
[2023.02.07 17:23:42] (Coverage): Error tracing class be.digitalia.fosdem.parsers.EventsParser: java.lang.NoSuchMethodException: com.intellij.rt.coverage.data.ProjectData.traceLine(java.lang.Object, int)
[2023.02.07 17:23:42] (Coverage): Error tracing class be.digitalia.fosdem.parsers.EventsParser: java.lang.NoSuchMethodException: com.intellij.rt.coverage.data.ProjectData.traceLine(java.lang.Object, int)
[2023.02.07 17:23:42] (Coverage): Error tracing class be.digitalia.fosdem.parsers.EventsParser: java.lang.NoSuchMethodException: com.intellij.rt.coverage.data.ProjectData.traceLine(java.lang.Object, int)
[2023.02.07 17:23:42] (Coverage): Error tracing class be.digitalia.fosdem.parsers.EventsParser: java.lang.NoSuchMethodException: com.intellij.rt.coverage.data.ProjectData.traceLine(java.lang.Object, int)
[2023.02.07 17:23:42] (Coverage): Error tracing class be.digitalia.fosdem.parsers.EventsParser: java.lang.NoSuchMethodException: com.intellij.rt.coverage.data.ProjectData.traceLine(java.lang.Object, int)
[2023.02.07 17:23:42] (Coverage): Error tracing class be.digitalia.fosdem.parsers.EventsParser: java.lang.NoSuchMethodException: com.intellij.rt.coverage.data.ProjectData.traceLine(java.lang.Object, int)
[2023.02.07 17:23:42] (Coverage): Error tracing class be.digitalia.fosdem.parsers.EventsParser: java.lang.NoSuchMethodException: com.intellij.rt.coverage.data.ProjectData.traceLine(java.lang.Object, int)
[2023.02.07 17:23:42] (Coverage): Error tracing class be.digitalia.fosdem.parsers.EventsParser: java.lang.NoSuchMethodException: com.intellij.rt.coverage.data.ProjectData.traceLine(java.lang.Object, int)
[2023.02.07 17:23:42] (Coverage): Error tracing class be.digitalia.fosdem.parsers.EventsParser: java.lang.NoSuchMethodException: com.intellij.rt.coverage.data.ProjectData.traceLine(java.lang.Object, int)
[2023.02.07 17:23:42] (Coverage): Error tracing class be.digitalia.fosdem.parsers.EventsParser: java.lang.NoSuchMethodException: com.intellij.rt.coverage.data.ProjectData.traceLine(java.lang.Object, int)
[2023.02.07 17:23:42] (Coverage): Error tracing class be.digitalia.fosdem.parsers.EventsParser: java.lang.NoSuchMethodException: com.intellij.rt.coverage.data.ProjectData.traceLine(java.lang.Object, int)
[2023.02.07 17:23:42] (Coverage): Error tracing class be.digitalia.fosdem.parsers.EventsParser: java.lang.NoSuchMethodException: com.intellij.rt.coverage.data.ProjectData.traceLine(java.lang.Object, int)
[2023.02.07 17:23:42] (Coverage): Error tracing class be.digitalia.fosdem.parsers.EventsParser: java.lang.NoSuchMethodException: com.intellij.rt.coverage.data.ProjectData.traceLine(java.lang.Object, int)
[2023.02.07 17:23:42] (Coverage): Error tracing class be.digitalia.fosdem.parsers.EventsParser: java.lang.NoSuchMethodException: com.intellij.rt.coverage.data.ProjectData.traceLine(java.lang.Object, int)
[2023.02.07 17:23:42] (Coverage): Error tracing class be.digitalia.fosdem.parsers.EventsParser: java.lang.NoSuchMethodException: com.intellij.rt.coverage.data.ProjectData.traceLine(java.lang.Object, int)
[2023.02.07 17:23:42] (Coverage): Error tracing class be.digitalia.fosdem.parsers.EventsParser: java.lang.NoSuchMethodException: com.intellij.rt.coverage.data.ProjectData.traceLine(java.lang.Object, int)
[2023.02.07 17:23:42] (Coverage): Error tracing class be.digitalia.fosdem.parsers.EventsParser: java.lang.NoSuchMethodException: com.intellij.rt.coverage.data.ProjectData.traceLine(java.lang.Object, int)
[2023.02.07 17:23:42] (Coverage): Error tracing class be.digitalia.fosdem.parsers.EventsParser: java.lang.NoSuchMethodException: com.intellij.rt.coverage.data.ProjectData.traceLine(java.lang.Object, int)
[2023.02.07 17:23:42] (Coverage): Error tracing class be.digitalia.fosdem.parsers.EventsParser: java.lang.NoSuchMethodException: com.intellij.rt.coverage.data.ProjectData.traceLine(java.lang.Object, int)
[2023.02.07 17:23:42] (Coverage): Error tracing class be.digitalia.fosdem.parsers.EventsParser: java.lang.NoSuchMethodException: com.intellij.rt.coverage.data.ProjectData.traceLine(java.lang.Object, int)
[2023.02.07 17:23:42] (Coverage): Error tracing class be.digitalia.fosdem.parsers.EventsParser: java.lang.NoSuchMethodException: com.intellij.rt.coverage.data.ProjectData.traceLine(java.lang.Object, int)
[2023.02.07 17:23:42] (Coverage): Error tracing class be.digitalia.fosdem.parsers.EventsParser: java.lang.NoSuchMethodException: com.intellij.rt.coverage.data.ProjectData.traceLine(java.lang.Object, int)
[2023.02.07 17:23:42] (Coverage): Error tracing class be.digitalia.fosdem.parsers.EventsParser: java.lang.NoSuchMethodException: com.intellij.rt.coverage.data.ProjectData.traceLine(java.lang.Object, int)
[2023.02.07 17:23:42] (Coverage): Error tracing class be.digitalia.fosdem.parsers.EventsParser: java.lang.NoSuchMethodException: com.intellij.rt.coverage.data.ProjectData.traceLine(java.lang.Object, int)
[2023.02.07 17:23:42] (Coverage): Error tracing class be.digitalia.fosdem.parsers.EventsParser: java.lang.NoSuchMethodException: com.intellij.rt.coverage.data.ProjectData.traceLine(java.lang.Object, int)
[2023.02.07 17:23:42] (Coverage): Error tracing class be.digitalia.fosdem.parsers.EventsParser: java.lang.NoSuchMethodException: com.intellij.rt.coverage.data.ProjectData.traceLine(java.lang.Object, int)
[2023.02.07 17:23:42] (Coverage): Error tracing class be.digitalia.fosdem.parsers.EventsParser: java.lang.NoSuchMethodException: com.intellij.rt.coverage.data.ProjectData.traceLine(java.lang.Object, int)
[2023.02.07 17:23:42] (Coverage): Error tracing class be.digitalia.fosdem.parsers.EventsParser: java.lang.NoSuchMethodException: com.intellij.rt.coverage.data.ProjectData.traceLine(java.lang.Object, int)
[2023.02.07 17:23:42] (Coverage): Error tracing class be.digitalia.fosdem.parsers.EventsParser: java.lang.NoSuchMethodException: com.intellij.rt.coverage.data.ProjectData.traceLine(java.lang.Object, int)
[2023.02.07 17:23:42] (Coverage): Error tracing class be.digitalia.fosdem.parsers.EventsParser: java.lang.NoSuchMethodException: com.intellij.rt.coverage.data.ProjectData.traceLine(java.lang.Object, int)
[2023.02.07 17:23:42] (Coverage): Error tracing class be.digitalia.fosdem.parsers.EventsParser: java.lang.NoSuchMethodException: com.intellij.rt.coverage.data.ProjectData.traceLine(java.lang.Object, int)
[2023.02.07 17:23:42] (Coverage): Error tracing class be.digitalia.fosdem.parsers.EventsParser: java.lang.NoSuchMethodException: com.intellij.rt.coverage.data.ProjectData.traceLine(java.lang.Object, int)
[2023.02.07 17:23:42] (Coverage): Error tracing class be.digitalia.fosdem.parsers.EventsParser: java.lang.NoSuchMethodException: com.intellij.rt.coverage.data.ProjectData.traceLine(java.lang.Object, int)
[2023.02.07 17:23:42] (Coverage): Error tracing class be.digitalia.fosdem.parsers.EventsParser: java.lang.NoSuchMethodException: com.intellij.rt.coverage.data.ProjectData.traceLine(java.lang.Object, int)
[2023.02.07 17:23:42] (Coverage): Error tracing class be.digitalia.fosdem.parsers.EventsParser: java.lang.NoSuchMethodException: com.intellij.rt.coverage.data.ProjectData.traceLine(java.lang.Object, int)
[2023.02.07 17:23:42] (Coverage): Error tracing class be.digitalia.fosdem.parsers.EventsParser: java.lang.NoSuchMethodException: com.intellij.rt.coverage.data.ProjectData.traceLine(java.lang.Object, int)
[2023.02.07 17:23:42] (Coverage): Error tracing class be.digitalia.fosdem.parsers.EventsParser: java.lang.NoSuchMethodException: com.intellij.rt.coverage.data.ProjectData.traceLine(java.lang.Object, int)
[2023.02.07 17:23:42] (Coverage): Error tracing class be.digitalia.fosdem.parsers.EventsParser: java.lang.NoSuchMethodException: com.intellij.rt.coverage.data.ProjectData.traceLine(java.lang.Object, int)
[2023.02.07 17:23:42] (Coverage): Error tracing class be.digitalia.fosdem.parsers.EventsParser: java.lang.NoSuchMethodException: com.intellij.rt.coverage.data.ProjectData.traceLine(java.lang.Object, int)
[2023.02.07 17:23:42] (Coverage): Error tracing class be.digitalia.fosdem.parsers.EventsParser: java.lang.NoSuchMethodException: com.intellij.rt.coverage.data.ProjectData.traceLine(java.lang.Object, int)
[2023.02.07 17:23:42] (Coverage): Error tracing class be.digitalia.fosdem.parsers.EventsParser: java.lang.NoSuchMethodException: com.intellij.rt.coverage.data.ProjectData.traceLine(java.lang.Object, int)
[2023.02.07 17:23:42] (Coverage): Error tracing class be.digitalia.fosdem.parsers.EventsParser: java.lang.NoSuchMethodException: com.intellij.rt.coverage.data.ProjectData.traceLine(java.lang.Object, int)
[2023.02.07 17:23:42] (Coverage): Error tracing class be.digitalia.fosdem.parsers.EventsParser: java.lang.NoSuchMethodException: com.intellij.rt.coverage.data.ProjectData.traceLine(java.lang.Object, int)
[2023.02.07 17:23:42] (Coverage): Error tracing class be.digitalia.fosdem.parsers.EventsParser: java.lang.NoSuchMethodException: com.intellij.rt.coverage.data.ProjectData.traceLine(java.lang.Object, int)
[2023.02.07 17:23:42] (Coverage): Error tracing class be.digitalia.fosdem.parsers.EventsParser: java.lang.NoSuchMethodException: com.intellij.rt.coverage.data.ProjectData.traceLine(java.lang.Object, int)
[2023.02.07 17:23:42] (Coverage): Error tracing class be.digitalia.fosdem.parsers.EventsParser: java.lang.NoSuchMethodException: com.intellij.rt.coverage.data.ProjectData.traceLine(java.lang.Object, int)
[2023.02.07 17:23:42] (Coverage): Error tracing class be.digitalia.fosdem.parsers.EventsParser: java.lang.NoSuchMethodException: com.intellij.rt.coverage.data.ProjectData.traceLine(java.lang.Object, int)
[2023.02.07 17:23:42] (Coverage): Error tracing class be.digitalia.fosdem.parsers.EventsParser: java.lang.NoSuchMethodException: com.intellij.rt.coverage.data.ProjectData.traceLine(java.lang.Object, int)
[2023.02.07 17:23:42] (Coverage): Error tracing class be.digitalia.fosdem.parsers.EventsParser: java.lang.NoSuchMethodException: com.intellij.rt.coverage.data.ProjectData.traceLine(java.lang.Object, int)
[2023.02.07 17:23:42] (Coverage): Error tracing class be.digitalia.fosdem.parsers.EventsParser: java.lang.NoSuchMethodException: com.intellij.rt.coverage.data.ProjectData.traceLine(java.lang.Object, int)
[2023.02.07 17:23:42] (Coverage): Error tracing class be.digitalia.fosdem.parsers.EventsParser: java.lang.NoSuchMethodException: com.intellij.rt.coverage.data.ProjectData.traceLine(java.lang.Object, int)
[2023.02.07 17:23:42] (Coverage): Error tracing class be.digitalia.fosdem.parsers.EventsParser: java.lang.NoSuchMethodException: com.intellij.rt.coverage.data.ProjectData.traceLine(java.lang.Object, int)
[2023.02.07 17:23:42] (Coverage): Error tracing class be.digitalia.fosdem.parsers.EventsParser: java.lang.NoSuchMethodException: com.intellij.rt.coverage.data.ProjectData.traceLine(java.lang.Object, int)
[2023.02.07 17:23:42] (Coverage): Error tracing class be.digitalia.fosdem.parsers.EventsParser: java.lang.NoSuchMethodException: com.intellij.rt.coverage.data.ProjectData.traceLine(java.lang.Object, int)
[2023.02.07 17:23:42] (Coverage): Error tracing class be.digitalia.fosdem.parsers.EventsParser: java.lang.NoSuchMethodException: com.intellij.rt.coverage.data.ProjectData.traceLine(java.lang.Object, int)
[2023.02.07 17:23:42] (Coverage): Error tracing class be.digitalia.fosdem.parsers.EventsParser: java.lang.NoSuchMethodException: com.intellij.rt.coverage.data.ProjectData.traceLine(java.lang.Object, int)
[2023.02.07 17:23:42] (Coverage): Error tracing class be.digitalia.fosdem.parsers.EventsParser: java.lang.NoSuchMethodException: com.intellij.rt.coverage.data.ProjectData.traceLine(java.lang.Object, int)
[2023.02.07 17:23:42] (Coverage): Error tracing class be.digitalia.fosdem.parsers.EventsParser: java.lang.NoSuchMethodException: com.intellij.rt.coverage.data.ProjectData.traceLine(java.lang.Object, int)
[2023.02.07 17:23:42] (Coverage): Error tracing class be.digitalia.fosdem.parsers.EventsParser: java.lang.NoSuchMethodException: com.intellij.rt.coverage.data.ProjectData.traceLine(java.lang.Object, int)
[2023.02.07 17:23:42] (Coverage): Error tracing class be.digitalia.fosdem.parsers.EventsParser: java.lang.NoSuchMethodException: com.intellij.rt.coverage.data.ProjectData.traceLine(java.lang.Object, int)
[2023.02.07 17:23:42] (Coverage): Error tracing class be.digitalia.fosdem.parsers.EventsParser: java.lang.NoSuchMethodException: com.intellij.rt.coverage.data.ProjectData.traceLine(java.lang.Object, int)
[2023.02.07 17:23:42] (Coverage): Error tracing class be.digitalia.fosdem.parsers.EventsParser: java.lang.NoSuchMethodException: com.intellij.rt.coverage.data.ProjectData.traceLine(java.lang.Object, int)
[2023.02.07 17:23:42] (Coverage): Error tracing class be.digitalia.fosdem.parsers.EventsParser: java.lang.NoSuchMethodException: com.intellij.rt.coverage.data.ProjectData.traceLine(java.lang.Object, int)
[2023.02.07 17:23:42] (Coverage): Error tracing class be.digitalia.fosdem.parsers.EventsParser: java.lang.NoSuchMethodException: com.intellij.rt.coverage.data.ProjectData.traceLine(java.lang.Object, int)
[2023.02.07 17:23:42] (Coverage): Error tracing class be.digitalia.fosdem.parsers.EventsParser: java.lang.NoSuchMethodException: com.intellij.rt.coverage.data.ProjectData.traceLine(java.lang.Object, int)
[2023.02.07 17:23:42] (Coverage): Error tracing class be.digitalia.fosdem.parsers.EventsParser: java.lang.NoSuchMethodException: com.intellij.rt.coverage.data.ProjectData.traceLine(java.lang.Object, int)
[2023.02.07 17:23:42] (Coverage): Error tracing class be.digitalia.fosdem.parsers.EventsParser: java.lang.NoSuchMethodException: com.intellij.rt.coverage.data.ProjectData.traceLine(java.lang.Object, int)
[2023.02.07 17:23:42] (Coverage): Error tracing class be.digitalia.fosdem.parsers.EventsParser: java.lang.NoSuchMethodException: com.intellij.rt.coverage.data.ProjectData.traceLine(java.lang.Object, int)
[2023.02.07 17:23:42] (Coverage): Error tracing class be.digitalia.fosdem.parsers.EventsParser: java.lang.NoSuchMethodException: com.intellij.rt.coverage.data.ProjectData.traceLine(java.lang.Object, int)
[2023.02.07 17:23:42] (Coverage): Error tracing class be.digitalia.fosdem.parsers.EventsParser: java.lang.NoSuchMethodException: com.intellij.rt.coverage.data.ProjectData.traceLine(java.lang.Object, int)
[2023.02.07 17:23:42] (Coverage): Error tracing class be.digitalia.fosdem.parsers.EventsParser: java.lang.NoSuchMethodException: com.intellij.rt.coverage.data.ProjectData.traceLine(java.lang.Object, int)
[2023.02.07 17:23:42] (Coverage): Error tracing class be.digitalia.fosdem.parsers.EventsParser: java.lang.NoSuchMethodException: com.intellij.rt.coverage.data.ProjectData.traceLine(java.lang.Object, int)
[2023.02.07 17:23:42] (Coverage): Error tracing class be.digitalia.fosdem.parsers.EventsParser: java.lang.NoSuchMethodException: com.intellij.rt.coverage.data.ProjectData.traceLine(java.lang.Object, int)
[2023.02.07 17:23:42] (Coverage): Error tracing class be.digitalia.fosdem.parsers.EventsParser: java.lang.NoSuchMethodException: com.intellij.rt.coverage.data.ProjectData.traceLine(java.lang.Object, int)
[2023.02.07 17:23:42] (Coverage): Error tracing class be.digitalia.fosdem.parsers.EventsParser: java.lang.NoSuchMethodException: com.intellij.rt.coverage.data.ProjectData.traceLine(java.lang.Object, int)
[2023.02.07 17:23:42] (Coverage): Error tracing class be.digitalia.fosdem.parsers.EventsParser: java.lang.NoSuchMethodException: com.intellij.rt.coverage.data.ProjectData.traceLine(java.lang.Object, int)
[2023.02.07 17:23:42] (Coverage): Error tracing class be.digitalia.fosdem.parsers.EventsParser: java.lang.NoSuchMethodException: com.intellij.rt.coverage.data.ProjectData.traceLine(java.lang.Object, int)
[2023.02.07 17:23:42] (Coverage): Error tracing class be.digitalia.fosdem.parsers.EventsParser: java.lang.NoSuchMethodException: com.intellij.rt.coverage.data.ProjectData.traceLine(java.lang.Object, int)
[2023.02.07 17:23:42] (Coverage): Error tracing class be.digitalia.fosdem.parsers.EventsParser: java.lang.NoSuchMethodException: com.intellij.rt.coverage.data.ProjectData.traceLine(java.lang.Object, int)
[2023.02.07 17:23:42] (Coverage): Error tracing class be.digitalia.fosdem.parsers.EventsParser: java.lang.NoSuchMethodException: com.intellij.rt.coverage.data.ProjectData.traceLine(java.lang.Object, int)
[2023.02.07 17:23:42] (Coverage): Error tracing class be.digitalia.fosdem.parsers.EventsParser: java.lang.NoSuchMethodException: com.intellij.rt.coverage.data.ProjectData.traceLine(java.lang.Object, int)
[2023.02.07 17:23:42] (Coverage): Error tracing class be.digitalia.fosdem.parsers.EventsParser: java.lang.NoSuchMethodException: com.intellij.rt.coverage.data.ProjectData.traceLine(java.lang.Object, int)
[2023.02.07 17:23:42] (Coverage): Error tracing class be.digitalia.fosdem.parsers.EventsParser: java.lang.NoSuchMethodException: com.intellij.rt.coverage.data.ProjectData.traceLine(java.lang.Object, int)
[2023.02.07 17:23:42] (Coverage): Error tracing class be.digitalia.fosdem.parsers.EventsParser: java.lang.NoSuchMethodException: com.intellij.rt.coverage.data.ProjectData.traceLine(java.lang.Object, int)
[2023.02.07 17:23:42] (Coverage): Error tracing class be.digitalia.fosdem.parsers.EventsParser: java.lang.NoSuchMethodException: com.intellij.rt.coverage.data.ProjectData.traceLine(java.lang.Object, int)
[2023.02.07 17:23:42] (Coverage): Error tracing class be.digitalia.fosdem.parsers.EventsParser: java.lang.NoSuchMethodException: com.intellij.rt.coverage.data.ProjectData.traceLine(java.lang.Object, int)
[2023.02.07 17:23:42] (Coverage): Error tracing class be.digitalia.fosdem.parsers.EventsParser: java.lang.NoSuchMethodException: com.intellij.rt.coverage.data.ProjectData.traceLine(java.lang.Object, int)
[2023.02.07 17:23:42] (Coverage): Error tracing class be.digitalia.fosdem.parsers.EventsParser: java.lang.NoSuchMethodException: com.intellij.rt.coverage.data.ProjectData.traceLine(java.lang.Object, int)
[2023.02.07 17:23:42] (Coverage): Error tracing class be.digitalia.fosdem.parsers.EventsParser: java.lang.NoSuchMethodException: com.intellij.rt.coverage.data.ProjectData.traceLine(java.lang.Object, int)
[2023.02.07 17:23:42] (Coverage): Error tracing class be.digitalia.fosdem.parsers.EventsParser: java.lang.NoSuchMethodException: com.intellij.rt.coverage.data.ProjectData.traceLine(java.lang.Object, int)
[2023.02.07 17:23:42] (Coverage): Error tracing class be.digitalia.fosdem.parsers.EventsParser: java.lang.NoSuchMethodException: com.intellij.rt.coverage.data.ProjectData.traceLine(java.lang.Object, int)
[2023.02.07 17:23:42] (Coverage): Error tracing class be.digitalia.fosdem.parsers.EventsParser: java.lang.NoSuchMethodException: com.intellij.rt.coverage.data.ProjectData.traceLine(java.lang.Object, int)
[2023.02.07 17:23:42] (Coverage): Error tracing class be.digitalia.fosdem.parsers.EventsParser: java.lang.NoSuchMethodException: com.intellij.rt.coverage.data.ProjectData.traceLine(java.lang.Object, int)
[2023.02.07 17:23:42] (Coverage): Error tracing class be.digitalia.fosdem.parsers.EventsParser: java.lang.NoSuchMethodException: com.intellij.rt.coverage.data.ProjectData.traceLine(java.lang.Object, int)
[2023.02.07 17:23:42] (Coverage): Error tracing class be.digitalia.fosdem.parsers.EventsParser: java.lang.NoSuchMethodException: com.intellij.rt.coverage.data.ProjectData.traceLine(java.lang.Object, int)
[2023.02.07 17:23:42] (Coverage): Error tracing class be.digitalia.fosdem.parsers.EventsParser: java.lang.NoSuchMethodException: com.intellij.rt.coverage.data.ProjectData.traceLine(java.lang.Object, int)
[2023.02.07 17:23:42] (Coverage): Error tracing class be.digitalia.fosdem.parsers.EventsParser: java.lang.NoSuchMethodException: com.intellij.rt.coverage.data.ProjectData.traceLine(java.lang.Object, int)
[2023.02.07 17:23:42] (Coverage): Error tracing class be.digitalia.fosdem.parsers.EventsParser: java.lang.NoSuchMethodException: com.intellij.rt.coverage.data.ProjectData.traceLine(java.lang.Object, int)
[2023.02.07 17:23:42] (Coverage): Error tracing class be.digitalia.fosdem.parsers.EventsParser: java.lang.NoSuchMethodException: com.intellij.rt.coverage.data.ProjectData.traceLine(java.lang.Object, int)
[2023.02.07 17:23:42] (Coverage): Error tracing class be.digitalia.fosdem.parsers.EventsParser: java.lang.NoSuchMethodException: com.intellij.rt.coverage.data.ProjectData.traceLine(java.lang.Object, int)
[2023.02.07 17:23:42] (Coverage): Error tracing class be.digitalia.fosdem.parsers.EventsParser: java.lang.NoSuchMethodException: com.intellij.rt.coverage.data.ProjectData.traceLine(java.lang.Object, int)
[2023.02.07 17:23:42] (Coverage): Error tracing class be.digitalia.fosdem.parsers.EventsParser: java.lang.NoSuchMethodException: com.intellij.rt.coverage.data.ProjectData.traceLine(java.lang.Object, int)
[2023.02.07 17:23:42] (Coverage): Error tracing class be.digitalia.fosdem.parsers.EventsParser: java.lang.NoSuchMethodException: com.intellij.rt.coverage.data.ProjectData.traceLine(java.lang.Object, int)
[2023.02.07 17:23:42] (Coverage): Error tracing class be.digitalia.fosdem.parsers.EventsParser: java.lang.NoSuchMethodException: com.intellij.rt.coverage.data.ProjectData.traceLine(java.lang.Object, int)
[2023.02.07 17:23:42] (Coverage): Error tracing class be.digitalia.fosdem.parsers.EventsParser: java.lang.NoSuchMethodException: com.intellij.rt.coverage.data.ProjectData.traceLine(java.lang.Object, int)
[2023.02.07 17:23:42] (Coverage): Error tracing class be.digitalia.fosdem.parsers.EventsParser: java.lang.NoSuchMethodException: com.intellij.rt.coverage.data.ProjectData.traceLine(java.lang.Object, int)
[2023.02.07 17:23:42] (Coverage): Error tracing class be.digitalia.fosdem.parsers.EventsParser: java.lang.NoSuchMethodException: com.intellij.rt.coverage.data.ProjectData.traceLine(java.lang.Object, int)
[2023.02.07 17:23:42] (Coverage): Error tracing class be.digitalia.fosdem.parsers.EventsParser: java.lang.NoSuchMethodException: com.intellij.rt.coverage.data.ProjectData.traceLine(java.lang.Object, int)
[2023.02.07 17:23:42] (Coverage): Error tracing class be.digitalia.fosdem.parsers.EventsParser: java.lang.NoSuchMethodException: com.intellij.rt.coverage.data.ProjectData.traceLine(java.lang.Object, int)
[2023.02.07 17:23:42] (Coverage): Error tracing class be.digitalia.fosdem.parsers.EventsParser: java.lang.NoSuchMethodException: com.intellij.rt.coverage.data.ProjectData.traceLine(java.lang.Object, int)
[2023.02.07 17:23:42] (Coverage): Error tracing class be.digitalia.fosdem.parsers.EventsParser: java.lang.NoSuchMethodException: com.intellij.rt.coverage.data.ProjectData.traceLine(java.lang.Object, int)
[2023.02.07 17:23:42] (Coverage): Error tracing class be.digitalia.fosdem.parsers.EventsParser: java.lang.NoSuchMethodException: com.intellij.rt.coverage.data.ProjectData.traceLine(java.lang.Object, int)
[2023.02.07 17:23:42] (Coverage): Error tracing class be.digitalia.fosdem.parsers.EventsParser: java.lang.NoSuchMethodException: com.intellij.rt.coverage.data.ProjectData.traceLine(java.lang.Object, int)
[2023.02.07 17:23:42] (Coverage): Error tracing class be.digitalia.fosdem.parsers.EventsParser: java.lang.NoSuchMethodException: com.intellij.rt.coverage.data.ProjectData.traceLine(java.lang.Object, int)
[2023.02.07 17:23:42] (Coverage): Error tracing class be.digitalia.fosdem.parsers.EventsParser: java.lang.NoSuchMethodException: com.intellij.rt.coverage.data.ProjectData.traceLine(java.lang.Object, int)
[2023.02.07 17:23:42] (Coverage): Error tracing class be.digitalia.fosdem.parsers.EventsParser: java.lang.NoSuchMethodException: com.intellij.rt.coverage.data.ProjectData.traceLine(java.lang.Object, int)
[2023.02.07 17:23:42] (Coverage): Error tracing class be.digitalia.fosdem.parsers.EventsParser: java.lang.NoSuchMethodException: com.intellij.rt.coverage.data.ProjectData.traceLine(java.lang.Object, int)
[2023.02.07 17:23:42] (Coverage): Error tracing class be.digitalia.fosdem.parsers.EventsParser: java.lang.NoSuchMethodException: com.intellij.rt.coverage.data.ProjectData.traceLine(java.lang.Object, int)
[2023.02.07 17:23:42] (Coverage): Error tracing class be.digitalia.fosdem.parsers.EventsParser: java.lang.NoSuchMethodException: com.intellij.rt.coverage.data.ProjectData.traceLine(java.lang.Object, int)
[2023.02.07 17:23:42] (Coverage): Error tracing class be.digitalia.fosdem.parsers.EventsParser: java.lang.NoSuchMethodException: com.intellij.rt.coverage.data.ProjectData.traceLine(java.lang.Object, int)
[2023.02.07 17:23:42] (Coverage): Error tracing class be.digitalia.fosdem.parsers.EventsParser: java.lang.NoSuchMethodException: com.intellij.rt.coverage.data.ProjectData.traceLine(java.lang.Object, int)
[2023.02.07 17:23:42] (Coverage): Error tracing class be.digitalia.fosdem.parsers.EventsParser: java.lang.NoSuchMethodException: com.intellij.rt.coverage.data.ProjectData.traceLine(java.lang.Object, int)
[2023.02.07 17:23:42] (Coverage): Error tracing class be.digitalia.fosdem.parsers.EventsParser: java.lang.NoSuchMethodException: com.intellij.rt.coverage.data.ProjectData.traceLine(java.lang.Object, int)
[2023.02.07 17:23:42] (Coverage): Error tracing class be.digitalia.fosdem.parsers.EventsParser: java.lang.NoSuchMethodException: com.intellij.rt.coverage.data.ProjectData.traceLine(java.lang.Object, int)
[2023.02.07 17:23:42] (Coverage): Error tracing class be.digitalia.fosdem.parsers.EventsParser: java.lang.NoSuchMethodException: com.intellij.rt.coverage.data.ProjectData.traceLine(java.lang.Object, int)
[2023.02.07 17:23:42] (Coverage): Error tracing class be.digitalia.fosdem.parsers.EventsParser: java.lang.NoSuchMethodException: com.intellij.rt.coverage.data.ProjectData.traceLine(java.lang.Object, int)
[2023.02.07 17:23:42] (Coverage): Error tracing class be.digitalia.fosdem.parsers.EventsParser: java.lang.NoSuchMethodException: com.intellij.rt.coverage.data.ProjectData.traceLine(java.lang.Object, int)
[2023.02.07 17:23:42] (Coverage): Error tracing class be.digitalia.fosdem.parsers.EventsParser: java.lang.NoSuchMethodException: com.intellij.rt.coverage.data.ProjectData.traceLine(java.lang.Object, int)
[2023.02.07 17:23:42] (Coverage): Error tracing class be.digitalia.fosdem.parsers.EventsParser: java.lang.NoSuchMethodException: com.intellij.rt.coverage.data.ProjectData.traceLine(java.lang.Object, int)
[2023.02.07 17:23:42] (Coverage): Error tracing class be.digitalia.fosdem.parsers.EventsParser: java.lang.NoSuchMethodException: com.intellij.rt.coverage.data.ProjectData.traceLine(java.lang.Object, int)
[2023.02.07 17:23:42] (Coverage): Error tracing class be.digitalia.fosdem.parsers.EventsParser: java.lang.NoSuchMethodException: com.intellij.rt.coverage.data.ProjectData.traceLine(java.lang.Object, int)
[2023.02.07 17:23:42] (Coverage): Error tracing class be.digitalia.fosdem.parsers.EventsParser: java.lang.NoSuchMethodException: com.intellij.rt.coverage.data.ProjectData.traceLine(java.lang.Object, int)
[2023.02.07 17:23:42] (Coverage): Error tracing class be.digitalia.fosdem.parsers.EventsParser: java.lang.NoSuchMethodException: com.intellij.rt.coverage.data.ProjectData.traceLine(java.lang.Object, int)
[2023.02.07 17:23:42] (Coverage): Error tracing class be.digitalia.fosdem.parsers.EventsParser: java.lang.NoSuchMethodException: com.intellij.rt.coverage.data.ProjectData.traceLine(java.lang.Object, int)
[2023.02.07 17:23:42] (Coverage): Error tracing class be.digitalia.fosdem.parsers.EventsParser: java.lang.NoSuchMethodException: com.intellij.rt.coverage.data.ProjectData.traceLine(java.lang.Object, int)
[2023.02.07 17:23:42] (Coverage): Error tracing class be.digitalia.fosdem.parsers.EventsParser: java.lang.NoSuchMethodException: com.intellij.rt.coverage.data.ProjectData.traceLine(java.lang.Object, int)
[2023.02.07 17:23:42] (Coverage): Error tracing class be.digitalia.fosdem.parsers.EventsParser: java.lang.NoSuchMethodException: com.intellij.rt.coverage.data.ProjectData.traceLine(java.lang.Object, int)
[2023.02.07 17:23:42] (Coverage): Error tracing class be.digitalia.fosdem.parsers.EventsParser: java.lang.NoSuchMethodException: com.intellij.rt.coverage.data.ProjectData.traceLine(java.lang.Object, int)
[2023.02.07 17:23:42] (Coverage): Error tracing class be.digitalia.fosdem.parsers.EventsParser: java.lang.NoSuchMethodException: com.intellij.rt.coverage.data.ProjectData.traceLine(java.lang.Object, int)
[2023.02.07 17:23:42] (Coverage): Error tracing class be.digitalia.fosdem.parsers.EventsParser: java.lang.NoSuchMethodException: com.intellij.rt.coverage.data.ProjectData.traceLine(java.lang.Object, int)
[2023.02.07 17:23:42] (Coverage): Error tracing class be.digitalia.fosdem.parsers.EventsParser: java.lang.NoSuchMethodException: com.intellij.rt.coverage.data.ProjectData.traceLine(java.lang.Object, int)
[2023.02.07 17:23:42] (Coverage): Error tracing class be.digitalia.fosdem.parsers.EventsParser: java.lang.NoSuchMethodException: com.intellij.rt.coverage.data.ProjectData.traceLine(java.lang.Object, int)
[2023.02.07 17:23:42] (Coverage): Error tracing class be.digitalia.fosdem.parsers.EventsParser: java.lang.NoSuchMethodException: com.intellij.rt.coverage.data.ProjectData.traceLine(java.lang.Object, int)
[2023.02.07 17:23:42] (Coverage): Error tracing class be.digitalia.fosdem.parsers.EventsParser: java.lang.NoSuchMethodException: com.intellij.rt.coverage.data.ProjectData.traceLine(java.lang.Object, int)
[2023.02.07 17:23:42] (Coverage): Error tracing class be.digitalia.fosdem.parsers.EventsParser: java.lang.NoSuchMethodException: com.intellij.rt.coverage.data.ProjectData.traceLine(java.lang.Object, int)
[2023.02.07 17:23:42] (Coverage): Error tracing class be.digitalia.fosdem.parsers.EventsParser: java.lang.NoSuchMethodException: com.intellij.rt.coverage.data.ProjectData.traceLine(java.lang.Object, int)
[2023.02.07 17:23:42] (Coverage): Error tracing class be.digitalia.fosdem.parsers.EventsParser: java.lang.NoSuchMethodException: com.intellij.rt.coverage.data.ProjectData.traceLine(java.lang.Object, int)
[2023.02.07 17:23:42] (Coverage): Error tracing class be.digitalia.fosdem.parsers.EventsParser: java.lang.NoSuchMethodException: com.intellij.rt.coverage.data.ProjectData.traceLine(java.lang.Object, int)
[2023.02.07 17:23:42] (Coverage): Error tracing class be.digitalia.fosdem.parsers.EventsParser: java.lang.NoSuchMethodException: com.intellij.rt.coverage.data.ProjectData.traceLine(java.lang.Object, int)
[2023.02.07 17:23:42] (Coverage): Error tracing class be.digitalia.fosdem.parsers.EventsParser: java.lang.NoSuchMethodException: com.intellij.rt.coverage.data.ProjectData.traceLine(java.lang.Object, int)
[2023.02.07 17:23:42] (Coverage): Error tracing class be.digitalia.fosdem.parsers.EventsParser: java.lang.NoSuchMethodException: com.intellij.rt.coverage.data.ProjectData.traceLine(java.lang.Object, int)
[2023.02.07 17:23:42] (Coverage): Error tracing class be.digitalia.fosdem.parsers.EventsParser: java.lang.NoSuchMethodException: com.intellij.rt.coverage.data.ProjectData.traceLine(java.lang.Object, int)
[2023.02.07 17:23:42] (Coverage): Error tracing class be.digitalia.fosdem.parsers.EventsParser: java.lang.NoSuchMethodException: com.intellij.rt.coverage.data.ProjectData.traceLine(java.lang.Object, int)
[2023.02.07 17:23:42] (Coverage): Error tracing class be.digitalia.fosdem.parsers.EventsParser: java.lang.NoSuchMethodException: com.intellij.rt.coverage.data.ProjectData.traceLine(java.lang.Object, int)
[2023.02.07 17:23:42] (Coverage): Error tracing class be.digitalia.fosdem.parsers.EventsParser: java.lang.NoSuchMethodException: com.intellij.rt.coverage.data.ProjectData.traceLine(java.lang.Object, int)
[2023.02.07 17:23:42] (Coverage): Error tracing class be.digitalia.fosdem.parsers.EventsParser: java.lang.NoSuchMethodException: com.intellij.rt.coverage.data.ProjectData.traceLine(java.lang.Object, int)
[2023.02.07 17:23:42] (Coverage): Error tracing class be.digitalia.fosdem.parsers.EventsParser: java.lang.NoSuchMethodException: com.intellij.rt.coverage.data.ProjectData.traceLine(java.lang.Object, int)
[2023.02.07 17:23:42] (Coverage): Error tracing class be.digitalia.fosdem.parsers.EventsParser: java.lang.NoSuchMethodException: com.intellij.rt.coverage.data.ProjectData.traceLine(java.lang.Object, int)
[2023.02.07 17:23:42] (Coverage): Error tracing class be.digitalia.fosdem.parsers.EventsParser: java.lang.NoSuchMethodException: com.intellij.rt.coverage.data.ProjectData.traceLine(java.lang.Object, int)
[2023.02.07 17:23:42] (Coverage): Error tracing class be.digitalia.fosdem.parsers.EventsParser: java.lang.NoSuchMethodException: com.intellij.rt.coverage.data.ProjectData.traceLine(java.lang.Object, int)
[2023.02.07 17:23:42] (Coverage): Error tracing class be.digitalia.fosdem.parsers.EventsParser: java.lang.NoSuchMethodException: com.intellij.rt.coverage.data.ProjectData.traceLine(java.lang.Object, int)
[2023.02.07 17:23:42] (Coverage): Error tracing class be.digitalia.fosdem.parsers.EventsParser: java.lang.NoSuchMethodException: com.intellij.rt.coverage.data.ProjectData.traceLine(java.lang.Object, int)
[2023.02.07 17:23:42] (Coverage): Error tracing class be.digitalia.fosdem.parsers.EventsParser: java.lang.NoSuchMethodException: com.intellij.rt.coverage.data.ProjectData.traceLine(java.lang.Object, int)
[2023.02.07 17:23:42] (Coverage): Error tracing class be.digitalia.fosdem.parsers.EventsParser: java.lang.NoSuchMethodException: com.intellij.rt.coverage.data.ProjectData.traceLine(java.lang.Object, int)
[2023.02.07 17:23:42] (Coverage): Error tracing class be.digitalia.fosdem.parsers.EventsParser: java.lang.NoSuchMethodException: com.intellij.rt.coverage.data.ProjectData.traceLine(java.lang.Object, int)
[2023.02.07 17:23:42] (Coverage): Error tracing class be.digitalia.fosdem.parsers.EventsParser: java.lang.NoSuchMethodException: com.intellij.rt.coverage.data.ProjectData.traceLine(java.lang.Object, int)
[2023.02.07 17:23:42] (Coverage): Error tracing class be.digitalia.fosdem.parsers.EventsParser: java.lang.NoSuchMethodException: com.intellij.rt.coverage.data.ProjectData.traceLine(java.lang.Object, int)
[2023.02.07 17:23:42] (Coverage): Error tracing class be.digitalia.fosdem.parsers.EventsParser: java.lang.NoSuchMethodException: com.intellij.rt.coverage.data.ProjectData.traceLine(java.lang.Object, int)
[2023.02.07 17:23:42] (Coverage): Error tracing class be.digitalia.fosdem.parsers.EventsParser: java.lang.NoSuchMethodException: com.intellij.rt.coverage.data.ProjectData.traceLine(java.lang.Object, int)
[2023.02.07 17:23:42] (Coverage): Error tracing class be.digitalia.fosdem.parsers.EventsParser: java.lang.NoSuchMethodException: com.intellij.rt.coverage.data.ProjectData.traceLine(java.lang.Object, int)
[2023.02.07 17:23:42] (Coverage): Error tracing class be.digitalia.fosdem.parsers.EventsParser: java.lang.NoSuchMethodException: com.intellij.rt.coverage.data.ProjectData.traceLine(java.lang.Object, int)
[2023.02.07 17:23:42] (Coverage): Error tracing class be.digitalia.fosdem.parsers.EventsParser: java.lang.NoSuchMethodException: com.intellij.rt.coverage.data.ProjectData.traceLine(java.lang.Object, int)
[2023.02.07 17:23:42] (Coverage): Error tracing class be.digitalia.fosdem.parsers.EventsParser: java.lang.NoSuchMethodException: com.intellij.rt.coverage.data.ProjectData.traceLine(java.lang.Object, int)
[2023.02.07 17:23:42] (Coverage): Error tracing class be.digitalia.fosdem.parsers.EventsParser: java.lang.NoSuchMethodException: com.intellij.rt.coverage.data.ProjectData.traceLine(java.lang.Object, int)
[2023.02.07 17:23:42] (Coverage): Error tracing class be.digitalia.fosdem.parsers.EventsParser: java.lang.NoSuchMethodException: com.intellij.rt.coverage.data.ProjectData.traceLine(java.lang.Object, int)
[2023.02.07 17:23:42] (Coverage): Error tracing class be.digitalia.fosdem.parsers.EventsParser: java.lang.NoSuchMethodException: com.intellij.rt.coverage.data.ProjectData.traceLine(java.lang.Object, int)
[2023.02.07 17:23:42] (Coverage): Error tracing class be.digitalia.fosdem.parsers.EventsParser: java.lang.NoSuchMethodException: com.intellij.rt.coverage.data.ProjectData.traceLine(java.lang.Object, int)
[2023.02.07 17:23:42] (Coverage): Error tracing class be.digitalia.fosdem.parsers.EventsParser: java.lang.NoSuchMethodException: com.intellij.rt.coverage.data.ProjectData.traceLine(java.lang.Object, int)
[2023.02.07 17:23:42] (Coverage): Error tracing class be.digitalia.fosdem.parsers.EventsParser: java.lang.NoSuchMethodException: com.intellij.rt.coverage.data.ProjectData.traceLine(java.lang.Object, int)
[2023.02.07 17:23:42] (Coverage): Error tracing class be.digitalia.fosdem.parsers.EventsParser: java.lang.NoSuchMethodException: com.intellij.rt.coverage.data.ProjectData.traceLine(java.lang.Object, int)
[2023.02.07 17:23:42] (Coverage): Error tracing class be.digitalia.fosdem.parsers.EventsParser: java.lang.NoSuchMethodException: com.intellij.rt.coverage.data.ProjectData.traceLine(java.lang.Object, int)
[2023.02.07 17:23:42] (Coverage): Error tracing class be.digitalia.fosdem.parsers.EventsParser: java.lang.NoSuchMethodException: com.intellij.rt.coverage.data.ProjectData.traceLine(java.lang.Object, int)
[2023.02.07 17:23:42] (Coverage): Error tracing class be.digitalia.fosdem.parsers.EventsParser: java.lang.NoSuchMethodException: com.intellij.rt.coverage.data.ProjectData.traceLine(java.lang.Object, int)
[2023.02.07 17:23:42] (Coverage): Error tracing class be.digitalia.fosdem.parsers.EventsParser: java.lang.NoSuchMethodException: com.intellij.rt.coverage.data.ProjectData.traceLine(java.lang.Object, int)
[2023.02.07 17:23:42] (Coverage): Error tracing class be.digitalia.fosdem.parsers.EventsParser: java.lang.NoSuchMethodException: com.intellij.rt.coverage.data.ProjectData.traceLine(java.lang.Object, int)
[2023.02.07 17:23:42] (Coverage): Error tracing class be.digitalia.fosdem.parsers.EventsParser: java.lang.NoSuchMethodException: com.intellij.rt.coverage.data.ProjectData.traceLine(java.lang.Object, int)
[2023.02.07 17:23:42] (Coverage): Error tracing class be.digitalia.fosdem.parsers.EventsParser: java.lang.NoSuchMethodException: com.intellij.rt.coverage.data.ProjectData.traceLine(java.lang.Object, int)
[2023.02.07 17:23:42] (Coverage): Error tracing class be.digitalia.fosdem.parsers.EventsParser: java.lang.NoSuchMethodException: com.intellij.rt.coverage.data.ProjectData.traceLine(java.lang.Object, int)
[2023.02.07 17:23:42] (Coverage): Error tracing class be.digitalia.fosdem.parsers.EventsParser: java.lang.NoSuchMethodException: com.intellij.rt.coverage.data.ProjectData.traceLine(java.lang.Object, int)
[2023.02.07 17:23:42] (Coverage): Error tracing class be.digitalia.fosdem.parsers.EventsParser: java.lang.NoSuchMethodException: com.intellij.rt.coverage.data.ProjectData.traceLine(java.lang.Object, int)
[2023.02.07 17:23:42] (Coverage): Error tracing class be.digitalia.fosdem.parsers.EventsParser: java.lang.NoSuchMethodException: com.intellij.rt.coverage.data.ProjectData.traceLine(java.lang.Object, int)
[2023.02.07 17:23:42] (Coverage): Error tracing class be.digitalia.fosdem.parsers.EventsParser: java.lang.NoSuchMethodException: com.intellij.rt.coverage.data.ProjectData.traceLine(java.lang.Object, int)
[2023.02.07 17:23:42] (Coverage): Error tracing class be.digitalia.fosdem.parsers.EventsParser: java.lang.NoSuchMethodException: com.intellij.rt.coverage.data.ProjectData.traceLine(java.lang.Object, int)
[2023.02.07 17:23:42] (Coverage): Error tracing class be.digitalia.fosdem.parsers.EventsParser: java.lang.NoSuchMethodException: com.intellij.rt.coverage.data.ProjectData.traceLine(java.lang.Object, int)
[2023.02.07 17:23:42] (Coverage): Error tracing class be.digitalia.fosdem.parsers.EventsParser: java.lang.NoSuchMethodException: com.intellij.rt.coverage.data.ProjectData.traceLine(java.lang.Object, int)
[2023.02.07 17:23:42] (Coverage): Error tracing class be.digitalia.fosdem.parsers.EventsParser: java.lang.NoSuchMethodException: com.intellij.rt.coverage.data.ProjectData.traceLine(java.lang.Object, int)
[2023.02.07 17:23:42] (Coverage): Error tracing class be.digitalia.fosdem.parsers.EventsParser: java.lang.NoSuchMethodException: com.intellij.rt.coverage.data.ProjectData.traceLine(java.lang.Object, int)
[2023.02.07 17:23:42] (Coverage): Error tracing class be.digitalia.fosdem.parsers.EventsParser: java.lang.NoSuchMethodException: com.intellij.rt.coverage.data.ProjectData.traceLine(java.lang.Object, int)
[2023.02.07 17:23:42] (Coverage): Error tracing class be.digitalia.fosdem.parsers.EventsParser: java.lang.NoSuchMethodException: com.intellij.rt.coverage.data.ProjectData.traceLine(java.lang.Object, int)
[2023.02.07 17:23:42] (Coverage): Error tracing class be.digitalia.fosdem.parsers.EventsParser: java.lang.NoSuchMethodException: com.intellij.rt.coverage.data.ProjectData.traceLine(java.lang.Object, int)
[2023.02.07 17:23:42] (Coverage): Error tracing class be.digitalia.fosdem.parsers.EventsParser: java.lang.NoSuchMethodException: com.intellij.rt.coverage.data.ProjectData.traceLine(java.lang.Object, int)
[2023.02.07 17:23:42] (Coverage): Error tracing class be.digitalia.fosdem.parsers.EventsParser: java.lang.NoSuchMethodException: com.intellij.rt.coverage.data.ProjectData.traceLine(java.lang.Object, int)
[2023.02.07 17:23:42] (Coverage): Error tracing class be.digitalia.fosdem.parsers.EventsParser: java.lang.NoSuchMethodException: com.intellij.rt.coverage.data.ProjectData.traceLine(java.lang.Object, int)
[2023.02.07 17:23:42] (Coverage): Error tracing class be.digitalia.fosdem.parsers.EventsParser: java.lang.NoSuchMethodException: com.intellij.rt.coverage.data.ProjectData.traceLine(java.lang.Object, int)
[2023.02.07 17:23:42] (Coverage): Error tracing class be.digitalia.fosdem.parsers.EventsParser: java.lang.NoSuchMethodException: com.intellij.rt.coverage.data.ProjectData.traceLine(java.lang.Object, int)
[2023.02.07 17:23:42] (Coverage): Error tracing class be.digitalia.fosdem.parsers.EventsParser: java.lang.NoSuchMethodException: com.intellij.rt.coverage.data.ProjectData.traceLine(java.lang.Object, int)
[2023.02.07 17:23:42] (Coverage): Error tracing class be.digitalia.fosdem.parsers.EventsParser: java.lang.NoSuchMethodException: com.intellij.rt.coverage.data.ProjectData.traceLine(java.lang.Object, int)
[2023.02.07 17:23:42] (Coverage): Error tracing class be.digitalia.fosdem.parsers.EventsParser: java.lang.NoSuchMethodException: com.intellij.rt.coverage.data.ProjectData.traceLine(java.lang.Object, int)
[2023.02.07 17:23:42] (Coverage): Error tracing class be.digitalia.fosdem.parsers.EventsParser: java.lang.NoSuchMethodException: com.intellij.rt.coverage.data.ProjectData.traceLine(java.lang.Object, int)
[2023.02.07 17:23:42] (Coverage): Error tracing class be.digitalia.fosdem.parsers.EventsParser: java.lang.NoSuchMethodException: com.intellij.rt.coverage.data.ProjectData.traceLine(java.lang.Object, int)
[2023.02.07 17:23:42] (Coverage): Error tracing class be.digitalia.fosdem.parsers.EventsParser: java.lang.NoSuchMethodException: com.intellij.rt.coverage.data.ProjectData.traceLine(java.lang.Object, int)
[2023.02.07 17:23:42] (Coverage): Error tracing class be.digitalia.fosdem.parsers.EventsParser: java.lang.NoSuchMethodException: com.intellij.rt.coverage.data.ProjectData.traceLine(java.lang.Object, int)
[2023.02.07 17:23:42] (Coverage): Error tracing class be.digitalia.fosdem.parsers.EventsParser: java.lang.NoSuchMethodException: com.intellij.rt.coverage.data.ProjectData.traceLine(java.lang.Object, int)
[2023.02.07 17:23:42] (Coverage): Error tracing class be.digitalia.fosdem.parsers.EventsParser: java.lang.NoSuchMethodException: com.intellij.rt.coverage.data.ProjectData.traceLine(java.lang.Object, int)
[2023.02.07 17:23:42] (Coverage): Error tracing class be.digitalia.fosdem.parsers.EventsParser: java.lang.NoSuchMethodException: com.intellij.rt.coverage.data.ProjectData.traceLine(java.lang.Object, int)
[2023.02.07 17:23:42] (Coverage): Error tracing class be.digitalia.fosdem.parsers.EventsParser: java.lang.NoSuchMethodException: com.intellij.rt.coverage.data.ProjectData.traceLine(java.lang.Object, int)
[2023.02.07 17:23:42] (Coverage): Error tracing class be.digitalia.fosdem.parsers.EventsParser: java.lang.NoSuchMethodException: com.intellij.rt.coverage.data.ProjectData.traceLine(java.lang.Object, int)
[2023.02.07 17:23:42] (Coverage): Error tracing class be.digitalia.fosdem.parsers.EventsParser: java.lang.NoSuchMethodException: com.intellij.rt.coverage.data.ProjectData.traceLine(java.lang.Object, int)
[2023.02.07 17:23:42] (Coverage): Error tracing class be.digitalia.fosdem.parsers.EventsParser: java.lang.NoSuchMethodException: com.intellij.rt.coverage.data.ProjectData.traceLine(java.lang.Object, int)
[2023.02.07 17:23:42] (Coverage): Error tracing class be.digitalia.fosdem.parsers.EventsParser: java.lang.NoSuchMethodException: com.intellij.rt.coverage.data.ProjectData.traceLine(java.lang.Object, int)
[2023.02.07 17:23:42] (Coverage): Error tracing class be.digitalia.fosdem.parsers.EventsParser: java.lang.NoSuchMethodException: com.intellij.rt.coverage.data.ProjectData.traceLine(java.lang.Object, int)
[2023.02.07 17:23:42] (Coverage): Error tracing class be.digitalia.fosdem.parsers.EventsParser: java.lang.NoSuchMethodException: com.intellij.rt.coverage.data.ProjectData.traceLine(java.lang.Object, int)
[2023.02.07 17:23:42] (Coverage): Error tracing class be.digitalia.fosdem.parsers.EventsParser: java.lang.NoSuchMethodException: com.intellij.rt.coverage.data.ProjectData.traceLine(java.lang.Object, int)
[2023.02.07 17:23:42] (Coverage): Error tracing class be.digitalia.fosdem.parsers.EventsParser: java.lang.NoSuchMethodException: com.intellij.rt.coverage.data.ProjectData.traceLine(java.lang.Object, int)
[2023.02.07 17:23:42] (Coverage): Error tracing class be.digitalia.fosdem.parsers.EventsParser: java.lang.NoSuchMethodException: com.intellij.rt.coverage.data.ProjectData.traceLine(java.lang.Object, int)
[2023.02.07 17:23:42] (Coverage): Error tracing class be.digitalia.fosdem.parsers.EventsParser: java.lang.NoSuchMethodException: com.intellij.rt.coverage.data.ProjectData.traceLine(java.lang.Object, int)
[2023.02.07 17:23:42] (Coverage): Error tracing class be.digitalia.fosdem.parsers.EventsParser: java.lang.NoSuchMethodException: com.intellij.rt.coverage.data.ProjectData.traceLine(java.lang.Object, int)
[2023.02.07 17:23:42] (Coverage): Error tracing class be.digitalia.fosdem.parsers.EventsParser: java.lang.NoSuchMethodException: com.intellij.rt.coverage.data.ProjectData.traceLine(java.lang.Object, int)
[2023.02.07 17:23:42] (Coverage): Error tracing class be.digitalia.fosdem.parsers.EventsParser: java.lang.NoSuchMethodException: com.intellij.rt.coverage.data.ProjectData.traceLine(java.lang.Object, int)
[2023.02.07 17:23:42] (Coverage): Error tracing class be.digitalia.fosdem.parsers.EventsParser: java.lang.NoSuchMethodException: com.intellij.rt.coverage.data.ProjectData.traceLine(java.lang.Object, int)
[2023.02.07 17:23:42] (Coverage): Error tracing class be.digitalia.fosdem.parsers.EventsParser: java.lang.NoSuchMethodException: com.intellij.rt.coverage.data.ProjectData.traceLine(java.lang.Object, int)
[2023.02.07 17:23:42] (Coverage): Error tracing class be.digitalia.fosdem.parsers.EventsParser: java.lang.NoSuchMethodException: com.intellij.rt.coverage.data.ProjectData.traceLine(java.lang.Object, int)
[2023.02.07 17:23:42] (Coverage): Error tracing class be.digitalia.fosdem.parsers.EventsParser: java.lang.NoSuchMethodException: com.intellij.rt.coverage.data.ProjectData.traceLine(java.lang.Object, int)
[2023.02.07 17:23:42] (Coverage): Error tracing class be.digitalia.fosdem.parsers.EventsParser: java.lang.NoSuchMethodException: com.intellij.rt.coverage.data.ProjectData.traceLine(java.lang.Object, int)
[2023.02.07 17:23:42] (Coverage): Error tracing class be.digitalia.fosdem.parsers.EventsParser: java.lang.NoSuchMethodException: com.intellij.rt.coverage.data.ProjectData.traceLine(java.lang.Object, int)
[2023.02.07 17:23:42] (Coverage): Error tracing class be.digitalia.fosdem.parsers.EventsParser: java.lang.NoSuchMethodException: com.intellij.rt.coverage.data.ProjectData.traceLine(java.lang.Object, int)
[2023.02.07 17:23:42] (Coverage): Error tracing class be.digitalia.fosdem.parsers.EventsParser: java.lang.NoSuchMethodException: com.intellij.rt.coverage.data.ProjectData.traceLine(java.lang.Object, int)
[2023.02.07 17:23:42] (Coverage): Error tracing class be.digitalia.fosdem.parsers.EventsParser: java.lang.NoSuchMethodException: com.intellij.rt.coverage.data.ProjectData.traceLine(java.lang.Object, int)
[2023.02.07 17:23:42] (Coverage): Error tracing class be.digitalia.fosdem.parsers.EventsParser: java.lang.NoSuchMethodException: com.intellij.rt.coverage.data.ProjectData.traceLine(java.lang.Object, int)
[2023.02.07 17:23:42] (Coverage): Error tracing class be.digitalia.fosdem.parsers.EventsParser: java.lang.NoSuchMethodException: com.intellij.rt.coverage.data.ProjectData.traceLine(java.lang.Object, int)
[2023.02.07 17:23:42] (Coverage): Error tracing class be.digitalia.fosdem.parsers.EventsParser: java.lang.NoSuchMethodException: com.intellij.rt.coverage.data.ProjectData.traceLine(java.lang.Object, int)
[2023.02.07 17:23:42] (Coverage): Error tracing class be.digitalia.fosdem.parsers.EventsParser: java.lang.NoSuchMethodException: com.intellij.rt.coverage.data.ProjectData.traceLine(java.lang.Object, int)
[2023.02.07 17:23:42] (Coverage): Error tracing class be.digitalia.fosdem.parsers.EventsParser: java.lang.NoSuchMethodException: com.intellij.rt.coverage.data.ProjectData.traceLine(java.lang.Object, int)
[2023.02.07 17:23:42] (Coverage): Error tracing class be.digitalia.fosdem.parsers.EventsParser: java.lang.NoSuchMethodException: com.intellij.rt.coverage.data.ProjectData.traceLine(java.lang.Object, int)
[2023.02.07 17:23:42] (Coverage): Error tracing class be.digitalia.fosdem.parsers.EventsParser: java.lang.NoSuchMethodException: com.intellij.rt.coverage.data.ProjectData.traceLine(java.lang.Object, int)
[2023.02.07 17:23:42] (Coverage): Error tracing class be.digitalia.fosdem.parsers.EventsParser: java.lang.NoSuchMethodException: com.intellij.rt.coverage.data.ProjectData.traceLine(java.lang.Object, int)
[2023.02.07 17:23:42] (Coverage): Error tracing class be.digitalia.fosdem.parsers.EventsParser: java.lang.NoSuchMethodException: com.intellij.rt.coverage.data.ProjectData.traceLine(java.lang.Object, int)
[2023.02.07 17:23:42] (Coverage): Error tracing class be.digitalia.fosdem.parsers.EventsParser: java.lang.NoSuchMethodException: com.intellij.rt.coverage.data.ProjectData.traceLine(java.lang.Object, int)
[2023.02.07 17:23:42] (Coverage): Error tracing class be.digitalia.fosdem.parsers.EventsParser: java.lang.NoSuchMethodException: com.intellij.rt.coverage.data.ProjectData.traceLine(java.lang.Object, int)
[2023.02.07 17:23:42] (Coverage): Error tracing class be.digitalia.fosdem.parsers.EventsParser: java.lang.NoSuchMethodException: com.intellij.rt.coverage.data.ProjectData.traceLine(java.lang.Object, int)
[2023.02.07 17:23:42] (Coverage): Error tracing class be.digitalia.fosdem.parsers.EventsParser: java.lang.NoSuchMethodException: com.intellij.rt.coverage.data.ProjectData.traceLine(java.lang.Object, int)
[2023.02.07 17:23:42] (Coverage): Error tracing class be.digitalia.fosdem.parsers.EventsParser: java.lang.NoSuchMethodException: com.intellij.rt.coverage.data.ProjectData.traceLine(java.lang.Object, int)
[2023.02.07 17:23:42] (Coverage): Error tracing class be.digitalia.fosdem.parsers.EventsParser: java.lang.NoSuchMethodException: com.intellij.rt.coverage.data.ProjectData.traceLine(java.lang.Object, int)
[2023.02.07 17:23:42] (Coverage): Error tracing class be.digitalia.fosdem.parsers.EventsParser: java.lang.NoSuchMethodException: com.intellij.rt.coverage.data.ProjectData.traceLine(java.lang.Object, int)
[2023.02.07 17:23:42] (Coverage): Error tracing class be.digitalia.fosdem.parsers.EventsParser: java.lang.NoSuchMethodException: com.intellij.rt.coverage.data.ProjectData.traceLine(java.lang.Object, int)
[2023.02.07 17:23:42] (Coverage): Error tracing class be.digitalia.fosdem.parsers.EventsParser: java.lang.NoSuchMethodException: com.intellij.rt.coverage.data.ProjectData.traceLine(java.lang.Object, int)
[2023.02.07 17:23:42] (Coverage): Error tracing class be.digitalia.fosdem.parsers.EventsParser: java.lang.NoSuchMethodException: com.intellij.rt.coverage.data.ProjectData.traceLine(java.lang.Object, int)
[2023.02.07 17:23:42] (Coverage): Error tracing class be.digitalia.fosdem.parsers.EventsParser: java.lang.NoSuchMethodException: com.intellij.rt.coverage.data.ProjectData.traceLine(java.lang.Object, int)
[2023.02.07 17:23:42] (Coverage): Error tracing class be.digitalia.fosdem.parsers.EventsParser: java.lang.NoSuchMethodException: com.intellij.rt.coverage.data.ProjectData.traceLine(java.lang.Object, int)
[2023.02.07 17:23:42] (Coverage): Error tracing class be.digitalia.fosdem.parsers.EventsParser: java.lang.NoSuchMethodException: com.intellij.rt.coverage.data.ProjectData.traceLine(java.lang.Object, int)
[2023.02.07 17:23:42] (Coverage): Error tracing class be.digitalia.fosdem.parsers.EventsParser: java.lang.NoSuchMethodException: com.intellij.rt.coverage.data.ProjectData.traceLine(java.lang.Object, int)
[2023.02.07 17:23:42] (Coverage): Error tracing class be.digitalia.fosdem.parsers.EventsParser: java.lang.NoSuchMethodException: com.intellij.rt.coverage.data.ProjectData.traceLine(java.lang.Object, int)
[2023.02.07 17:23:42] (Coverage): Error tracing class be.digitalia.fosdem.parsers.EventsParser: java.lang.NoSuchMethodException: com.intellij.rt.coverage.data.ProjectData.traceLine(java.lang.Object, int)
[2023.02.07 17:23:42] (Coverage): Error tracing class be.digitalia.fosdem.parsers.EventsParser: java.lang.NoSuchMethodException: com.intellij.rt.coverage.data.ProjectData.traceLine(java.lang.Object, int)
[2023.02.07 17:23:42] (Coverage): Error tracing class be.digitalia.fosdem.parsers.EventsParser: java.lang.NoSuchMethodException: com.intellij.rt.coverage.data.ProjectData.traceLine(java.lang.Object, int)
[2023.02.07 17:23:42] (Coverage): Error tracing class be.digitalia.fosdem.parsers.EventsParser: java.lang.NoSuchMethodException: com.intellij.rt.coverage.data.ProjectData.traceLine(java.lang.Object, int)
[2023.02.07 17:23:42] (Coverage): Error tracing class be.digitalia.fosdem.parsers.EventsParser: java.lang.NoSuchMethodException: com.intellij.rt.coverage.data.ProjectData.traceLine(java.lang.Object, int)
[2023.02.07 17:23:42] (Coverage): Error tracing class be.digitalia.fosdem.parsers.EventsParser: java.lang.NoSuchMethodException: com.intellij.rt.coverage.data.ProjectData.traceLine(java.lang.Object, int)
[2023.02.07 17:23:42] (Coverage): Error tracing class be.digitalia.fosdem.parsers.EventsParser: java.lang.NoSuchMethodException: com.intellij.rt.coverage.data.ProjectData.traceLine(java.lang.Object, int)
[2023.02.07 17:23:42] (Coverage): Error tracing class be.digitalia.fosdem.parsers.EventsParser: java.lang.NoSuchMethodException: com.intellij.rt.coverage.data.ProjectData.traceLine(java.lang.Object, int)
[2023.02.07 17:23:42] (Coverage): Error tracing class be.digitalia.fosdem.parsers.EventsParser: java.lang.NoSuchMethodException: com.intellij.rt.coverage.data.ProjectData.traceLine(java.lang.Object, int)
[2023.02.07 17:23:42] (Coverage): Error tracing class be.digitalia.fosdem.parsers.EventsParser: java.lang.NoSuchMethodException: com.intellij.rt.coverage.data.ProjectData.traceLine(java.lang.Object, int)
[2023.02.07 17:23:42] (Coverage): Error tracing class be.digitalia.fosdem.parsers.EventsParser: java.lang.NoSuchMethodException: com.intellij.rt.coverage.data.ProjectData.traceLine(java.lang.Object, int)
[2023.02.07 17:23:42] (Coverage): Error tracing class be.digitalia.fosdem.parsers.EventsParser: java.lang.NoSuchMethodException: com.intellij.rt.coverage.data.ProjectData.traceLine(java.lang.Object, int)
[2023.02.07 17:23:42] (Coverage): Error tracing class be.digitalia.fosdem.parsers.EventsParser: java.lang.NoSuchMethodException: com.intellij.rt.coverage.data.ProjectData.traceLine(java.lang.Object, int)
[2023.02.07 17:23:42] (Coverage): Error tracing class be.digitalia.fosdem.parsers.EventsParser: java.lang.NoSuchMethodException: com.intellij.rt.coverage.data.ProjectData.traceLine(java.lang.Object, int)
[2023.02.07 17:23:42] (Coverage): Error tracing class be.digitalia.fosdem.parsers.EventsParser: java.lang.NoSuchMethodException: com.intellij.rt.coverage.data.ProjectData.traceLine(java.lang.Object, int)
[2023.02.07 17:23:42] (Coverage): Error tracing class be.digitalia.fosdem.parsers.EventsParser: java.lang.NoSuchMethodException: com.intellij.rt.coverage.data.ProjectData.traceLine(java.lang.Object, int)
[2023.02.07 17:23:42] (Coverage): Error tracing class be.digitalia.fosdem.parsers.EventsParser: java.lang.NoSuchMethodException: com.intellij.rt.coverage.data.ProjectData.traceLine(java.lang.Object, int)
[2023.02.07 17:23:42] (Coverage): Error tracing class be.digitalia.fosdem.parsers.EventsParser: java.lang.NoSuchMethodException: com.intellij.rt.coverage.data.ProjectData.traceLine(java.lang.Object, int)
[2023.02.07 17:23:42] (Coverage): Error tracing class be.digitalia.fosdem.parsers.EventsParser: java.lang.NoSuchMethodException: com.intellij.rt.coverage.data.ProjectData.traceLine(java.lang.Object, int)
[2023.02.07 17:23:42] (Coverage): Error tracing class be.digitalia.fosdem.parsers.EventsParser: java.lang.NoSuchMethodException: com.intellij.rt.coverage.data.ProjectData.traceLine(java.lang.Object, int)
[2023.02.07 17:23:42] (Coverage): Error tracing class be.digitalia.fosdem.parsers.EventsParser: java.lang.NoSuchMethodException: com.intellij.rt.coverage.data.ProjectData.traceLine(java.lang.Object, int)
[2023.02.07 17:23:42] (Coverage): Error tracing class be.digitalia.fosdem.parsers.EventsParser: java.lang.NoSuchMethodException: com.intellij.rt.coverage.data.ProjectData.traceLine(java.lang.Object, int)
[2023.02.07 17:23:42] (Coverage): Error tracing class be.digitalia.fosdem.parsers.EventsParser: java.lang.NoSuchMethodException: com.intellij.rt.coverage.data.ProjectData.traceLine(java.lang.Object, int)
[2023.02.07 17:23:42] (Coverage): Error tracing class be.digitalia.fosdem.parsers.EventsParser: java.lang.NoSuchMethodException: com.intellij.rt.coverage.data.ProjectData.traceLine(java.lang.Object, int)
[2023.02.07 17:23:42] (Coverage): Error tracing class be.digitalia.fosdem.parsers.EventsParser: java.lang.NoSuchMethodException: com.intellij.rt.coverage.data.ProjectData.traceLine(java.lang.Object, int)
[2023.02.07 17:23:42] (Coverage): Error tracing class be.digitalia.fosdem.parsers.EventsParser: java.lang.NoSuchMethodException: com.intellij.rt.coverage.data.ProjectData.traceLine(java.lang.Object, int)
[2023.02.07 17:23:42] (Coverage): Error tracing class be.digitalia.fosdem.parsers.EventsParser: java.lang.NoSuchMethodException: com.intellij.rt.coverage.data.ProjectData.traceLine(java.lang.Object, int)
[2023.02.07 17:23:42] (Coverage): Error tracing class be.digitalia.fosdem.parsers.EventsParser: java.lang.NoSuchMethodException: com.intellij.rt.coverage.data.ProjectData.traceLine(java.lang.Object, int)
[2023.02.07 17:23:42] (Coverage): Error tracing class be.digitalia.fosdem.parsers.EventsParser: java.lang.NoSuchMethodException: com.intellij.rt.coverage.data.ProjectData.traceLine(java.lang.Object, int)
[2023.02.07 17:23:42] (Coverage): Error tracing class be.digitalia.fosdem.parsers.EventsParser: java.lang.NoSuchMethodException: com.intellij.rt.coverage.data.ProjectData.traceLine(java.lang.Object, int)
[2023.02.07 17:23:42] (Coverage): Error tracing class be.digitalia.fosdem.parsers.EventsParser: java.lang.NoSuchMethodException: com.intellij.rt.coverage.data.ProjectData.traceLine(java.lang.Object, int)
[2023.02.07 17:23:42] (Coverage): Error tracing class be.digitalia.fosdem.parsers.EventsParser: java.lang.NoSuchMethodException: com.intellij.rt.coverage.data.ProjectData.traceLine(java.lang.Object, int)
[2023.02.07 17:23:42] (Coverage): Error tracing class be.digitalia.fosdem.parsers.EventsParser: java.lang.NoSuchMethodException: com.intellij.rt.coverage.data.ProjectData.traceLine(java.lang.Object, int)
[2023.02.07 17:23:42] (Coverage): Error tracing class be.digitalia.fosdem.parsers.EventsParser: java.lang.NoSuchMethodException: com.intellij.rt.coverage.data.ProjectData.traceLine(java.lang.Object, int)
[2023.02.07 17:23:42] (Coverage): Error tracing class be.digitalia.fosdem.parsers.EventsParser: java.lang.NoSuchMethodException: com.intellij.rt.coverage.data.ProjectData.traceLine(java.lang.Object, int)
[2023.02.07 17:23:42] (Coverage): Error tracing class be.digitalia.fosdem.parsers.EventsParser: java.lang.NoSuchMethodException: com.intellij.rt.coverage.data.ProjectData.traceLine(java.lang.Object, int)
[2023.02.07 17:23:42] (Coverage): Error tracing class be.digitalia.fosdem.parsers.EventsParser: java.lang.NoSuchMethodException: com.intellij.rt.coverage.data.ProjectData.traceLine(java.lang.Object, int)
[2023.02.07 17:23:42] (Coverage): Error tracing class be.digitalia.fosdem.parsers.EventsParser: java.lang.NoSuchMethodException: com.intellij.rt.coverage.data.ProjectData.traceLine(java.lang.Object, int)
[2023.02.07 17:23:42] (Coverage): Error tracing class be.digitalia.fosdem.parsers.EventsParser: java.lang.NoSuchMethodException: com.intellij.rt.coverage.data.ProjectData.traceLine(java.lang.Object, int)
[2023.02.07 17:23:42] (Coverage): Error tracing class be.digitalia.fosdem.parsers.EventsParser: java.lang.NoSuchMethodException: com.intellij.rt.coverage.data.ProjectData.traceLine(java.lang.Object, int)
[2023.02.07 17:23:42] (Coverage): Error tracing class be.digitalia.fosdem.parsers.EventsParser: java.lang.NoSuchMethodException: com.intellij.rt.coverage.data.ProjectData.traceLine(java.lang.Object, int)
[2023.02.07 17:23:42] (Coverage): Error tracing class be.digitalia.fosdem.parsers.EventsParser: java.lang.NoSuchMethodException: com.intellij.rt.coverage.data.ProjectData.traceLine(java.lang.Object, int)
[2023.02.07 17:23:42] (Coverage): Error tracing class be.digitalia.fosdem.parsers.EventsParser: java.lang.NoSuchMethodException: com.intellij.rt.coverage.data.ProjectData.traceLine(java.lang.Object, int)
[2023.02.07 17:23:42] (Coverage): Error tracing class be.digitalia.fosdem.parsers.EventsParser: java.lang.NoSuchMethodException: com.intellij.rt.coverage.data.ProjectData.traceLine(java.lang.Object, int)
[2023.02.07 17:23:42] (Coverage): Error tracing class be.digitalia.fosdem.parsers.EventsParser: java.lang.NoSuchMethodException: com.intellij.rt.coverage.data.ProjectData.traceLine(java.lang.Object, int)
[2023.02.07 17:23:42] (Coverage): Error tracing class be.digitalia.fosdem.parsers.EventsParser: java.lang.NoSuchMethodException: com.intellij.rt.coverage.data.ProjectData.traceLine(java.lang.Object, int)
[2023.02.07 17:23:42] (Coverage): Error tracing class be.digitalia.fosdem.parsers.EventsParser: java.lang.NoSuchMethodException: com.intellij.rt.coverage.data.ProjectData.traceLine(java.lang.Object, int)
[2023.02.07 17:23:42] (Coverage): Error tracing class be.digitalia.fosdem.parsers.EventsParser: java.lang.NoSuchMethodException: com.intellij.rt.coverage.data.ProjectData.traceLine(java.lang.Object, int)
[2023.02.07 17:23:42] (Coverage): Error tracing class be.digitalia.fosdem.parsers.EventsParser: java.lang.NoSuchMethodException: com.intellij.rt.coverage.data.ProjectData.traceLine(java.lang.Object, int)
[2023.02.07 17:23:42] (Coverage): Error tracing class be.digitalia.fosdem.parsers.EventsParser: java.lang.NoSuchMethodException: com.intellij.rt.coverage.data.ProjectData.traceLine(java.lang.Object, int)
[2023.02.07 17:23:42] (Coverage): Error tracing class be.digitalia.fosdem.parsers.EventsParser: java.lang.NoSuchMethodException: com.intellij.rt.coverage.data.ProjectData.traceLine(java.lang.Object, int)
[2023.02.07 17:23:42] (Coverage): Error tracing class be.digitalia.fosdem.parsers.EventsParser: java.lang.NoSuchMethodException: com.intellij.rt.coverage.data.ProjectData.traceLine(java.lang.Object, int)
[2023.02.07 17:23:42] (Coverage): Error tracing class be.digitalia.fosdem.parsers.EventsParser: java.lang.NoSuchMethodException: com.intellij.rt.coverage.data.ProjectData.traceLine(java.lang.Object, int)
[2023.02.07 17:23:42] (Coverage): Error tracing class be.digitalia.fosdem.parsers.EventsParser: java.lang.NoSuchMethodException: com.intellij.rt.coverage.data.ProjectData.traceLine(java.lang.Object, int)
[2023.02.07 17:23:42] (Coverage): Error tracing class be.digitalia.fosdem.parsers.EventsParser: java.lang.NoSuchMethodException: com.intellij.rt.coverage.data.ProjectData.traceLine(java.lang.Object, int)
[2023.02.07 17:23:42] (Coverage): Error tracing class be.digitalia.fosdem.parsers.EventsParser: java.lang.NoSuchMethodException: com.intellij.rt.coverage.data.ProjectData.traceLine(java.lang.Object, int)
[2023.02.07 17:23:42] (Coverage): Error tracing class be.digitalia.fosdem.parsers.EventsParser: java.lang.NoSuchMethodException: com.intellij.rt.coverage.data.ProjectData.traceLine(java.lang.Object, int)
[2023.02.07 17:23:42] (Coverage): Error tracing class be.digitalia.fosdem.parsers.EventsParser: java.lang.NoSuchMethodException: com.intellij.rt.coverage.data.ProjectData.traceLine(java.lang.Object, int)
[2023.02.07 17:23:42] (Coverage): Error tracing class be.digitalia.fosdem.parsers.EventsParser: java.lang.NoSuchMethodException: com.intellij.rt.coverage.data.ProjectData.traceLine(java.lang.Object, int)
[2023.02.07 17:23:42] (Coverage): Error tracing class be.digitalia.fosdem.parsers.EventsParser: java.lang.NoSuchMethodException: com.intellij.rt.coverage.data.ProjectData.traceLine(java.lang.Object, int)
[2023.02.07 17:23:42] (Coverage): Error tracing class be.digitalia.fosdem.parsers.EventsParser: java.lang.NoSuchMethodException: com.intellij.rt.coverage.data.ProjectData.traceLine(java.lang.Object, int)
[2023.02.07 17:23:42] (Coverage): Error tracing class be.digitalia.fosdem.parsers.EventsParser: java.lang.NoSuchMethodException: com.intellij.rt.coverage.data.ProjectData.traceLine(java.lang.Object, int)
[2023.02.07 17:23:42] (Coverage): Error tracing class be.digitalia.fosdem.parsers.EventsParser: java.lang.NoSuchMethodException: com.intellij.rt.coverage.data.ProjectData.traceLine(java.lang.Object, int)
[2023.02.07 17:23:42] (Coverage): Error tracing class be.digitalia.fosdem.parsers.EventsParser: java.lang.NoSuchMethodException: com.intellij.rt.coverage.data.ProjectData.traceLine(java.lang.Object, int)
[2023.02.07 17:23:42] (Coverage): Error tracing class be.digitalia.fosdem.parsers.EventsParser: java.lang.NoSuchMethodException: com.intellij.rt.coverage.data.ProjectData.traceLine(java.lang.Object, int)
[2023.02.07 17:23:42] (Coverage): Error tracing class be.digitalia.fosdem.parsers.EventsParser: java.lang.NoSuchMethodException: com.intellij.rt.coverage.data.ProjectData.traceLine(java.lang.Object, int)
[2023.02.07 17:23:42] (Coverage): Error tracing class be.digitalia.fosdem.parsers.EventsParser: java.lang.NoSuchMethodException: com.intellij.rt.coverage.data.ProjectData.traceLine(java.lang.Object, int)
[2023.02.07 17:23:42] (Coverage): Error tracing class be.digitalia.fosdem.parsers.EventsParser: java.lang.NoSuchMethodException: com.intellij.rt.coverage.data.ProjectData.traceLine(java.lang.Object, int)
[2023.02.07 17:23:42] (Coverage): Error tracing class be.digitalia.fosdem.parsers.EventsParser: java.lang.NoSuchMethodException: com.intellij.rt.coverage.data.ProjectData.traceLine(java.lang.Object, int)
[2023.02.07 17:23:42] (Coverage): Error tracing class be.digitalia.fosdem.parsers.EventsParser: java.lang.NoSuchMethodException: com.intellij.rt.coverage.data.ProjectData.traceLine(java.lang.Object, int)
[2023.02.07 17:23:42] (Coverage): Error tracing class be.digitalia.fosdem.parsers.EventsParser: java.lang.NoSuchMethodException: com.intellij.rt.coverage.data.ProjectData.traceLine(java.lang.Object, int)
[2023.02.07 17:23:42] (Coverage): Error tracing class be.digitalia.fosdem.parsers.EventsParser: java.lang.NoSuchMethodException: com.intellij.rt.coverage.data.ProjectData.traceLine(java.lang.Object, int)
[2023.02.07 17:23:42] (Coverage): Error tracing class be.digitalia.fosdem.parsers.EventsParser: java.lang.NoSuchMethodException: com.intellij.rt.coverage.data.ProjectData.traceLine(java.lang.Object, int)
[2023.02.07 17:23:42] (Coverage): Error tracing class be.digitalia.fosdem.parsers.EventsParser: java.lang.NoSuchMethodException: com.intellij.rt.coverage.data.ProjectData.traceLine(java.lang.Object, int)
[2023.02.07 17:23:42] (Coverage): Error tracing class be.digitalia.fosdem.parsers.EventsParser: java.lang.NoSuchMethodException: com.intellij.rt.coverage.data.ProjectData.traceLine(java.lang.Object, int)
[2023.02.07 17:23:42] (Coverage): Error tracing class be.digitalia.fosdem.parsers.EventsParser: java.lang.NoSuchMethodException: com.intellij.rt.coverage.data.ProjectData.traceLine(java.lang.Object, int)
[2023.02.07 17:23:42] (Coverage): Error tracing class be.digitalia.fosdem.parsers.EventsParser: java.lang.NoSuchMethodException: com.intellij.rt.coverage.data.ProjectData.traceLine(java.lang.Object, int)
[2023.02.07 17:23:42] (Coverage): Error tracing class be.digitalia.fosdem.parsers.EventsParser: java.lang.NoSuchMethodException: com.intellij.rt.coverage.data.ProjectData.traceLine(java.lang.Object, int)
[2023.02.07 17:23:42] (Coverage): Error tracing class be.digitalia.fosdem.parsers.EventsParser: java.lang.NoSuchMethodException: com.intellij.rt.coverage.data.ProjectData.traceLine(java.lang.Object, int)
[2023.02.07 17:23:42] (Coverage): Error tracing class be.digitalia.fosdem.parsers.EventsParser: java.lang.NoSuchMethodException: com.intellij.rt.coverage.data.ProjectData.traceLine(java.lang.Object, int)
[2023.02.07 17:23:42] (Coverage): Error tracing class be.digitalia.fosdem.parsers.EventsParser: java.lang.NoSuchMethodException: com.intellij.rt.coverage.data.ProjectData.traceLine(java.lang.Object, int)
[2023.02.07 17:23:42] (Coverage): Error tracing class be.digitalia.fosdem.parsers.EventsParser: java.lang.NoSuchMethodException: com.intellij.rt.coverage.data.ProjectData.traceLine(java.lang.Object, int)
[2023.02.07 17:23:42] (Coverage): Error tracing class be.digitalia.fosdem.parsers.EventsParser: java.lang.NoSuchMethodException: com.intellij.rt.coverage.data.ProjectData.traceLine(java.lang.Object, int)
[2023.02.07 17:23:42] (Coverage): Error tracing class be.digitalia.fosdem.parsers.EventsParser: java.lang.NoSuchMethodException: com.intellij.rt.coverage.data.ProjectData.traceLine(java.lang.Object, int)
[2023.02.07 17:23:42] (Coverage): Error tracing class be.digitalia.fosdem.parsers.EventsParser: java.lang.NoSuchMethodException: com.intellij.rt.coverage.data.ProjectData.traceLine(java.lang.Object, int)
[2023.02.07 17:23:42] (Coverage): Error tracing class be.digitalia.fosdem.parsers.EventsParser: java.lang.NoSuchMethodException: com.intellij.rt.coverage.data.ProjectData.traceLine(java.lang.Object, int)
[2023.02.07 17:23:42] (Coverage): Error tracing class be.digitalia.fosdem.parsers.EventsParser: java.lang.NoSuchMethodException: com.intellij.rt.coverage.data.ProjectData.traceLine(java.lang.Object, int)
[2023.02.07 17:23:42] (Coverage): Error tracing class be.digitalia.fosdem.parsers.EventsParser: java.lang.NoSuchMethodException: com.intellij.rt.coverage.data.ProjectData.traceLine(java.lang.Object, int)
[2023.02.07 17:23:42] (Coverage): Error tracing class be.digitalia.fosdem.parsers.EventsParser: java.lang.NoSuchMethodException: com.intellij.rt.coverage.data.ProjectData.traceLine(java.lang.Object, int)
[2023.02.07 17:23:42] (Coverage): Error tracing class be.digitalia.fosdem.parsers.EventsParser: java.lang.NoSuchMethodException: com.intellij.rt.coverage.data.ProjectData.traceLine(java.lang.Object, int)
[2023.02.07 17:23:42] (Coverage): Error tracing class be.digitalia.fosdem.parsers.EventsParser: java.lang.NoSuchMethodException: com.intellij.rt.coverage.data.ProjectData.traceLine(java.lang.Object, int)
[2023.02.07 17:23:42] (Coverage): Error tracing class be.digitalia.fosdem.parsers.EventsParser: java.lang.NoSuchMethodException: com.intellij.rt.coverage.data.ProjectData.traceLine(java.lang.Object, int)
[2023.02.07 17:23:42] (Coverage): Error tracing class be.digitalia.fosdem.parsers.EventsParser: java.lang.NoSuchMethodException: com.intellij.rt.coverage.data.ProjectData.traceLine(java.lang.Object, int)
[2023.02.07 17:23:42] (Coverage): Error tracing class be.digitalia.fosdem.parsers.EventsParser: java.lang.NoSuchMethodException: com.intellij.rt.coverage.data.ProjectData.traceLine(java.lang.Object, int)
[2023.02.07 17:23:42] (Coverage): Error tracing class be.digitalia.fosdem.parsers.EventsParser: java.lang.NoSuchMethodException: com.intellij.rt.coverage.data.ProjectData.traceLine(java.lang.Object, int)
[2023.02.07 17:23:42] (Coverage): Error tracing class be.digitalia.fosdem.parsers.EventsParser: java.lang.NoSuchMethodException: com.intellij.rt.coverage.data.ProjectData.traceLine(java.lang.Object, int)
[2023.02.07 17:23:42] (Coverage): Error tracing class be.digitalia.fosdem.parsers.EventsParser: java.lang.NoSuchMethodException: com.intellij.rt.coverage.data.ProjectData.traceLine(java.lang.Object, int)
[2023.02.07 17:23:42] (Coverage): Error tracing class be.digitalia.fosdem.parsers.EventsParser: java.lang.NoSuchMethodException: com.intellij.rt.coverage.data.ProjectData.traceLine(java.lang.Object, int)
[2023.02.07 17:23:42] (Coverage): Error tracing class be.digitalia.fosdem.parsers.EventsParser: java.lang.NoSuchMethodException: com.intellij.rt.coverage.data.ProjectData.traceLine(java.lang.Object, int)
[2023.02.07 17:23:42] (Coverage): Error tracing class be.digitalia.fosdem.parsers.EventsParser: java.lang.NoSuchMethodException: com.intellij.rt.coverage.data.ProjectData.traceLine(java.lang.Object, int)
[2023.02.07 17:23:42] (Coverage): Error tracing class be.digitalia.fosdem.parsers.EventsParser: java.lang.NoSuchMethodException: com.intellij.rt.coverage.data.ProjectData.traceLine(java.lang.Object, int)
[2023.02.07 17:23:42] (Coverage): Error tracing class be.digitalia.fosdem.parsers.EventsParser: java.lang.NoSuchMethodException: com.intellij.rt.coverage.data.ProjectData.traceLine(java.lang.Object, int)
[2023.02.07 17:23:42] (Coverage): Error tracing class be.digitalia.fosdem.parsers.EventsParser: java.lang.NoSuchMethodException: com.intellij.rt.coverage.data.ProjectData.traceLine(java.lang.Object, int)
[2023.02.07 17:23:42] (Coverage): Error tracing class be.digitalia.fosdem.parsers.EventsParser: java.lang.NoSuchMethodException: com.intellij.rt.coverage.data.ProjectData.traceLine(java.lang.Object, int)
[2023.02.07 17:23:42] (Coverage): Error tracing class be.digitalia.fosdem.parsers.EventsParser: java.lang.NoSuchMethodException: com.intellij.rt.coverage.data.ProjectData.traceLine(java.lang.Object, int)
[2023.02.07 17:23:42] (Coverage): Error tracing class be.digitalia.fosdem.parsers.EventsParser: java.lang.NoSuchMethodException: com.intellij.rt.coverage.data.ProjectData.traceLine(java.lang.Object, int)
[2023.02.07 17:23:42] (Coverage): Error tracing class be.digitalia.fosdem.parsers.EventsParser: java.lang.NoSuchMethodException: com.intellij.rt.coverage.data.ProjectData.traceLine(java.lang.Object, int)
[2023.02.07 17:23:42] (Coverage): Error tracing class be.digitalia.fosdem.parsers.EventsParser: java.lang.NoSuchMethodException: com.intellij.rt.coverage.data.ProjectData.traceLine(java.lang.Object, int)
[2023.02.07 17:23:42] (Coverage): Error tracing class be.digitalia.fosdem.parsers.EventsParser: java.lang.NoSuchMethodException: com.intellij.rt.coverage.data.ProjectData.traceLine(java.lang.Object, int)
[2023.02.07 17:23:42] (Coverage): Error tracing class be.digitalia.fosdem.parsers.EventsParser: java.lang.NoSuchMethodException: com.intellij.rt.coverage.data.ProjectData.traceLine(java.lang.Object, int)
[2023.02.07 17:23:42] (Coverage): Error tracing class be.digitalia.fosdem.parsers.EventsParser: java.lang.NoSuchMethodException: com.intellij.rt.coverage.data.ProjectData.traceLine(java.lang.Object, int)
[2023.02.07 17:23:42] (Coverage): Error tracing class be.digitalia.fosdem.parsers.EventsParser: java.lang.NoSuchMethodException: com.intellij.rt.coverage.data.ProjectData.traceLine(java.lang.Object, int)
[2023.02.07 17:23:42] (Coverage): Error tracing class be.digitalia.fosdem.parsers.EventsParser: java.lang.NoSuchMethodException: com.intellij.rt.coverage.data.ProjectData.traceLine(java.lang.Object, int)
[2023.02.07 17:23:42] (Coverage): Error tracing class be.digitalia.fosdem.parsers.EventsParser: java.lang.NoSuchMethodException: com.intellij.rt.coverage.data.ProjectData.traceLine(java.lang.Object, int)
[2023.02.07 17:23:42] (Coverage): Error tracing class be.digitalia.fosdem.parsers.EventsParser: java.lang.NoSuchMethodException: com.intellij.rt.coverage.data.ProjectData.traceLine(java.lang.Object, int)
[2023.02.07 17:23:42] (Coverage): Error tracing class be.digitalia.fosdem.parsers.EventsParser: java.lang.NoSuchMethodException: com.intellij.rt.coverage.data.ProjectData.traceLine(java.lang.Object, int)
[2023.02.07 17:23:42] (Coverage): Error tracing class be.digitalia.fosdem.parsers.EventsParser: java.lang.NoSuchMethodException: com.intellij.rt.coverage.data.ProjectData.traceLine(java.lang.Object, int)
[2023.02.07 17:23:42] (Coverage): Error tracing class be.digitalia.fosdem.parsers.EventsParser: java.lang.NoSuchMethodException: com.intellij.rt.coverage.data.ProjectData.traceLine(java.lang.Object, int)
[2023.02.07 17:23:42] (Coverage): Error tracing class be.digitalia.fosdem.parsers.EventsParser: java.lang.NoSuchMethodException: com.intellij.rt.coverage.data.ProjectData.traceLine(java.lang.Object, int)
[2023.02.07 17:23:42] (Coverage): Error tracing class be.digitalia.fosdem.parsers.EventsParser: java.lang.NoSuchMethodException: com.intellij.rt.coverage.data.ProjectData.traceLine(java.lang.Object, int)
[2023.02.07 17:23:42] (Coverage): Error tracing class be.digitalia.fosdem.parsers.EventsParser: java.lang.NoSuchMethodException: com.intellij.rt.coverage.data.ProjectData.traceLine(java.lang.Object, int)
[2023.02.07 17:23:42] (Coverage): Error tracing class be.digitalia.fosdem.parsers.EventsParser: java.lang.NoSuchMethodException: com.intellij.rt.coverage.data.ProjectData.traceLine(java.lang.Object, int)
[2023.02.07 17:23:42] (Coverage): Error tracing class be.digitalia.fosdem.parsers.EventsParser: java.lang.NoSuchMethodException: com.intellij.rt.coverage.data.ProjectData.traceLine(java.lang.Object, int)
[2023.02.07 17:23:42] (Coverage): Error tracing class be.digitalia.fosdem.parsers.EventsParser: java.lang.NoSuchMethodException: com.intellij.rt.coverage.data.ProjectData.traceLine(java.lang.Object, int)
[2023.02.07 17:23:42] (Coverage): Error tracing class be.digitalia.fosdem.parsers.EventsParser: java.lang.NoSuchMethodException: com.intellij.rt.coverage.data.ProjectData.traceLine(java.lang.Object, int)
[2023.02.07 17:23:42] (Coverage): Error tracing class be.digitalia.fosdem.parsers.EventsParser: java.lang.NoSuchMethodException: com.intellij.rt.coverage.data.ProjectData.traceLine(java.lang.Object, int)
[2023.02.07 17:23:42] (Coverage): Error tracing class be.digitalia.fosdem.parsers.EventsParser: java.lang.NoSuchMethodException: com.intellij.rt.coverage.data.ProjectData.traceLine(java.lang.Object, int)
[2023.02.07 17:23:42] (Coverage): Error tracing class be.digitalia.fosdem.parsers.EventsParser: java.lang.NoSuchMethodException: com.intellij.rt.coverage.data.ProjectData.traceLine(java.lang.Object, int)
[2023.02.07 17:23:42] (Coverage): Error tracing class be.digitalia.fosdem.parsers.EventsParser: java.lang.NoSuchMethodException: com.intellij.rt.coverage.data.ProjectData.traceLine(java.lang.Object, int)
[2023.02.07 17:23:42] (Coverage): Error tracing class be.digitalia.fosdem.parsers.EventsParser: java.lang.NoSuchMethodException: com.intellij.rt.coverage.data.ProjectData.traceLine(java.lang.Object, int)
[2023.02.07 17:23:42] (Coverage): Error tracing class be.digitalia.fosdem.parsers.EventsParser: java.lang.NoSuchMethodException: com.intellij.rt.coverage.data.ProjectData.traceLine(java.lang.Object, int)
[2023.02.07 17:23:42] (Coverage): Error tracing class be.digitalia.fosdem.parsers.EventsParser: java.lang.NoSuchMethodException: com.intellij.rt.coverage.data.ProjectData.traceLine(java.lang.Object, int)
[2023.02.07 17:23:42] (Coverage): Error tracing class be.digitalia.fosdem.parsers.EventsParser: java.lang.NoSuchMethodException: com.intellij.rt.coverage.data.ProjectData.traceLine(java.lang.Object, int)
[2023.02.07 17:23:42] (Coverage): Error tracing class be.digitalia.fosdem.parsers.EventsParser: java.lang.NoSuchMethodException: com.intellij.rt.coverage.data.ProjectData.traceLine(java.lang.Object, int)
[2023.02.07 17:23:42] (Coverage): Error tracing class be.digitalia.fosdem.parsers.EventsParser: java.lang.NoSuchMethodException: com.intellij.rt.coverage.data.ProjectData.traceLine(java.lang.Object, int)
[2023.02.07 17:23:42] (Coverage): Error tracing class be.digitalia.fosdem.parsers.EventsParser: java.lang.NoSuchMethodException: com.intellij.rt.coverage.data.ProjectData.traceLine(java.lang.Object, int)
[2023.02.07 17:23:42] (Coverage): Error tracing class be.digitalia.fosdem.parsers.EventsParser: java.lang.NoSuchMethodException: com.intellij.rt.coverage.data.ProjectData.traceLine(java.lang.Object, int)
[2023.02.07 17:23:42] (Coverage): Error tracing class be.digitalia.fosdem.parsers.EventsParser: java.lang.NoSuchMethodException: com.intellij.rt.coverage.data.ProjectData.traceLine(java.lang.Object, int)
[2023.02.07 17:23:42] (Coverage): Error tracing class be.digitalia.fosdem.parsers.EventsParser: java.lang.NoSuchMethodException: com.intellij.rt.coverage.data.ProjectData.traceLine(java.lang.Object, int)
[2023.02.07 17:23:42] (Coverage): Error tracing class be.digitalia.fosdem.parsers.EventsParser: java.lang.NoSuchMethodException: com.intellij.rt.coverage.data.ProjectData.traceLine(java.lang.Object, int)
[2023.02.07 17:23:42] (Coverage): Error tracing class be.digitalia.fosdem.parsers.EventsParser: java.lang.NoSuchMethodException: com.intellij.rt.coverage.data.ProjectData.traceLine(java.lang.Object, int)
[2023.02.07 17:23:42] (Coverage): Error tracing class be.digitalia.fosdem.parsers.EventsParser: java.lang.NoSuchMethodException: com.intellij.rt.coverage.data.ProjectData.traceLine(java.lang.Object, int)
[2023.02.07 17:23:42] (Coverage): Error tracing class be.digitalia.fosdem.parsers.EventsParser: java.lang.NoSuchMethodException: com.intellij.rt.coverage.data.ProjectData.traceLine(java.lang.Object, int)
[2023.02.07 17:23:42] (Coverage): Error tracing class be.digitalia.fosdem.parsers.EventsParser: java.lang.NoSuchMethodException: com.intellij.rt.coverage.data.ProjectData.traceLine(java.lang.Object, int)
[2023.02.07 17:23:42] (Coverage): Error tracing class be.digitalia.fosdem.parsers.EventsParser: java.lang.NoSuchMethodException: com.intellij.rt.coverage.data.ProjectData.traceLine(java.lang.Object, int)
[2023.02.07 17:23:42] (Coverage): Error tracing class be.digitalia.fosdem.parsers.EventsParser: java.lang.NoSuchMethodException: com.intellij.rt.coverage.data.ProjectData.traceLine(java.lang.Object, int)
[2023.02.07 17:23:42] (Coverage): Error tracing class be.digitalia.fosdem.parsers.EventsParser: java.lang.NoSuchMethodException: com.intellij.rt.coverage.data.ProjectData.traceLine(java.lang.Object, int)
[2023.02.07 17:23:42] (Coverage): Error tracing class be.digitalia.fosdem.parsers.EventsParser: java.lang.NoSuchMethodException: com.intellij.rt.coverage.data.ProjectData.traceLine(java.lang.Object, int)
[2023.02.07 17:23:42] (Coverage): Error tracing class be.digitalia.fosdem.parsers.EventsParser: java.lang.NoSuchMethodException: com.intellij.rt.coverage.data.ProjectData.traceLine(java.lang.Object, int)
[2023.02.07 17:23:42] (Coverage): Error tracing class be.digitalia.fosdem.parsers.EventsParser: java.lang.NoSuchMethodException: com.intellij.rt.coverage.data.ProjectData.traceLine(java.lang.Object, int)
[2023.02.07 17:23:42] (Coverage): Error tracing class be.digitalia.fosdem.parsers.EventsParser: java.lang.NoSuchMethodException: com.intellij.rt.coverage.data.ProjectData.traceLine(java.lang.Object, int)
[2023.02.07 17:23:42] (Coverage): Error tracing class be.digitalia.fosdem.parsers.EventsParser: java.lang.NoSuchMethodException: com.intellij.rt.coverage.data.ProjectData.traceLine(java.lang.Object, int)
[2023.02.07 17:23:42] (Coverage): Error tracing class be.digitalia.fosdem.parsers.EventsParser: java.lang.NoSuchMethodException: com.intellij.rt.coverage.data.ProjectData.traceLine(java.lang.Object, int)
[2023.02.07 17:23:42] (Coverage): Error tracing class be.digitalia.fosdem.parsers.EventsParser: java.lang.NoSuchMethodException: com.intellij.rt.coverage.data.ProjectData.traceLine(java.lang.Object, int)
[2023.02.07 17:23:42] (Coverage): Error tracing class be.digitalia.fosdem.parsers.EventsParser: java.lang.NoSuchMethodException: com.intellij.rt.coverage.data.ProjectData.traceLine(java.lang.Object, int)
[2023.02.07 17:23:42] (Coverage): Error tracing class be.digitalia.fosdem.parsers.EventsParser: java.lang.NoSuchMethodException: com.intellij.rt.coverage.data.ProjectData.traceLine(java.lang.Object, int)
[2023.02.07 17:23:42] (Coverage): Error tracing class be.digitalia.fosdem.parsers.EventsParser: java.lang.NoSuchMethodException: com.intellij.rt.coverage.data.ProjectData.traceLine(java.lang.Object, int)
[2023.02.07 17:23:42] (Coverage): Error tracing class be.digitalia.fosdem.parsers.EventsParser: java.lang.NoSuchMethodException: com.intellij.rt.coverage.data.ProjectData.traceLine(java.lang.Object, int)
[2023.02.07 17:23:42] (Coverage): Error tracing class be.digitalia.fosdem.parsers.EventsParser: java.lang.NoSuchMethodException: com.intellij.rt.coverage.data.ProjectData.traceLine(java.lang.Object, int)
[2023.02.07 17:23:42] (Coverage): Error tracing class be.digitalia.fosdem.parsers.EventsParser: java.lang.NoSuchMethodException: com.intellij.rt.coverage.data.ProjectData.traceLine(java.lang.Object, int)
[2023.02.07 17:23:42] (Coverage): Error tracing class be.digitalia.fosdem.parsers.EventsParser: java.lang.NoSuchMethodException: com.intellij.rt.coverage.data.ProjectData.traceLine(java.lang.Object, int)
[2023.02.07 17:23:42] (Coverage): Error tracing class be.digitalia.fosdem.parsers.EventsParser: java.lang.NoSuchMethodException: com.intellij.rt.coverage.data.ProjectData.traceLine(java.lang.Object, int)
[2023.02.07 17:23:42] (Coverage): Error tracing class be.digitalia.fosdem.parsers.EventsParser: java.lang.NoSuchMethodException: com.intellij.rt.coverage.data.ProjectData.traceLine(java.lang.Object, int)
[2023.02.07 17:23:42] (Coverage): Error tracing class be.digitalia.fosdem.parsers.EventsParser: java.lang.NoSuchMethodException: com.intellij.rt.coverage.data.ProjectData.traceLine(java.lang.Object, int)
[2023.02.07 17:23:42] (Coverage): Error tracing class be.digitalia.fosdem.parsers.EventsParser: java.lang.NoSuchMethodException: com.intellij.rt.coverage.data.ProjectData.traceLine(java.lang.Object, int)
[2023.02.07 17:23:42] (Coverage): Error tracing class be.digitalia.fosdem.parsers.EventsParser: java.lang.NoSuchMethodException: com.intellij.rt.coverage.data.ProjectData.traceLine(java.lang.Object, int)
[2023.02.07 17:23:42] (Coverage): Error tracing class be.digitalia.fosdem.parsers.EventsParser: java.lang.NoSuchMethodException: com.intellij.rt.coverage.data.ProjectData.traceLine(java.lang.Object, int)
[2023.02.07 17:23:42] (Coverage): Error tracing class be.digitalia.fosdem.parsers.EventsParser: java.lang.NoSuchMethodException: com.intellij.rt.coverage.data.ProjectData.traceLine(java.lang.Object, int)
[2023.02.07 17:23:42] (Coverage): Error tracing class be.digitalia.fosdem.parsers.EventsParser: java.lang.NoSuchMethodException: com.intellij.rt.coverage.data.ProjectData.traceLine(java.lang.Object, int)
[2023.02.07 17:23:42] (Coverage): Error tracing class be.digitalia.fosdem.parsers.EventsParser: java.lang.NoSuchMethodException: com.intellij.rt.coverage.data.ProjectData.traceLine(java.lang.Object, int)
[2023.02.07 17:23:42] (Coverage): Error tracing class be.digitalia.fosdem.parsers.EventsParser: java.lang.NoSuchMethodException: com.intellij.rt.coverage.data.ProjectData.traceLine(java.lang.Object, int)
[2023.02.07 17:23:42] (Coverage): Error tracing class be.digitalia.fosdem.parsers.EventsParser: java.lang.NoSuchMethodException: com.intellij.rt.coverage.data.ProjectData.traceLine(java.lang.Object, int)
[2023.02.07 17:23:42] (Coverage): Error tracing class be.digitalia.fosdem.parsers.EventsParser: java.lang.NoSuchMethodException: com.intellij.rt.coverage.data.ProjectData.traceLine(java.lang.Object, int)
[2023.02.07 17:23:42] (Coverage): Error tracing class be.digitalia.fosdem.parsers.EventsParser: java.lang.NoSuchMethodException: com.intellij.rt.coverage.data.ProjectData.traceLine(java.lang.Object, int)
[2023.02.07 17:23:42] (Coverage): Error tracing class be.digitalia.fosdem.parsers.EventsParser: java.lang.NoSuchMethodException: com.intellij.rt.coverage.data.ProjectData.traceLine(java.lang.Object, int)
[2023.02.07 17:23:42] (Coverage): Error tracing class be.digitalia.fosdem.parsers.EventsParser: java.lang.NoSuchMethodException: com.intellij.rt.coverage.data.ProjectData.traceLine(java.lang.Object, int)
[2023.02.07 17:23:42] (Coverage): Error tracing class be.digitalia.fosdem.parsers.EventsParser: java.lang.NoSuchMethodException: com.intellij.rt.coverage.data.ProjectData.traceLine(java.lang.Object, int)
[2023.02.07 17:23:42] (Coverage): Error tracing class be.digitalia.fosdem.parsers.EventsParser: java.lang.NoSuchMethodException: com.intellij.rt.coverage.data.ProjectData.traceLine(java.lang.Object, int)
[2023.02.07 17:23:42] (Coverage): Error tracing class be.digitalia.fosdem.parsers.EventsParser: java.lang.NoSuchMethodException: com.intellij.rt.coverage.data.ProjectData.traceLine(java.lang.Object, int)
[2023.02.07 17:23:42] (Coverage): Error tracing class be.digitalia.fosdem.parsers.EventsParser: java.lang.NoSuchMethodException: com.intellij.rt.coverage.data.ProjectData.traceLine(java.lang.Object, int)
[2023.02.07 17:23:42] (Coverage): Error tracing class be.digitalia.fosdem.parsers.EventsParser: java.lang.NoSuchMethodException: com.intellij.rt.coverage.data.ProjectData.traceLine(java.lang.Object, int)
[2023.02.07 17:23:42] (Coverage): Error tracing class be.digitalia.fosdem.parsers.EventsParser: java.lang.NoSuchMethodException: com.intellij.rt.coverage.data.ProjectData.traceLine(java.lang.Object, int)
[2023.02.07 17:23:42] (Coverage): Error tracing class be.digitalia.fosdem.parsers.EventsParser: java.lang.NoSuchMethodException: com.intellij.rt.coverage.data.ProjectData.traceLine(java.lang.Object, int)
[2023.02.07 17:23:42] (Coverage): Error tracing class be.digitalia.fosdem.parsers.EventsParser: java.lang.NoSuchMethodException: com.intellij.rt.coverage.data.ProjectData.traceLine(java.lang.Object, int)
[2023.02.07 17:23:42] (Coverage): Error tracing class be.digitalia.fosdem.parsers.EventsParser: java.lang.NoSuchMethodException: com.intellij.rt.coverage.data.ProjectData.traceLine(java.lang.Object, int)
[2023.02.07 17:23:42] (Coverage): Error tracing class be.digitalia.fosdem.parsers.EventsParser: java.lang.NoSuchMethodException: com.intellij.rt.coverage.data.ProjectData.traceLine(java.lang.Object, int)
[2023.02.07 17:23:42] (Coverage): Error tracing class be.digitalia.fosdem.parsers.EventsParser: java.lang.NoSuchMethodException: com.intellij.rt.coverage.data.ProjectData.traceLine(java.lang.Object, int)
[2023.02.07 17:23:42] (Coverage): Error tracing class be.digitalia.fosdem.parsers.EventsParser: java.lang.NoSuchMethodException: com.intellij.rt.coverage.data.ProjectData.traceLine(java.lang.Object, int)
[2023.02.07 17:23:42] (Coverage): Error tracing class be.digitalia.fosdem.parsers.EventsParser: java.lang.NoSuchMethodException: com.intellij.rt.coverage.data.ProjectData.traceLine(java.lang.Object, int)
[2023.02.07 17:23:42] (Coverage): Error tracing class be.digitalia.fosdem.parsers.EventsParser: java.lang.NoSuchMethodException: com.intellij.rt.coverage.data.ProjectData.traceLine(java.lang.Object, int)
[2023.02.07 17:23:42] (Coverage): Error tracing class be.digitalia.fosdem.parsers.EventsParser: java.lang.NoSuchMethodException: com.intellij.rt.coverage.data.ProjectData.traceLine(java.lang.Object, int)
[2023.02.07 17:23:42] (Coverage): Error tracing class be.digitalia.fosdem.parsers.EventsParser: java.lang.NoSuchMethodException: com.intellij.rt.coverage.data.ProjectData.traceLine(java.lang.Object, int)
[2023.02.07 17:23:42] (Coverage): Error tracing class be.digitalia.fosdem.parsers.EventsParser: java.lang.NoSuchMethodException: com.intellij.rt.coverage.data.ProjectData.traceLine(java.lang.Object, int)
[2023.02.07 17:23:42] (Coverage): Error tracing class be.digitalia.fosdem.parsers.EventsParser: java.lang.NoSuchMethodException: com.intellij.rt.coverage.data.ProjectData.traceLine(java.lang.Object, int)
[2023.02.07 17:23:42] (Coverage): Error tracing class be.digitalia.fosdem.parsers.EventsParser: java.lang.NoSuchMethodException: com.intellij.rt.coverage.data.ProjectData.traceLine(java.lang.Object, int)
[2023.02.07 17:23:42] (Coverage): Error tracing class be.digitalia.fosdem.parsers.EventsParser: java.lang.NoSuchMethodException: com.intellij.rt.coverage.data.ProjectData.traceLine(java.lang.Object, int)
[2023.02.07 17:23:42] (Coverage): Error tracing class be.digitalia.fosdem.parsers.EventsParser: java.lang.NoSuchMethodException: com.intellij.rt.coverage.data.ProjectData.traceLine(java.lang.Object, int)
[2023.02.07 17:23:42] (Coverage): Error tracing class be.digitalia.fosdem.parsers.EventsParser: java.lang.NoSuchMethodException: com.intellij.rt.coverage.data.ProjectData.traceLine(java.lang.Object, int)
[2023.02.07 17:23:42] (Coverage): Error tracing class be.digitalia.fosdem.parsers.EventsParser: java.lang.NoSuchMethodException: com.intellij.rt.coverage.data.ProjectData.traceLine(java.lang.Object, int)
[2023.02.07 17:23:42] (Coverage): Error tracing class be.digitalia.fosdem.parsers.EventsParser: java.lang.NoSuchMethodException: com.intellij.rt.coverage.data.ProjectData.traceLine(java.lang.Object, int)
[2023.02.07 17:23:42] (Coverage): Error tracing class be.digitalia.fosdem.parsers.EventsParser: java.lang.NoSuchMethodException: com.intellij.rt.coverage.data.ProjectData.traceLine(java.lang.Object, int)
[2023.02.07 17:23:42] (Coverage): Error tracing class be.digitalia.fosdem.parsers.EventsParser: java.lang.NoSuchMethodException: com.intellij.rt.coverage.data.ProjectData.traceLine(java.lang.Object, int)
[2023.02.07 17:23:42] (Coverage): Error tracing class be.digitalia.fosdem.parsers.EventsParser: java.lang.NoSuchMethodException: com.intellij.rt.coverage.data.ProjectData.traceLine(java.lang.Object, int)
[2023.02.07 17:23:42] (Coverage): Error tracing class be.digitalia.fosdem.parsers.EventsParser: java.lang.NoSuchMethodException: com.intellij.rt.coverage.data.ProjectData.traceLine(java.lang.Object, int)
[2023.02.07 17:23:42] (Coverage): Error tracing class be.digitalia.fosdem.parsers.EventsParser: java.lang.NoSuchMethodException: com.intellij.rt.coverage.data.ProjectData.traceLine(java.lang.Object, int)
[2023.02.07 17:23:42] (Coverage): Error tracing class be.digitalia.fosdem.parsers.EventsParser: java.lang.NoSuchMethodException: com.intellij.rt.coverage.data.ProjectData.traceLine(java.lang.Object, int)
[2023.02.07 17:23:42] (Coverage): Error tracing class be.digitalia.fosdem.parsers.EventsParser: java.lang.NoSuchMethodException: com.intellij.rt.coverage.data.ProjectData.traceLine(java.lang.Object, int)
[2023.02.07 17:23:42] (Coverage): Error tracing class be.digitalia.fosdem.parsers.EventsParser: java.lang.NoSuchMethodException: com.intellij.rt.coverage.data.ProjectData.traceLine(java.lang.Object, int)
[2023.02.07 17:23:42] (Coverage): Error tracing class be.digitalia.fosdem.parsers.EventsParser: java.lang.NoSuchMethodException: com.intellij.rt.coverage.data.ProjectData.traceLine(java.lang.Object, int)
[2023.02.07 17:23:42] (Coverage): Error tracing class be.digitalia.fosdem.parsers.EventsParser: java.lang.NoSuchMethodException: com.intellij.rt.coverage.data.ProjectData.traceLine(java.lang.Object, int)
[2023.02.07 17:23:42] (Coverage): Error tracing class be.digitalia.fosdem.parsers.EventsParser: java.lang.NoSuchMethodException: com.intellij.rt.coverage.data.ProjectData.traceLine(java.lang.Object, int)
[2023.02.07 17:23:42] (Coverage): Error tracing class be.digitalia.fosdem.parsers.EventsParser: java.lang.NoSuchMethodException: com.intellij.rt.coverage.data.ProjectData.traceLine(java.lang.Object, int)
[2023.02.07 17:23:42] (Coverage): Error tracing class be.digitalia.fosdem.parsers.EventsParser: java.lang.NoSuchMethodException: com.intellij.rt.coverage.data.ProjectData.traceLine(java.lang.Object, int)
[2023.02.07 17:23:42] (Coverage): Error tracing class be.digitalia.fosdem.parsers.EventsParser: java.lang.NoSuchMethodException: com.intellij.rt.coverage.data.ProjectData.traceLine(java.lang.Object, int)
[2023.02.07 17:23:42] (Coverage): Error tracing class be.digitalia.fosdem.parsers.EventsParser: java.lang.NoSuchMethodException: com.intellij.rt.coverage.data.ProjectData.traceLine(java.lang.Object, int)
[2023.02.07 17:23:42] (Coverage): Error tracing class be.digitalia.fosdem.parsers.EventsParser: java.lang.NoSuchMethodException: com.intellij.rt.coverage.data.ProjectData.traceLine(java.lang.Object, int)
[2023.02.07 17:23:42] (Coverage): Error tracing class be.digitalia.fosdem.parsers.EventsParser: java.lang.NoSuchMethodException: com.intellij.rt.coverage.data.ProjectData.traceLine(java.lang.Object, int)
[2023.02.07 17:23:42] (Coverage): Error tracing class be.digitalia.fosdem.parsers.EventsParser: java.lang.NoSuchMethodException: com.intellij.rt.coverage.data.ProjectData.traceLine(java.lang.Object, int)
[2023.02.07 17:23:42] (Coverage): Error tracing class be.digitalia.fosdem.parsers.EventsParser: java.lang.NoSuchMethodException: com.intellij.rt.coverage.data.ProjectData.traceLine(java.lang.Object, int)
[2023.02.07 17:23:42] (Coverage): Error tracing class be.digitalia.fosdem.parsers.EventsParser: java.lang.NoSuchMethodException: com.intellij.rt.coverage.data.ProjectData.traceLine(java.lang.Object, int)
[2023.02.07 17:23:42] (Coverage): Error tracing class be.digitalia.fosdem.parsers.EventsParser: java.lang.NoSuchMethodException: com.intellij.rt.coverage.data.ProjectData.traceLine(java.lang.Object, int)
[2023.02.07 17:23:42] (Coverage): Error tracing class be.digitalia.fosdem.parsers.EventsParser: java.lang.NoSuchMethodException: com.intellij.rt.coverage.data.ProjectData.traceLine(java.lang.Object, int)
[2023.02.07 17:23:42] (Coverage): Error tracing class be.digitalia.fosdem.parsers.EventsParser: java.lang.NoSuchMethodException: com.intellij.rt.coverage.data.ProjectData.traceLine(java.lang.Object, int)
[2023.02.07 17:23:42] (Coverage): Error tracing class be.digitalia.fosdem.parsers.EventsParser: java.lang.NoSuchMethodException: com.intellij.rt.coverage.data.ProjectData.traceLine(java.lang.Object, int)
[2023.02.07 17:23:42] (Coverage): Error tracing class be.digitalia.fosdem.parsers.EventsParser: java.lang.NoSuchMethodException: com.intellij.rt.coverage.data.ProjectData.traceLine(java.lang.Object, int)
[2023.02.07 17:23:42] (Coverage): Error tracing class be.digitalia.fosdem.parsers.EventsParser: java.lang.NoSuchMethodException: com.intellij.rt.coverage.data.ProjectData.traceLine(java.lang.Object, int)
[2023.02.07 17:23:42] (Coverage): Error tracing class be.digitalia.fosdem.parsers.EventsParser: java.lang.NoSuchMethodException: com.intellij.rt.coverage.data.ProjectData.traceLine(java.lang.Object, int)
[2023.02.07 17:23:42] (Coverage): Error tracing class be.digitalia.fosdem.parsers.EventsParser: java.lang.NoSuchMethodException: com.intellij.rt.coverage.data.ProjectData.traceLine(java.lang.Object, int)
[2023.02.07 17:23:42] (Coverage): Error tracing class be.digitalia.fosdem.parsers.EventsParser: java.lang.NoSuchMethodException: com.intellij.rt.coverage.data.ProjectData.traceLine(java.lang.Object, int)
[2023.02.07 17:23:42] (Coverage): Error tracing class be.digitalia.fosdem.parsers.EventsParser: java.lang.NoSuchMethodException: com.intellij.rt.coverage.data.ProjectData.traceLine(java.lang.Object, int)
[2023.02.07 17:23:42] (Coverage): Error tracing class be.digitalia.fosdem.parsers.EventsParser: java.lang.NoSuchMethodException: com.intellij.rt.coverage.data.ProjectData.traceLine(java.lang.Object, int)
[2023.02.07 17:23:42] (Coverage): Error tracing class be.digitalia.fosdem.parsers.EventsParser: java.lang.NoSuchMethodException: com.intellij.rt.coverage.data.ProjectData.traceLine(java.lang.Object, int)
[2023.02.07 17:23:42] (Coverage): Error tracing class be.digitalia.fosdem.parsers.EventsParser: java.lang.NoSuchMethodException: com.intellij.rt.coverage.data.ProjectData.traceLine(java.lang.Object, int)
[2023.02.07 17:23:42] (Coverage): Error tracing class be.digitalia.fosdem.parsers.EventsParser: java.lang.NoSuchMethodException: com.intellij.rt.coverage.data.ProjectData.traceLine(java.lang.Object, int)
[2023.02.07 17:23:42] (Coverage): Error tracing class be.digitalia.fosdem.parsers.EventsParser: java.lang.NoSuchMethodException: com.intellij.rt.coverage.data.ProjectData.traceLine(java.lang.Object, int)
[2023.02.07 17:23:42] (Coverage): Error tracing class be.digitalia.fosdem.parsers.EventsParser: java.lang.NoSuchMethodException: com.intellij.rt.coverage.data.ProjectData.traceLine(java.lang.Object, int)
[2023.02.07 17:23:42] (Coverage): Error tracing class be.digitalia.fosdem.parsers.EventsParser: java.lang.NoSuchMethodException: com.intellij.rt.coverage.data.ProjectData.traceLine(java.lang.Object, int)
[2023.02.07 17:23:42] (Coverage): Error tracing class be.digitalia.fosdem.parsers.EventsParser: java.lang.NoSuchMethodException: com.intellij.rt.coverage.data.ProjectData.traceLine(java.lang.Object, int)
[2023.02.07 17:23:42] (Coverage): Error tracing class be.digitalia.fosdem.parsers.EventsParser: java.lang.NoSuchMethodException: com.intellij.rt.coverage.data.ProjectData.traceLine(java.lang.Object, int)
[2023.02.07 17:23:42] (Coverage): Error tracing class be.digitalia.fosdem.parsers.EventsParser: java.lang.NoSuchMethodException: com.intellij.rt.coverage.data.ProjectData.traceLine(java.lang.Object, int)
[2023.02.07 17:23:42] (Coverage): Error tracing class be.digitalia.fosdem.parsers.EventsParser: java.lang.NoSuchMethodException: com.intellij.rt.coverage.data.ProjectData.traceLine(java.lang.Object, int)
[2023.02.07 17:23:42] (Coverage): Error tracing class be.digitalia.fosdem.parsers.EventsParser: java.lang.NoSuchMethodException: com.intellij.rt.coverage.data.ProjectData.traceLine(java.lang.Object, int)
[2023.02.07 17:23:42] (Coverage): Error tracing class be.digitalia.fosdem.parsers.EventsParser: java.lang.NoSuchMethodException: com.intellij.rt.coverage.data.ProjectData.traceLine(java.lang.Object, int)
[2023.02.07 17:23:42] (Coverage): Error tracing class be.digitalia.fosdem.parsers.EventsParser: java.lang.NoSuchMethodException: com.intellij.rt.coverage.data.ProjectData.traceLine(java.lang.Object, int)
[2023.02.07 17:23:42] (Coverage): Error tracing class be.digitalia.fosdem.parsers.EventsParser: java.lang.NoSuchMethodException: com.intellij.rt.coverage.data.ProjectData.traceLine(java.lang.Object, int)
[2023.02.07 17:23:42] (Coverage): Error tracing class be.digitalia.fosdem.parsers.EventsParser: java.lang.NoSuchMethodException: com.intellij.rt.coverage.data.ProjectData.traceLine(java.lang.Object, int)
[2023.02.07 17:23:42] (Coverage): Error tracing class be.digitalia.fosdem.parsers.EventsParser: java.lang.NoSuchMethodException: com.intellij.rt.coverage.data.ProjectData.traceLine(java.lang.Object, int)
[2023.02.07 17:23:42] (Coverage): Error tracing class be.digitalia.fosdem.parsers.EventsParser: java.lang.NoSuchMethodException: com.intellij.rt.coverage.data.ProjectData.traceLine(java.lang.Object, int)
[2023.02.07 17:23:42] (Coverage): Error tracing class be.digitalia.fosdem.parsers.EventsParser: java.lang.NoSuchMethodException: com.intellij.rt.coverage.data.ProjectData.traceLine(java.lang.Object, int)
[2023.02.07 17:23:42] (Coverage): Error tracing class be.digitalia.fosdem.parsers.EventsParser: java.lang.NoSuchMethodException: com.intellij.rt.coverage.data.ProjectData.traceLine(java.lang.Object, int)
[2023.02.07 17:23:42] (Coverage): Error tracing class be.digitalia.fosdem.parsers.EventsParser: java.lang.NoSuchMethodException: com.intellij.rt.coverage.data.ProjectData.traceLine(java.lang.Object, int)
[2023.02.07 17:23:42] (Coverage): Error tracing class be.digitalia.fosdem.parsers.EventsParser: java.lang.NoSuchMethodException: com.intellij.rt.coverage.data.ProjectData.traceLine(java.lang.Object, int)
[2023.02.07 17:23:42] (Coverage): Error tracing class be.digitalia.fosdem.parsers.EventsParser: java.lang.NoSuchMethodException: com.intellij.rt.coverage.data.ProjectData.traceLine(java.lang.Object, int)
[2023.02.07 17:23:42] (Coverage): Error tracing class be.digitalia.fosdem.parsers.EventsParser: java.lang.NoSuchMethodException: com.intellij.rt.coverage.data.ProjectData.traceLine(java.lang.Object, int)
[2023.02.07 17:23:42] (Coverage): Error tracing class be.digitalia.fosdem.parsers.EventsParser: java.lang.NoSuchMethodException: com.intellij.rt.coverage.data.ProjectData.traceLine(java.lang.Object, int)
[2023.02.07 17:23:42] (Coverage): Error tracing class be.digitalia.fosdem.parsers.EventsParser: java.lang.NoSuchMethodException: com.intellij.rt.coverage.data.ProjectData.traceLine(java.lang.Object, int)
[2023.02.07 17:23:42] (Coverage): Error tracing class be.digitalia.fosdem.parsers.EventsParser: java.lang.NoSuchMethodException: com.intellij.rt.coverage.data.ProjectData.traceLine(java.lang.Object, int)
[2023.02.07 17:23:42] (Coverage): Error tracing class be.digitalia.fosdem.parsers.EventsParser: java.lang.NoSuchMethodException: com.intellij.rt.coverage.data.ProjectData.traceLine(java.lang.Object, int)
[2023.02.07 17:23:42] (Coverage): Error tracing class be.digitalia.fosdem.parsers.EventsParser: java.lang.NoSuchMethodException: com.intellij.rt.coverage.data.ProjectData.traceLine(java.lang.Object, int)
[2023.02.07 17:23:42] (Coverage): Error tracing class be.digitalia.fosdem.parsers.EventsParser: java.lang.NoSuchMethodException: com.intellij.rt.coverage.data.ProjectData.traceLine(java.lang.Object, int)
[2023.02.07 17:23:42] (Coverage): Error tracing class be.digitalia.fosdem.parsers.EventsParser: java.lang.NoSuchMethodException: com.intellij.rt.coverage.data.ProjectData.traceLine(java.lang.Object, int)
[2023.02.07 17:23:42] (Coverage): Error tracing class be.digitalia.fosdem.parsers.EventsParser: java.lang.NoSuchMethodException: com.intellij.rt.coverage.data.ProjectData.traceLine(java.lang.Object, int)
[2023.02.07 17:23:42] (Coverage): Error tracing class be.digitalia.fosdem.parsers.EventsParser: java.lang.NoSuchMethodException: com.intellij.rt.coverage.data.ProjectData.traceLine(java.lang.Object, int)
[2023.02.07 17:23:42] (Coverage): Error tracing class be.digitalia.fosdem.parsers.EventsParser: java.lang.NoSuchMethodException: com.intellij.rt.coverage.data.ProjectData.traceLine(java.lang.Object, int)
[2023.02.07 17:23:42] (Coverage): Error tracing class be.digitalia.fosdem.parsers.EventsParser: java.lang.NoSuchMethodException: com.intellij.rt.coverage.data.ProjectData.traceLine(java.lang.Object, int)
[2023.02.07 17:23:42] (Coverage): Error tracing class be.digitalia.fosdem.parsers.EventsParser: java.lang.NoSuchMethodException: com.intellij.rt.coverage.data.ProjectData.traceLine(java.lang.Object, int)
[2023.02.07 17:23:42] (Coverage): Error tracing class be.digitalia.fosdem.parsers.EventsParser: java.lang.NoSuchMethodException: com.intellij.rt.coverage.data.ProjectData.traceLine(java.lang.Object, int)
[2023.02.07 17:23:42] (Coverage): Error tracing class be.digitalia.fosdem.parsers.EventsParser: java.lang.NoSuchMethodException: com.intellij.rt.coverage.data.ProjectData.traceLine(java.lang.Object, int)
[2023.02.07 17:23:42] (Coverage): Error tracing class be.digitalia.fosdem.parsers.EventsParser: java.lang.NoSuchMethodException: com.intellij.rt.coverage.data.ProjectData.traceLine(java.lang.Object, int)
[2023.02.07 17:23:42] (Coverage): Error tracing class be.digitalia.fosdem.parsers.EventsParser: java.lang.NoSuchMethodException: com.intellij.rt.coverage.data.ProjectData.traceLine(java.lang.Object, int)
[2023.02.07 17:23:42] (Coverage): Error tracing class be.digitalia.fosdem.parsers.EventsParser: java.lang.NoSuchMethodException: com.intellij.rt.coverage.data.ProjectData.traceLine(java.lang.Object, int)
[2023.02.07 17:23:42] (Coverage): Error tracing class be.digitalia.fosdem.parsers.EventsParser: java.lang.NoSuchMethodException: com.intellij.rt.coverage.data.ProjectData.traceLine(java.lang.Object, int)
[2023.02.07 17:23:42] (Coverage): Error tracing class be.digitalia.fosdem.parsers.EventsParser: java.lang.NoSuchMethodException: com.intellij.rt.coverage.data.ProjectData.traceLine(java.lang.Object, int)
[2023.02.07 17:23:42] (Coverage): Error tracing class be.digitalia.fosdem.parsers.EventsParser: java.lang.NoSuchMethodException: com.intellij.rt.coverage.data.ProjectData.traceLine(java.lang.Object, int)
[2023.02.07 17:23:42] (Coverage): Error tracing class be.digitalia.fosdem.parsers.EventsParser: java.lang.NoSuchMethodException: com.intellij.rt.coverage.data.ProjectData.traceLine(java.lang.Object, int)
[2023.02.07 17:23:42] (Coverage): Error tracing class be.digitalia.fosdem.parsers.EventsParser: java.lang.NoSuchMethodException: com.intellij.rt.coverage.data.ProjectData.traceLine(java.lang.Object, int)
[2023.02.07 17:23:42] (Coverage): Error tracing class be.digitalia.fosdem.parsers.EventsParser: java.lang.NoSuchMethodException: com.intellij.rt.coverage.data.ProjectData.traceLine(java.lang.Object, int)
[2023.02.07 17:23:42] (Coverage): Error tracing class be.digitalia.fosdem.parsers.EventsParser: java.lang.NoSuchMethodException: com.intellij.rt.coverage.data.ProjectData.traceLine(java.lang.Object, int)
[2023.02.07 17:23:42] (Coverage): Error tracing class be.digitalia.fosdem.parsers.EventsParser: java.lang.NoSuchMethodException: com.intellij.rt.coverage.data.ProjectData.traceLine(java.lang.Object, int)
[2023.02.07 17:23:42] (Coverage): Error tracing class be.digitalia.fosdem.parsers.EventsParser: java.lang.NoSuchMethodException: com.intellij.rt.coverage.data.ProjectData.traceLine(java.lang.Object, int)
[2023.02.07 17:23:42] (Coverage): Error tracing class be.digitalia.fosdem.parsers.EventsParser: java.lang.NoSuchMethodException: com.intellij.rt.coverage.data.ProjectData.traceLine(java.lang.Object, int)
[2023.02.07 17:23:42] (Coverage): Error tracing class be.digitalia.fosdem.parsers.EventsParser: java.lang.NoSuchMethodException: com.intellij.rt.coverage.data.ProjectData.traceLine(java.lang.Object, int)
[2023.02.07 17:23:42] (Coverage): Error tracing class be.digitalia.fosdem.parsers.EventsParser: java.lang.NoSuchMethodException: com.intellij.rt.coverage.data.ProjectData.traceLine(java.lang.Object, int)
[2023.02.07 17:23:42] (Coverage): Error tracing class be.digitalia.fosdem.parsers.EventsParser: java.lang.NoSuchMethodException: com.intellij.rt.coverage.data.ProjectData.traceLine(java.lang.Object, int)
[2023.02.07 17:23:42] (Coverage): Error tracing class be.digitalia.fosdem.parsers.EventsParser: java.lang.NoSuchMethodException: com.intellij.rt.coverage.data.ProjectData.traceLine(java.lang.Object, int)
[2023.02.07 17:23:42] (Coverage): Error tracing class be.digitalia.fosdem.parsers.EventsParser: java.lang.NoSuchMethodException: com.intellij.rt.coverage.data.ProjectData.traceLine(java.lang.Object, int)
[2023.02.07 17:23:42] (Coverage): Error tracing class be.digitalia.fosdem.parsers.EventsParser: java.lang.NoSuchMethodException: com.intellij.rt.coverage.data.ProjectData.traceLine(java.lang.Object, int)
[2023.02.07 17:23:42] (Coverage): Error tracing class be.digitalia.fosdem.parsers.EventsParser: java.lang.NoSuchMethodException: com.intellij.rt.coverage.data.ProjectData.traceLine(java.lang.Object, int)
[2023.02.07 17:23:42] (Coverage): Error tracing class be.digitalia.fosdem.parsers.EventsParser: java.lang.NoSuchMethodException: com.intellij.rt.coverage.data.ProjectData.traceLine(java.lang.Object, int)
[2023.02.07 17:23:42] (Coverage): Error tracing class be.digitalia.fosdem.parsers.EventsParser: java.lang.NoSuchMethodException: com.intellij.rt.coverage.data.ProjectData.traceLine(java.lang.Object, int)
[2023.02.07 17:23:42] (Coverage): Error tracing class be.digitalia.fosdem.parsers.EventsParser: java.lang.NoSuchMethodException: com.intellij.rt.coverage.data.ProjectData.traceLine(java.lang.Object, int)
[2023.02.07 17:23:42] (Coverage): Error tracing class be.digitalia.fosdem.parsers.EventsParser: java.lang.NoSuchMethodException: com.intellij.rt.coverage.data.ProjectData.traceLine(java.lang.Object, int)
[2023.02.07 17:23:42] (Coverage): Error tracing class be.digitalia.fosdem.parsers.EventsParser: java.lang.NoSuchMethodException: com.intellij.rt.coverage.data.ProjectData.traceLine(java.lang.Object, int)
[2023.02.07 17:23:42] (Coverage): Error tracing class be.digitalia.fosdem.parsers.EventsParser: java.lang.NoSuchMethodException: com.intellij.rt.coverage.data.ProjectData.traceLine(java.lang.Object, int)
[2023.02.07 17:23:42] (Coverage): Error tracing class be.digitalia.fosdem.parsers.EventsParser: java.lang.NoSuchMethodException: com.intellij.rt.coverage.data.ProjectData.traceLine(java.lang.Object, int)
[2023.02.07 17:23:42] (Coverage): Error tracing class be.digitalia.fosdem.parsers.EventsParser: java.lang.NoSuchMethodException: com.intellij.rt.coverage.data.ProjectData.traceLine(java.lang.Object, int)
[2023.02.07 17:23:42] (Coverage): Error tracing class be.digitalia.fosdem.parsers.EventsParser: java.lang.NoSuchMethodException: com.intellij.rt.coverage.data.ProjectData.traceLine(java.lang.Object, int)
[2023.02.07 17:23:42] (Coverage): Error tracing class be.digitalia.fosdem.parsers.EventsParser: java.lang.NoSuchMethodException: com.intellij.rt.coverage.data.ProjectData.traceLine(java.lang.Object, int)
[2023.02.07 17:23:42] (Coverage): Error tracing class be.digitalia.fosdem.parsers.EventsParser: java.lang.NoSuchMethodException: com.intellij.rt.coverage.data.ProjectData.traceLine(java.lang.Object, int)
[2023.02.07 17:23:42] (Coverage): Error tracing class be.digitalia.fosdem.parsers.EventsParser: java.lang.NoSuchMethodException: com.intellij.rt.coverage.data.ProjectData.traceLine(java.lang.Object, int)
[2023.02.07 17:23:42] (Coverage): Error tracing class be.digitalia.fosdem.parsers.EventsParser: java.lang.NoSuchMethodException: com.intellij.rt.coverage.data.ProjectData.traceLine(java.lang.Object, int)
[2023.02.07 17:23:42] (Coverage): Error tracing class be.digitalia.fosdem.parsers.EventsParser: java.lang.NoSuchMethodException: com.intellij.rt.coverage.data.ProjectData.traceLine(java.lang.Object, int)
[2023.02.07 17:23:42] (Coverage): Error tracing class be.digitalia.fosdem.parsers.EventsParser: java.lang.NoSuchMethodException: com.intellij.rt.coverage.data.ProjectData.traceLine(java.lang.Object, int)
[2023.02.07 17:23:42] (Coverage): Error tracing class be.digitalia.fosdem.parsers.EventsParser: java.lang.NoSuchMethodException: com.intellij.rt.coverage.data.ProjectData.traceLine(java.lang.Object, int)
[2023.02.07 17:23:43] (Coverage): Error tracing class be.digitalia.fosdem.parsers.EventsParser: java.lang.NoSuchMethodException: com.intellij.rt.coverage.data.ProjectData.traceLine(java.lang.Object, int)
[2023.02.07 17:23:43] (Coverage): Error tracing class be.digitalia.fosdem.parsers.EventsParser: java.lang.NoSuchMethodException: com.intellij.rt.coverage.data.ProjectData.traceLine(java.lang.Object, int)
[2023.02.07 17:23:43] (Coverage): Error tracing class be.digitalia.fosdem.parsers.EventsParser: java.lang.NoSuchMethodException: com.intellij.rt.coverage.data.ProjectData.traceLine(java.lang.Object, int)
[2023.02.07 17:23:43] (Coverage): Error tracing class be.digitalia.fosdem.parsers.EventsParser: java.lang.NoSuchMethodException: com.intellij.rt.coverage.data.ProjectData.traceLine(java.lang.Object, int)
[2023.02.07 17:23:43] (Coverage): Error tracing class be.digitalia.fosdem.parsers.EventsParser: java.lang.NoSuchMethodException: com.intellij.rt.coverage.data.ProjectData.traceLine(java.lang.Object, int)
[2023.02.07 17:23:43] (Coverage): Error tracing class be.digitalia.fosdem.parsers.EventsParser: java.lang.NoSuchMethodException: com.intellij.rt.coverage.data.ProjectData.traceLine(java.lang.Object, int)
[2023.02.07 17:23:43] (Coverage): Error tracing class be.digitalia.fosdem.parsers.EventsParser: java.lang.NoSuchMethodException: com.intellij.rt.coverage.data.ProjectData.traceLine(java.lang.Object, int)
[2023.02.07 17:23:43] (Coverage): Error tracing class be.digitalia.fosdem.parsers.EventsParser: java.lang.NoSuchMethodException: com.intellij.rt.coverage.data.ProjectData.traceLine(java.lang.Object, int)
[2023.02.07 17:23:43] (Coverage): Error tracing class be.digitalia.fosdem.parsers.EventsParser: java.lang.NoSuchMethodException: com.intellij.rt.coverage.data.ProjectData.traceLine(java.lang.Object, int)
[2023.02.07 17:23:43] (Coverage): Error tracing class be.digitalia.fosdem.parsers.EventsParser: java.lang.NoSuchMethodException: com.intellij.rt.coverage.data.ProjectData.traceLine(java.lang.Object, int)
[2023.02.07 17:23:43] (Coverage): Error tracing class be.digitalia.fosdem.parsers.EventsParser: java.lang.NoSuchMethodException: com.intellij.rt.coverage.data.ProjectData.traceLine(java.lang.Object, int)
[2023.02.07 17:23:43] (Coverage): Error tracing class be.digitalia.fosdem.parsers.EventsParser: java.lang.NoSuchMethodException: com.intellij.rt.coverage.data.ProjectData.traceLine(java.lang.Object, int)
[2023.02.07 17:23:43] (Coverage): Error tracing class be.digitalia.fosdem.parsers.EventsParser: java.lang.NoSuchMethodException: com.intellij.rt.coverage.data.ProjectData.traceLine(java.lang.Object, int)
[2023.02.07 17:23:43] (Coverage): Error tracing class be.digitalia.fosdem.parsers.EventsParser: java.lang.NoSuchMethodException: com.intellij.rt.coverage.data.ProjectData.traceLine(java.lang.Object, int)
[2023.02.07 17:23:43] (Coverage): Error tracing class be.digitalia.fosdem.parsers.EventsParser: java.lang.NoSuchMethodException: com.intellij.rt.coverage.data.ProjectData.traceLine(java.lang.Object, int)
[2023.02.07 17:23:43] (Coverage): Error tracing class be.digitalia.fosdem.parsers.EventsParser: java.lang.NoSuchMethodException: com.intellij.rt.coverage.data.ProjectData.traceLine(java.lang.Object, int)
[2023.02.07 17:23:43] (Coverage): Error tracing class be.digitalia.fosdem.parsers.EventsParser: java.lang.NoSuchMethodException: com.intellij.rt.coverage.data.ProjectData.traceLine(java.lang.Object, int)
[2023.02.07 17:23:43] (Coverage): Error tracing class be.digitalia.fosdem.parsers.EventsParser: java.lang.NoSuchMethodException: com.intellij.rt.coverage.data.ProjectData.traceLine(java.lang.Object, int)
[2023.02.07 17:23:43] (Coverage): Error tracing class be.digitalia.fosdem.parsers.EventsParser: java.lang.NoSuchMethodException: com.intellij.rt.coverage.data.ProjectData.traceLine(java.lang.Object, int)
[2023.02.07 17:23:43] (Coverage): Error tracing class be.digitalia.fosdem.parsers.EventsParser: java.lang.NoSuchMethodException: com.intellij.rt.coverage.data.ProjectData.traceLine(java.lang.Object, int)
[2023.02.07 17:23:43] (Coverage): Error tracing class be.digitalia.fosdem.parsers.EventsParser: java.lang.NoSuchMethodException: com.intellij.rt.coverage.data.ProjectData.traceLine(java.lang.Object, int)
[2023.02.07 17:23:43] (Coverage): Error tracing class be.digitalia.fosdem.parsers.EventsParser: java.lang.NoSuchMethodException: com.intellij.rt.coverage.data.ProjectData.traceLine(java.lang.Object, int)
[2023.02.07 17:23:43] (Coverage): Error tracing class be.digitalia.fosdem.parsers.EventsParser: java.lang.NoSuchMethodException: com.intellij.rt.coverage.data.ProjectData.traceLine(java.lang.Object, int)
[2023.02.07 17:23:43] (Coverage): Error tracing class be.digitalia.fosdem.parsers.EventsParser: java.lang.NoSuchMethodException: com.intellij.rt.coverage.data.ProjectData.traceLine(java.lang.Object, int)
[2023.02.07 17:23:43] (Coverage): Error tracing class be.digitalia.fosdem.parsers.EventsParser: java.lang.NoSuchMethodException: com.intellij.rt.coverage.data.ProjectData.traceLine(java.lang.Object, int)
[2023.02.07 17:23:43] (Coverage): Error tracing class be.digitalia.fosdem.parsers.EventsParser: java.lang.NoSuchMethodException: com.intellij.rt.coverage.data.ProjectData.traceLine(java.lang.Object, int)
[2023.02.07 17:23:43] (Coverage): Error tracing class be.digitalia.fosdem.parsers.EventsParser: java.lang.NoSuchMethodException: com.intellij.rt.coverage.data.ProjectData.traceLine(java.lang.Object, int)
[2023.02.07 17:23:43] (Coverage): Error tracing class be.digitalia.fosdem.parsers.EventsParser: java.lang.NoSuchMethodException: com.intellij.rt.coverage.data.ProjectData.traceLine(java.lang.Object, int)
[2023.02.07 17:23:43] (Coverage): Error tracing class be.digitalia.fosdem.parsers.EventsParser: java.lang.NoSuchMethodException: com.intellij.rt.coverage.data.ProjectData.traceLine(java.lang.Object, int)
[2023.02.07 17:23:43] (Coverage): Error tracing class be.digitalia.fosdem.parsers.EventsParser: java.lang.NoSuchMethodException: com.intellij.rt.coverage.data.ProjectData.traceLine(java.lang.Object, int)
[2023.02.07 17:23:43] (Coverage): Error tracing class be.digitalia.fosdem.parsers.EventsParser: java.lang.NoSuchMethodException: com.intellij.rt.coverage.data.ProjectData.traceLine(java.lang.Object, int)
[2023.02.07 17:23:43] (Coverage): Error tracing class be.digitalia.fosdem.parsers.EventsParser: java.lang.NoSuchMethodException: com.intellij.rt.coverage.data.ProjectData.traceLine(java.lang.Object, int)
[2023.02.07 17:23:43] (Coverage): Error tracing class be.digitalia.fosdem.parsers.EventsParser: java.lang.NoSuchMethodException: com.intellij.rt.coverage.data.ProjectData.traceLine(java.lang.Object, int)
[2023.02.07 17:23:43] (Coverage): Error tracing class be.digitalia.fosdem.parsers.EventsParser: java.lang.NoSuchMethodException: com.intellij.rt.coverage.data.ProjectData.traceLine(java.lang.Object, int)
[2023.02.07 17:23:43] (Coverage): Error tracing class be.digitalia.fosdem.parsers.EventsParser: java.lang.NoSuchMethodException: com.intellij.rt.coverage.data.ProjectData.traceLine(java.lang.Object, int)
[2023.02.07 17:23:43] (Coverage): Error tracing class be.digitalia.fosdem.parsers.EventsParser: java.lang.NoSuchMethodException: com.intellij.rt.coverage.data.ProjectData.traceLine(java.lang.Object, int)
[2023.02.07 17:23:43] (Coverage): Error tracing class be.digitalia.fosdem.parsers.EventsParser: java.lang.NoSuchMethodException: com.intellij.rt.coverage.data.ProjectData.traceLine(java.lang.Object, int)
[2023.02.07 17:23:43] (Coverage): Error tracing class be.digitalia.fosdem.parsers.EventsParser: java.lang.NoSuchMethodException: com.intellij.rt.coverage.data.ProjectData.traceLine(java.lang.Object, int)
[2023.02.07 17:23:43] (Coverage): Error tracing class be.digitalia.fosdem.parsers.EventsParser: java.lang.NoSuchMethodException: com.intellij.rt.coverage.data.ProjectData.traceLine(java.lang.Object, int)
[2023.02.07 17:23:43] (Coverage): Error tracing class be.digitalia.fosdem.parsers.EventsParser: java.lang.NoSuchMethodException: com.intellij.rt.coverage.data.ProjectData.traceLine(java.lang.Object, int)
[2023.02.07 17:23:43] (Coverage): Error tracing class be.digitalia.fosdem.parsers.EventsParser: java.lang.NoSuchMethodException: com.intellij.rt.coverage.data.ProjectData.traceLine(java.lang.Object, int)
[2023.02.07 17:23:43] (Coverage): Error tracing class be.digitalia.fosdem.parsers.EventsParser: java.lang.NoSuchMethodException: com.intellij.rt.coverage.data.ProjectData.traceLine(java.lang.Object, int)
[2023.02.07 17:23:43] (Coverage): Error tracing class be.digitalia.fosdem.parsers.EventsParser: java.lang.NoSuchMethodException: com.intellij.rt.coverage.data.ProjectData.traceLine(java.lang.Object, int)
[2023.02.07 17:23:43] (Coverage): Error tracing class be.digitalia.fosdem.parsers.EventsParser: java.lang.NoSuchMethodException: com.intellij.rt.coverage.data.ProjectData.traceLine(java.lang.Object, int)
[2023.02.07 17:23:43] (Coverage): Error tracing class be.digitalia.fosdem.parsers.EventsParser: java.lang.NoSuchMethodException: com.intellij.rt.coverage.data.ProjectData.traceLine(java.lang.Object, int)
[2023.02.07 17:23:43] (Coverage): Error tracing class be.digitalia.fosdem.parsers.EventsParser: java.lang.NoSuchMethodException: com.intellij.rt.coverage.data.ProjectData.traceLine(java.lang.Object, int)
[2023.02.07 17:23:43] (Coverage): Error tracing class be.digitalia.fosdem.parsers.EventsParser: java.lang.NoSuchMethodException: com.intellij.rt.coverage.data.ProjectData.traceLine(java.lang.Object, int)
[2023.02.07 17:23:43] (Coverage): Error tracing class be.digitalia.fosdem.parsers.EventsParser: java.lang.NoSuchMethodException: com.intellij.rt.coverage.data.ProjectData.traceLine(java.lang.Object, int)
[2023.02.07 17:23:43] (Coverage): Error tracing class be.digitalia.fosdem.parsers.EventsParser: java.lang.NoSuchMethodException: com.intellij.rt.coverage.data.ProjectData.traceLine(java.lang.Object, int)
[2023.02.07 17:23:43] (Coverage): Error tracing class be.digitalia.fosdem.parsers.EventsParser: java.lang.NoSuchMethodException: com.intellij.rt.coverage.data.ProjectData.traceLine(java.lang.Object, int)
[2023.02.07 17:23:43] (Coverage): Error tracing class be.digitalia.fosdem.parsers.EventsParser: java.lang.NoSuchMethodException: com.intellij.rt.coverage.data.ProjectData.traceLine(java.lang.Object, int)
[2023.02.07 17:23:43] (Coverage): Error tracing class be.digitalia.fosdem.parsers.EventsParser: java.lang.NoSuchMethodException: com.intellij.rt.coverage.data.ProjectData.traceLine(java.lang.Object, int)
[2023.02.07 17:23:43] (Coverage): Error tracing class be.digitalia.fosdem.parsers.EventsParser: java.lang.NoSuchMethodException: com.intellij.rt.coverage.data.ProjectData.traceLine(java.lang.Object, int)
[2023.02.07 17:23:43] (Coverage): Error tracing class be.digitalia.fosdem.parsers.EventsParser: java.lang.NoSuchMethodException: com.intellij.rt.coverage.data.ProjectData.traceLine(java.lang.Object, int)
[2023.02.07 17:23:43] (Coverage): Error tracing class be.digitalia.fosdem.parsers.EventsParser: java.lang.NoSuchMethodException: com.intellij.rt.coverage.data.ProjectData.traceLine(java.lang.Object, int)
[2023.02.07 17:23:43] (Coverage): Error tracing class be.digitalia.fosdem.parsers.EventsParser: java.lang.NoSuchMethodException: com.intellij.rt.coverage.data.ProjectData.traceLine(java.lang.Object, int)
[2023.02.07 17:23:43] (Coverage): Error tracing class be.digitalia.fosdem.parsers.EventsParser: java.lang.NoSuchMethodException: com.intellij.rt.coverage.data.ProjectData.traceLine(java.lang.Object, int)
[2023.02.07 17:23:43] (Coverage): Error tracing class be.digitalia.fosdem.parsers.EventsParser: java.lang.NoSuchMethodException: com.intellij.rt.coverage.data.ProjectData.traceLine(java.lang.Object, int)
[2023.02.07 17:23:43] (Coverage): Error tracing class be.digitalia.fosdem.parsers.EventsParser: java.lang.NoSuchMethodException: com.intellij.rt.coverage.data.ProjectData.traceLine(java.lang.Object, int)
[2023.02.07 17:23:43] (Coverage): Error tracing class be.digitalia.fosdem.parsers.EventsParser: java.lang.NoSuchMethodException: com.intellij.rt.coverage.data.ProjectData.traceLine(java.lang.Object, int)
[2023.02.07 17:23:43] (Coverage): Error tracing class be.digitalia.fosdem.parsers.EventsParser: java.lang.NoSuchMethodException: com.intellij.rt.coverage.data.ProjectData.traceLine(java.lang.Object, int)
[2023.02.07 17:23:43] (Coverage): Error tracing class be.digitalia.fosdem.parsers.EventsParser: java.lang.NoSuchMethodException: com.intellij.rt.coverage.data.ProjectData.traceLine(java.lang.Object, int)
[2023.02.07 17:23:43] (Coverage): Error tracing class be.digitalia.fosdem.parsers.EventsParser: java.lang.NoSuchMethodException: com.intellij.rt.coverage.data.ProjectData.traceLine(java.lang.Object, int)
[2023.02.07 17:23:43] (Coverage): Error tracing class be.digitalia.fosdem.parsers.EventsParser: java.lang.NoSuchMethodException: com.intellij.rt.coverage.data.ProjectData.traceLine(java.lang.Object, int)
[2023.02.07 17:23:43] (Coverage): Error tracing class be.digitalia.fosdem.parsers.EventsParser: java.lang.NoSuchMethodException: com.intellij.rt.coverage.data.ProjectData.traceLine(java.lang.Object, int)
[2023.02.07 17:23:43] (Coverage): Error tracing class be.digitalia.fosdem.parsers.EventsParser: java.lang.NoSuchMethodException: com.intellij.rt.coverage.data.ProjectData.traceLine(java.lang.Object, int)
[2023.02.07 17:23:43] (Coverage): Error tracing class be.digitalia.fosdem.parsers.EventsParser: java.lang.NoSuchMethodException: com.intellij.rt.coverage.data.ProjectData.traceLine(java.lang.Object, int)
[2023.02.07 17:23:43] (Coverage): Error tracing class be.digitalia.fosdem.parsers.EventsParser: java.lang.NoSuchMethodException: com.intellij.rt.coverage.data.ProjectData.traceLine(java.lang.Object, int)
[2023.02.07 17:23:43] (Coverage): Error tracing class be.digitalia.fosdem.parsers.EventsParser: java.lang.NoSuchMethodException: com.intellij.rt.coverage.data.ProjectData.traceLine(java.lang.Object, int)
[2023.02.07 17:23:43] (Coverage): Error tracing class be.digitalia.fosdem.parsers.EventsParser: java.lang.NoSuchMethodException: com.intellij.rt.coverage.data.ProjectData.traceLine(java.lang.Object, int)
[2023.02.07 17:23:43] (Coverage): Error tracing class be.digitalia.fosdem.parsers.EventsParser: java.lang.NoSuchMethodException: com.intellij.rt.coverage.data.ProjectData.traceLine(java.lang.Object, int)
[2023.02.07 17:23:43] (Coverage): Error tracing class be.digitalia.fosdem.parsers.EventsParser: java.lang.NoSuchMethodException: com.intellij.rt.coverage.data.ProjectData.traceLine(java.lang.Object, int)
[2023.02.07 17:23:43] (Coverage): Error tracing class be.digitalia.fosdem.parsers.EventsParser: java.lang.NoSuchMethodException: com.intellij.rt.coverage.data.ProjectData.traceLine(java.lang.Object, int)
[2023.02.07 17:23:43] (Coverage): Error tracing class be.digitalia.fosdem.parsers.EventsParser: java.lang.NoSuchMethodException: com.intellij.rt.coverage.data.ProjectData.traceLine(java.lang.Object, int)
[2023.02.07 17:23:43] (Coverage): Error tracing class be.digitalia.fosdem.parsers.EventsParser: java.lang.NoSuchMethodException: com.intellij.rt.coverage.data.ProjectData.traceLine(java.lang.Object, int)
[2023.02.07 17:23:43] (Coverage): Error tracing class be.digitalia.fosdem.parsers.EventsParser: java.lang.NoSuchMethodException: com.intellij.rt.coverage.data.ProjectData.traceLine(java.lang.Object, int)
[2023.02.07 17:23:43] (Coverage): Error tracing class be.digitalia.fosdem.parsers.EventsParser: java.lang.NoSuchMethodException: com.intellij.rt.coverage.data.ProjectData.traceLine(java.lang.Object, int)
[2023.02.07 17:23:43] (Coverage): Error tracing class be.digitalia.fosdem.parsers.EventsParser: java.lang.NoSuchMethodException: com.intellij.rt.coverage.data.ProjectData.traceLine(java.lang.Object, int)
[2023.02.07 17:23:43] (Coverage): Error tracing class be.digitalia.fosdem.parsers.EventsParser: java.lang.NoSuchMethodException: com.intellij.rt.coverage.data.ProjectData.traceLine(java.lang.Object, int)
[2023.02.07 17:23:43] (Coverage): Error tracing class be.digitalia.fosdem.parsers.EventsParser: java.lang.NoSuchMethodException: com.intellij.rt.coverage.data.ProjectData.traceLine(java.lang.Object, int)
[2023.02.07 17:23:43] (Coverage): Error tracing class be.digitalia.fosdem.parsers.EventsParser: java.lang.NoSuchMethodException: com.intellij.rt.coverage.data.ProjectData.traceLine(java.lang.Object, int)
[2023.02.07 17:23:43] (Coverage): Error tracing class be.digitalia.fosdem.parsers.EventsParser: java.lang.NoSuchMethodException: com.intellij.rt.coverage.data.ProjectData.traceLine(java.lang.Object, int)
[2023.02.07 17:23:43] (Coverage): Error tracing class be.digitalia.fosdem.parsers.EventsParser: java.lang.NoSuchMethodException: com.intellij.rt.coverage.data.ProjectData.traceLine(java.lang.Object, int)
[2023.02.07 17:23:43] (Coverage): Error tracing class be.digitalia.fosdem.parsers.EventsParser: java.lang.NoSuchMethodException: com.intellij.rt.coverage.data.ProjectData.traceLine(java.lang.Object, int)
[2023.02.07 17:23:43] (Coverage): Error tracing class be.digitalia.fosdem.parsers.EventsParser: java.lang.NoSuchMethodException: com.intellij.rt.coverage.data.ProjectData.traceLine(java.lang.Object, int)
[2023.02.07 17:23:43] (Coverage): Error tracing class be.digitalia.fosdem.parsers.EventsParser: java.lang.NoSuchMethodException: com.intellij.rt.coverage.data.ProjectData.traceLine(java.lang.Object, int)
[2023.02.07 17:23:43] (Coverage): Error tracing class be.digitalia.fosdem.parsers.EventsParser: java.lang.NoSuchMethodException: com.intellij.rt.coverage.data.ProjectData.traceLine(java.lang.Object, int)
[2023.02.07 17:23:43] (Coverage): Error tracing class be.digitalia.fosdem.parsers.EventsParser: java.lang.NoSuchMethodException: com.intellij.rt.coverage.data.ProjectData.traceLine(java.lang.Object, int)
[2023.02.07 17:23:43] (Coverage): Error tracing class be.digitalia.fosdem.parsers.EventsParser: java.lang.NoSuchMethodException: com.intellij.rt.coverage.data.ProjectData.traceLine(java.lang.Object, int)
[2023.02.07 17:23:43] (Coverage): Error tracing class be.digitalia.fosdem.parsers.EventsParser: java.lang.NoSuchMethodException: com.intellij.rt.coverage.data.ProjectData.traceLine(java.lang.Object, int)
[2023.02.07 17:23:43] (Coverage): Error tracing class be.digitalia.fosdem.parsers.EventsParser: java.lang.NoSuchMethodException: com.intellij.rt.coverage.data.ProjectData.traceLine(java.lang.Object, int)
[2023.02.07 17:23:43] (Coverage): Error tracing class be.digitalia.fosdem.parsers.EventsParser: java.lang.NoSuchMethodException: com.intellij.rt.coverage.data.ProjectData.traceLine(java.lang.Object, int)
[2023.02.07 17:23:43] (Coverage): Error tracing class be.digitalia.fosdem.parsers.EventsParser: java.lang.NoSuchMethodException: com.intellij.rt.coverage.data.ProjectData.traceLine(java.lang.Object, int)
[2023.02.07 17:23:43] (Coverage): Error tracing class be.digitalia.fosdem.parsers.EventsParser: java.lang.NoSuchMethodException: com.intellij.rt.coverage.data.ProjectData.traceLine(java.lang.Object, int)
[2023.02.07 17:23:43] (Coverage): Error tracing class be.digitalia.fosdem.parsers.EventsParser: java.lang.NoSuchMethodException: com.intellij.rt.coverage.data.ProjectData.traceLine(java.lang.Object, int)
[2023.02.07 17:23:43] (Coverage): Error tracing class be.digitalia.fosdem.parsers.EventsParser: java.lang.NoSuchMethodException: com.intellij.rt.coverage.data.ProjectData.traceLine(java.lang.Object, int)
[2023.02.07 17:23:43] (Coverage): Error tracing class be.digitalia.fosdem.parsers.EventsParser: java.lang.NoSuchMethodException: com.intellij.rt.coverage.data.ProjectData.traceLine(java.lang.Object, int)
[2023.02.07 17:23:43] (Coverage): Error tracing class be.digitalia.fosdem.parsers.EventsParser: java.lang.NoSuchMethodException: com.intellij.rt.coverage.data.ProjectData.traceLine(java.lang.Object, int)
[2023.02.07 17:23:43] (Coverage): Error tracing class be.digitalia.fosdem.parsers.EventsParser: java.lang.NoSuchMethodException: com.intellij.rt.coverage.data.ProjectData.traceLine(java.lang.Object, int)
[2023.02.07 17:23:43] (Coverage): Error tracing class be.digitalia.fosdem.parsers.EventsParser: java.lang.NoSuchMethodException: com.intellij.rt.coverage.data.ProjectData.traceLine(java.lang.Object, int)
[2023.02.07 17:23:43] (Coverage): Error tracing class be.digitalia.fosdem.parsers.EventsParser: java.lang.NoSuchMethodException: com.intellij.rt.coverage.data.ProjectData.traceLine(java.lang.Object, int)
[2023.02.07 17:23:43] (Coverage): Error tracing class be.digitalia.fosdem.parsers.EventsParser: java.lang.NoSuchMethodException: com.intellij.rt.coverage.data.ProjectData.traceLine(java.lang.Object, int)
[2023.02.07 17:23:43] (Coverage): Error tracing class be.digitalia.fosdem.parsers.EventsParser: java.lang.NoSuchMethodException: com.intellij.rt.coverage.data.ProjectData.traceLine(java.lang.Object, int)
[2023.02.07 17:23:43] (Coverage): Error tracing class be.digitalia.fosdem.parsers.EventsParser: java.lang.NoSuchMethodException: com.intellij.rt.coverage.data.ProjectData.traceLine(java.lang.Object, int)
[2023.02.07 17:23:43] (Coverage): Error tracing class be.digitalia.fosdem.parsers.EventsParser: java.lang.NoSuchMethodException: com.intellij.rt.coverage.data.ProjectData.traceLine(java.lang.Object, int)
[2023.02.07 17:23:43] (Coverage): Error tracing class be.digitalia.fosdem.parsers.EventsParser: java.lang.NoSuchMethodException: com.intellij.rt.coverage.data.ProjectData.traceLine(java.lang.Object, int)
[2023.02.07 17:23:43] (Coverage): Error tracing class be.digitalia.fosdem.parsers.EventsParser: java.lang.NoSuchMethodException: com.intellij.rt.coverage.data.ProjectData.traceLine(java.lang.Object, int)
[2023.02.07 17:23:43] (Coverage): Error tracing class be.digitalia.fosdem.parsers.EventsParser: java.lang.NoSuchMethodException: com.intellij.rt.coverage.data.ProjectData.traceLine(java.lang.Object, int)
[2023.02.07 17:23:43] (Coverage): Error tracing class be.digitalia.fosdem.parsers.EventsParser: java.lang.NoSuchMethodException: com.intellij.rt.coverage.data.ProjectData.traceLine(java.lang.Object, int)
[2023.02.07 17:23:43] (Coverage): Error tracing class be.digitalia.fosdem.parsers.EventsParser: java.lang.NoSuchMethodException: com.intellij.rt.coverage.data.ProjectData.traceLine(java.lang.Object, int)
[2023.02.07 17:23:43] (Coverage): Error tracing class be.digitalia.fosdem.parsers.EventsParser: java.lang.NoSuchMethodException: com.intellij.rt.coverage.data.ProjectData.traceLine(java.lang.Object, int)
[2023.02.07 17:23:43] (Coverage): Error tracing class be.digitalia.fosdem.parsers.EventsParser: java.lang.NoSuchMethodException: com.intellij.rt.coverage.data.ProjectData.traceLine(java.lang.Object, int)
[2023.02.07 17:23:43] (Coverage): Error tracing class be.digitalia.fosdem.parsers.EventsParser: java.lang.NoSuchMethodException: com.intellij.rt.coverage.data.ProjectData.traceLine(java.lang.Object, int)
[2023.02.07 17:23:43] (Coverage): Error tracing class be.digitalia.fosdem.parsers.EventsParser: java.lang.NoSuchMethodException: com.intellij.rt.coverage.data.ProjectData.traceLine(java.lang.Object, int)
[2023.02.07 17:23:43] (Coverage): Error tracing class be.digitalia.fosdem.parsers.EventsParser: java.lang.NoSuchMethodException: com.intellij.rt.coverage.data.ProjectData.traceLine(java.lang.Object, int)
[2023.02.07 17:23:43] (Coverage): Error tracing class be.digitalia.fosdem.parsers.EventsParser: java.lang.NoSuchMethodException: com.intellij.rt.coverage.data.ProjectData.traceLine(java.lang.Object, int)
[2023.02.07 17:23:43] (Coverage): Error tracing class be.digitalia.fosdem.parsers.EventsParser: java.lang.NoSuchMethodException: com.intellij.rt.coverage.data.ProjectData.traceLine(java.lang.Object, int)
[2023.02.07 17:23:43] (Coverage): Error tracing class be.digitalia.fosdem.parsers.EventsParser: java.lang.NoSuchMethodException: com.intellij.rt.coverage.data.ProjectData.traceLine(java.lang.Object, int)
[2023.02.07 17:23:43] (Coverage): Error tracing class be.digitalia.fosdem.parsers.EventsParser: java.lang.NoSuchMethodException: com.intellij.rt.coverage.data.ProjectData.traceLine(java.lang.Object, int)
[2023.02.07 17:23:43] (Coverage): Error tracing class be.digitalia.fosdem.parsers.EventsParser: java.lang.NoSuchMethodException: com.intellij.rt.coverage.data.ProjectData.traceLine(java.lang.Object, int)
[2023.02.07 17:23:43] (Coverage): Error tracing class be.digitalia.fosdem.parsers.EventsParser: java.lang.NoSuchMethodException: com.intellij.rt.coverage.data.ProjectData.traceLine(java.lang.Object, int)
[2023.02.07 17:23:43] (Coverage): Error tracing class be.digitalia.fosdem.parsers.EventsParser: java.lang.NoSuchMethodException: com.intellij.rt.coverage.data.ProjectData.traceLine(java.lang.Object, int)
[2023.02.07 17:23:43] (Coverage): Error tracing class be.digitalia.fosdem.parsers.EventsParser: java.lang.NoSuchMethodException: com.intellij.rt.coverage.data.ProjectData.traceLine(java.lang.Object, int)
[2023.02.07 17:23:43] (Coverage): Error tracing class be.digitalia.fosdem.parsers.EventsParser: java.lang.NoSuchMethodException: com.intellij.rt.coverage.data.ProjectData.traceLine(java.lang.Object, int)
[2023.02.07 17:23:43] (Coverage): Error tracing class be.digitalia.fosdem.parsers.EventsParser: java.lang.NoSuchMethodException: com.intellij.rt.coverage.data.ProjectData.traceLine(java.lang.Object, int)
[2023.02.07 17:23:43] (Coverage): Error tracing class be.digitalia.fosdem.parsers.EventsParser: java.lang.NoSuchMethodException: com.intellij.rt.coverage.data.ProjectData.traceLine(java.lang.Object, int)
[2023.02.07 17:23:43] (Coverage): Error tracing class be.digitalia.fosdem.parsers.EventsParser: java.lang.NoSuchMethodException: com.intellij.rt.coverage.data.ProjectData.traceLine(java.lang.Object, int)
[2023.02.07 17:23:43] (Coverage): Error tracing class be.digitalia.fosdem.parsers.EventsParser: java.lang.NoSuchMethodException: com.intellij.rt.coverage.data.ProjectData.traceLine(java.lang.Object, int)
[2023.02.07 17:23:43] (Coverage): Error tracing class be.digitalia.fosdem.parsers.EventsParser: java.lang.NoSuchMethodException: com.intellij.rt.coverage.data.ProjectData.traceLine(java.lang.Object, int)
[2023.02.07 17:23:43] (Coverage): Error tracing class be.digitalia.fosdem.parsers.EventsParser: java.lang.NoSuchMethodException: com.intellij.rt.coverage.data.ProjectData.traceLine(java.lang.Object, int)
[2023.02.07 17:23:43] (Coverage): Error tracing class be.digitalia.fosdem.parsers.EventsParser: java.lang.NoSuchMethodException: com.intellij.rt.coverage.data.ProjectData.traceLine(java.lang.Object, int)
[2023.02.07 17:23:43] (Coverage): Error tracing class be.digitalia.fosdem.parsers.EventsParser: java.lang.NoSuchMethodException: com.intellij.rt.coverage.data.ProjectData.traceLine(java.lang.Object, int)
[2023.02.07 17:23:43] (Coverage): Error tracing class be.digitalia.fosdem.parsers.EventsParser: java.lang.NoSuchMethodException: com.intellij.rt.coverage.data.ProjectData.traceLine(java.lang.Object, int)
[2023.02.07 17:23:43] (Coverage): Error tracing class be.digitalia.fosdem.parsers.EventsParser: java.lang.NoSuchMethodException: com.intellij.rt.coverage.data.ProjectData.traceLine(java.lang.Object, int)
[2023.02.07 17:23:43] (Coverage): Error tracing class be.digitalia.fosdem.parsers.EventsParser: java.lang.NoSuchMethodException: com.intellij.rt.coverage.data.ProjectData.traceLine(java.lang.Object, int)
[2023.02.07 17:23:43] (Coverage): Error tracing class be.digitalia.fosdem.parsers.EventsParser: java.lang.NoSuchMethodException: com.intellij.rt.coverage.data.ProjectData.traceLine(java.lang.Object, int)
[2023.02.07 17:23:43] (Coverage): Error tracing class be.digitalia.fosdem.parsers.EventsParser: java.lang.NoSuchMethodException: com.intellij.rt.coverage.data.ProjectData.traceLine(java.lang.Object, int)
[2023.02.07 17:23:43] (Coverage): Error tracing class be.digitalia.fosdem.parsers.EventsParser: java.lang.NoSuchMethodException: com.intellij.rt.coverage.data.ProjectData.traceLine(java.lang.Object, int)
[2023.02.07 17:23:43] (Coverage): Error tracing class be.digitalia.fosdem.parsers.EventsParser: java.lang.NoSuchMethodException: com.intellij.rt.coverage.data.ProjectData.traceLine(java.lang.Object, int)
[2023.02.07 17:23:43] (Coverage): Error tracing class be.digitalia.fosdem.parsers.EventsParser: java.lang.NoSuchMethodException: com.intellij.rt.coverage.data.ProjectData.traceLine(java.lang.Object, int)
[2023.02.07 17:23:43] (Coverage): Error tracing class be.digitalia.fosdem.parsers.EventsParser: java.lang.NoSuchMethodException: com.intellij.rt.coverage.data.ProjectData.traceLine(java.lang.Object, int)
[2023.02.07 17:23:43] (Coverage): Error tracing class be.digitalia.fosdem.parsers.EventsParser: java.lang.NoSuchMethodException: com.intellij.rt.coverage.data.ProjectData.traceLine(java.lang.Object, int)
[2023.02.07 17:23:43] (Coverage): Error tracing class be.digitalia.fosdem.parsers.EventsParser: java.lang.NoSuchMethodException: com.intellij.rt.coverage.data.ProjectData.traceLine(java.lang.Object, int)
[2023.02.07 17:23:43] (Coverage): Error tracing class be.digitalia.fosdem.parsers.EventsParser: java.lang.NoSuchMethodException: com.intellij.rt.coverage.data.ProjectData.traceLine(java.lang.Object, int)
[2023.02.07 17:23:43] (Coverage): Error tracing class be.digitalia.fosdem.parsers.EventsParser: java.lang.NoSuchMethodException: com.intellij.rt.coverage.data.ProjectData.traceLine(java.lang.Object, int)
[2023.02.07 17:23:43] (Coverage): Error tracing class be.digitalia.fosdem.parsers.EventsParser: java.lang.NoSuchMethodException: com.intellij.rt.coverage.data.ProjectData.traceLine(java.lang.Object, int)
[2023.02.07 17:23:43] (Coverage): Error tracing class be.digitalia.fosdem.parsers.EventsParser: java.lang.NoSuchMethodException: com.intellij.rt.coverage.data.ProjectData.traceLine(java.lang.Object, int)
[2023.02.07 17:23:43] (Coverage): Error tracing class be.digitalia.fosdem.parsers.EventsParser: java.lang.NoSuchMethodException: com.intellij.rt.coverage.data.ProjectData.traceLine(java.lang.Object, int)
[2023.02.07 17:23:43] (Coverage): Error tracing class be.digitalia.fosdem.parsers.EventsParser: java.lang.NoSuchMethodException: com.intellij.rt.coverage.data.ProjectData.traceLine(java.lang.Object, int)
[2023.02.07 17:23:43] (Coverage): Error tracing class be.digitalia.fosdem.parsers.EventsParser: java.lang.NoSuchMethodException: com.intellij.rt.coverage.data.ProjectData.traceLine(java.lang.Object, int)
[2023.02.07 17:23:43] (Coverage): Error tracing class be.digitalia.fosdem.parsers.EventsParser: java.lang.NoSuchMethodException: com.intellij.rt.coverage.data.ProjectData.traceLine(java.lang.Object, int)
[2023.02.07 17:23:43] (Coverage): Error tracing class be.digitalia.fosdem.parsers.EventsParser: java.lang.NoSuchMethodException: com.intellij.rt.coverage.data.ProjectData.traceLine(java.lang.Object, int)
[2023.02.07 17:23:43] (Coverage): Error tracing class be.digitalia.fosdem.parsers.EventsParser: java.lang.NoSuchMethodException: com.intellij.rt.coverage.data.ProjectData.traceLine(java.lang.Object, int)
[2023.02.07 17:23:43] (Coverage): Error tracing class be.digitalia.fosdem.parsers.EventsParser: java.lang.NoSuchMethodException: com.intellij.rt.coverage.data.ProjectData.traceLine(java.lang.Object, int)
[2023.02.07 17:23:43] (Coverage): Error tracing class be.digitalia.fosdem.parsers.EventsParser: java.lang.NoSuchMethodException: com.intellij.rt.coverage.data.ProjectData.traceLine(java.lang.Object, int)
[2023.02.07 17:23:43] (Coverage): Error tracing class be.digitalia.fosdem.parsers.EventsParser: java.lang.NoSuchMethodException: com.intellij.rt.coverage.data.ProjectData.traceLine(java.lang.Object, int)
[2023.02.07 17:23:43] (Coverage): Error tracing class be.digitalia.fosdem.parsers.EventsParser: java.lang.NoSuchMethodException: com.intellij.rt.coverage.data.ProjectData.traceLine(java.lang.Object, int)
[2023.02.07 17:23:43] (Coverage): Error tracing class be.digitalia.fosdem.parsers.EventsParser: java.lang.NoSuchMethodException: com.intellij.rt.coverage.data.ProjectData.traceLine(java.lang.Object, int)
[2023.02.07 17:23:43] (Coverage): Error tracing class be.digitalia.fosdem.parsers.EventsParser: java.lang.NoSuchMethodException: com.intellij.rt.coverage.data.ProjectData.traceLine(java.lang.Object, int)
[2023.02.07 17:23:43] (Coverage): Error tracing class be.digitalia.fosdem.parsers.EventsParser: java.lang.NoSuchMethodException: com.intellij.rt.coverage.data.ProjectData.traceLine(java.lang.Object, int)
[2023.02.07 17:23:43] (Coverage): Error tracing class be.digitalia.fosdem.parsers.EventsParser: java.lang.NoSuchMethodException: com.intellij.rt.coverage.data.ProjectData.traceLine(java.lang.Object, int)
[2023.02.07 17:23:43] (Coverage): Error tracing class be.digitalia.fosdem.parsers.EventsParser: java.lang.NoSuchMethodException: com.intellij.rt.coverage.data.ProjectData.traceLine(java.lang.Object, int)
[2023.02.07 17:23:43] (Coverage): Error tracing class be.digitalia.fosdem.parsers.EventsParser: java.lang.NoSuchMethodException: com.intellij.rt.coverage.data.ProjectData.traceLine(java.lang.Object, int)
[2023.02.07 17:23:43] (Coverage): Error tracing class be.digitalia.fosdem.parsers.EventsParser: java.lang.NoSuchMethodException: com.intellij.rt.coverage.data.ProjectData.traceLine(java.lang.Object, int)
[2023.02.07 17:23:43] (Coverage): Error tracing class be.digitalia.fosdem.parsers.EventsParser: java.lang.NoSuchMethodException: com.intellij.rt.coverage.data.ProjectData.traceLine(java.lang.Object, int)
[2023.02.07 17:23:43] (Coverage): Error tracing class be.digitalia.fosdem.parsers.EventsParser: java.lang.NoSuchMethodException: com.intellij.rt.coverage.data.ProjectData.traceLine(java.lang.Object, int)
[2023.02.07 17:23:43] (Coverage): Error tracing class be.digitalia.fosdem.parsers.EventsParser: java.lang.NoSuchMethodException: com.intellij.rt.coverage.data.ProjectData.traceLine(java.lang.Object, int)
[2023.02.07 17:23:43] (Coverage): Error tracing class be.digitalia.fosdem.parsers.EventsParser: java.lang.NoSuchMethodException: com.intellij.rt.coverage.data.ProjectData.traceLine(java.lang.Object, int)
[2023.02.07 17:23:43] (Coverage): Error tracing class be.digitalia.fosdem.parsers.EventsParser: java.lang.NoSuchMethodException: com.intellij.rt.coverage.data.ProjectData.traceLine(java.lang.Object, int)
[2023.02.07 17:23:43] (Coverage): Error tracing class be.digitalia.fosdem.parsers.EventsParser: java.lang.NoSuchMethodException: com.intellij.rt.coverage.data.ProjectData.traceLine(java.lang.Object, int)
[2023.02.07 17:23:43] (Coverage): Error tracing class be.digitalia.fosdem.parsers.EventsParser: java.lang.NoSuchMethodException: com.intellij.rt.coverage.data.ProjectData.traceLine(java.lang.Object, int)
[2023.02.07 17:23:43] (Coverage): Error tracing class be.digitalia.fosdem.parsers.EventsParser: java.lang.NoSuchMethodException: com.intellij.rt.coverage.data.ProjectData.traceLine(java.lang.Object, int)
[2023.02.07 17:23:43] (Coverage): Error tracing class be.digitalia.fosdem.parsers.EventsParser: java.lang.NoSuchMethodException: com.intellij.rt.coverage.data.ProjectData.traceLine(java.lang.Object, int)
[2023.02.07 17:23:43] (Coverage): Error tracing class be.digitalia.fosdem.parsers.EventsParser: java.lang.NoSuchMethodException: com.intellij.rt.coverage.data.ProjectData.traceLine(java.lang.Object, int)
[2023.02.07 17:23:43] (Coverage): Error tracing class be.digitalia.fosdem.parsers.EventsParser: java.lang.NoSuchMethodException: com.intellij.rt.coverage.data.ProjectData.traceLine(java.lang.Object, int)
[2023.02.07 17:23:43] (Coverage): Error tracing class be.digitalia.fosdem.parsers.EventsParser: java.lang.NoSuchMethodException: com.intellij.rt.coverage.data.ProjectData.traceLine(java.lang.Object, int)
[2023.02.07 17:23:43] (Coverage): Error tracing class be.digitalia.fosdem.parsers.EventsParser: java.lang.NoSuchMethodException: com.intellij.rt.coverage.data.ProjectData.traceLine(java.lang.Object, int)
[2023.02.07 17:23:43] (Coverage): Error tracing class be.digitalia.fosdem.parsers.EventsParser: java.lang.NoSuchMethodException: com.intellij.rt.coverage.data.ProjectData.traceLine(java.lang.Object, int)
[2023.02.07 17:23:43] (Coverage): Error tracing class be.digitalia.fosdem.parsers.EventsParser: java.lang.NoSuchMethodException: com.intellij.rt.coverage.data.ProjectData.traceLine(java.lang.Object, int)
[2023.02.07 17:23:43] (Coverage): Error tracing class be.digitalia.fosdem.parsers.EventsParser: java.lang.NoSuchMethodException: com.intellij.rt.coverage.data.ProjectData.traceLine(java.lang.Object, int)
[2023.02.07 17:23:43] (Coverage): Error tracing class be.digitalia.fosdem.parsers.EventsParser: java.lang.NoSuchMethodException: com.intellij.rt.coverage.data.ProjectData.traceLine(java.lang.Object, int)
[2023.02.07 17:23:43] (Coverage): Error tracing class be.digitalia.fosdem.parsers.EventsParser: java.lang.NoSuchMethodException: com.intellij.rt.coverage.data.ProjectData.traceLine(java.lang.Object, int)
[2023.02.07 17:23:43] (Coverage): Error tracing class be.digitalia.fosdem.parsers.EventsParser: java.lang.NoSuchMethodException: com.intellij.rt.coverage.data.ProjectData.traceLine(java.lang.Object, int)
[2023.02.07 17:23:43] (Coverage): Error tracing class be.digitalia.fosdem.parsers.EventsParser: java.lang.NoSuchMethodException: com.intellij.rt.coverage.data.ProjectData.traceLine(java.lang.Object, int)
[2023.02.07 17:23:43] (Coverage): Error tracing class be.digitalia.fosdem.parsers.EventsParser: java.lang.NoSuchMethodException: com.intellij.rt.coverage.data.ProjectData.traceLine(java.lang.Object, int)
[2023.02.07 17:23:43] (Coverage): Error tracing class be.digitalia.fosdem.parsers.EventsParser: java.lang.NoSuchMethodException: com.intellij.rt.coverage.data.ProjectData.traceLine(java.lang.Object, int)
[2023.02.07 17:23:43] (Coverage): Error tracing class be.digitalia.fosdem.parsers.EventsParser: java.lang.NoSuchMethodException: com.intellij.rt.coverage.data.ProjectData.traceLine(java.lang.Object, int)
[2023.02.07 17:23:43] (Coverage): Error tracing class be.digitalia.fosdem.parsers.EventsParser: java.lang.NoSuchMethodException: com.intellij.rt.coverage.data.ProjectData.traceLine(java.lang.Object, int)
[2023.02.07 17:23:43] (Coverage): Error tracing class be.digitalia.fosdem.parsers.EventsParser: java.lang.NoSuchMethodException: com.intellij.rt.coverage.data.ProjectData.traceLine(java.lang.Object, int)
[2023.02.07 17:23:43] (Coverage): Error tracing class be.digitalia.fosdem.parsers.EventsParser: java.lang.NoSuchMethodException: com.intellij.rt.coverage.data.ProjectData.traceLine(java.lang.Object, int)
[2023.02.07 17:23:43] (Coverage): Error tracing class be.digitalia.fosdem.parsers.EventsParser: java.lang.NoSuchMethodException: com.intellij.rt.coverage.data.ProjectData.traceLine(java.lang.Object, int)
[2023.02.07 17:23:43] (Coverage): Error tracing class be.digitalia.fosdem.parsers.EventsParser: java.lang.NoSuchMethodException: com.intellij.rt.coverage.data.ProjectData.traceLine(java.lang.Object, int)
[2023.02.07 17:23:43] (Coverage): Error tracing class be.digitalia.fosdem.parsers.EventsParser: java.lang.NoSuchMethodException: com.intellij.rt.coverage.data.ProjectData.traceLine(java.lang.Object, int)
[2023.02.07 17:23:43] (Coverage): Error tracing class be.digitalia.fosdem.parsers.EventsParser: java.lang.NoSuchMethodException: com.intellij.rt.coverage.data.ProjectData.traceLine(java.lang.Object, int)
[2023.02.07 17:23:43] (Coverage): Error tracing class be.digitalia.fosdem.parsers.EventsParser: java.lang.NoSuchMethodException: com.intellij.rt.coverage.data.ProjectData.traceLine(java.lang.Object, int)
[2023.02.07 17:23:43] (Coverage): Error tracing class be.digitalia.fosdem.parsers.EventsParser: java.lang.NoSuchMethodException: com.intellij.rt.coverage.data.ProjectData.traceLine(java.lang.Object, int)
[2023.02.07 17:23:43] (Coverage): Error tracing class be.digitalia.fosdem.parsers.EventsParser: java.lang.NoSuchMethodException: com.intellij.rt.coverage.data.ProjectData.traceLine(java.lang.Object, int)
[2023.02.07 17:23:43] (Coverage): Error tracing class be.digitalia.fosdem.parsers.EventsParser: java.lang.NoSuchMethodException: com.intellij.rt.coverage.data.ProjectData.traceLine(java.lang.Object, int)
[2023.02.07 17:23:43] (Coverage): Error tracing class be.digitalia.fosdem.parsers.EventsParser: java.lang.NoSuchMethodException: com.intellij.rt.coverage.data.ProjectData.traceLine(java.lang.Object, int)
[2023.02.07 17:23:43] (Coverage): Error tracing class be.digitalia.fosdem.parsers.EventsParser: java.lang.NoSuchMethodException: com.intellij.rt.coverage.data.ProjectData.traceLine(java.lang.Object, int)
[2023.02.07 17:23:43] (Coverage): Error tracing class be.digitalia.fosdem.parsers.EventsParser: java.lang.NoSuchMethodException: com.intellij.rt.coverage.data.ProjectData.traceLine(java.lang.Object, int)
[2023.02.07 17:23:43] (Coverage): Error tracing class be.digitalia.fosdem.parsers.EventsParser: java.lang.NoSuchMethodException: com.intellij.rt.coverage.data.ProjectData.traceLine(java.lang.Object, int)
[2023.02.07 17:23:43] (Coverage): Error tracing class be.digitalia.fosdem.parsers.EventsParser: java.lang.NoSuchMethodException: com.intellij.rt.coverage.data.ProjectData.traceLine(java.lang.Object, int)
[2023.02.07 17:23:43] (Coverage): Error tracing class be.digitalia.fosdem.parsers.EventsParser: java.lang.NoSuchMethodException: com.intellij.rt.coverage.data.ProjectData.traceLine(java.lang.Object, int)
[2023.02.07 17:23:43] (Coverage): Error tracing class be.digitalia.fosdem.parsers.EventsParser: java.lang.NoSuchMethodException: com.intellij.rt.coverage.data.ProjectData.traceLine(java.lang.Object, int)
[2023.02.07 17:23:43] (Coverage): Error tracing class be.digitalia.fosdem.parsers.EventsParser: java.lang.NoSuchMethodException: com.intellij.rt.coverage.data.ProjectData.traceLine(java.lang.Object, int)
[2023.02.07 17:23:43] (Coverage): Error tracing class be.digitalia.fosdem.parsers.EventsParser: java.lang.NoSuchMethodException: com.intellij.rt.coverage.data.ProjectData.traceLine(java.lang.Object, int)
[2023.02.07 17:23:43] (Coverage): Error tracing class be.digitalia.fosdem.parsers.EventsParser: java.lang.NoSuchMethodException: com.intellij.rt.coverage.data.ProjectData.traceLine(java.lang.Object, int)
[2023.02.07 17:23:43] (Coverage): Error tracing class be.digitalia.fosdem.parsers.EventsParser: java.lang.NoSuchMethodException: com.intellij.rt.coverage.data.ProjectData.traceLine(java.lang.Object, int)
[2023.02.07 17:23:43] (Coverage): Error tracing class be.digitalia.fosdem.parsers.EventsParser: java.lang.NoSuchMethodException: com.intellij.rt.coverage.data.ProjectData.traceLine(java.lang.Object, int)
[2023.02.07 17:23:43] (Coverage): Error tracing class be.digitalia.fosdem.parsers.EventsParser: java.lang.NoSuchMethodException: com.intellij.rt.coverage.data.ProjectData.traceLine(java.lang.Object, int)
[2023.02.07 17:23:43] (Coverage): Error tracing class be.digitalia.fosdem.parsers.EventsParser: java.lang.NoSuchMethodException: com.intellij.rt.coverage.data.ProjectData.traceLine(java.lang.Object, int)
[2023.02.07 17:23:43] (Coverage): Error tracing class be.digitalia.fosdem.parsers.EventsParser: java.lang.NoSuchMethodException: com.intellij.rt.coverage.data.ProjectData.traceLine(java.lang.Object, int)
[2023.02.07 17:23:43] (Coverage): Error tracing class be.digitalia.fosdem.parsers.EventsParser: java.lang.NoSuchMethodException: com.intellij.rt.coverage.data.ProjectData.traceLine(java.lang.Object, int)
[2023.02.07 17:23:43] (Coverage): Error tracing class be.digitalia.fosdem.parsers.EventsParser: java.lang.NoSuchMethodException: com.intellij.rt.coverage.data.ProjectData.traceLine(java.lang.Object, int)
[2023.02.07 17:23:43] (Coverage): Error tracing class be.digitalia.fosdem.parsers.EventsParser: java.lang.NoSuchMethodException: com.intellij.rt.coverage.data.ProjectData.traceLine(java.lang.Object, int)
[2023.02.07 17:23:43] (Coverage): Error tracing class be.digitalia.fosdem.parsers.EventsParser: java.lang.NoSuchMethodException: com.intellij.rt.coverage.data.ProjectData.traceLine(java.lang.Object, int)
[2023.02.07 17:23:43] (Coverage): Error tracing class be.digitalia.fosdem.parsers.EventsParser: java.lang.NoSuchMethodException: com.intellij.rt.coverage.data.ProjectData.traceLine(java.lang.Object, int)
[2023.02.07 17:23:43] (Coverage): Error tracing class be.digitalia.fosdem.parsers.EventsParser: java.lang.NoSuchMethodException: com.intellij.rt.coverage.data.ProjectData.traceLine(java.lang.Object, int)
[2023.02.07 17:23:43] (Coverage): Error tracing class be.digitalia.fosdem.parsers.EventsParser: java.lang.NoSuchMethodException: com.intellij.rt.coverage.data.ProjectData.traceLine(java.lang.Object, int)
[2023.02.07 17:23:43] (Coverage): Error tracing class be.digitalia.fosdem.parsers.EventsParser: java.lang.NoSuchMethodException: com.intellij.rt.coverage.data.ProjectData.traceLine(java.lang.Object, int)
[2023.02.07 17:23:43] (Coverage): Error tracing class be.digitalia.fosdem.parsers.EventsParser: java.lang.NoSuchMethodException: com.intellij.rt.coverage.data.ProjectData.traceLine(java.lang.Object, int)
[2023.02.07 17:23:43] (Coverage): Error tracing class be.digitalia.fosdem.parsers.EventsParser: java.lang.NoSuchMethodException: com.intellij.rt.coverage.data.ProjectData.traceLine(java.lang.Object, int)
[2023.02.07 17:23:43] (Coverage): Error tracing class be.digitalia.fosdem.parsers.EventsParser: java.lang.NoSuchMethodException: com.intellij.rt.coverage.data.ProjectData.traceLine(java.lang.Object, int)
[2023.02.07 17:23:43] (Coverage): Error tracing class be.digitalia.fosdem.parsers.EventsParser: java.lang.NoSuchMethodException: com.intellij.rt.coverage.data.ProjectData.traceLine(java.lang.Object, int)
[2023.02.07 17:23:43] (Coverage): Error tracing class be.digitalia.fosdem.parsers.EventsParser: java.lang.NoSuchMethodException: com.intellij.rt.coverage.data.ProjectData.traceLine(java.lang.Object, int)
[2023.02.07 17:23:43] (Coverage): Error tracing class be.digitalia.fosdem.parsers.EventsParser: java.lang.NoSuchMethodException: com.intellij.rt.coverage.data.ProjectData.traceLine(java.lang.Object, int)
[2023.02.07 17:23:43] (Coverage): Error tracing class be.digitalia.fosdem.parsers.EventsParser: java.lang.NoSuchMethodException: com.intellij.rt.coverage.data.ProjectData.traceLine(java.lang.Object, int)
[2023.02.07 17:23:43] (Coverage): Error tracing class be.digitalia.fosdem.parsers.EventsParser: java.lang.NoSuchMethodException: com.intellij.rt.coverage.data.ProjectData.traceLine(java.lang.Object, int)
[2023.02.07 17:23:43] (Coverage): Error tracing class be.digitalia.fosdem.parsers.EventsParser: java.lang.NoSuchMethodException: com.intellij.rt.coverage.data.ProjectData.traceLine(java.lang.Object, int)
[2023.02.07 17:23:43] (Coverage): Error tracing class be.digitalia.fosdem.parsers.EventsParser: java.lang.NoSuchMethodException: com.intellij.rt.coverage.data.ProjectData.traceLine(java.lang.Object, int)
[2023.02.07 17:23:43] (Coverage): Error tracing class be.digitalia.fosdem.parsers.EventsParser: java.lang.NoSuchMethodException: com.intellij.rt.coverage.data.ProjectData.traceLine(java.lang.Object, int)
[2023.02.07 17:23:43] (Coverage): Error tracing class be.digitalia.fosdem.parsers.EventsParser: java.lang.NoSuchMethodException: com.intellij.rt.coverage.data.ProjectData.traceLine(java.lang.Object, int)
[2023.02.07 17:23:43] (Coverage): Error tracing class be.digitalia.fosdem.parsers.EventsParser: java.lang.NoSuchMethodException: com.intellij.rt.coverage.data.ProjectData.traceLine(java.lang.Object, int)
[2023.02.07 17:23:43] (Coverage): Error tracing class be.digitalia.fosdem.parsers.EventsParser: java.lang.NoSuchMethodException: com.intellij.rt.coverage.data.ProjectData.traceLine(java.lang.Object, int)
[2023.02.07 17:23:43] (Coverage): Error tracing class be.digitalia.fosdem.parsers.EventsParser: java.lang.NoSuchMethodException: com.intellij.rt.coverage.data.ProjectData.traceLine(java.lang.Object, int)
[2023.02.07 17:23:43] (Coverage): Error tracing class be.digitalia.fosdem.parsers.EventsParser: java.lang.NoSuchMethodException: com.intellij.rt.coverage.data.ProjectData.traceLine(java.lang.Object, int)
[2023.02.07 17:23:43] (Coverage): Error tracing class be.digitalia.fosdem.parsers.EventsParser: java.lang.NoSuchMethodException: com.intellij.rt.coverage.data.ProjectData.traceLine(java.lang.Object, int)
[2023.02.07 17:23:43] (Coverage): Error tracing class be.digitalia.fosdem.parsers.EventsParser: java.lang.NoSuchMethodException: com.intellij.rt.coverage.data.ProjectData.traceLine(java.lang.Object, int)
[2023.02.07 17:23:43] (Coverage): Error tracing class be.digitalia.fosdem.parsers.EventsParser: java.lang.NoSuchMethodException: com.intellij.rt.coverage.data.ProjectData.traceLine(java.lang.Object, int)
[2023.02.07 17:23:43] (Coverage): Error tracing class be.digitalia.fosdem.parsers.EventsParser: java.lang.NoSuchMethodException: com.intellij.rt.coverage.data.ProjectData.traceLine(java.lang.Object, int)
[2023.02.07 17:23:43] (Coverage): Error tracing class be.digitalia.fosdem.parsers.EventsParser: java.lang.NoSuchMethodException: com.intellij.rt.coverage.data.ProjectData.traceLine(java.lang.Object, int)
[2023.02.07 17:23:43] (Coverage): Error tracing class be.digitalia.fosdem.parsers.EventsParser: java.lang.NoSuchMethodException: com.intellij.rt.coverage.data.ProjectData.traceLine(java.lang.Object, int)
[2023.02.07 17:23:43] (Coverage): Error tracing class be.digitalia.fosdem.parsers.EventsParser: java.lang.NoSuchMethodException: com.intellij.rt.coverage.data.ProjectData.traceLine(java.lang.Object, int)
[2023.02.07 17:23:43] (Coverage): Error tracing class be.digitalia.fosdem.parsers.EventsParser: java.lang.NoSuchMethodException: com.intellij.rt.coverage.data.ProjectData.traceLine(java.lang.Object, int)
[2023.02.07 17:23:43] (Coverage): Error tracing class be.digitalia.fosdem.parsers.EventsParser: java.lang.NoSuchMethodException: com.intellij.rt.coverage.data.ProjectData.traceLine(java.lang.Object, int)
[2023.02.07 17:23:43] (Coverage): Error tracing class be.digitalia.fosdem.parsers.EventsParser: java.lang.NoSuchMethodException: com.intellij.rt.coverage.data.ProjectData.traceLine(java.lang.Object, int)
[2023.02.07 17:23:43] (Coverage): Error tracing class be.digitalia.fosdem.parsers.EventsParser: java.lang.NoSuchMethodException: com.intellij.rt.coverage.data.ProjectData.traceLine(java.lang.Object, int)
[2023.02.07 17:23:43] (Coverage): Error tracing class be.digitalia.fosdem.parsers.EventsParser: java.lang.NoSuchMethodException: com.intellij.rt.coverage.data.ProjectData.traceLine(java.lang.Object, int)
[2023.02.07 17:23:43] (Coverage): Error tracing class be.digitalia.fosdem.parsers.EventsParser: java.lang.NoSuchMethodException: com.intellij.rt.coverage.data.ProjectData.traceLine(java.lang.Object, int)
[2023.02.07 17:23:43] (Coverage): Error tracing class be.digitalia.fosdem.parsers.EventsParser: java.lang.NoSuchMethodException: com.intellij.rt.coverage.data.ProjectData.traceLine(java.lang.Object, int)
[2023.02.07 17:23:43] (Coverage): Error tracing class be.digitalia.fosdem.parsers.EventsParser: java.lang.NoSuchMethodException: com.intellij.rt.coverage.data.ProjectData.traceLine(java.lang.Object, int)
[2023.02.07 17:23:43] (Coverage): Error tracing class be.digitalia.fosdem.parsers.EventsParser: java.lang.NoSuchMethodException: com.intellij.rt.coverage.data.ProjectData.traceLine(java.lang.Object, int)
[2023.02.07 17:23:43] (Coverage): Error tracing class be.digitalia.fosdem.parsers.EventsParser: java.lang.NoSuchMethodException: com.intellij.rt.coverage.data.ProjectData.traceLine(java.lang.Object, int)
]]></system-err>
</testsuite>
