<?xml version="1.0" encoding="UTF-8"?>
<testsuite name="org.fdroid.fdroid.FeatureImageTest" tests="1" skipped="0" failures="0" errors="0" timestamp="2023-02-07T17:17:33" hostname="DESKTOP-P1HHUKE" time="2.944">
  <properties/>
  <testcase name="test1" classname="org.fdroid.fdroid.FeatureImageTest" time="2.944"/>
  <system-out><![CDATA[
Gin Memory: 113914088
]]></system-out>
  <system-err><![CDATA[[2023.02.07 17:17:35] (Coverage): Error tracing class org.fdroid.fdroid.views.apps.FeatureImage: java.lang.NoSuchMethodException: com.intellij.rt.coverage.data.ProjectData.traceLine(java.lang.Object, int)
[2023.02.07 17:17:35] (Coverage): Error tracing class org.fdroid.fdroid.views.apps.FeatureImage: java.lang.NoSuchMethodException: com.intellij.rt.coverage.data.ProjectData.traceLine(java.lang.Object, int)
[2023.02.07 17:17:35] (Coverage): Error tracing class org.fdroid.fdroid.views.apps.FeatureImage: java.lang.NoSuchMethodException: com.intellij.rt.coverage.data.ProjectData.traceLine(java.lang.Object, int)
[2023.02.07 17:17:35] (Coverage): Error tracing class org.fdroid.fdroid.views.apps.FeatureImage: java.lang.NoSuchMethodException: com.intellij.rt.coverage.data.ProjectData.traceLine(java.lang.Object, int)
[2023.02.07 17:17:35] (Coverage): Error tracing class org.fdroid.fdroid.views.apps.FeatureImage: java.lang.NoSuchMethodException: com.intellij.rt.coverage.data.ProjectData.traceLine(java.lang.Object, int)
[2023.02.07 17:17:35] (Coverage): Error tracing class org.fdroid.fdroid.views.apps.FeatureImage: java.lang.NoSuchMethodException: com.intellij.rt.coverage.data.ProjectData.traceLine(java.lang.Object, int)
[2023.02.07 17:17:35] (Coverage): Error tracing class org.fdroid.fdroid.views.apps.FeatureImage: java.lang.NoSuchMethodException: com.intellij.rt.coverage.data.ProjectData.traceLine(java.lang.Object, int)
[2023.02.07 17:17:35] (Coverage): Error tracing class org.fdroid.fdroid.views.apps.FeatureImage: java.lang.NoSuchMethodException: com.intellij.rt.coverage.data.ProjectData.traceLine(java.lang.Object, int)
[2023.02.07 17:17:35] (Coverage): Error tracing class org.fdroid.fdroid.views.apps.FeatureImage: java.lang.NoSuchMethodException: com.intellij.rt.coverage.data.ProjectData.traceLine(java.lang.Object, int)
[2023.02.07 17:17:35] (Coverage): Error tracing class org.fdroid.fdroid.views.apps.FeatureImage: java.lang.NoSuchMethodException: com.intellij.rt.coverage.data.ProjectData.traceLine(java.lang.Object, int)
[2023.02.07 17:17:35] (Coverage): Error tracing class org.fdroid.fdroid.views.apps.FeatureImage: java.lang.NoSuchMethodException: com.intellij.rt.coverage.data.ProjectData.traceLine(java.lang.Object, int)
[2023.02.07 17:17:35] (Coverage): Error tracing class org.fdroid.fdroid.views.apps.FeatureImage: java.lang.NoSuchMethodException: com.intellij.rt.coverage.data.ProjectData.traceLine(java.lang.Object, int)
[2023.02.07 17:17:35] (Coverage): Error tracing class org.fdroid.fdroid.views.apps.FeatureImage: java.lang.NoSuchMethodException: com.intellij.rt.coverage.data.ProjectData.traceLine(java.lang.Object, int)
[2023.02.07 17:17:35] (Coverage): Error tracing class org.fdroid.fdroid.views.apps.FeatureImage: java.lang.NoSuchMethodException: com.intellij.rt.coverage.data.ProjectData.traceLine(java.lang.Object, int)
[2023.02.07 17:17:35] (Coverage): Error tracing class org.fdroid.fdroid.views.apps.FeatureImage: java.lang.NoSuchMethodException: com.intellij.rt.coverage.data.ProjectData.traceLine(java.lang.Object, int)
[2023.02.07 17:17:35] (Coverage): Error tracing class org.fdroid.fdroid.views.apps.FeatureImage: java.lang.NoSuchMethodException: com.intellij.rt.coverage.data.ProjectData.traceLine(java.lang.Object, int)
[2023.02.07 17:17:35] (Coverage): Error tracing class org.fdroid.fdroid.views.apps.FeatureImage: java.lang.NoSuchMethodException: com.intellij.rt.coverage.data.ProjectData.traceLine(java.lang.Object, int)
[2023.02.07 17:17:35] (Coverage): Error tracing class org.fdroid.fdroid.views.apps.FeatureImage: java.lang.NoSuchMethodException: com.intellij.rt.coverage.data.ProjectData.traceLine(java.lang.Object, int)
[2023.02.07 17:17:35] (Coverage): Error tracing class org.fdroid.fdroid.views.apps.FeatureImage: java.lang.NoSuchMethodException: com.intellij.rt.coverage.data.ProjectData.traceLine(java.lang.Object, int)
[2023.02.07 17:17:35] (Coverage): Error tracing class org.fdroid.fdroid.views.apps.FeatureImage: java.lang.NoSuchMethodException: com.intellij.rt.coverage.data.ProjectData.traceLine(java.lang.Object, int)
[2023.02.07 17:17:35] (Coverage): Error tracing class org.fdroid.fdroid.views.apps.FeatureImage: java.lang.NoSuchMethodException: com.intellij.rt.coverage.data.ProjectData.traceLine(java.lang.Object, int)
[2023.02.07 17:17:35] (Coverage): Error tracing class org.fdroid.fdroid.views.apps.FeatureImage: java.lang.NoSuchMethodException: com.intellij.rt.coverage.data.ProjectData.traceLine(java.lang.Object, int)
[2023.02.07 17:17:35] (Coverage): Error tracing class org.fdroid.fdroid.views.apps.FeatureImage: java.lang.NoSuchMethodException: com.intellij.rt.coverage.data.ProjectData.traceLine(java.lang.Object, int)
[2023.02.07 17:17:35] (Coverage): Error tracing class org.fdroid.fdroid.views.apps.FeatureImage: java.lang.NoSuchMethodException: com.intellij.rt.coverage.data.ProjectData.traceLine(java.lang.Object, int)
[2023.02.07 17:17:35] (Coverage): Error tracing class org.fdroid.fdroid.views.apps.FeatureImage: java.lang.NoSuchMethodException: com.intellij.rt.coverage.data.ProjectData.traceLine(java.lang.Object, int)
[2023.02.07 17:17:35] (Coverage): Error tracing class org.fdroid.fdroid.views.apps.FeatureImage: java.lang.NoSuchMethodException: com.intellij.rt.coverage.data.ProjectData.traceLine(java.lang.Object, int)
[2023.02.07 17:17:35] (Coverage): Error tracing class org.fdroid.fdroid.views.apps.FeatureImage: java.lang.NoSuchMethodException: com.intellij.rt.coverage.data.ProjectData.traceLine(java.lang.Object, int)
[2023.02.07 17:17:35] (Coverage): Error tracing class org.fdroid.fdroid.views.apps.FeatureImage: java.lang.NoSuchMethodException: com.intellij.rt.coverage.data.ProjectData.traceLine(java.lang.Object, int)
[2023.02.07 17:17:35] (Coverage): Error tracing class org.fdroid.fdroid.views.apps.FeatureImage: java.lang.NoSuchMethodException: com.intellij.rt.coverage.data.ProjectData.traceLine(java.lang.Object, int)
[2023.02.07 17:17:35] (Coverage): Error tracing class org.fdroid.fdroid.views.apps.FeatureImage: java.lang.NoSuchMethodException: com.intellij.rt.coverage.data.ProjectData.traceLine(java.lang.Object, int)
[2023.02.07 17:17:35] (Coverage): Error tracing class org.fdroid.fdroid.views.apps.FeatureImage: java.lang.NoSuchMethodException: com.intellij.rt.coverage.data.ProjectData.traceLine(java.lang.Object, int)
[2023.02.07 17:17:35] (Coverage): Error tracing class org.fdroid.fdroid.views.apps.FeatureImage: java.lang.NoSuchMethodException: com.intellij.rt.coverage.data.ProjectData.traceLine(java.lang.Object, int)
[2023.02.07 17:17:35] (Coverage): Error tracing class org.fdroid.fdroid.views.apps.FeatureImage: java.lang.NoSuchMethodException: com.intellij.rt.coverage.data.ProjectData.traceLine(java.lang.Object, int)
[2023.02.07 17:17:35] (Coverage): Error tracing class org.fdroid.fdroid.views.apps.FeatureImage: java.lang.NoSuchMethodException: com.intellij.rt.coverage.data.ProjectData.traceLine(java.lang.Object, int)
[2023.02.07 17:17:35] (Coverage): Error tracing class org.fdroid.fdroid.views.apps.FeatureImage: java.lang.NoSuchMethodException: com.intellij.rt.coverage.data.ProjectData.traceLine(java.lang.Object, int)
[2023.02.07 17:17:35] (Coverage): Error tracing class org.fdroid.fdroid.views.apps.FeatureImage: java.lang.NoSuchMethodException: com.intellij.rt.coverage.data.ProjectData.traceLine(java.lang.Object, int)
[2023.02.07 17:17:35] (Coverage): Error tracing class org.fdroid.fdroid.views.apps.FeatureImage: java.lang.NoSuchMethodException: com.intellij.rt.coverage.data.ProjectData.traceLine(java.lang.Object, int)
[2023.02.07 17:17:35] (Coverage): Error tracing class org.fdroid.fdroid.views.apps.FeatureImage: java.lang.NoSuchMethodException: com.intellij.rt.coverage.data.ProjectData.traceLine(java.lang.Object, int)
[2023.02.07 17:17:35] (Coverage): Error tracing class org.fdroid.fdroid.views.apps.FeatureImage: java.lang.NoSuchMethodException: com.intellij.rt.coverage.data.ProjectData.traceLine(java.lang.Object, int)
[2023.02.07 17:17:35] (Coverage): Error tracing class org.fdroid.fdroid.views.apps.FeatureImage: java.lang.NoSuchMethodException: com.intellij.rt.coverage.data.ProjectData.traceLine(java.lang.Object, int)
[2023.02.07 17:17:35] (Coverage): Error tracing class org.fdroid.fdroid.views.apps.FeatureImage: java.lang.NoSuchMethodException: com.intellij.rt.coverage.data.ProjectData.traceLine(java.lang.Object, int)
[2023.02.07 17:17:35] (Coverage): Error tracing class org.fdroid.fdroid.views.apps.FeatureImage: java.lang.NoSuchMethodException: com.intellij.rt.coverage.data.ProjectData.traceLine(java.lang.Object, int)
[2023.02.07 17:17:35] (Coverage): Error tracing class org.fdroid.fdroid.views.apps.FeatureImage: java.lang.NoSuchMethodException: com.intellij.rt.coverage.data.ProjectData.traceLine(java.lang.Object, int)
[2023.02.07 17:17:35] (Coverage): Error tracing class org.fdroid.fdroid.views.apps.FeatureImage: java.lang.NoSuchMethodException: com.intellij.rt.coverage.data.ProjectData.traceLine(java.lang.Object, int)
[2023.02.07 17:17:35] (Coverage): Error tracing class org.fdroid.fdroid.views.apps.FeatureImage: java.lang.NoSuchMethodException: com.intellij.rt.coverage.data.ProjectData.traceLine(java.lang.Object, int)
[2023.02.07 17:17:35] (Coverage): Error tracing class org.fdroid.fdroid.views.apps.FeatureImage: java.lang.NoSuchMethodException: com.intellij.rt.coverage.data.ProjectData.traceLine(java.lang.Object, int)
[2023.02.07 17:17:35] (Coverage): Error tracing class org.fdroid.fdroid.views.apps.FeatureImage: java.lang.NoSuchMethodException: com.intellij.rt.coverage.data.ProjectData.traceLine(java.lang.Object, int)
[2023.02.07 17:17:35] (Coverage): Error tracing class org.fdroid.fdroid.views.apps.FeatureImage: java.lang.NoSuchMethodException: com.intellij.rt.coverage.data.ProjectData.traceLine(java.lang.Object, int)
[2023.02.07 17:17:35] (Coverage): Error tracing class org.fdroid.fdroid.views.apps.FeatureImage: java.lang.NoSuchMethodException: com.intellij.rt.coverage.data.ProjectData.traceLine(java.lang.Object, int)
[2023.02.07 17:17:35] (Coverage): Error tracing class org.fdroid.fdroid.views.apps.FeatureImage: java.lang.NoSuchMethodException: com.intellij.rt.coverage.data.ProjectData.traceLine(java.lang.Object, int)
[2023.02.07 17:17:35] (Coverage): Error tracing class org.fdroid.fdroid.views.apps.FeatureImage: java.lang.NoSuchMethodException: com.intellij.rt.coverage.data.ProjectData.traceLine(java.lang.Object, int)
[2023.02.07 17:17:35] (Coverage): Error tracing class org.fdroid.fdroid.views.apps.FeatureImage: java.lang.NoSuchMethodException: com.intellij.rt.coverage.data.ProjectData.traceLine(java.lang.Object, int)
[2023.02.07 17:17:35] (Coverage): Error tracing class org.fdroid.fdroid.views.apps.FeatureImage: java.lang.NoSuchMethodException: com.intellij.rt.coverage.data.ProjectData.traceLine(java.lang.Object, int)
[2023.02.07 17:17:35] (Coverage): Error tracing class org.fdroid.fdroid.views.apps.FeatureImage: java.lang.NoSuchMethodException: com.intellij.rt.coverage.data.ProjectData.traceLine(java.lang.Object, int)
[2023.02.07 17:17:35] (Coverage): Error tracing class org.fdroid.fdroid.views.apps.FeatureImage: java.lang.NoSuchMethodException: com.intellij.rt.coverage.data.ProjectData.traceLine(java.lang.Object, int)
[2023.02.07 17:17:35] (Coverage): Error tracing class org.fdroid.fdroid.views.apps.FeatureImage: java.lang.NoSuchMethodException: com.intellij.rt.coverage.data.ProjectData.traceLine(java.lang.Object, int)
[2023.02.07 17:17:35] (Coverage): Error tracing class org.fdroid.fdroid.views.apps.FeatureImage: java.lang.NoSuchMethodException: com.intellij.rt.coverage.data.ProjectData.traceLine(java.lang.Object, int)
[2023.02.07 17:17:35] (Coverage): Error tracing class org.fdroid.fdroid.views.apps.FeatureImage: java.lang.NoSuchMethodException: com.intellij.rt.coverage.data.ProjectData.traceLine(java.lang.Object, int)
[2023.02.07 17:17:35] (Coverage): Error tracing class org.fdroid.fdroid.views.apps.FeatureImage: java.lang.NoSuchMethodException: com.intellij.rt.coverage.data.ProjectData.traceLine(java.lang.Object, int)
[2023.02.07 17:17:35] (Coverage): Error tracing class org.fdroid.fdroid.views.apps.FeatureImage: java.lang.NoSuchMethodException: com.intellij.rt.coverage.data.ProjectData.traceLine(java.lang.Object, int)
[2023.02.07 17:17:35] (Coverage): Error tracing class org.fdroid.fdroid.views.apps.FeatureImage: java.lang.NoSuchMethodException: com.intellij.rt.coverage.data.ProjectData.traceLine(java.lang.Object, int)
[2023.02.07 17:17:35] (Coverage): Error tracing class org.fdroid.fdroid.views.apps.FeatureImage: java.lang.NoSuchMethodException: com.intellij.rt.coverage.data.ProjectData.traceLine(java.lang.Object, int)
[2023.02.07 17:17:35] (Coverage): Error tracing class org.fdroid.fdroid.views.apps.FeatureImage: java.lang.NoSuchMethodException: com.intellij.rt.coverage.data.ProjectData.traceLine(java.lang.Object, int)
[2023.02.07 17:17:35] (Coverage): Error tracing class org.fdroid.fdroid.views.apps.FeatureImage: java.lang.NoSuchMethodException: com.intellij.rt.coverage.data.ProjectData.traceLine(java.lang.Object, int)
[2023.02.07 17:17:35] (Coverage): Error tracing class org.fdroid.fdroid.views.apps.FeatureImage: java.lang.NoSuchMethodException: com.intellij.rt.coverage.data.ProjectData.traceLine(java.lang.Object, int)
[2023.02.07 17:17:35] (Coverage): Error tracing class org.fdroid.fdroid.views.apps.FeatureImage: java.lang.NoSuchMethodException: com.intellij.rt.coverage.data.ProjectData.traceLine(java.lang.Object, int)
[2023.02.07 17:17:35] (Coverage): Error tracing class org.fdroid.fdroid.views.apps.FeatureImage: java.lang.NoSuchMethodException: com.intellij.rt.coverage.data.ProjectData.traceLine(java.lang.Object, int)
[2023.02.07 17:17:35] (Coverage): Error tracing class org.fdroid.fdroid.views.apps.FeatureImage: java.lang.NoSuchMethodException: com.intellij.rt.coverage.data.ProjectData.traceLine(java.lang.Object, int)
[2023.02.07 17:17:35] (Coverage): Error tracing class org.fdroid.fdroid.views.apps.FeatureImage: java.lang.NoSuchMethodException: com.intellij.rt.coverage.data.ProjectData.traceLine(java.lang.Object, int)
[2023.02.07 17:17:35] (Coverage): Error tracing class org.fdroid.fdroid.views.apps.FeatureImage: java.lang.NoSuchMethodException: com.intellij.rt.coverage.data.ProjectData.traceLine(java.lang.Object, int)
[2023.02.07 17:17:35] (Coverage): Error tracing class org.fdroid.fdroid.views.apps.FeatureImage: java.lang.NoSuchMethodException: com.intellij.rt.coverage.data.ProjectData.traceLine(java.lang.Object, int)
[2023.02.07 17:17:35] (Coverage): Error tracing class org.fdroid.fdroid.views.apps.FeatureImage: java.lang.NoSuchMethodException: com.intellij.rt.coverage.data.ProjectData.traceLine(java.lang.Object, int)
[2023.02.07 17:17:35] (Coverage): Error tracing class org.fdroid.fdroid.views.apps.FeatureImage: java.lang.NoSuchMethodException: com.intellij.rt.coverage.data.ProjectData.traceLine(java.lang.Object, int)
[2023.02.07 17:17:35] (Coverage): Error tracing class org.fdroid.fdroid.views.apps.FeatureImage: java.lang.NoSuchMethodException: com.intellij.rt.coverage.data.ProjectData.traceLine(java.lang.Object, int)
[2023.02.07 17:17:35] (Coverage): Error tracing class org.fdroid.fdroid.views.apps.FeatureImage: java.lang.NoSuchMethodException: com.intellij.rt.coverage.data.ProjectData.traceLine(java.lang.Object, int)
[2023.02.07 17:17:35] (Coverage): Error tracing class org.fdroid.fdroid.views.apps.FeatureImage: java.lang.NoSuchMethodException: com.intellij.rt.coverage.data.ProjectData.traceLine(java.lang.Object, int)
[2023.02.07 17:17:35] (Coverage): Error tracing class org.fdroid.fdroid.views.apps.FeatureImage: java.lang.NoSuchMethodException: com.intellij.rt.coverage.data.ProjectData.traceLine(java.lang.Object, int)
[2023.02.07 17:17:35] (Coverage): Error tracing class org.fdroid.fdroid.views.apps.FeatureImage: java.lang.NoSuchMethodException: com.intellij.rt.coverage.data.ProjectData.traceLine(java.lang.Object, int)
[2023.02.07 17:17:35] (Coverage): Error tracing class org.fdroid.fdroid.views.apps.FeatureImage: java.lang.NoSuchMethodException: com.intellij.rt.coverage.data.ProjectData.traceLine(java.lang.Object, int)
[2023.02.07 17:17:35] (Coverage): Error tracing class org.fdroid.fdroid.views.apps.FeatureImage: java.lang.NoSuchMethodException: com.intellij.rt.coverage.data.ProjectData.traceLine(java.lang.Object, int)
[2023.02.07 17:17:35] (Coverage): Error tracing class org.fdroid.fdroid.views.apps.FeatureImage: java.lang.NoSuchMethodException: com.intellij.rt.coverage.data.ProjectData.traceLine(java.lang.Object, int)
[2023.02.07 17:17:35] (Coverage): Error tracing class org.fdroid.fdroid.views.apps.FeatureImage: java.lang.NoSuchMethodException: com.intellij.rt.coverage.data.ProjectData.traceLine(java.lang.Object, int)
[2023.02.07 17:17:35] (Coverage): Error tracing class org.fdroid.fdroid.views.apps.FeatureImage: java.lang.NoSuchMethodException: com.intellij.rt.coverage.data.ProjectData.traceLine(java.lang.Object, int)
[2023.02.07 17:17:35] (Coverage): Error tracing class org.fdroid.fdroid.views.apps.FeatureImage: java.lang.NoSuchMethodException: com.intellij.rt.coverage.data.ProjectData.traceLine(java.lang.Object, int)
[2023.02.07 17:17:35] (Coverage): Error tracing class org.fdroid.fdroid.views.apps.FeatureImage: java.lang.NoSuchMethodException: com.intellij.rt.coverage.data.ProjectData.traceLine(java.lang.Object, int)
[2023.02.07 17:17:35] (Coverage): Error tracing class org.fdroid.fdroid.views.apps.FeatureImage: java.lang.NoSuchMethodException: com.intellij.rt.coverage.data.ProjectData.traceLine(java.lang.Object, int)
[2023.02.07 17:17:35] (Coverage): Error tracing class org.fdroid.fdroid.views.apps.FeatureImage: java.lang.NoSuchMethodException: com.intellij.rt.coverage.data.ProjectData.traceLine(java.lang.Object, int)
[2023.02.07 17:17:35] (Coverage): Error tracing class org.fdroid.fdroid.views.apps.FeatureImage: java.lang.NoSuchMethodException: com.intellij.rt.coverage.data.ProjectData.traceLine(java.lang.Object, int)
[2023.02.07 17:17:35] (Coverage): Error tracing class org.fdroid.fdroid.views.apps.FeatureImage: java.lang.NoSuchMethodException: com.intellij.rt.coverage.data.ProjectData.traceLine(java.lang.Object, int)
[2023.02.07 17:17:35] (Coverage): Error tracing class org.fdroid.fdroid.views.apps.FeatureImage: java.lang.NoSuchMethodException: com.intellij.rt.coverage.data.ProjectData.traceLine(java.lang.Object, int)
[2023.02.07 17:17:35] (Coverage): Error tracing class org.fdroid.fdroid.views.apps.FeatureImage: java.lang.NoSuchMethodException: com.intellij.rt.coverage.data.ProjectData.traceLine(java.lang.Object, int)
[2023.02.07 17:17:35] (Coverage): Error tracing class org.fdroid.fdroid.views.apps.FeatureImage: java.lang.NoSuchMethodException: com.intellij.rt.coverage.data.ProjectData.traceLine(java.lang.Object, int)
[2023.02.07 17:17:35] (Coverage): Error tracing class org.fdroid.fdroid.views.apps.FeatureImage: java.lang.NoSuchMethodException: com.intellij.rt.coverage.data.ProjectData.traceLine(java.lang.Object, int)
[2023.02.07 17:17:35] (Coverage): Error tracing class org.fdroid.fdroid.views.apps.FeatureImage: java.lang.NoSuchMethodException: com.intellij.rt.coverage.data.ProjectData.traceLine(java.lang.Object, int)
[2023.02.07 17:17:35] (Coverage): Error tracing class org.fdroid.fdroid.views.apps.FeatureImage: java.lang.NoSuchMethodException: com.intellij.rt.coverage.data.ProjectData.traceLine(java.lang.Object, int)
[2023.02.07 17:17:35] (Coverage): Error tracing class org.fdroid.fdroid.views.apps.FeatureImage: java.lang.NoSuchMethodException: com.intellij.rt.coverage.data.ProjectData.traceLine(java.lang.Object, int)
[2023.02.07 17:17:35] (Coverage): Error tracing class org.fdroid.fdroid.views.apps.FeatureImage: java.lang.NoSuchMethodException: com.intellij.rt.coverage.data.ProjectData.traceLine(java.lang.Object, int)
[2023.02.07 17:17:35] (Coverage): Error tracing class org.fdroid.fdroid.views.apps.FeatureImage: java.lang.NoSuchMethodException: com.intellij.rt.coverage.data.ProjectData.traceLine(java.lang.Object, int)
[2023.02.07 17:17:35] (Coverage): Error tracing class org.fdroid.fdroid.views.apps.FeatureImage: java.lang.NoSuchMethodException: com.intellij.rt.coverage.data.ProjectData.traceLine(java.lang.Object, int)
[2023.02.07 17:17:35] (Coverage): Error tracing class org.fdroid.fdroid.views.apps.FeatureImage: java.lang.NoSuchMethodException: com.intellij.rt.coverage.data.ProjectData.traceLine(java.lang.Object, int)
[2023.02.07 17:17:35] (Coverage): Error tracing class org.fdroid.fdroid.views.apps.FeatureImage: java.lang.NoSuchMethodException: com.intellij.rt.coverage.data.ProjectData.traceLine(java.lang.Object, int)
[2023.02.07 17:17:35] (Coverage): Error tracing class org.fdroid.fdroid.views.apps.FeatureImage: java.lang.NoSuchMethodException: com.intellij.rt.coverage.data.ProjectData.traceLine(java.lang.Object, int)
[2023.02.07 17:17:35] (Coverage): Error tracing class org.fdroid.fdroid.views.apps.FeatureImage: java.lang.NoSuchMethodException: com.intellij.rt.coverage.data.ProjectData.traceLine(java.lang.Object, int)
[2023.02.07 17:17:35] (Coverage): Error tracing class org.fdroid.fdroid.views.apps.FeatureImage: java.lang.NoSuchMethodException: com.intellij.rt.coverage.data.ProjectData.traceLine(java.lang.Object, int)
[2023.02.07 17:17:35] (Coverage): Error tracing class org.fdroid.fdroid.views.apps.FeatureImage: java.lang.NoSuchMethodException: com.intellij.rt.coverage.data.ProjectData.traceLine(java.lang.Object, int)
[2023.02.07 17:17:35] (Coverage): Error tracing class org.fdroid.fdroid.views.apps.FeatureImage: java.lang.NoSuchMethodException: com.intellij.rt.coverage.data.ProjectData.traceLine(java.lang.Object, int)
[2023.02.07 17:17:35] (Coverage): Error tracing class org.fdroid.fdroid.views.apps.FeatureImage: java.lang.NoSuchMethodException: com.intellij.rt.coverage.data.ProjectData.traceLine(java.lang.Object, int)
[2023.02.07 17:17:35] (Coverage): Error tracing class org.fdroid.fdroid.views.apps.FeatureImage: java.lang.NoSuchMethodException: com.intellij.rt.coverage.data.ProjectData.traceLine(java.lang.Object, int)
[2023.02.07 17:17:35] (Coverage): Error tracing class org.fdroid.fdroid.views.apps.FeatureImage: java.lang.NoSuchMethodException: com.intellij.rt.coverage.data.ProjectData.traceLine(java.lang.Object, int)
[2023.02.07 17:17:35] (Coverage): Error tracing class org.fdroid.fdroid.views.apps.FeatureImage: java.lang.NoSuchMethodException: com.intellij.rt.coverage.data.ProjectData.traceLine(java.lang.Object, int)
[2023.02.07 17:17:35] (Coverage): Error tracing class org.fdroid.fdroid.views.apps.FeatureImage: java.lang.NoSuchMethodException: com.intellij.rt.coverage.data.ProjectData.traceLine(java.lang.Object, int)
[2023.02.07 17:17:35] (Coverage): Error tracing class org.fdroid.fdroid.views.apps.FeatureImage: java.lang.NoSuchMethodException: com.intellij.rt.coverage.data.ProjectData.traceLine(java.lang.Object, int)
[2023.02.07 17:17:35] (Coverage): Error tracing class org.fdroid.fdroid.views.apps.FeatureImage: java.lang.NoSuchMethodException: com.intellij.rt.coverage.data.ProjectData.traceLine(java.lang.Object, int)
[2023.02.07 17:17:35] (Coverage): Error tracing class org.fdroid.fdroid.views.apps.FeatureImage: java.lang.NoSuchMethodException: com.intellij.rt.coverage.data.ProjectData.traceLine(java.lang.Object, int)
[2023.02.07 17:17:35] (Coverage): Error tracing class org.fdroid.fdroid.views.apps.FeatureImage: java.lang.NoSuchMethodException: com.intellij.rt.coverage.data.ProjectData.traceLine(java.lang.Object, int)
[2023.02.07 17:17:35] (Coverage): Error tracing class org.fdroid.fdroid.views.apps.FeatureImage: java.lang.NoSuchMethodException: com.intellij.rt.coverage.data.ProjectData.traceLine(java.lang.Object, int)
[2023.02.07 17:17:35] (Coverage): Error tracing class org.fdroid.fdroid.views.apps.FeatureImage: java.lang.NoSuchMethodException: com.intellij.rt.coverage.data.ProjectData.traceLine(java.lang.Object, int)
[2023.02.07 17:17:35] (Coverage): Error tracing class org.fdroid.fdroid.views.apps.FeatureImage: java.lang.NoSuchMethodException: com.intellij.rt.coverage.data.ProjectData.traceLine(java.lang.Object, int)
[2023.02.07 17:17:35] (Coverage): Error tracing class org.fdroid.fdroid.views.apps.FeatureImage: java.lang.NoSuchMethodException: com.intellij.rt.coverage.data.ProjectData.traceLine(java.lang.Object, int)
[2023.02.07 17:17:35] (Coverage): Error tracing class org.fdroid.fdroid.views.apps.FeatureImage: java.lang.NoSuchMethodException: com.intellij.rt.coverage.data.ProjectData.traceLine(java.lang.Object, int)
[2023.02.07 17:17:35] (Coverage): Error tracing class org.fdroid.fdroid.views.apps.FeatureImage: java.lang.NoSuchMethodException: com.intellij.rt.coverage.data.ProjectData.traceLine(java.lang.Object, int)
[2023.02.07 17:17:35] (Coverage): Error tracing class org.fdroid.fdroid.views.apps.FeatureImage: java.lang.NoSuchMethodException: com.intellij.rt.coverage.data.ProjectData.traceLine(java.lang.Object, int)
[2023.02.07 17:17:35] (Coverage): Error tracing class org.fdroid.fdroid.views.apps.FeatureImage: java.lang.NoSuchMethodException: com.intellij.rt.coverage.data.ProjectData.traceLine(java.lang.Object, int)
[2023.02.07 17:17:35] (Coverage): Error tracing class org.fdroid.fdroid.views.apps.FeatureImage: java.lang.NoSuchMethodException: com.intellij.rt.coverage.data.ProjectData.traceLine(java.lang.Object, int)
[2023.02.07 17:17:35] (Coverage): Error tracing class org.fdroid.fdroid.views.apps.FeatureImage: java.lang.NoSuchMethodException: com.intellij.rt.coverage.data.ProjectData.traceLine(java.lang.Object, int)
[2023.02.07 17:17:35] (Coverage): Error tracing class org.fdroid.fdroid.views.apps.FeatureImage: java.lang.NoSuchMethodException: com.intellij.rt.coverage.data.ProjectData.traceLine(java.lang.Object, int)
[2023.02.07 17:17:35] (Coverage): Error tracing class org.fdroid.fdroid.views.apps.FeatureImage: java.lang.NoSuchMethodException: com.intellij.rt.coverage.data.ProjectData.traceLine(java.lang.Object, int)
[2023.02.07 17:17:35] (Coverage): Error tracing class org.fdroid.fdroid.views.apps.FeatureImage: java.lang.NoSuchMethodException: com.intellij.rt.coverage.data.ProjectData.traceLine(java.lang.Object, int)
[2023.02.07 17:17:35] (Coverage): Error tracing class org.fdroid.fdroid.views.apps.FeatureImage: java.lang.NoSuchMethodException: com.intellij.rt.coverage.data.ProjectData.traceLine(java.lang.Object, int)
[2023.02.07 17:17:35] (Coverage): Error tracing class org.fdroid.fdroid.views.apps.FeatureImage: java.lang.NoSuchMethodException: com.intellij.rt.coverage.data.ProjectData.traceLine(java.lang.Object, int)
[2023.02.07 17:17:35] (Coverage): Error tracing class org.fdroid.fdroid.views.apps.FeatureImage: java.lang.NoSuchMethodException: com.intellij.rt.coverage.data.ProjectData.traceLine(java.lang.Object, int)
[2023.02.07 17:17:35] (Coverage): Error tracing class org.fdroid.fdroid.views.apps.FeatureImage: java.lang.NoSuchMethodException: com.intellij.rt.coverage.data.ProjectData.traceLine(java.lang.Object, int)
[2023.02.07 17:17:35] (Coverage): Error tracing class org.fdroid.fdroid.views.apps.FeatureImage: java.lang.NoSuchMethodException: com.intellij.rt.coverage.data.ProjectData.traceLine(java.lang.Object, int)
[2023.02.07 17:17:35] (Coverage): Error tracing class org.fdroid.fdroid.views.apps.FeatureImage: java.lang.NoSuchMethodException: com.intellij.rt.coverage.data.ProjectData.traceLine(java.lang.Object, int)
[2023.02.07 17:17:35] (Coverage): Error tracing class org.fdroid.fdroid.views.apps.FeatureImage: java.lang.NoSuchMethodException: com.intellij.rt.coverage.data.ProjectData.traceLine(java.lang.Object, int)
[2023.02.07 17:17:35] (Coverage): Error tracing class org.fdroid.fdroid.views.apps.FeatureImage: java.lang.NoSuchMethodException: com.intellij.rt.coverage.data.ProjectData.traceLine(java.lang.Object, int)
[2023.02.07 17:17:35] (Coverage): Error tracing class org.fdroid.fdroid.views.apps.FeatureImage: java.lang.NoSuchMethodException: com.intellij.rt.coverage.data.ProjectData.traceLine(java.lang.Object, int)
[2023.02.07 17:17:35] (Coverage): Error tracing class org.fdroid.fdroid.views.apps.FeatureImage: java.lang.NoSuchMethodException: com.intellij.rt.coverage.data.ProjectData.traceLine(java.lang.Object, int)
[2023.02.07 17:17:35] (Coverage): Error tracing class org.fdroid.fdroid.views.apps.FeatureImage: java.lang.NoSuchMethodException: com.intellij.rt.coverage.data.ProjectData.traceLine(java.lang.Object, int)
[2023.02.07 17:17:35] (Coverage): Error tracing class org.fdroid.fdroid.views.apps.FeatureImage: java.lang.NoSuchMethodException: com.intellij.rt.coverage.data.ProjectData.traceLine(java.lang.Object, int)
[2023.02.07 17:17:35] (Coverage): Error tracing class org.fdroid.fdroid.views.apps.FeatureImage: java.lang.NoSuchMethodException: com.intellij.rt.coverage.data.ProjectData.traceLine(java.lang.Object, int)
[2023.02.07 17:17:35] (Coverage): Error tracing class org.fdroid.fdroid.views.apps.FeatureImage: java.lang.NoSuchMethodException: com.intellij.rt.coverage.data.ProjectData.traceLine(java.lang.Object, int)
[2023.02.07 17:17:35] (Coverage): Error tracing class org.fdroid.fdroid.views.apps.FeatureImage: java.lang.NoSuchMethodException: com.intellij.rt.coverage.data.ProjectData.traceLine(java.lang.Object, int)
[2023.02.07 17:17:35] (Coverage): Error tracing class org.fdroid.fdroid.views.apps.FeatureImage: java.lang.NoSuchMethodException: com.intellij.rt.coverage.data.ProjectData.traceLine(java.lang.Object, int)
[2023.02.07 17:17:35] (Coverage): Error tracing class org.fdroid.fdroid.views.apps.FeatureImage: java.lang.NoSuchMethodException: com.intellij.rt.coverage.data.ProjectData.traceLine(java.lang.Object, int)
[2023.02.07 17:17:35] (Coverage): Error tracing class org.fdroid.fdroid.views.apps.FeatureImage: java.lang.NoSuchMethodException: com.intellij.rt.coverage.data.ProjectData.traceLine(java.lang.Object, int)
[2023.02.07 17:17:35] (Coverage): Error tracing class org.fdroid.fdroid.views.apps.FeatureImage: java.lang.NoSuchMethodException: com.intellij.rt.coverage.data.ProjectData.traceLine(java.lang.Object, int)
[2023.02.07 17:17:35] (Coverage): Error tracing class org.fdroid.fdroid.views.apps.FeatureImage: java.lang.NoSuchMethodException: com.intellij.rt.coverage.data.ProjectData.traceLine(java.lang.Object, int)
[2023.02.07 17:17:35] (Coverage): Error tracing class org.fdroid.fdroid.views.apps.FeatureImage: java.lang.NoSuchMethodException: com.intellij.rt.coverage.data.ProjectData.traceLine(java.lang.Object, int)
[2023.02.07 17:17:35] (Coverage): Error tracing class org.fdroid.fdroid.views.apps.FeatureImage: java.lang.NoSuchMethodException: com.intellij.rt.coverage.data.ProjectData.traceLine(java.lang.Object, int)
[2023.02.07 17:17:35] (Coverage): Error tracing class org.fdroid.fdroid.views.apps.FeatureImage: java.lang.NoSuchMethodException: com.intellij.rt.coverage.data.ProjectData.traceLine(java.lang.Object, int)
[2023.02.07 17:17:35] (Coverage): Error tracing class org.fdroid.fdroid.views.apps.FeatureImage: java.lang.NoSuchMethodException: com.intellij.rt.coverage.data.ProjectData.traceLine(java.lang.Object, int)
[2023.02.07 17:17:35] (Coverage): Error tracing class org.fdroid.fdroid.views.apps.FeatureImage: java.lang.NoSuchMethodException: com.intellij.rt.coverage.data.ProjectData.traceLine(java.lang.Object, int)
[2023.02.07 17:17:35] (Coverage): Error tracing class org.fdroid.fdroid.views.apps.FeatureImage: java.lang.NoSuchMethodException: com.intellij.rt.coverage.data.ProjectData.traceLine(java.lang.Object, int)
[2023.02.07 17:17:35] (Coverage): Error tracing class org.fdroid.fdroid.views.apps.FeatureImage: java.lang.NoSuchMethodException: com.intellij.rt.coverage.data.ProjectData.traceLine(java.lang.Object, int)
[2023.02.07 17:17:35] (Coverage): Error tracing class org.fdroid.fdroid.views.apps.FeatureImage: java.lang.NoSuchMethodException: com.intellij.rt.coverage.data.ProjectData.traceLine(java.lang.Object, int)
[2023.02.07 17:17:35] (Coverage): Error tracing class org.fdroid.fdroid.views.apps.FeatureImage: java.lang.NoSuchMethodException: com.intellij.rt.coverage.data.ProjectData.traceLine(java.lang.Object, int)
[2023.02.07 17:17:35] (Coverage): Error tracing class org.fdroid.fdroid.views.apps.FeatureImage: java.lang.NoSuchMethodException: com.intellij.rt.coverage.data.ProjectData.traceLine(java.lang.Object, int)
[2023.02.07 17:17:35] (Coverage): Error tracing class org.fdroid.fdroid.views.apps.FeatureImage: java.lang.NoSuchMethodException: com.intellij.rt.coverage.data.ProjectData.traceLine(java.lang.Object, int)
[2023.02.07 17:17:35] (Coverage): Error tracing class org.fdroid.fdroid.views.apps.FeatureImage: java.lang.NoSuchMethodException: com.intellij.rt.coverage.data.ProjectData.traceLine(java.lang.Object, int)
[2023.02.07 17:17:35] (Coverage): Error tracing class org.fdroid.fdroid.views.apps.FeatureImage: java.lang.NoSuchMethodException: com.intellij.rt.coverage.data.ProjectData.traceLine(java.lang.Object, int)
[2023.02.07 17:17:35] (Coverage): Error tracing class org.fdroid.fdroid.views.apps.FeatureImage: java.lang.NoSuchMethodException: com.intellij.rt.coverage.data.ProjectData.traceLine(java.lang.Object, int)
[2023.02.07 17:17:35] (Coverage): Error tracing class org.fdroid.fdroid.views.apps.FeatureImage: java.lang.NoSuchMethodException: com.intellij.rt.coverage.data.ProjectData.traceLine(java.lang.Object, int)
[2023.02.07 17:17:35] (Coverage): Error tracing class org.fdroid.fdroid.views.apps.FeatureImage: java.lang.NoSuchMethodException: com.intellij.rt.coverage.data.ProjectData.traceLine(java.lang.Object, int)
[2023.02.07 17:17:35] (Coverage): Error tracing class org.fdroid.fdroid.views.apps.FeatureImage: java.lang.NoSuchMethodException: com.intellij.rt.coverage.data.ProjectData.traceLine(java.lang.Object, int)
[2023.02.07 17:17:35] (Coverage): Error tracing class org.fdroid.fdroid.views.apps.FeatureImage: java.lang.NoSuchMethodException: com.intellij.rt.coverage.data.ProjectData.traceLine(java.lang.Object, int)
[2023.02.07 17:17:35] (Coverage): Error tracing class org.fdroid.fdroid.views.apps.FeatureImage: java.lang.NoSuchMethodException: com.intellij.rt.coverage.data.ProjectData.traceLine(java.lang.Object, int)
[2023.02.07 17:17:35] (Coverage): Error tracing class org.fdroid.fdroid.views.apps.FeatureImage: java.lang.NoSuchMethodException: com.intellij.rt.coverage.data.ProjectData.traceLine(java.lang.Object, int)
[2023.02.07 17:17:35] (Coverage): Error tracing class org.fdroid.fdroid.views.apps.FeatureImage: java.lang.NoSuchMethodException: com.intellij.rt.coverage.data.ProjectData.traceLine(java.lang.Object, int)
[2023.02.07 17:17:35] (Coverage): Error tracing class org.fdroid.fdroid.views.apps.FeatureImage: java.lang.NoSuchMethodException: com.intellij.rt.coverage.data.ProjectData.traceLine(java.lang.Object, int)
[2023.02.07 17:17:35] (Coverage): Error tracing class org.fdroid.fdroid.views.apps.FeatureImage: java.lang.NoSuchMethodException: com.intellij.rt.coverage.data.ProjectData.traceLine(java.lang.Object, int)
[2023.02.07 17:17:35] (Coverage): Error tracing class org.fdroid.fdroid.views.apps.FeatureImage: java.lang.NoSuchMethodException: com.intellij.rt.coverage.data.ProjectData.traceLine(java.lang.Object, int)
[2023.02.07 17:17:35] (Coverage): Error tracing class org.fdroid.fdroid.views.apps.FeatureImage: java.lang.NoSuchMethodException: com.intellij.rt.coverage.data.ProjectData.traceLine(java.lang.Object, int)
[2023.02.07 17:17:35] (Coverage): Error tracing class org.fdroid.fdroid.views.apps.FeatureImage: java.lang.NoSuchMethodException: com.intellij.rt.coverage.data.ProjectData.traceLine(java.lang.Object, int)
[2023.02.07 17:17:35] (Coverage): Error tracing class org.fdroid.fdroid.views.apps.FeatureImage: java.lang.NoSuchMethodException: com.intellij.rt.coverage.data.ProjectData.traceLine(java.lang.Object, int)
[2023.02.07 17:17:35] (Coverage): Error tracing class org.fdroid.fdroid.views.apps.FeatureImage: java.lang.NoSuchMethodException: com.intellij.rt.coverage.data.ProjectData.traceLine(java.lang.Object, int)
[2023.02.07 17:17:35] (Coverage): Error tracing class org.fdroid.fdroid.views.apps.FeatureImage: java.lang.NoSuchMethodException: com.intellij.rt.coverage.data.ProjectData.traceLine(java.lang.Object, int)
[2023.02.07 17:17:35] (Coverage): Error tracing class org.fdroid.fdroid.views.apps.FeatureImage: java.lang.NoSuchMethodException: com.intellij.rt.coverage.data.ProjectData.traceLine(java.lang.Object, int)
[2023.02.07 17:17:35] (Coverage): Error tracing class org.fdroid.fdroid.views.apps.FeatureImage: java.lang.NoSuchMethodException: com.intellij.rt.coverage.data.ProjectData.traceLine(java.lang.Object, int)
[2023.02.07 17:17:35] (Coverage): Error tracing class org.fdroid.fdroid.views.apps.FeatureImage: java.lang.NoSuchMethodException: com.intellij.rt.coverage.data.ProjectData.traceLine(java.lang.Object, int)
[2023.02.07 17:17:35] (Coverage): Error tracing class org.fdroid.fdroid.views.apps.FeatureImage: java.lang.NoSuchMethodException: com.intellij.rt.coverage.data.ProjectData.traceLine(java.lang.Object, int)
[2023.02.07 17:17:35] (Coverage): Error tracing class org.fdroid.fdroid.views.apps.FeatureImage: java.lang.NoSuchMethodException: com.intellij.rt.coverage.data.ProjectData.traceLine(java.lang.Object, int)
[2023.02.07 17:17:35] (Coverage): Error tracing class org.fdroid.fdroid.views.apps.FeatureImage: java.lang.NoSuchMethodException: com.intellij.rt.coverage.data.ProjectData.traceLine(java.lang.Object, int)
[2023.02.07 17:17:35] (Coverage): Error tracing class org.fdroid.fdroid.views.apps.FeatureImage: java.lang.NoSuchMethodException: com.intellij.rt.coverage.data.ProjectData.traceLine(java.lang.Object, int)
[2023.02.07 17:17:35] (Coverage): Error tracing class org.fdroid.fdroid.views.apps.FeatureImage: java.lang.NoSuchMethodException: com.intellij.rt.coverage.data.ProjectData.traceLine(java.lang.Object, int)
[2023.02.07 17:17:35] (Coverage): Error tracing class org.fdroid.fdroid.views.apps.FeatureImage: java.lang.NoSuchMethodException: com.intellij.rt.coverage.data.ProjectData.traceLine(java.lang.Object, int)
[2023.02.07 17:17:35] (Coverage): Error tracing class org.fdroid.fdroid.views.apps.FeatureImage: java.lang.NoSuchMethodException: com.intellij.rt.coverage.data.ProjectData.traceLine(java.lang.Object, int)
[2023.02.07 17:17:35] (Coverage): Error tracing class org.fdroid.fdroid.views.apps.FeatureImage: java.lang.NoSuchMethodException: com.intellij.rt.coverage.data.ProjectData.traceLine(java.lang.Object, int)
[2023.02.07 17:17:35] (Coverage): Error tracing class org.fdroid.fdroid.views.apps.FeatureImage: java.lang.NoSuchMethodException: com.intellij.rt.coverage.data.ProjectData.traceLine(java.lang.Object, int)
[2023.02.07 17:17:35] (Coverage): Error tracing class org.fdroid.fdroid.views.apps.FeatureImage: java.lang.NoSuchMethodException: com.intellij.rt.coverage.data.ProjectData.traceLine(java.lang.Object, int)
[2023.02.07 17:17:35] (Coverage): Error tracing class org.fdroid.fdroid.views.apps.FeatureImage: java.lang.NoSuchMethodException: com.intellij.rt.coverage.data.ProjectData.traceLine(java.lang.Object, int)
[2023.02.07 17:17:35] (Coverage): Error tracing class org.fdroid.fdroid.views.apps.FeatureImage: java.lang.NoSuchMethodException: com.intellij.rt.coverage.data.ProjectData.traceLine(java.lang.Object, int)
[2023.02.07 17:17:35] (Coverage): Error tracing class org.fdroid.fdroid.views.apps.FeatureImage: java.lang.NoSuchMethodException: com.intellij.rt.coverage.data.ProjectData.traceLine(java.lang.Object, int)
[2023.02.07 17:17:35] (Coverage): Error tracing class org.fdroid.fdroid.views.apps.FeatureImage: java.lang.NoSuchMethodException: com.intellij.rt.coverage.data.ProjectData.traceLine(java.lang.Object, int)
[2023.02.07 17:17:35] (Coverage): Error tracing class org.fdroid.fdroid.views.apps.FeatureImage: java.lang.NoSuchMethodException: com.intellij.rt.coverage.data.ProjectData.traceLine(java.lang.Object, int)
[2023.02.07 17:17:35] (Coverage): Error tracing class org.fdroid.fdroid.views.apps.FeatureImage: java.lang.NoSuchMethodException: com.intellij.rt.coverage.data.ProjectData.traceLine(java.lang.Object, int)
[2023.02.07 17:17:35] (Coverage): Error tracing class org.fdroid.fdroid.views.apps.FeatureImage: java.lang.NoSuchMethodException: com.intellij.rt.coverage.data.ProjectData.traceLine(java.lang.Object, int)
[2023.02.07 17:17:35] (Coverage): Error tracing class org.fdroid.fdroid.views.apps.FeatureImage: java.lang.NoSuchMethodException: com.intellij.rt.coverage.data.ProjectData.traceLine(java.lang.Object, int)
[2023.02.07 17:17:35] (Coverage): Error tracing class org.fdroid.fdroid.views.apps.FeatureImage: java.lang.NoSuchMethodException: com.intellij.rt.coverage.data.ProjectData.traceLine(java.lang.Object, int)
[2023.02.07 17:17:35] (Coverage): Error tracing class org.fdroid.fdroid.views.apps.FeatureImage: java.lang.NoSuchMethodException: com.intellij.rt.coverage.data.ProjectData.traceLine(java.lang.Object, int)
[2023.02.07 17:17:35] (Coverage): Error tracing class org.fdroid.fdroid.views.apps.FeatureImage: java.lang.NoSuchMethodException: com.intellij.rt.coverage.data.ProjectData.traceLine(java.lang.Object, int)
[2023.02.07 17:17:35] (Coverage): Error tracing class org.fdroid.fdroid.views.apps.FeatureImage: java.lang.NoSuchMethodException: com.intellij.rt.coverage.data.ProjectData.traceLine(java.lang.Object, int)
[2023.02.07 17:17:35] (Coverage): Error tracing class org.fdroid.fdroid.views.apps.FeatureImage: java.lang.NoSuchMethodException: com.intellij.rt.coverage.data.ProjectData.traceLine(java.lang.Object, int)
[2023.02.07 17:17:35] (Coverage): Error tracing class org.fdroid.fdroid.views.apps.FeatureImage: java.lang.NoSuchMethodException: com.intellij.rt.coverage.data.ProjectData.traceLine(java.lang.Object, int)
[2023.02.07 17:17:35] (Coverage): Error tracing class org.fdroid.fdroid.views.apps.FeatureImage: java.lang.NoSuchMethodException: com.intellij.rt.coverage.data.ProjectData.traceLine(java.lang.Object, int)
[2023.02.07 17:17:35] (Coverage): Error tracing class org.fdroid.fdroid.views.apps.FeatureImage: java.lang.NoSuchMethodException: com.intellij.rt.coverage.data.ProjectData.traceLine(java.lang.Object, int)
[2023.02.07 17:17:35] (Coverage): Error tracing class org.fdroid.fdroid.views.apps.FeatureImage: java.lang.NoSuchMethodException: com.intellij.rt.coverage.data.ProjectData.traceLine(java.lang.Object, int)
[2023.02.07 17:17:35] (Coverage): Error tracing class org.fdroid.fdroid.views.apps.FeatureImage: java.lang.NoSuchMethodException: com.intellij.rt.coverage.data.ProjectData.traceLine(java.lang.Object, int)
[2023.02.07 17:17:35] (Coverage): Error tracing class org.fdroid.fdroid.views.apps.FeatureImage: java.lang.NoSuchMethodException: com.intellij.rt.coverage.data.ProjectData.traceLine(java.lang.Object, int)
[2023.02.07 17:17:35] (Coverage): Error tracing class org.fdroid.fdroid.views.apps.FeatureImage: java.lang.NoSuchMethodException: com.intellij.rt.coverage.data.ProjectData.traceLine(java.lang.Object, int)
[2023.02.07 17:17:35] (Coverage): Error tracing class org.fdroid.fdroid.views.apps.FeatureImage: java.lang.NoSuchMethodException: com.intellij.rt.coverage.data.ProjectData.traceLine(java.lang.Object, int)
[2023.02.07 17:17:35] (Coverage): Error tracing class org.fdroid.fdroid.views.apps.FeatureImage: java.lang.NoSuchMethodException: com.intellij.rt.coverage.data.ProjectData.traceLine(java.lang.Object, int)
[2023.02.07 17:17:35] (Coverage): Error tracing class org.fdroid.fdroid.views.apps.FeatureImage: java.lang.NoSuchMethodException: com.intellij.rt.coverage.data.ProjectData.traceLine(java.lang.Object, int)
[2023.02.07 17:17:35] (Coverage): Error tracing class org.fdroid.fdroid.views.apps.FeatureImage: java.lang.NoSuchMethodException: com.intellij.rt.coverage.data.ProjectData.traceLine(java.lang.Object, int)
[2023.02.07 17:17:35] (Coverage): Error tracing class org.fdroid.fdroid.views.apps.FeatureImage: java.lang.NoSuchMethodException: com.intellij.rt.coverage.data.ProjectData.traceLine(java.lang.Object, int)
[2023.02.07 17:17:35] (Coverage): Error tracing class org.fdroid.fdroid.views.apps.FeatureImage: java.lang.NoSuchMethodException: com.intellij.rt.coverage.data.ProjectData.traceLine(java.lang.Object, int)
[2023.02.07 17:17:35] (Coverage): Error tracing class org.fdroid.fdroid.views.apps.FeatureImage: java.lang.NoSuchMethodException: com.intellij.rt.coverage.data.ProjectData.traceLine(java.lang.Object, int)
[2023.02.07 17:17:35] (Coverage): Error tracing class org.fdroid.fdroid.views.apps.FeatureImage: java.lang.NoSuchMethodException: com.intellij.rt.coverage.data.ProjectData.traceLine(java.lang.Object, int)
[2023.02.07 17:17:35] (Coverage): Error tracing class org.fdroid.fdroid.views.apps.FeatureImage: java.lang.NoSuchMethodException: com.intellij.rt.coverage.data.ProjectData.traceLine(java.lang.Object, int)
[2023.02.07 17:17:35] (Coverage): Error tracing class org.fdroid.fdroid.views.apps.FeatureImage: java.lang.NoSuchMethodException: com.intellij.rt.coverage.data.ProjectData.traceLine(java.lang.Object, int)
[2023.02.07 17:17:35] (Coverage): Error tracing class org.fdroid.fdroid.views.apps.FeatureImage: java.lang.NoSuchMethodException: com.intellij.rt.coverage.data.ProjectData.traceLine(java.lang.Object, int)
[2023.02.07 17:17:35] (Coverage): Error tracing class org.fdroid.fdroid.views.apps.FeatureImage: java.lang.NoSuchMethodException: com.intellij.rt.coverage.data.ProjectData.traceLine(java.lang.Object, int)
[2023.02.07 17:17:35] (Coverage): Error tracing class org.fdroid.fdroid.views.apps.FeatureImage: java.lang.NoSuchMethodException: com.intellij.rt.coverage.data.ProjectData.traceLine(java.lang.Object, int)
[2023.02.07 17:17:35] (Coverage): Error tracing class org.fdroid.fdroid.views.apps.FeatureImage: java.lang.NoSuchMethodException: com.intellij.rt.coverage.data.ProjectData.traceLine(java.lang.Object, int)
[2023.02.07 17:17:35] (Coverage): Error tracing class org.fdroid.fdroid.views.apps.FeatureImage: java.lang.NoSuchMethodException: com.intellij.rt.coverage.data.ProjectData.traceLine(java.lang.Object, int)
[2023.02.07 17:17:35] (Coverage): Error tracing class org.fdroid.fdroid.views.apps.FeatureImage: java.lang.NoSuchMethodException: com.intellij.rt.coverage.data.ProjectData.traceLine(java.lang.Object, int)
[2023.02.07 17:17:35] (Coverage): Error tracing class org.fdroid.fdroid.views.apps.FeatureImage: java.lang.NoSuchMethodException: com.intellij.rt.coverage.data.ProjectData.traceLine(java.lang.Object, int)
[2023.02.07 17:17:35] (Coverage): Error tracing class org.fdroid.fdroid.views.apps.FeatureImage: java.lang.NoSuchMethodException: com.intellij.rt.coverage.data.ProjectData.traceLine(java.lang.Object, int)
[2023.02.07 17:17:35] (Coverage): Error tracing class org.fdroid.fdroid.views.apps.FeatureImage: java.lang.NoSuchMethodException: com.intellij.rt.coverage.data.ProjectData.traceLine(java.lang.Object, int)
[2023.02.07 17:17:35] (Coverage): Error tracing class org.fdroid.fdroid.views.apps.FeatureImage: java.lang.NoSuchMethodException: com.intellij.rt.coverage.data.ProjectData.traceLine(java.lang.Object, int)
[2023.02.07 17:17:35] (Coverage): Error tracing class org.fdroid.fdroid.views.apps.FeatureImage: java.lang.NoSuchMethodException: com.intellij.rt.coverage.data.ProjectData.traceLine(java.lang.Object, int)
[2023.02.07 17:17:35] (Coverage): Error tracing class org.fdroid.fdroid.views.apps.FeatureImage: java.lang.NoSuchMethodException: com.intellij.rt.coverage.data.ProjectData.traceLine(java.lang.Object, int)
[2023.02.07 17:17:35] (Coverage): Error tracing class org.fdroid.fdroid.views.apps.FeatureImage: java.lang.NoSuchMethodException: com.intellij.rt.coverage.data.ProjectData.traceLine(java.lang.Object, int)
[2023.02.07 17:17:35] (Coverage): Error tracing class org.fdroid.fdroid.views.apps.FeatureImage: java.lang.NoSuchMethodException: com.intellij.rt.coverage.data.ProjectData.traceLine(java.lang.Object, int)
[2023.02.07 17:17:35] (Coverage): Error tracing class org.fdroid.fdroid.views.apps.FeatureImage: java.lang.NoSuchMethodException: com.intellij.rt.coverage.data.ProjectData.traceLine(java.lang.Object, int)
[2023.02.07 17:17:35] (Coverage): Error tracing class org.fdroid.fdroid.views.apps.FeatureImage: java.lang.NoSuchMethodException: com.intellij.rt.coverage.data.ProjectData.traceLine(java.lang.Object, int)
[2023.02.07 17:17:35] (Coverage): Error tracing class org.fdroid.fdroid.views.apps.FeatureImage: java.lang.NoSuchMethodException: com.intellij.rt.coverage.data.ProjectData.traceLine(java.lang.Object, int)
[2023.02.07 17:17:35] (Coverage): Error tracing class org.fdroid.fdroid.views.apps.FeatureImage: java.lang.NoSuchMethodException: com.intellij.rt.coverage.data.ProjectData.traceLine(java.lang.Object, int)
[2023.02.07 17:17:35] (Coverage): Error tracing class org.fdroid.fdroid.views.apps.FeatureImage: java.lang.NoSuchMethodException: com.intellij.rt.coverage.data.ProjectData.traceLine(java.lang.Object, int)
[2023.02.07 17:17:35] (Coverage): Error tracing class org.fdroid.fdroid.views.apps.FeatureImage: java.lang.NoSuchMethodException: com.intellij.rt.coverage.data.ProjectData.traceLine(java.lang.Object, int)
[2023.02.07 17:17:35] (Coverage): Error tracing class org.fdroid.fdroid.views.apps.FeatureImage: java.lang.NoSuchMethodException: com.intellij.rt.coverage.data.ProjectData.traceLine(java.lang.Object, int)
[2023.02.07 17:17:35] (Coverage): Error tracing class org.fdroid.fdroid.views.apps.FeatureImage: java.lang.NoSuchMethodException: com.intellij.rt.coverage.data.ProjectData.traceLine(java.lang.Object, int)
[2023.02.07 17:17:35] (Coverage): Error tracing class org.fdroid.fdroid.views.apps.FeatureImage: java.lang.NoSuchMethodException: com.intellij.rt.coverage.data.ProjectData.traceLine(java.lang.Object, int)
[2023.02.07 17:17:35] (Coverage): Error tracing class org.fdroid.fdroid.views.apps.FeatureImage: java.lang.NoSuchMethodException: com.intellij.rt.coverage.data.ProjectData.traceLine(java.lang.Object, int)
[2023.02.07 17:17:35] (Coverage): Error tracing class org.fdroid.fdroid.views.apps.FeatureImage: java.lang.NoSuchMethodException: com.intellij.rt.coverage.data.ProjectData.traceLine(java.lang.Object, int)
[2023.02.07 17:17:35] (Coverage): Error tracing class org.fdroid.fdroid.views.apps.FeatureImage: java.lang.NoSuchMethodException: com.intellij.rt.coverage.data.ProjectData.traceLine(java.lang.Object, int)
[2023.02.07 17:17:35] (Coverage): Error tracing class org.fdroid.fdroid.views.apps.FeatureImage: java.lang.NoSuchMethodException: com.intellij.rt.coverage.data.ProjectData.traceLine(java.lang.Object, int)
[2023.02.07 17:17:35] (Coverage): Error tracing class org.fdroid.fdroid.views.apps.FeatureImage: java.lang.NoSuchMethodException: com.intellij.rt.coverage.data.ProjectData.traceLine(java.lang.Object, int)
[2023.02.07 17:17:35] (Coverage): Error tracing class org.fdroid.fdroid.views.apps.FeatureImage: java.lang.NoSuchMethodException: com.intellij.rt.coverage.data.ProjectData.traceLine(java.lang.Object, int)
[2023.02.07 17:17:35] (Coverage): Error tracing class org.fdroid.fdroid.views.apps.FeatureImage: java.lang.NoSuchMethodException: com.intellij.rt.coverage.data.ProjectData.traceLine(java.lang.Object, int)
[2023.02.07 17:17:35] (Coverage): Error tracing class org.fdroid.fdroid.views.apps.FeatureImage: java.lang.NoSuchMethodException: com.intellij.rt.coverage.data.ProjectData.traceLine(java.lang.Object, int)
[2023.02.07 17:17:35] (Coverage): Error tracing class org.fdroid.fdroid.views.apps.FeatureImage: java.lang.NoSuchMethodException: com.intellij.rt.coverage.data.ProjectData.traceLine(java.lang.Object, int)
[2023.02.07 17:17:35] (Coverage): Error tracing class org.fdroid.fdroid.views.apps.FeatureImage: java.lang.NoSuchMethodException: com.intellij.rt.coverage.data.ProjectData.traceLine(java.lang.Object, int)
[2023.02.07 17:17:35] (Coverage): Error tracing class org.fdroid.fdroid.views.apps.FeatureImage: java.lang.NoSuchMethodException: com.intellij.rt.coverage.data.ProjectData.traceLine(java.lang.Object, int)
[2023.02.07 17:17:35] (Coverage): Error tracing class org.fdroid.fdroid.views.apps.FeatureImage: java.lang.NoSuchMethodException: com.intellij.rt.coverage.data.ProjectData.traceLine(java.lang.Object, int)
[2023.02.07 17:17:35] (Coverage): Error tracing class org.fdroid.fdroid.views.apps.FeatureImage: java.lang.NoSuchMethodException: com.intellij.rt.coverage.data.ProjectData.traceLine(java.lang.Object, int)
[2023.02.07 17:17:35] (Coverage): Error tracing class org.fdroid.fdroid.views.apps.FeatureImage: java.lang.NoSuchMethodException: com.intellij.rt.coverage.data.ProjectData.traceLine(java.lang.Object, int)
[2023.02.07 17:17:35] (Coverage): Error tracing class org.fdroid.fdroid.views.apps.FeatureImage: java.lang.NoSuchMethodException: com.intellij.rt.coverage.data.ProjectData.traceLine(java.lang.Object, int)
[2023.02.07 17:17:35] (Coverage): Error tracing class org.fdroid.fdroid.views.apps.FeatureImage: java.lang.NoSuchMethodException: com.intellij.rt.coverage.data.ProjectData.traceLine(java.lang.Object, int)
[2023.02.07 17:17:35] (Coverage): Error tracing class org.fdroid.fdroid.views.apps.FeatureImage: java.lang.NoSuchMethodException: com.intellij.rt.coverage.data.ProjectData.traceLine(java.lang.Object, int)
[2023.02.07 17:17:35] (Coverage): Error tracing class org.fdroid.fdroid.views.apps.FeatureImage: java.lang.NoSuchMethodException: com.intellij.rt.coverage.data.ProjectData.traceLine(java.lang.Object, int)
[2023.02.07 17:17:35] (Coverage): Error tracing class org.fdroid.fdroid.views.apps.FeatureImage: java.lang.NoSuchMethodException: com.intellij.rt.coverage.data.ProjectData.traceLine(java.lang.Object, int)
[2023.02.07 17:17:35] (Coverage): Error tracing class org.fdroid.fdroid.views.apps.FeatureImage: java.lang.NoSuchMethodException: com.intellij.rt.coverage.data.ProjectData.traceLine(java.lang.Object, int)
[2023.02.07 17:17:35] (Coverage): Error tracing class org.fdroid.fdroid.views.apps.FeatureImage: java.lang.NoSuchMethodException: com.intellij.rt.coverage.data.ProjectData.traceLine(java.lang.Object, int)
[2023.02.07 17:17:35] (Coverage): Error tracing class org.fdroid.fdroid.views.apps.FeatureImage: java.lang.NoSuchMethodException: com.intellij.rt.coverage.data.ProjectData.traceLine(java.lang.Object, int)
[2023.02.07 17:17:35] (Coverage): Error tracing class org.fdroid.fdroid.views.apps.FeatureImage: java.lang.NoSuchMethodException: com.intellij.rt.coverage.data.ProjectData.traceLine(java.lang.Object, int)
[2023.02.07 17:17:35] (Coverage): Error tracing class org.fdroid.fdroid.views.apps.FeatureImage: java.lang.NoSuchMethodException: com.intellij.rt.coverage.data.ProjectData.traceLine(java.lang.Object, int)
[2023.02.07 17:17:35] (Coverage): Error tracing class org.fdroid.fdroid.views.apps.FeatureImage: java.lang.NoSuchMethodException: com.intellij.rt.coverage.data.ProjectData.traceLine(java.lang.Object, int)
[2023.02.07 17:17:35] (Coverage): Error tracing class org.fdroid.fdroid.views.apps.FeatureImage: java.lang.NoSuchMethodException: com.intellij.rt.coverage.data.ProjectData.traceLine(java.lang.Object, int)
[2023.02.07 17:17:35] (Coverage): Error tracing class org.fdroid.fdroid.views.apps.FeatureImage: java.lang.NoSuchMethodException: com.intellij.rt.coverage.data.ProjectData.traceLine(java.lang.Object, int)
[2023.02.07 17:17:35] (Coverage): Error tracing class org.fdroid.fdroid.views.apps.FeatureImage: java.lang.NoSuchMethodException: com.intellij.rt.coverage.data.ProjectData.traceLine(java.lang.Object, int)
[2023.02.07 17:17:35] (Coverage): Error tracing class org.fdroid.fdroid.views.apps.FeatureImage: java.lang.NoSuchMethodException: com.intellij.rt.coverage.data.ProjectData.traceLine(java.lang.Object, int)
[2023.02.07 17:17:35] (Coverage): Error tracing class org.fdroid.fdroid.views.apps.FeatureImage: java.lang.NoSuchMethodException: com.intellij.rt.coverage.data.ProjectData.traceLine(java.lang.Object, int)
[2023.02.07 17:17:35] (Coverage): Error tracing class org.fdroid.fdroid.views.apps.FeatureImage: java.lang.NoSuchMethodException: com.intellij.rt.coverage.data.ProjectData.traceLine(java.lang.Object, int)
[2023.02.07 17:17:35] (Coverage): Error tracing class org.fdroid.fdroid.views.apps.FeatureImage: java.lang.NoSuchMethodException: com.intellij.rt.coverage.data.ProjectData.traceLine(java.lang.Object, int)
[2023.02.07 17:17:35] (Coverage): Error tracing class org.fdroid.fdroid.views.apps.FeatureImage: java.lang.NoSuchMethodException: com.intellij.rt.coverage.data.ProjectData.traceLine(java.lang.Object, int)
[2023.02.07 17:17:35] (Coverage): Error tracing class org.fdroid.fdroid.views.apps.FeatureImage: java.lang.NoSuchMethodException: com.intellij.rt.coverage.data.ProjectData.traceLine(java.lang.Object, int)
[2023.02.07 17:17:35] (Coverage): Error tracing class org.fdroid.fdroid.views.apps.FeatureImage: java.lang.NoSuchMethodException: com.intellij.rt.coverage.data.ProjectData.traceLine(java.lang.Object, int)
[2023.02.07 17:17:35] (Coverage): Error tracing class org.fdroid.fdroid.views.apps.FeatureImage: java.lang.NoSuchMethodException: com.intellij.rt.coverage.data.ProjectData.traceLine(java.lang.Object, int)
[2023.02.07 17:17:35] (Coverage): Error tracing class org.fdroid.fdroid.views.apps.FeatureImage: java.lang.NoSuchMethodException: com.intellij.rt.coverage.data.ProjectData.traceLine(java.lang.Object, int)
[2023.02.07 17:17:35] (Coverage): Error tracing class org.fdroid.fdroid.views.apps.FeatureImage: java.lang.NoSuchMethodException: com.intellij.rt.coverage.data.ProjectData.traceLine(java.lang.Object, int)
[2023.02.07 17:17:35] (Coverage): Error tracing class org.fdroid.fdroid.views.apps.FeatureImage: java.lang.NoSuchMethodException: com.intellij.rt.coverage.data.ProjectData.traceLine(java.lang.Object, int)
[2023.02.07 17:17:35] (Coverage): Error tracing class org.fdroid.fdroid.views.apps.FeatureImage: java.lang.NoSuchMethodException: com.intellij.rt.coverage.data.ProjectData.traceLine(java.lang.Object, int)
[2023.02.07 17:17:35] (Coverage): Error tracing class org.fdroid.fdroid.views.apps.FeatureImage: java.lang.NoSuchMethodException: com.intellij.rt.coverage.data.ProjectData.traceLine(java.lang.Object, int)
[2023.02.07 17:17:35] (Coverage): Error tracing class org.fdroid.fdroid.views.apps.FeatureImage: java.lang.NoSuchMethodException: com.intellij.rt.coverage.data.ProjectData.traceLine(java.lang.Object, int)
[2023.02.07 17:17:35] (Coverage): Error tracing class org.fdroid.fdroid.views.apps.FeatureImage: java.lang.NoSuchMethodException: com.intellij.rt.coverage.data.ProjectData.traceLine(java.lang.Object, int)
[2023.02.07 17:17:35] (Coverage): Error tracing class org.fdroid.fdroid.views.apps.FeatureImage: java.lang.NoSuchMethodException: com.intellij.rt.coverage.data.ProjectData.traceLine(java.lang.Object, int)
[2023.02.07 17:17:35] (Coverage): Error tracing class org.fdroid.fdroid.views.apps.FeatureImage: java.lang.NoSuchMethodException: com.intellij.rt.coverage.data.ProjectData.traceLine(java.lang.Object, int)
[2023.02.07 17:17:35] (Coverage): Error tracing class org.fdroid.fdroid.views.apps.FeatureImage: java.lang.NoSuchMethodException: com.intellij.rt.coverage.data.ProjectData.traceLine(java.lang.Object, int)
[2023.02.07 17:17:35] (Coverage): Error tracing class org.fdroid.fdroid.views.apps.FeatureImage: java.lang.NoSuchMethodException: com.intellij.rt.coverage.data.ProjectData.traceLine(java.lang.Object, int)
[2023.02.07 17:17:35] (Coverage): Error tracing class org.fdroid.fdroid.views.apps.FeatureImage: java.lang.NoSuchMethodException: com.intellij.rt.coverage.data.ProjectData.traceLine(java.lang.Object, int)
[2023.02.07 17:17:35] (Coverage): Error tracing class org.fdroid.fdroid.views.apps.FeatureImage: java.lang.NoSuchMethodException: com.intellij.rt.coverage.data.ProjectData.traceLine(java.lang.Object, int)
[2023.02.07 17:17:35] (Coverage): Error tracing class org.fdroid.fdroid.views.apps.FeatureImage: java.lang.NoSuchMethodException: com.intellij.rt.coverage.data.ProjectData.traceLine(java.lang.Object, int)
[2023.02.07 17:17:35] (Coverage): Error tracing class org.fdroid.fdroid.views.apps.FeatureImage: java.lang.NoSuchMethodException: com.intellij.rt.coverage.data.ProjectData.traceLine(java.lang.Object, int)
[2023.02.07 17:17:35] (Coverage): Error tracing class org.fdroid.fdroid.views.apps.FeatureImage: java.lang.NoSuchMethodException: com.intellij.rt.coverage.data.ProjectData.traceLine(java.lang.Object, int)
[2023.02.07 17:17:35] (Coverage): Error tracing class org.fdroid.fdroid.views.apps.FeatureImage: java.lang.NoSuchMethodException: com.intellij.rt.coverage.data.ProjectData.traceLine(java.lang.Object, int)
[2023.02.07 17:17:35] (Coverage): Error tracing class org.fdroid.fdroid.views.apps.FeatureImage: java.lang.NoSuchMethodException: com.intellij.rt.coverage.data.ProjectData.traceLine(java.lang.Object, int)
[2023.02.07 17:17:35] (Coverage): Error tracing class org.fdroid.fdroid.views.apps.FeatureImage: java.lang.NoSuchMethodException: com.intellij.rt.coverage.data.ProjectData.traceLine(java.lang.Object, int)
[2023.02.07 17:17:35] (Coverage): Error tracing class org.fdroid.fdroid.views.apps.FeatureImage: java.lang.NoSuchMethodException: com.intellij.rt.coverage.data.ProjectData.traceLine(java.lang.Object, int)
[2023.02.07 17:17:35] (Coverage): Error tracing class org.fdroid.fdroid.views.apps.FeatureImage: java.lang.NoSuchMethodException: com.intellij.rt.coverage.data.ProjectData.traceLine(java.lang.Object, int)
[2023.02.07 17:17:35] (Coverage): Error tracing class org.fdroid.fdroid.views.apps.FeatureImage: java.lang.NoSuchMethodException: com.intellij.rt.coverage.data.ProjectData.traceLine(java.lang.Object, int)
[2023.02.07 17:17:35] (Coverage): Error tracing class org.fdroid.fdroid.views.apps.FeatureImage: java.lang.NoSuchMethodException: com.intellij.rt.coverage.data.ProjectData.traceLine(java.lang.Object, int)
[2023.02.07 17:17:35] (Coverage): Error tracing class org.fdroid.fdroid.views.apps.FeatureImage: java.lang.NoSuchMethodException: com.intellij.rt.coverage.data.ProjectData.traceLine(java.lang.Object, int)
[2023.02.07 17:17:35] (Coverage): Error tracing class org.fdroid.fdroid.views.apps.FeatureImage: java.lang.NoSuchMethodException: com.intellij.rt.coverage.data.ProjectData.traceLine(java.lang.Object, int)
[2023.02.07 17:17:35] (Coverage): Error tracing class org.fdroid.fdroid.views.apps.FeatureImage: java.lang.NoSuchMethodException: com.intellij.rt.coverage.data.ProjectData.traceLine(java.lang.Object, int)
[2023.02.07 17:17:35] (Coverage): Error tracing class org.fdroid.fdroid.views.apps.FeatureImage: java.lang.NoSuchMethodException: com.intellij.rt.coverage.data.ProjectData.traceLine(java.lang.Object, int)
[2023.02.07 17:17:35] (Coverage): Error tracing class org.fdroid.fdroid.views.apps.FeatureImage: java.lang.NoSuchMethodException: com.intellij.rt.coverage.data.ProjectData.traceLine(java.lang.Object, int)
[2023.02.07 17:17:35] (Coverage): Error tracing class org.fdroid.fdroid.views.apps.FeatureImage: java.lang.NoSuchMethodException: com.intellij.rt.coverage.data.ProjectData.traceLine(java.lang.Object, int)
[2023.02.07 17:17:35] (Coverage): Error tracing class org.fdroid.fdroid.views.apps.FeatureImage: java.lang.NoSuchMethodException: com.intellij.rt.coverage.data.ProjectData.traceLine(java.lang.Object, int)
[2023.02.07 17:17:35] (Coverage): Error tracing class org.fdroid.fdroid.views.apps.FeatureImage: java.lang.NoSuchMethodException: com.intellij.rt.coverage.data.ProjectData.traceLine(java.lang.Object, int)
[2023.02.07 17:17:35] (Coverage): Error tracing class org.fdroid.fdroid.views.apps.FeatureImage: java.lang.NoSuchMethodException: com.intellij.rt.coverage.data.ProjectData.traceLine(java.lang.Object, int)
[2023.02.07 17:17:35] (Coverage): Error tracing class org.fdroid.fdroid.views.apps.FeatureImage: java.lang.NoSuchMethodException: com.intellij.rt.coverage.data.ProjectData.traceLine(java.lang.Object, int)
[2023.02.07 17:17:35] (Coverage): Error tracing class org.fdroid.fdroid.views.apps.FeatureImage: java.lang.NoSuchMethodException: com.intellij.rt.coverage.data.ProjectData.traceLine(java.lang.Object, int)
[2023.02.07 17:17:35] (Coverage): Error tracing class org.fdroid.fdroid.views.apps.FeatureImage: java.lang.NoSuchMethodException: com.intellij.rt.coverage.data.ProjectData.traceLine(java.lang.Object, int)
[2023.02.07 17:17:35] (Coverage): Error tracing class org.fdroid.fdroid.views.apps.FeatureImage: java.lang.NoSuchMethodException: com.intellij.rt.coverage.data.ProjectData.traceLine(java.lang.Object, int)
[2023.02.07 17:17:35] (Coverage): Error tracing class org.fdroid.fdroid.views.apps.FeatureImage: java.lang.NoSuchMethodException: com.intellij.rt.coverage.data.ProjectData.traceLine(java.lang.Object, int)
[2023.02.07 17:17:35] (Coverage): Error tracing class org.fdroid.fdroid.views.apps.FeatureImage: java.lang.NoSuchMethodException: com.intellij.rt.coverage.data.ProjectData.traceLine(java.lang.Object, int)
[2023.02.07 17:17:35] (Coverage): Error tracing class org.fdroid.fdroid.views.apps.FeatureImage: java.lang.NoSuchMethodException: com.intellij.rt.coverage.data.ProjectData.traceLine(java.lang.Object, int)
[2023.02.07 17:17:35] (Coverage): Error tracing class org.fdroid.fdroid.views.apps.FeatureImage: java.lang.NoSuchMethodException: com.intellij.rt.coverage.data.ProjectData.traceLine(java.lang.Object, int)
[2023.02.07 17:17:35] (Coverage): Error tracing class org.fdroid.fdroid.views.apps.FeatureImage: java.lang.NoSuchMethodException: com.intellij.rt.coverage.data.ProjectData.traceLine(java.lang.Object, int)
[2023.02.07 17:17:35] (Coverage): Error tracing class org.fdroid.fdroid.views.apps.FeatureImage: java.lang.NoSuchMethodException: com.intellij.rt.coverage.data.ProjectData.traceLine(java.lang.Object, int)
[2023.02.07 17:17:35] (Coverage): Error tracing class org.fdroid.fdroid.views.apps.FeatureImage: java.lang.NoSuchMethodException: com.intellij.rt.coverage.data.ProjectData.traceLine(java.lang.Object, int)
[2023.02.07 17:17:35] (Coverage): Error tracing class org.fdroid.fdroid.views.apps.FeatureImage: java.lang.NoSuchMethodException: com.intellij.rt.coverage.data.ProjectData.traceLine(java.lang.Object, int)
[2023.02.07 17:17:35] (Coverage): Error tracing class org.fdroid.fdroid.views.apps.FeatureImage: java.lang.NoSuchMethodException: com.intellij.rt.coverage.data.ProjectData.traceLine(java.lang.Object, int)
[2023.02.07 17:17:35] (Coverage): Error tracing class org.fdroid.fdroid.views.apps.FeatureImage: java.lang.NoSuchMethodException: com.intellij.rt.coverage.data.ProjectData.traceLine(java.lang.Object, int)
[2023.02.07 17:17:35] (Coverage): Error tracing class org.fdroid.fdroid.views.apps.FeatureImage: java.lang.NoSuchMethodException: com.intellij.rt.coverage.data.ProjectData.traceLine(java.lang.Object, int)
[2023.02.07 17:17:35] (Coverage): Error tracing class org.fdroid.fdroid.views.apps.FeatureImage: java.lang.NoSuchMethodException: com.intellij.rt.coverage.data.ProjectData.traceLine(java.lang.Object, int)
[2023.02.07 17:17:35] (Coverage): Error tracing class org.fdroid.fdroid.views.apps.FeatureImage: java.lang.NoSuchMethodException: com.intellij.rt.coverage.data.ProjectData.traceLine(java.lang.Object, int)
[2023.02.07 17:17:35] (Coverage): Error tracing class org.fdroid.fdroid.views.apps.FeatureImage: java.lang.NoSuchMethodException: com.intellij.rt.coverage.data.ProjectData.traceLine(java.lang.Object, int)
[2023.02.07 17:17:35] (Coverage): Error tracing class org.fdroid.fdroid.views.apps.FeatureImage: java.lang.NoSuchMethodException: com.intellij.rt.coverage.data.ProjectData.traceLine(java.lang.Object, int)
[2023.02.07 17:17:35] (Coverage): Error tracing class org.fdroid.fdroid.views.apps.FeatureImage: java.lang.NoSuchMethodException: com.intellij.rt.coverage.data.ProjectData.traceLine(java.lang.Object, int)
[2023.02.07 17:17:35] (Coverage): Error tracing class org.fdroid.fdroid.views.apps.FeatureImage: java.lang.NoSuchMethodException: com.intellij.rt.coverage.data.ProjectData.traceLine(java.lang.Object, int)
[2023.02.07 17:17:35] (Coverage): Error tracing class org.fdroid.fdroid.views.apps.FeatureImage: java.lang.NoSuchMethodException: com.intellij.rt.coverage.data.ProjectData.traceLine(java.lang.Object, int)
[2023.02.07 17:17:35] (Coverage): Error tracing class org.fdroid.fdroid.views.apps.FeatureImage: java.lang.NoSuchMethodException: com.intellij.rt.coverage.data.ProjectData.traceLine(java.lang.Object, int)
[2023.02.07 17:17:35] (Coverage): Error tracing class org.fdroid.fdroid.views.apps.FeatureImage: java.lang.NoSuchMethodException: com.intellij.rt.coverage.data.ProjectData.traceLine(java.lang.Object, int)
[2023.02.07 17:17:35] (Coverage): Error tracing class org.fdroid.fdroid.views.apps.FeatureImage: java.lang.NoSuchMethodException: com.intellij.rt.coverage.data.ProjectData.traceLine(java.lang.Object, int)
[2023.02.07 17:17:35] (Coverage): Error tracing class org.fdroid.fdroid.views.apps.FeatureImage: java.lang.NoSuchMethodException: com.intellij.rt.coverage.data.ProjectData.traceLine(java.lang.Object, int)
[2023.02.07 17:17:35] (Coverage): Error tracing class org.fdroid.fdroid.views.apps.FeatureImage: java.lang.NoSuchMethodException: com.intellij.rt.coverage.data.ProjectData.traceLine(java.lang.Object, int)
[2023.02.07 17:17:35] (Coverage): Error tracing class org.fdroid.fdroid.views.apps.FeatureImage: java.lang.NoSuchMethodException: com.intellij.rt.coverage.data.ProjectData.traceLine(java.lang.Object, int)
[2023.02.07 17:17:35] (Coverage): Error tracing class org.fdroid.fdroid.views.apps.FeatureImage: java.lang.NoSuchMethodException: com.intellij.rt.coverage.data.ProjectData.traceLine(java.lang.Object, int)
[2023.02.07 17:17:35] (Coverage): Error tracing class org.fdroid.fdroid.views.apps.FeatureImage: java.lang.NoSuchMethodException: com.intellij.rt.coverage.data.ProjectData.traceLine(java.lang.Object, int)
[2023.02.07 17:17:35] (Coverage): Error tracing class org.fdroid.fdroid.views.apps.FeatureImage: java.lang.NoSuchMethodException: com.intellij.rt.coverage.data.ProjectData.traceLine(java.lang.Object, int)
[2023.02.07 17:17:35] (Coverage): Error tracing class org.fdroid.fdroid.views.apps.FeatureImage: java.lang.NoSuchMethodException: com.intellij.rt.coverage.data.ProjectData.traceLine(java.lang.Object, int)
[2023.02.07 17:17:35] (Coverage): Error tracing class org.fdroid.fdroid.views.apps.FeatureImage: java.lang.NoSuchMethodException: com.intellij.rt.coverage.data.ProjectData.traceLine(java.lang.Object, int)
[2023.02.07 17:17:35] (Coverage): Error tracing class org.fdroid.fdroid.views.apps.FeatureImage: java.lang.NoSuchMethodException: com.intellij.rt.coverage.data.ProjectData.traceLine(java.lang.Object, int)
[2023.02.07 17:17:35] (Coverage): Error tracing class org.fdroid.fdroid.views.apps.FeatureImage: java.lang.NoSuchMethodException: com.intellij.rt.coverage.data.ProjectData.traceLine(java.lang.Object, int)
[2023.02.07 17:17:35] (Coverage): Error tracing class org.fdroid.fdroid.views.apps.FeatureImage: java.lang.NoSuchMethodException: com.intellij.rt.coverage.data.ProjectData.traceLine(java.lang.Object, int)
[2023.02.07 17:17:35] (Coverage): Error tracing class org.fdroid.fdroid.views.apps.FeatureImage: java.lang.NoSuchMethodException: com.intellij.rt.coverage.data.ProjectData.traceLine(java.lang.Object, int)
[2023.02.07 17:17:35] (Coverage): Error tracing class org.fdroid.fdroid.views.apps.FeatureImage: java.lang.NoSuchMethodException: com.intellij.rt.coverage.data.ProjectData.traceLine(java.lang.Object, int)
[2023.02.07 17:17:35] (Coverage): Error tracing class org.fdroid.fdroid.views.apps.FeatureImage: java.lang.NoSuchMethodException: com.intellij.rt.coverage.data.ProjectData.traceLine(java.lang.Object, int)
[2023.02.07 17:17:35] (Coverage): Error tracing class org.fdroid.fdroid.views.apps.FeatureImage: java.lang.NoSuchMethodException: com.intellij.rt.coverage.data.ProjectData.traceLine(java.lang.Object, int)
[2023.02.07 17:17:35] (Coverage): Error tracing class org.fdroid.fdroid.views.apps.FeatureImage: java.lang.NoSuchMethodException: com.intellij.rt.coverage.data.ProjectData.traceLine(java.lang.Object, int)
[2023.02.07 17:17:35] (Coverage): Error tracing class org.fdroid.fdroid.views.apps.FeatureImage: java.lang.NoSuchMethodException: com.intellij.rt.coverage.data.ProjectData.traceLine(java.lang.Object, int)
[2023.02.07 17:17:35] (Coverage): Error tracing class org.fdroid.fdroid.views.apps.FeatureImage: java.lang.NoSuchMethodException: com.intellij.rt.coverage.data.ProjectData.traceLine(java.lang.Object, int)
[2023.02.07 17:17:35] (Coverage): Error tracing class org.fdroid.fdroid.views.apps.FeatureImage: java.lang.NoSuchMethodException: com.intellij.rt.coverage.data.ProjectData.traceLine(java.lang.Object, int)
[2023.02.07 17:17:35] (Coverage): Error tracing class org.fdroid.fdroid.views.apps.FeatureImage: java.lang.NoSuchMethodException: com.intellij.rt.coverage.data.ProjectData.traceLine(java.lang.Object, int)
[2023.02.07 17:17:35] (Coverage): Error tracing class org.fdroid.fdroid.views.apps.FeatureImage: java.lang.NoSuchMethodException: com.intellij.rt.coverage.data.ProjectData.traceLine(java.lang.Object, int)
[2023.02.07 17:17:35] (Coverage): Error tracing class org.fdroid.fdroid.views.apps.FeatureImage: java.lang.NoSuchMethodException: com.intellij.rt.coverage.data.ProjectData.traceLine(java.lang.Object, int)
[2023.02.07 17:17:35] (Coverage): Error tracing class org.fdroid.fdroid.views.apps.FeatureImage: java.lang.NoSuchMethodException: com.intellij.rt.coverage.data.ProjectData.traceLine(java.lang.Object, int)
[2023.02.07 17:17:35] (Coverage): Error tracing class org.fdroid.fdroid.views.apps.FeatureImage: java.lang.NoSuchMethodException: com.intellij.rt.coverage.data.ProjectData.traceLine(java.lang.Object, int)
[2023.02.07 17:17:35] (Coverage): Error tracing class org.fdroid.fdroid.views.apps.FeatureImage: java.lang.NoSuchMethodException: com.intellij.rt.coverage.data.ProjectData.traceLine(java.lang.Object, int)
[2023.02.07 17:17:35] (Coverage): Error tracing class org.fdroid.fdroid.views.apps.FeatureImage: java.lang.NoSuchMethodException: com.intellij.rt.coverage.data.ProjectData.traceLine(java.lang.Object, int)
[2023.02.07 17:17:35] (Coverage): Error tracing class org.fdroid.fdroid.views.apps.FeatureImage: java.lang.NoSuchMethodException: com.intellij.rt.coverage.data.ProjectData.traceLine(java.lang.Object, int)
[2023.02.07 17:17:35] (Coverage): Error tracing class org.fdroid.fdroid.views.apps.FeatureImage: java.lang.NoSuchMethodException: com.intellij.rt.coverage.data.ProjectData.traceLine(java.lang.Object, int)
[2023.02.07 17:17:35] (Coverage): Error tracing class org.fdroid.fdroid.views.apps.FeatureImage: java.lang.NoSuchMethodException: com.intellij.rt.coverage.data.ProjectData.traceLine(java.lang.Object, int)
[2023.02.07 17:17:35] (Coverage): Error tracing class org.fdroid.fdroid.views.apps.FeatureImage: java.lang.NoSuchMethodException: com.intellij.rt.coverage.data.ProjectData.traceLine(java.lang.Object, int)
[2023.02.07 17:17:35] (Coverage): Error tracing class org.fdroid.fdroid.views.apps.FeatureImage: java.lang.NoSuchMethodException: com.intellij.rt.coverage.data.ProjectData.traceLine(java.lang.Object, int)
[2023.02.07 17:17:35] (Coverage): Error tracing class org.fdroid.fdroid.views.apps.FeatureImage: java.lang.NoSuchMethodException: com.intellij.rt.coverage.data.ProjectData.traceLine(java.lang.Object, int)
[2023.02.07 17:17:35] (Coverage): Error tracing class org.fdroid.fdroid.views.apps.FeatureImage: java.lang.NoSuchMethodException: com.intellij.rt.coverage.data.ProjectData.traceLine(java.lang.Object, int)
[2023.02.07 17:17:35] (Coverage): Error tracing class org.fdroid.fdroid.views.apps.FeatureImage: java.lang.NoSuchMethodException: com.intellij.rt.coverage.data.ProjectData.traceLine(java.lang.Object, int)
[2023.02.07 17:17:35] (Coverage): Error tracing class org.fdroid.fdroid.views.apps.FeatureImage: java.lang.NoSuchMethodException: com.intellij.rt.coverage.data.ProjectData.traceLine(java.lang.Object, int)
[2023.02.07 17:17:35] (Coverage): Error tracing class org.fdroid.fdroid.views.apps.FeatureImage: java.lang.NoSuchMethodException: com.intellij.rt.coverage.data.ProjectData.traceLine(java.lang.Object, int)
[2023.02.07 17:17:35] (Coverage): Error tracing class org.fdroid.fdroid.views.apps.FeatureImage: java.lang.NoSuchMethodException: com.intellij.rt.coverage.data.ProjectData.traceLine(java.lang.Object, int)
[2023.02.07 17:17:35] (Coverage): Error tracing class org.fdroid.fdroid.views.apps.FeatureImage: java.lang.NoSuchMethodException: com.intellij.rt.coverage.data.ProjectData.traceLine(java.lang.Object, int)
[2023.02.07 17:17:35] (Coverage): Error tracing class org.fdroid.fdroid.views.apps.FeatureImage: java.lang.NoSuchMethodException: com.intellij.rt.coverage.data.ProjectData.traceLine(java.lang.Object, int)
[2023.02.07 17:17:35] (Coverage): Error tracing class org.fdroid.fdroid.views.apps.FeatureImage: java.lang.NoSuchMethodException: com.intellij.rt.coverage.data.ProjectData.traceLine(java.lang.Object, int)
[2023.02.07 17:17:35] (Coverage): Error tracing class org.fdroid.fdroid.views.apps.FeatureImage: java.lang.NoSuchMethodException: com.intellij.rt.coverage.data.ProjectData.traceLine(java.lang.Object, int)
[2023.02.07 17:17:35] (Coverage): Error tracing class org.fdroid.fdroid.views.apps.FeatureImage: java.lang.NoSuchMethodException: com.intellij.rt.coverage.data.ProjectData.traceLine(java.lang.Object, int)
[2023.02.07 17:17:35] (Coverage): Error tracing class org.fdroid.fdroid.views.apps.FeatureImage: java.lang.NoSuchMethodException: com.intellij.rt.coverage.data.ProjectData.traceLine(java.lang.Object, int)
[2023.02.07 17:17:35] (Coverage): Error tracing class org.fdroid.fdroid.views.apps.FeatureImage: java.lang.NoSuchMethodException: com.intellij.rt.coverage.data.ProjectData.traceLine(java.lang.Object, int)
[2023.02.07 17:17:35] (Coverage): Error tracing class org.fdroid.fdroid.views.apps.FeatureImage: java.lang.NoSuchMethodException: com.intellij.rt.coverage.data.ProjectData.traceLine(java.lang.Object, int)
[2023.02.07 17:17:35] (Coverage): Error tracing class org.fdroid.fdroid.views.apps.FeatureImage: java.lang.NoSuchMethodException: com.intellij.rt.coverage.data.ProjectData.traceLine(java.lang.Object, int)
[2023.02.07 17:17:35] (Coverage): Error tracing class org.fdroid.fdroid.views.apps.FeatureImage: java.lang.NoSuchMethodException: com.intellij.rt.coverage.data.ProjectData.traceLine(java.lang.Object, int)
[2023.02.07 17:17:35] (Coverage): Error tracing class org.fdroid.fdroid.views.apps.FeatureImage: java.lang.NoSuchMethodException: com.intellij.rt.coverage.data.ProjectData.traceLine(java.lang.Object, int)
[2023.02.07 17:17:35] (Coverage): Error tracing class org.fdroid.fdroid.views.apps.FeatureImage: java.lang.NoSuchMethodException: com.intellij.rt.coverage.data.ProjectData.traceLine(java.lang.Object, int)
[2023.02.07 17:17:35] (Coverage): Error tracing class org.fdroid.fdroid.views.apps.FeatureImage: java.lang.NoSuchMethodException: com.intellij.rt.coverage.data.ProjectData.traceLine(java.lang.Object, int)
[2023.02.07 17:17:35] (Coverage): Error tracing class org.fdroid.fdroid.views.apps.FeatureImage: java.lang.NoSuchMethodException: com.intellij.rt.coverage.data.ProjectData.traceLine(java.lang.Object, int)
[2023.02.07 17:17:35] (Coverage): Error tracing class org.fdroid.fdroid.views.apps.FeatureImage: java.lang.NoSuchMethodException: com.intellij.rt.coverage.data.ProjectData.traceLine(java.lang.Object, int)
[2023.02.07 17:17:35] (Coverage): Error tracing class org.fdroid.fdroid.views.apps.FeatureImage: java.lang.NoSuchMethodException: com.intellij.rt.coverage.data.ProjectData.traceLine(java.lang.Object, int)
[2023.02.07 17:17:35] (Coverage): Error tracing class org.fdroid.fdroid.views.apps.FeatureImage: java.lang.NoSuchMethodException: com.intellij.rt.coverage.data.ProjectData.traceLine(java.lang.Object, int)
[2023.02.07 17:17:35] (Coverage): Error tracing class org.fdroid.fdroid.views.apps.FeatureImage: java.lang.NoSuchMethodException: com.intellij.rt.coverage.data.ProjectData.traceLine(java.lang.Object, int)
[2023.02.07 17:17:35] (Coverage): Error tracing class org.fdroid.fdroid.views.apps.FeatureImage: java.lang.NoSuchMethodException: com.intellij.rt.coverage.data.ProjectData.traceLine(java.lang.Object, int)
[2023.02.07 17:17:35] (Coverage): Error tracing class org.fdroid.fdroid.views.apps.FeatureImage: java.lang.NoSuchMethodException: com.intellij.rt.coverage.data.ProjectData.traceLine(java.lang.Object, int)
[2023.02.07 17:17:35] (Coverage): Error tracing class org.fdroid.fdroid.views.apps.FeatureImage: java.lang.NoSuchMethodException: com.intellij.rt.coverage.data.ProjectData.traceLine(java.lang.Object, int)
[2023.02.07 17:17:35] (Coverage): Error tracing class org.fdroid.fdroid.views.apps.FeatureImage: java.lang.NoSuchMethodException: com.intellij.rt.coverage.data.ProjectData.traceLine(java.lang.Object, int)
[2023.02.07 17:17:35] (Coverage): Error tracing class org.fdroid.fdroid.views.apps.FeatureImage: java.lang.NoSuchMethodException: com.intellij.rt.coverage.data.ProjectData.traceLine(java.lang.Object, int)
[2023.02.07 17:17:35] (Coverage): Error tracing class org.fdroid.fdroid.views.apps.FeatureImage: java.lang.NoSuchMethodException: com.intellij.rt.coverage.data.ProjectData.traceLine(java.lang.Object, int)
[2023.02.07 17:17:35] (Coverage): Error tracing class org.fdroid.fdroid.views.apps.FeatureImage: java.lang.NoSuchMethodException: com.intellij.rt.coverage.data.ProjectData.traceLine(java.lang.Object, int)
[2023.02.07 17:17:35] (Coverage): Error tracing class org.fdroid.fdroid.views.apps.FeatureImage: java.lang.NoSuchMethodException: com.intellij.rt.coverage.data.ProjectData.traceLine(java.lang.Object, int)
[2023.02.07 17:17:35] (Coverage): Error tracing class org.fdroid.fdroid.views.apps.FeatureImage: java.lang.NoSuchMethodException: com.intellij.rt.coverage.data.ProjectData.traceLine(java.lang.Object, int)
[2023.02.07 17:17:35] (Coverage): Error tracing class org.fdroid.fdroid.views.apps.FeatureImage: java.lang.NoSuchMethodException: com.intellij.rt.coverage.data.ProjectData.traceLine(java.lang.Object, int)
[2023.02.07 17:17:35] (Coverage): Error tracing class org.fdroid.fdroid.views.apps.FeatureImage: java.lang.NoSuchMethodException: com.intellij.rt.coverage.data.ProjectData.traceLine(java.lang.Object, int)
[2023.02.07 17:17:35] (Coverage): Error tracing class org.fdroid.fdroid.views.apps.FeatureImage: java.lang.NoSuchMethodException: com.intellij.rt.coverage.data.ProjectData.traceLine(java.lang.Object, int)
[2023.02.07 17:17:35] (Coverage): Error tracing class org.fdroid.fdroid.views.apps.FeatureImage: java.lang.NoSuchMethodException: com.intellij.rt.coverage.data.ProjectData.traceLine(java.lang.Object, int)
[2023.02.07 17:17:35] (Coverage): Error tracing class org.fdroid.fdroid.views.apps.FeatureImage: java.lang.NoSuchMethodException: com.intellij.rt.coverage.data.ProjectData.traceLine(java.lang.Object, int)
[2023.02.07 17:17:35] (Coverage): Error tracing class org.fdroid.fdroid.views.apps.FeatureImage: java.lang.NoSuchMethodException: com.intellij.rt.coverage.data.ProjectData.traceLine(java.lang.Object, int)
[2023.02.07 17:17:35] (Coverage): Error tracing class org.fdroid.fdroid.views.apps.FeatureImage: java.lang.NoSuchMethodException: com.intellij.rt.coverage.data.ProjectData.traceLine(java.lang.Object, int)
[2023.02.07 17:17:35] (Coverage): Error tracing class org.fdroid.fdroid.views.apps.FeatureImage: java.lang.NoSuchMethodException: com.intellij.rt.coverage.data.ProjectData.traceLine(java.lang.Object, int)
[2023.02.07 17:17:35] (Coverage): Error tracing class org.fdroid.fdroid.views.apps.FeatureImage: java.lang.NoSuchMethodException: com.intellij.rt.coverage.data.ProjectData.traceLine(java.lang.Object, int)
[2023.02.07 17:17:35] (Coverage): Error tracing class org.fdroid.fdroid.views.apps.FeatureImage: java.lang.NoSuchMethodException: com.intellij.rt.coverage.data.ProjectData.traceLine(java.lang.Object, int)
[2023.02.07 17:17:35] (Coverage): Error tracing class org.fdroid.fdroid.views.apps.FeatureImage: java.lang.NoSuchMethodException: com.intellij.rt.coverage.data.ProjectData.traceLine(java.lang.Object, int)
[2023.02.07 17:17:35] (Coverage): Error tracing class org.fdroid.fdroid.views.apps.FeatureImage: java.lang.NoSuchMethodException: com.intellij.rt.coverage.data.ProjectData.traceLine(java.lang.Object, int)
[2023.02.07 17:17:35] (Coverage): Error tracing class org.fdroid.fdroid.views.apps.FeatureImage: java.lang.NoSuchMethodException: com.intellij.rt.coverage.data.ProjectData.traceLine(java.lang.Object, int)
[2023.02.07 17:17:35] (Coverage): Error tracing class org.fdroid.fdroid.views.apps.FeatureImage: java.lang.NoSuchMethodException: com.intellij.rt.coverage.data.ProjectData.traceLine(java.lang.Object, int)
[2023.02.07 17:17:35] (Coverage): Error tracing class org.fdroid.fdroid.views.apps.FeatureImage: java.lang.NoSuchMethodException: com.intellij.rt.coverage.data.ProjectData.traceLine(java.lang.Object, int)
[2023.02.07 17:17:35] (Coverage): Error tracing class org.fdroid.fdroid.views.apps.FeatureImage: java.lang.NoSuchMethodException: com.intellij.rt.coverage.data.ProjectData.traceLine(java.lang.Object, int)
[2023.02.07 17:17:35] (Coverage): Error tracing class org.fdroid.fdroid.views.apps.FeatureImage: java.lang.NoSuchMethodException: com.intellij.rt.coverage.data.ProjectData.traceLine(java.lang.Object, int)
[2023.02.07 17:17:35] (Coverage): Error tracing class org.fdroid.fdroid.views.apps.FeatureImage: java.lang.NoSuchMethodException: com.intellij.rt.coverage.data.ProjectData.traceLine(java.lang.Object, int)
[2023.02.07 17:17:35] (Coverage): Error tracing class org.fdroid.fdroid.views.apps.FeatureImage: java.lang.NoSuchMethodException: com.intellij.rt.coverage.data.ProjectData.traceLine(java.lang.Object, int)
[2023.02.07 17:17:35] (Coverage): Error tracing class org.fdroid.fdroid.views.apps.FeatureImage: java.lang.NoSuchMethodException: com.intellij.rt.coverage.data.ProjectData.traceLine(java.lang.Object, int)
[2023.02.07 17:17:35] (Coverage): Error tracing class org.fdroid.fdroid.views.apps.FeatureImage: java.lang.NoSuchMethodException: com.intellij.rt.coverage.data.ProjectData.traceLine(java.lang.Object, int)
[2023.02.07 17:17:35] (Coverage): Error tracing class org.fdroid.fdroid.views.apps.FeatureImage: java.lang.NoSuchMethodException: com.intellij.rt.coverage.data.ProjectData.traceLine(java.lang.Object, int)
[2023.02.07 17:17:35] (Coverage): Error tracing class org.fdroid.fdroid.views.apps.FeatureImage: java.lang.NoSuchMethodException: com.intellij.rt.coverage.data.ProjectData.traceLine(java.lang.Object, int)
[2023.02.07 17:17:35] (Coverage): Error tracing class org.fdroid.fdroid.views.apps.FeatureImage: java.lang.NoSuchMethodException: com.intellij.rt.coverage.data.ProjectData.traceLine(java.lang.Object, int)
[2023.02.07 17:17:35] (Coverage): Error tracing class org.fdroid.fdroid.views.apps.FeatureImage: java.lang.NoSuchMethodException: com.intellij.rt.coverage.data.ProjectData.traceLine(java.lang.Object, int)
[2023.02.07 17:17:35] (Coverage): Error tracing class org.fdroid.fdroid.views.apps.FeatureImage: java.lang.NoSuchMethodException: com.intellij.rt.coverage.data.ProjectData.traceLine(java.lang.Object, int)
[2023.02.07 17:17:35] (Coverage): Error tracing class org.fdroid.fdroid.views.apps.FeatureImage: java.lang.NoSuchMethodException: com.intellij.rt.coverage.data.ProjectData.traceLine(java.lang.Object, int)
[2023.02.07 17:17:35] (Coverage): Error tracing class org.fdroid.fdroid.views.apps.FeatureImage: java.lang.NoSuchMethodException: com.intellij.rt.coverage.data.ProjectData.traceLine(java.lang.Object, int)
[2023.02.07 17:17:35] (Coverage): Error tracing class org.fdroid.fdroid.views.apps.FeatureImage: java.lang.NoSuchMethodException: com.intellij.rt.coverage.data.ProjectData.traceLine(java.lang.Object, int)
[2023.02.07 17:17:35] (Coverage): Error tracing class org.fdroid.fdroid.views.apps.FeatureImage: java.lang.NoSuchMethodException: com.intellij.rt.coverage.data.ProjectData.traceLine(java.lang.Object, int)
[2023.02.07 17:17:35] (Coverage): Error tracing class org.fdroid.fdroid.views.apps.FeatureImage: java.lang.NoSuchMethodException: com.intellij.rt.coverage.data.ProjectData.traceLine(java.lang.Object, int)
[2023.02.07 17:17:35] (Coverage): Error tracing class org.fdroid.fdroid.views.apps.FeatureImage: java.lang.NoSuchMethodException: com.intellij.rt.coverage.data.ProjectData.traceLine(java.lang.Object, int)
[2023.02.07 17:17:35] (Coverage): Error tracing class org.fdroid.fdroid.views.apps.FeatureImage: java.lang.NoSuchMethodException: com.intellij.rt.coverage.data.ProjectData.traceLine(java.lang.Object, int)
[2023.02.07 17:17:35] (Coverage): Error tracing class org.fdroid.fdroid.views.apps.FeatureImage: java.lang.NoSuchMethodException: com.intellij.rt.coverage.data.ProjectData.traceLine(java.lang.Object, int)
[2023.02.07 17:17:35] (Coverage): Error tracing class org.fdroid.fdroid.views.apps.FeatureImage: java.lang.NoSuchMethodException: com.intellij.rt.coverage.data.ProjectData.traceLine(java.lang.Object, int)
[2023.02.07 17:17:35] (Coverage): Error tracing class org.fdroid.fdroid.views.apps.FeatureImage: java.lang.NoSuchMethodException: com.intellij.rt.coverage.data.ProjectData.traceLine(java.lang.Object, int)
[2023.02.07 17:17:35] (Coverage): Error tracing class org.fdroid.fdroid.views.apps.FeatureImage: java.lang.NoSuchMethodException: com.intellij.rt.coverage.data.ProjectData.traceLine(java.lang.Object, int)
[2023.02.07 17:17:35] (Coverage): Error tracing class org.fdroid.fdroid.views.apps.FeatureImage: java.lang.NoSuchMethodException: com.intellij.rt.coverage.data.ProjectData.traceLine(java.lang.Object, int)
[2023.02.07 17:17:35] (Coverage): Error tracing class org.fdroid.fdroid.views.apps.FeatureImage: java.lang.NoSuchMethodException: com.intellij.rt.coverage.data.ProjectData.traceLine(java.lang.Object, int)
[2023.02.07 17:17:35] (Coverage): Error tracing class org.fdroid.fdroid.views.apps.FeatureImage: java.lang.NoSuchMethodException: com.intellij.rt.coverage.data.ProjectData.traceLine(java.lang.Object, int)
[2023.02.07 17:17:35] (Coverage): Error tracing class org.fdroid.fdroid.views.apps.FeatureImage: java.lang.NoSuchMethodException: com.intellij.rt.coverage.data.ProjectData.traceLine(java.lang.Object, int)
[2023.02.07 17:17:35] (Coverage): Error tracing class org.fdroid.fdroid.views.apps.FeatureImage: java.lang.NoSuchMethodException: com.intellij.rt.coverage.data.ProjectData.traceLine(java.lang.Object, int)
[2023.02.07 17:17:35] (Coverage): Error tracing class org.fdroid.fdroid.views.apps.FeatureImage: java.lang.NoSuchMethodException: com.intellij.rt.coverage.data.ProjectData.traceLine(java.lang.Object, int)
[2023.02.07 17:17:35] (Coverage): Error tracing class org.fdroid.fdroid.views.apps.FeatureImage: java.lang.NoSuchMethodException: com.intellij.rt.coverage.data.ProjectData.traceLine(java.lang.Object, int)
[2023.02.07 17:17:35] (Coverage): Error tracing class org.fdroid.fdroid.views.apps.FeatureImage: java.lang.NoSuchMethodException: com.intellij.rt.coverage.data.ProjectData.traceLine(java.lang.Object, int)
[2023.02.07 17:17:35] (Coverage): Error tracing class org.fdroid.fdroid.views.apps.FeatureImage: java.lang.NoSuchMethodException: com.intellij.rt.coverage.data.ProjectData.traceLine(java.lang.Object, int)
[2023.02.07 17:17:35] (Coverage): Error tracing class org.fdroid.fdroid.views.apps.FeatureImage: java.lang.NoSuchMethodException: com.intellij.rt.coverage.data.ProjectData.traceLine(java.lang.Object, int)
[2023.02.07 17:17:35] (Coverage): Error tracing class org.fdroid.fdroid.views.apps.FeatureImage: java.lang.NoSuchMethodException: com.intellij.rt.coverage.data.ProjectData.traceLine(java.lang.Object, int)
[2023.02.07 17:17:35] (Coverage): Error tracing class org.fdroid.fdroid.views.apps.FeatureImage$1: java.lang.NoSuchMethodException: com.intellij.rt.coverage.data.ProjectData.traceLine(java.lang.Object, int)
[2023.02.07 17:17:35] (Coverage): Error tracing class org.fdroid.fdroid.views.apps.FeatureImage: java.lang.NoSuchMethodException: com.intellij.rt.coverage.data.ProjectData.traceLine(java.lang.Object, int)
[2023.02.07 17:17:35] (Coverage): Error tracing class org.fdroid.fdroid.views.apps.FeatureImage: java.lang.NoSuchMethodException: com.intellij.rt.coverage.data.ProjectData.traceLine(java.lang.Object, int)
[2023.02.07 17:17:35] (Coverage): Error tracing class org.fdroid.fdroid.views.apps.FeatureImage: java.lang.NoSuchMethodException: com.intellij.rt.coverage.data.ProjectData.traceLine(java.lang.Object, int)
[2023.02.07 17:17:36] (Coverage): Error tracing class org.fdroid.fdroid.views.apps.FeatureImage$1: java.lang.NoSuchMethodException: com.intellij.rt.coverage.data.ProjectData.traceLine(java.lang.Object, int)
[2023.02.07 17:17:36] (Coverage): Error tracing class org.fdroid.fdroid.views.apps.FeatureImage: java.lang.NoSuchMethodException: com.intellij.rt.coverage.data.ProjectData.traceLine(java.lang.Object, int)
[2023.02.07 17:17:36] (Coverage): Error tracing class org.fdroid.fdroid.views.apps.FeatureImage$1: java.lang.NoSuchMethodException: com.intellij.rt.coverage.data.ProjectData.traceLine(java.lang.Object, int)
[2023.02.07 17:17:36] (Coverage): Error tracing class org.fdroid.fdroid.views.apps.FeatureImage$1: java.lang.NoSuchMethodException: com.intellij.rt.coverage.data.ProjectData.traceLine(java.lang.Object, int)
[2023.02.07 17:17:36] (Coverage): Error tracing class org.fdroid.fdroid.views.apps.FeatureImage: java.lang.NoSuchMethodException: com.intellij.rt.coverage.data.ProjectData.traceLine(java.lang.Object, int)
[2023.02.07 17:17:36] (Coverage): Error tracing class org.fdroid.fdroid.views.apps.FeatureImage: java.lang.NoSuchMethodException: com.intellij.rt.coverage.data.ProjectData.traceLine(java.lang.Object, int)
[2023.02.07 17:17:36] (Coverage): Error tracing class org.fdroid.fdroid.views.apps.FeatureImage: java.lang.NoSuchMethodException: com.intellij.rt.coverage.data.ProjectData.traceLine(java.lang.Object, int)
[2023.02.07 17:17:36] (Coverage): Error tracing class org.fdroid.fdroid.views.apps.FeatureImage: java.lang.NoSuchMethodException: com.intellij.rt.coverage.data.ProjectData.traceLine(java.lang.Object, int)
[2023.02.07 17:17:36] (Coverage): Error tracing class org.fdroid.fdroid.views.apps.FeatureImage: java.lang.NoSuchMethodException: com.intellij.rt.coverage.data.ProjectData.traceLine(java.lang.Object, int)
[2023.02.07 17:17:36] (Coverage): Error tracing class org.fdroid.fdroid.views.apps.FeatureImage: java.lang.NoSuchMethodException: com.intellij.rt.coverage.data.ProjectData.traceLine(java.lang.Object, int)
[2023.02.07 17:17:36] (Coverage): Error tracing class org.fdroid.fdroid.views.apps.FeatureImage: java.lang.NoSuchMethodException: com.intellij.rt.coverage.data.ProjectData.traceLine(java.lang.Object, int)
[2023.02.07 17:17:36] (Coverage): Error tracing class org.fdroid.fdroid.views.apps.FeatureImage: java.lang.NoSuchMethodException: com.intellij.rt.coverage.data.ProjectData.traceLine(java.lang.Object, int)
[2023.02.07 17:17:36] (Coverage): Error tracing class org.fdroid.fdroid.views.apps.FeatureImage: java.lang.NoSuchMethodException: com.intellij.rt.coverage.data.ProjectData.traceLine(java.lang.Object, int)
[2023.02.07 17:17:36] (Coverage): Error tracing class org.fdroid.fdroid.views.apps.FeatureImage: java.lang.NoSuchMethodException: com.intellij.rt.coverage.data.ProjectData.traceLine(java.lang.Object, int)
[2023.02.07 17:17:36] (Coverage): Error tracing class org.fdroid.fdroid.views.apps.FeatureImage: java.lang.NoSuchMethodException: com.intellij.rt.coverage.data.ProjectData.traceLine(java.lang.Object, int)
[2023.02.07 17:17:36] (Coverage): Error tracing class org.fdroid.fdroid.views.apps.FeatureImage: java.lang.NoSuchMethodException: com.intellij.rt.coverage.data.ProjectData.traceLine(java.lang.Object, int)
[2023.02.07 17:17:36] (Coverage): Error tracing class org.fdroid.fdroid.views.apps.FeatureImage: java.lang.NoSuchMethodException: com.intellij.rt.coverage.data.ProjectData.traceLine(java.lang.Object, int)
[2023.02.07 17:17:36] (Coverage): Error tracing class org.fdroid.fdroid.views.apps.FeatureImage: java.lang.NoSuchMethodException: com.intellij.rt.coverage.data.ProjectData.traceLine(java.lang.Object, int)
[2023.02.07 17:17:36] (Coverage): Error tracing class org.fdroid.fdroid.views.apps.FeatureImage: java.lang.NoSuchMethodException: com.intellij.rt.coverage.data.ProjectData.traceLine(java.lang.Object, int)
[2023.02.07 17:17:36] (Coverage): Error tracing class org.fdroid.fdroid.views.apps.FeatureImage: java.lang.NoSuchMethodException: com.intellij.rt.coverage.data.ProjectData.traceLine(java.lang.Object, int)
[2023.02.07 17:17:36] (Coverage): Error tracing class org.fdroid.fdroid.views.apps.FeatureImage: java.lang.NoSuchMethodException: com.intellij.rt.coverage.data.ProjectData.traceLine(java.lang.Object, int)
[2023.02.07 17:17:36] (Coverage): Error tracing class org.fdroid.fdroid.views.apps.FeatureImage: java.lang.NoSuchMethodException: com.intellij.rt.coverage.data.ProjectData.traceLine(java.lang.Object, int)
[2023.02.07 17:17:36] (Coverage): Error tracing class org.fdroid.fdroid.views.apps.FeatureImage: java.lang.NoSuchMethodException: com.intellij.rt.coverage.data.ProjectData.traceLine(java.lang.Object, int)
[2023.02.07 17:17:36] (Coverage): Error tracing class org.fdroid.fdroid.views.apps.FeatureImage: java.lang.NoSuchMethodException: com.intellij.rt.coverage.data.ProjectData.traceLine(java.lang.Object, int)
[2023.02.07 17:17:36] (Coverage): Error tracing class org.fdroid.fdroid.views.apps.FeatureImage: java.lang.NoSuchMethodException: com.intellij.rt.coverage.data.ProjectData.traceLine(java.lang.Object, int)
[2023.02.07 17:17:36] (Coverage): Error tracing class org.fdroid.fdroid.views.apps.FeatureImage: java.lang.NoSuchMethodException: com.intellij.rt.coverage.data.ProjectData.traceLine(java.lang.Object, int)
[2023.02.07 17:17:36] (Coverage): Error tracing class org.fdroid.fdroid.views.apps.FeatureImage: java.lang.NoSuchMethodException: com.intellij.rt.coverage.data.ProjectData.traceLine(java.lang.Object, int)
[2023.02.07 17:17:36] (Coverage): Error tracing class org.fdroid.fdroid.views.apps.FeatureImage: java.lang.NoSuchMethodException: com.intellij.rt.coverage.data.ProjectData.traceLine(java.lang.Object, int)
[2023.02.07 17:17:36] (Coverage): Error tracing class org.fdroid.fdroid.views.apps.FeatureImage: java.lang.NoSuchMethodException: com.intellij.rt.coverage.data.ProjectData.traceLine(java.lang.Object, int)
[2023.02.07 17:17:36] (Coverage): Error tracing class org.fdroid.fdroid.views.apps.FeatureImage: java.lang.NoSuchMethodException: com.intellij.rt.coverage.data.ProjectData.traceLine(java.lang.Object, int)
[2023.02.07 17:17:36] (Coverage): Error tracing class org.fdroid.fdroid.views.apps.FeatureImage: java.lang.NoSuchMethodException: com.intellij.rt.coverage.data.ProjectData.traceLine(java.lang.Object, int)
[2023.02.07 17:17:36] (Coverage): Error tracing class org.fdroid.fdroid.views.apps.FeatureImage: java.lang.NoSuchMethodException: com.intellij.rt.coverage.data.ProjectData.traceLine(java.lang.Object, int)
[2023.02.07 17:17:36] (Coverage): Error tracing class org.fdroid.fdroid.views.apps.FeatureImage: java.lang.NoSuchMethodException: com.intellij.rt.coverage.data.ProjectData.traceLine(java.lang.Object, int)
[2023.02.07 17:17:36] (Coverage): Error tracing class org.fdroid.fdroid.views.apps.FeatureImage: java.lang.NoSuchMethodException: com.intellij.rt.coverage.data.ProjectData.traceLine(java.lang.Object, int)
[2023.02.07 17:17:36] (Coverage): Error tracing class org.fdroid.fdroid.views.apps.FeatureImage: java.lang.NoSuchMethodException: com.intellij.rt.coverage.data.ProjectData.traceLine(java.lang.Object, int)
[2023.02.07 17:17:36] (Coverage): Error tracing class org.fdroid.fdroid.views.apps.FeatureImage: java.lang.NoSuchMethodException: com.intellij.rt.coverage.data.ProjectData.traceLine(java.lang.Object, int)
[2023.02.07 17:17:36] (Coverage): Error tracing class org.fdroid.fdroid.views.apps.FeatureImage: java.lang.NoSuchMethodException: com.intellij.rt.coverage.data.ProjectData.traceLine(java.lang.Object, int)
[2023.02.07 17:17:36] (Coverage): Error tracing class org.fdroid.fdroid.views.apps.FeatureImage: java.lang.NoSuchMethodException: com.intellij.rt.coverage.data.ProjectData.traceLine(java.lang.Object, int)
[2023.02.07 17:17:36] (Coverage): Error tracing class org.fdroid.fdroid.views.apps.FeatureImage: java.lang.NoSuchMethodException: com.intellij.rt.coverage.data.ProjectData.traceLine(java.lang.Object, int)
[2023.02.07 17:17:36] (Coverage): Error tracing class org.fdroid.fdroid.views.apps.FeatureImage: java.lang.NoSuchMethodException: com.intellij.rt.coverage.data.ProjectData.traceLine(java.lang.Object, int)
[2023.02.07 17:17:36] (Coverage): Error tracing class org.fdroid.fdroid.views.apps.FeatureImage: java.lang.NoSuchMethodException: com.intellij.rt.coverage.data.ProjectData.traceLine(java.lang.Object, int)
[2023.02.07 17:17:36] (Coverage): Error tracing class org.fdroid.fdroid.views.apps.FeatureImage: java.lang.NoSuchMethodException: com.intellij.rt.coverage.data.ProjectData.traceLine(java.lang.Object, int)
[2023.02.07 17:17:36] (Coverage): Error tracing class org.fdroid.fdroid.views.apps.FeatureImage: java.lang.NoSuchMethodException: com.intellij.rt.coverage.data.ProjectData.traceLine(java.lang.Object, int)
[2023.02.07 17:17:36] (Coverage): Error tracing class org.fdroid.fdroid.views.apps.FeatureImage: java.lang.NoSuchMethodException: com.intellij.rt.coverage.data.ProjectData.traceLine(java.lang.Object, int)
[2023.02.07 17:17:36] (Coverage): Error tracing class org.fdroid.fdroid.views.apps.FeatureImage: java.lang.NoSuchMethodException: com.intellij.rt.coverage.data.ProjectData.traceLine(java.lang.Object, int)
[2023.02.07 17:17:36] (Coverage): Error tracing class org.fdroid.fdroid.views.apps.FeatureImage: java.lang.NoSuchMethodException: com.intellij.rt.coverage.data.ProjectData.traceLine(java.lang.Object, int)
[2023.02.07 17:17:36] (Coverage): Error tracing class org.fdroid.fdroid.views.apps.FeatureImage: java.lang.NoSuchMethodException: com.intellij.rt.coverage.data.ProjectData.traceLine(java.lang.Object, int)
[2023.02.07 17:17:36] (Coverage): Error tracing class org.fdroid.fdroid.views.apps.FeatureImage: java.lang.NoSuchMethodException: com.intellij.rt.coverage.data.ProjectData.traceLine(java.lang.Object, int)
[2023.02.07 17:17:36] (Coverage): Error tracing class org.fdroid.fdroid.views.apps.FeatureImage: java.lang.NoSuchMethodException: com.intellij.rt.coverage.data.ProjectData.traceLine(java.lang.Object, int)
[2023.02.07 17:17:36] (Coverage): Error tracing class org.fdroid.fdroid.views.apps.FeatureImage: java.lang.NoSuchMethodException: com.intellij.rt.coverage.data.ProjectData.traceLine(java.lang.Object, int)
[2023.02.07 17:17:36] (Coverage): Error tracing class org.fdroid.fdroid.views.apps.FeatureImage: java.lang.NoSuchMethodException: com.intellij.rt.coverage.data.ProjectData.traceLine(java.lang.Object, int)
[2023.02.07 17:17:36] (Coverage): Error tracing class org.fdroid.fdroid.views.apps.FeatureImage: java.lang.NoSuchMethodException: com.intellij.rt.coverage.data.ProjectData.traceLine(java.lang.Object, int)
[2023.02.07 17:17:36] (Coverage): Error tracing class org.fdroid.fdroid.views.apps.FeatureImage: java.lang.NoSuchMethodException: com.intellij.rt.coverage.data.ProjectData.traceLine(java.lang.Object, int)
[2023.02.07 17:17:36] (Coverage): Error tracing class org.fdroid.fdroid.views.apps.FeatureImage: java.lang.NoSuchMethodException: com.intellij.rt.coverage.data.ProjectData.traceLine(java.lang.Object, int)
[2023.02.07 17:17:36] (Coverage): Error tracing class org.fdroid.fdroid.views.apps.FeatureImage: java.lang.NoSuchMethodException: com.intellij.rt.coverage.data.ProjectData.traceLine(java.lang.Object, int)
[2023.02.07 17:17:36] (Coverage): Error tracing class org.fdroid.fdroid.views.apps.FeatureImage: java.lang.NoSuchMethodException: com.intellij.rt.coverage.data.ProjectData.traceLine(java.lang.Object, int)
[2023.02.07 17:17:36] (Coverage): Error tracing class org.fdroid.fdroid.views.apps.FeatureImage: java.lang.NoSuchMethodException: com.intellij.rt.coverage.data.ProjectData.traceLine(java.lang.Object, int)
[2023.02.07 17:17:36] (Coverage): Error tracing class org.fdroid.fdroid.views.apps.FeatureImage: java.lang.NoSuchMethodException: com.intellij.rt.coverage.data.ProjectData.traceLine(java.lang.Object, int)
[2023.02.07 17:17:36] (Coverage): Error tracing class org.fdroid.fdroid.views.apps.FeatureImage: java.lang.NoSuchMethodException: com.intellij.rt.coverage.data.ProjectData.traceLine(java.lang.Object, int)
[2023.02.07 17:17:36] (Coverage): Error tracing class org.fdroid.fdroid.views.apps.FeatureImage: java.lang.NoSuchMethodException: com.intellij.rt.coverage.data.ProjectData.traceLine(java.lang.Object, int)
[2023.02.07 17:17:36] (Coverage): Error tracing class org.fdroid.fdroid.views.apps.FeatureImage: java.lang.NoSuchMethodException: com.intellij.rt.coverage.data.ProjectData.traceLine(java.lang.Object, int)
[2023.02.07 17:17:36] (Coverage): Error tracing class org.fdroid.fdroid.views.apps.FeatureImage: java.lang.NoSuchMethodException: com.intellij.rt.coverage.data.ProjectData.traceLine(java.lang.Object, int)
[2023.02.07 17:17:36] (Coverage): Error tracing class org.fdroid.fdroid.views.apps.FeatureImage: java.lang.NoSuchMethodException: com.intellij.rt.coverage.data.ProjectData.traceLine(java.lang.Object, int)
[2023.02.07 17:17:36] (Coverage): Error tracing class org.fdroid.fdroid.views.apps.FeatureImage: java.lang.NoSuchMethodException: com.intellij.rt.coverage.data.ProjectData.traceLine(java.lang.Object, int)
[2023.02.07 17:17:36] (Coverage): Error tracing class org.fdroid.fdroid.views.apps.FeatureImage: java.lang.NoSuchMethodException: com.intellij.rt.coverage.data.ProjectData.traceLine(java.lang.Object, int)
[2023.02.07 17:17:36] (Coverage): Error tracing class org.fdroid.fdroid.views.apps.FeatureImage$1: java.lang.NoSuchMethodException: com.intellij.rt.coverage.data.ProjectData.traceLine(java.lang.Object, int)
[2023.02.07 17:17:36] (Coverage): Error tracing class org.fdroid.fdroid.views.apps.FeatureImage: java.lang.NoSuchMethodException: com.intellij.rt.coverage.data.ProjectData.traceLine(java.lang.Object, int)
[2023.02.07 17:17:36] (Coverage): Error tracing class org.fdroid.fdroid.views.apps.FeatureImage: java.lang.NoSuchMethodException: com.intellij.rt.coverage.data.ProjectData.traceLine(java.lang.Object, int)
[2023.02.07 17:17:36] (Coverage): Error tracing class org.fdroid.fdroid.views.apps.FeatureImage: java.lang.NoSuchMethodException: com.intellij.rt.coverage.data.ProjectData.traceLine(java.lang.Object, int)
[2023.02.07 17:17:36] (Coverage): Error tracing class org.fdroid.fdroid.views.apps.FeatureImage$1: java.lang.NoSuchMethodException: com.intellij.rt.coverage.data.ProjectData.traceLine(java.lang.Object, int)
[2023.02.07 17:17:36] (Coverage): Error tracing class org.fdroid.fdroid.views.apps.FeatureImage: java.lang.NoSuchMethodException: com.intellij.rt.coverage.data.ProjectData.traceLine(java.lang.Object, int)
[2023.02.07 17:17:36] (Coverage): Error tracing class org.fdroid.fdroid.views.apps.FeatureImage$1: java.lang.NoSuchMethodException: com.intellij.rt.coverage.data.ProjectData.traceLine(java.lang.Object, int)
[2023.02.07 17:17:36] (Coverage): Error tracing class org.fdroid.fdroid.views.apps.FeatureImage$1: java.lang.NoSuchMethodException: com.intellij.rt.coverage.data.ProjectData.traceLine(java.lang.Object, int)
[2023.02.07 17:17:36] (Coverage): Error tracing class org.fdroid.fdroid.views.apps.FeatureImage: java.lang.NoSuchMethodException: com.intellij.rt.coverage.data.ProjectData.traceLine(java.lang.Object, int)
[2023.02.07 17:17:36] (Coverage): Error tracing class org.fdroid.fdroid.views.apps.FeatureImage: java.lang.NoSuchMethodException: com.intellij.rt.coverage.data.ProjectData.traceLine(java.lang.Object, int)
]]></system-err>
</testsuite>
